10/24/2019,12:10:52,Europe/Madrid,M...,EVT,WinEVTX,Content Modification Time,Snape,SNAPE-PC,[7045 / 0x1b85] Strings: ['fzfkeq'  'cmd.exe /c echo fzfkeq > \\.\pipe\fzfkeq...,[7045 / 0x1b85] Source Name: Service Control Manager Strings: ['fzfkeq'  'cmd.exe /c echo fzfkeq > \\.\pipe\fzfkeq'  'servicio de modo usuario'  'inicio por solicitud'  'LocalSystem'] Computer Name: Snape-PC Record Number: 1606 Event Level: 4,2,OS:/home/sansforensics/Documents/LaboratorioForense/InstanciaSnape/Windows/System32/winevt/Logs/System.evtx,58690,-,winevtx,message_identifier: 1073748869; recovered: False; sha256_hash: 7b42ce3dc2f1f3cf6594e33781fdd14fa9845ad1272964b415594a429b3a4ca9; strings_parsed: {}; user_sid: S-1-5-21-1889767047-1812109830-4081843715-1001; xml_string: <Event xmlns="http://schemas.microsoft.com/win/2004/08/events/event">-  <System>-    <Provider Name="Service Control Manager" Guid="{555908d1-a6d7-4695-8e1e-26931d2012f4}" EventSourceName="Service Control Manager"/>-    <EventID Qualifiers="16384">7045</EventID>-    <Version>0</Version>-    <Level>4</Level>-    <Task>0</Task>-    <Opcode>0</Opcode>-    <Keywords>0x8080000000000000</Keywords>-    <TimeCreated SystemTime="2019-10-24T10:10:52.371832000Z"/>-    <EventRecordID>1606</EventRecordID>-    <Correlation/>-    <Execution ProcessID="480" ThreadID="3940"/>-    <Channel>System</Channel>-    <Computer>Snape-PC</Computer>-    <Security UserID="S-1-5-21-1889767047-1812109830-4081843715-1001"/>-  </System>-  <EventData>-    <Data Name="ServiceName">fzfkeq</Data>-    <Data Name="ImagePath">cmd.exe /c echo fzfkeq &gt; \\.\pipe\fzfkeq</Data>-    <Data Name="ServiceType">servicio de modo usuario</Data>-    <Data Name="StartType">inicio por solicitud</Data>-    <Data Name="AccountName">LocalSystem</Data>-  </EventData>-</Event>- 
10/24/2019,12:10:52,Europe/Madrid,M...,EVT,WinEVTX,Content Modification Time,-,SNAPE-PC,[7009 / 0x1b61] Strings: ['30000'  'fzfkeq'],[7009 / 0x1b61] Source Name: Service Control Manager Strings: ['30000'  'fzfkeq'] Computer Name: Snape-PC Record Number: 1607 Event Level: 2,2,OS:/home/sansforensics/Documents/LaboratorioForense/InstanciaSnape/Windows/System32/winevt/Logs/System.evtx,58690,-,winevtx,message_identifier: 3221232481; recovered: False; sha256_hash: 7b42ce3dc2f1f3cf6594e33781fdd14fa9845ad1272964b415594a429b3a4ca9; strings_parsed: {}; xml_string: <Event xmlns="http://schemas.microsoft.com/win/2004/08/events/event">-  <System>-    <Provider Name="Service Control Manager" Guid="{555908d1-a6d7-4695-8e1e-26931d2012f4}" EventSourceName="Service Control Manager"/>-    <EventID Qualifiers="49152">7009</EventID>-    <Version>0</Version>-    <Level>2</Level>-    <Task>0</Task>-    <Opcode>0</Opcode>-    <Keywords>0x8080000000000000</Keywords>-    <TimeCreated SystemTime="2019-10-24T10:10:52.528082000Z"/>-    <EventRecordID>1607</EventRecordID>-    <Correlation/>-    <Execution ProcessID="480" ThreadID="3940"/>-    <Channel>System</Channel>-    <Computer>Snape-PC</Computer>-    <Security/>-  </System>-  <EventData>-    <Data Name="param1">30000</Data>-    <Data Name="param2">fzfkeq</Data>-  </EventData>-</Event>- 
10/24/2019,12:11:07,Europe/Madrid,M...,EVT,WinEVTX,Content Modification Time,-,SNAPE-PC,[7036 / 0x1b7c] Strings: ['Inicio de sesión secundario'  'en ejecución'  '730...,[7036 / 0x1b7c] Source Name: Service Control Manager Strings: ['Inicio de sesión secundario'  'en ejecución'  '7300650063006C006F0067006F006E002F0034000000'] Computer Name: Snape-PC Record Number: 1608 Event Level: 4,2,OS:/home/sansforensics/Documents/LaboratorioForense/InstanciaSnape/Windows/System32/winevt/Logs/System.evtx,58690,-,winevtx,message_identifier: 1073748860; recovered: False; sha256_hash: 7b42ce3dc2f1f3cf6594e33781fdd14fa9845ad1272964b415594a429b3a4ca9; strings_parsed: {}; xml_string: <Event xmlns="http://schemas.microsoft.com/win/2004/08/events/event">-  <System>-    <Provider Name="Service Control Manager" Guid="{555908d1-a6d7-4695-8e1e-26931d2012f4}" EventSourceName="Service Control Manager"/>-    <EventID Qualifiers="16384">7036</EventID>-    <Version>0</Version>-    <Level>4</Level>-    <Task>0</Task>-    <Opcode>0</Opcode>-    <Keywords>0x8080000000000000</Keywords>-    <TimeCreated SystemTime="2019-10-24T10:11:07.387457000Z"/>-    <EventRecordID>1608</EventRecordID>-    <Correlation/>-    <Execution ProcessID="480" ThreadID="3580"/>-    <Channel>System</Channel>-    <Computer>Snape-PC</Computer>-    <Security/>-  </System>-  <EventData>-    <Data Name="param1">Inicio de sesión secundario</Data>-    <Data Name="param2">en ejecución</Data>-    <Binary>7300650063006C006F0067006F006E002F0034000000</Binary>-  </EventData>-</Event>- 
10/24/2019,12:11:24,Europe/Madrid,.A..,FILE,OS Last Access Time,Last Access Time,-,SNAPE-PC,/home/sansforensics/Documents/LaboratorioForense/InstanciaSnape/Windows/Prefe...,OS:/home/sansforensics/Documents/LaboratorioForense/InstanciaSnape/Windows/Prefetch/NET1.EXE-849DA590.pf Type: file,2,OS:/home/sansforensics/Documents/LaboratorioForense/InstanciaSnape/Windows/Prefetch/NET1.EXE-849DA590.pf,46667,-,filestat,file_size: 13924; file_system_type: OS; is_allocated: True; sha256_hash: 14770e79f31272454ee13fb6a860fdd1469b5bb081eb24a9d90f50536f71f3b0 
10/24/2019,12:11:24,Europe/Madrid,.A..,FILE,OS Last Access Time,Last Access Time,-,SNAPE-PC,/home/sansforensics/Documents/LaboratorioForense/InstanciaSnape/Windows/Prefe...,OS:/home/sansforensics/Documents/LaboratorioForense/InstanciaSnape/Windows/Prefetch/NET.EXE-DF44F913.pf Type: file,2,OS:/home/sansforensics/Documents/LaboratorioForense/InstanciaSnape/Windows/Prefetch/NET.EXE-DF44F913.pf,59322,-,filestat,file_size: 8562; file_system_type: OS; is_allocated: True; sha256_hash: 82f094b58343b386e4ba161d8f6d1b1430989722fd7e39c1ed8ecaf2de67883e 
10/24/2019,12:11:24,Europe/Madrid,M...,EVT,WinEVTX,Content Modification Time,-,SNAPE-PC,[7036 / 0x1b7c] Strings: ['Experiencia con aplicaciones'  'en ejecución'  '41...,[7036 / 0x1b7c] Source Name: Service Control Manager Strings: ['Experiencia con aplicaciones'  'en ejecución'  '410065004C006F006F006B00750070005300760063002F0034000000'] Computer Name: Snape-PC Record Number: 1609 Event Level: 4,2,OS:/home/sansforensics/Documents/LaboratorioForense/InstanciaSnape/Windows/System32/winevt/Logs/System.evtx,58690,-,winevtx,message_identifier: 1073748860; recovered: False; sha256_hash: 7b42ce3dc2f1f3cf6594e33781fdd14fa9845ad1272964b415594a429b3a4ca9; strings_parsed: {}; xml_string: <Event xmlns="http://schemas.microsoft.com/win/2004/08/events/event">-  <System>-    <Provider Name="Service Control Manager" Guid="{555908d1-a6d7-4695-8e1e-26931d2012f4}" EventSourceName="Service Control Manager"/>-    <EventID Qualifiers="16384">7036</EventID>-    <Version>0</Version>-    <Level>4</Level>-    <Task>0</Task>-    <Opcode>0</Opcode>-    <Keywords>0x8080000000000000</Keywords>-    <TimeCreated SystemTime="2019-10-24T10:11:24.731207000Z"/>-    <EventRecordID>1609</EventRecordID>-    <Correlation/>-    <Execution ProcessID="480" ThreadID="3940"/>-    <Channel>System</Channel>-    <Computer>Snape-PC</Computer>-    <Security/>-  </System>-  <EventData>-    <Data Name="param1">Experiencia con aplicaciones</Data>-    <Data Name="param2">en ejecución</Data>-    <Binary>410065004C006F006F006B00750070005300760063002F0034000000</Binary>-  </EventData>-</Event>- 
