10/24/2019,12:31:32,Europe/Madrid,M...,EVT,WinEVTX,Content Modification Time,NetworkService,SNAPE-PC,[261 / 0x0105] Strings: ['RDP-Tcp'],[261 / 0x0105] Source Name: Microsoft-Windows-TerminalServices-RemoteConnectionManager Strings: ['RDP-Tcp'] Computer Name: Snape-PC Record Number: 4 Event Level: 4,2,OS:/home/sansforensics/Documents/LaboratorioForense/InstanciaSnape/Windows/System32/winevt/Logs/Microsoft-Windows-TerminalServices-RemoteConnectionManager%4Operational.evtx,59612,-,winevtx,recovered: False; sha256_hash: afd0f860f116f5196717b75c3d3c2bc594d44661220578417e1d754c2065d0c0; strings_parsed: {}; user_sid: S-1-5-20; xml_string: <Event xmlns="http://schemas.microsoft.com/win/2004/08/events/event">-  <System>-    <Provider Name="Microsoft-Windows-TerminalServices-RemoteConnectionManager" Guid="{C76BAA63-AE81-421C-B425-340B4B24157F}"/>-    <EventID>261</EventID>-    <Version>0</Version>-    <Level>4</Level>-    <Task>0</Task>-    <Opcode>0</Opcode>-    <Keywords>0x1000000000000000</Keywords>-    <TimeCreated SystemTime="2019-10-24T10:31:32.434332000Z"/>-    <EventRecordID>4</EventRecordID>-    <Correlation/>-    <Execution ProcessID="628" ThreadID="2644"/>-    <Channel>Microsoft-Windows-TerminalServices-RemoteConnectionManager/Operational</Channel>-    <Computer>Snape-PC</Computer>-    <Security UserID="S-1-5-20"/>-  </System>-  <UserData>-    <EventXML xmlns:auto-ns2="http://schemas.microsoft.com/win/2004/08/events" xmlns="Event_NS">-      <listenerName>RDP-Tcp</listenerName>-    </EventXML>-  </UserData>-</Event>- 
10/24/2019,12:31:36,Europe/Madrid,M...,EVT,WinEVTX,Content Modification Time,-,SNAPE-PC,[6003 / 0x1773] Strings: ['TrustedInstaller'  'D9060000'],[6003 / 0x1773] Source Name: Wlclntfy Strings: ['TrustedInstaller'  'D9060000'] Computer Name: Snape-PC Record Number: 476 Event Level: 4,2,OS:/home/sansforensics/Documents/LaboratorioForense/InstanciaSnape/Windows/System32/winevt/Logs/Application.evtx,58691,-,winevtx,message_identifier: 2147489651; recovered: False; sha256_hash: 634532df6607122125d6bc2978acb39d7cda08652269fda9c2aac85ec2b546f1; strings_parsed: {}; xml_string: <Event xmlns="http://schemas.microsoft.com/win/2004/08/events/event">-  <System>-    <Provider Name="Microsoft-Windows-Winlogon" Guid="{DBE9B383-7CF3-4331-91CC-A3CB16A3B538}" EventSourceName="Wlclntfy"/>-    <EventID Qualifiers="32768">6003</EventID>-    <Version>0</Version>-    <Level>4</Level>-    <Task>0</Task>-    <Opcode>0</Opcode>-    <Keywords>0x0080000000000000</Keywords>-    <TimeCreated SystemTime="2019-10-24T10:31:36.000000000Z"/>-    <EventRecordID>476</EventRecordID>-    <Correlation/>-    <Execution ProcessID="0" ThreadID="0"/>-    <Channel>Application</Channel>-    <Computer>Snape-PC</Computer>-    <Security/>-  </System>-  <EventData>-    <Data>TrustedInstaller</Data>-    <Binary>D9060000</Binary>-  </EventData>-</Event>- 
10/24/2019,12:31:36,Europe/Madrid,M...,EVT,WinEVTX,Content Modification Time,-,SNAPE-PC,[4624 / 0x1210] Strings: ['S-1-0-0'  '-'  '-'  '0x0000000000000000'  'S-1-5-2...,[4624 / 0x1210] Source Name: Microsoft-Windows-Security-Auditing Strings: ['S-1-0-0'  '-'  '-'  '0x0000000000000000'  'S-1-5-21-1889767047-1812109830-4081843715-1001'  'Snape'  'Snape-PC'  '0x0000000001e47cfb'  '3'  'NtLmSsp '  'NTLM'  'kali'  '{00000000-0000-0000-0000-000000000000}'  '-'  'NTLM V2'  '128'  '0x0000000000000000'  '-'  '-'  '-'] Computer Name: Snape-PC Record Number: 720 Event Level: 0,2,OS:/home/sansforensics/Documents/LaboratorioForense/InstanciaSnape/Windows/System32/winevt/Logs/Security.evtx,58692,-,winevtx,recovered: False; sha256_hash: e11618c831b656543c1362597a405d06db3d4b66e918e7d61fd91865b89dab85; strings_parsed: {u'source_user_id': u'S-1-0-0'  u'source_user_name': u'-'  u'target_machine_name': u'kali'  u'target_user_id': u'S-1-5-21-1889767047-1812109830-4081843715-1001'  u'target_user_name': u'Snape'  u'target_machine_ip': u'-'}; xml_string: <Event xmlns="http://schemas.microsoft.com/win/2004/08/events/event">-  <System>-    <Provider Name="Microsoft-Windows-Security-Auditing" Guid="{54849625-5478-4994-A5BA-3E3B0328C30D}"/>-    <EventID>4624</EventID>-    <Version>0</Version>-    <Level>0</Level>-    <Task>12544</Task>-    <Opcode>0</Opcode>-    <Keywords>0x8020000000000000</Keywords>-    <TimeCreated SystemTime="2019-10-24T10:31:36.184332000Z"/>-    <EventRecordID>720</EventRecordID>-    <Correlation/>-    <Execution ProcessID="496" ThreadID="3012"/>-    <Channel>Security</Channel>-    <Computer>Snape-PC</Computer>-    <Security/>-  </System>-  <EventData>-    <Data Name="SubjectUserSid">S-1-0-0</Data>-    <Data Name="SubjectUserName">-</Data>-    <Data Name="SubjectDomainName">-</Data>-    <Data Name="SubjectLogonId">0x0000000000000000</Data>-    <Data Name="TargetUserSid">S-1-5-21-1889767047-1812109830-4081843715-1001</Data>-    <Data Name="TargetUserName">Snape</Data>-    <Data Name="TargetDomainName">Snape-PC</Data>-    <Data Name="TargetLogonId">0x0000000001e47cfb</Data>-    <Data Name="LogonType">3</Data>-    <Data Name="LogonProcessName">NtLmSsp </Data>-    <Data Name="AuthenticationPackageName">NTLM</Data>-    <Data Name="WorkstationName">kali</Data>-    <Data Name="LogonGuid">{00000000-0000-0000-0000-000000000000}</Data>-    <Data Name="TransmittedServices">-</Data>-    <Data Name="LmPackageName">NTLM V2</Data>-    <Data Name="KeyLength">128</Data>-    <Data Name="ProcessId">0x0000000000000000</Data>-    <Data Name="ProcessName">-</Data>-    <Data Name="IpAddress">-</Data>-    <Data Name="IpPort">-</Data>-  </EventData>-</Event>- 
10/24/2019,12:31:36,Europe/Madrid,M...,EVT,WinEVTX,Content Modification Time,-,SNAPE-PC,[4672 / 0x1240] Strings: ['S-1-5-21-1889767047-1812109830-4081843715-1001'  '...,[4672 / 0x1240] Source Name: Microsoft-Windows-Security-Auditing Strings: ['S-1-5-21-1889767047-1812109830-4081843715-1001'  'Snape'  'Snape-PC'  '0x0000000001e47cfb'  'SeSecurityPrivilege                   SeBackupPrivilege                       SeRestorePrivilege                      SeTakeOwnershipPrivilege                        SeDebugPrivilege                        SeSystemEnvironmentPrivilege                    SeLoadDriverPrivilege                   SeImpersonatePrivilege'] Computer Name: Snape-PC Record Number: 718 Event Level: 0,2,OS:/home/sansforensics/Documents/LaboratorioForense/InstanciaSnape/Windows/System32/winevt/Logs/Security.evtx,58692,-,winevtx,recovered: False; sha256_hash: e11618c831b656543c1362597a405d06db3d4b66e918e7d61fd91865b89dab85; strings_parsed: {}; xml_string: <Event xmlns="http://schemas.microsoft.com/win/2004/08/events/event">-  <System>-    <Provider Name="Microsoft-Windows-Security-Auditing" Guid="{54849625-5478-4994-A5BA-3E3B0328C30D}"/>-    <EventID>4672</EventID>-    <Version>0</Version>-    <Level>0</Level>-    <Task>12548</Task>-    <Opcode>0</Opcode>-    <Keywords>0x8020000000000000</Keywords>-    <TimeCreated SystemTime="2019-10-24T10:31:36.184332000Z"/>-    <EventRecordID>718</EventRecordID>-    <Correlation/>-    <Execution ProcessID="496" ThreadID="3012"/>-    <Channel>Security</Channel>-    <Computer>Snape-PC</Computer>-    <Security/>-  </System>-  <EventData>-    <Data Name="SubjectUserSid">S-1-5-21-1889767047-1812109830-4081843715-1001</Data>-    <Data Name="SubjectUserName">Snape</Data>-    <Data Name="SubjectDomainName">Snape-PC</Data>-    <Data Name="SubjectLogonId">0x0000000001e47cfb</Data>-    <Data Name="PrivilegeList">SeSecurityPrivilege-                    SeBackupPrivilege-                      SeRestorePrivilege-                     SeTakeOwnershipPrivilege-                       SeDebugPrivilege-                       SeSystemEnvironmentPrivilege-                   SeLoadDriverPrivilege-                  SeImpersonatePrivilege</Data>-  </EventData>-</Event>- 
10/24/2019,12:31:36,Europe/Madrid,M...,EVT,WinEVTX,Content Modification Time,-,SNAPE-PC,[4672 / 0x1240] Strings: ['S-1-5-21-1889767047-1812109830-4081843715-1001'  '...,[4672 / 0x1240] Source Name: Microsoft-Windows-Security-Auditing Strings: ['S-1-5-21-1889767047-1812109830-4081843715-1001'  'Snape'  'Snape-PC'  '0x0000000001e47cfb'  'SeSecurityPrivilege                   SeTakeOwnershipPrivilege                        SeLoadDriverPrivilege                   SeBackupPrivilege                       SeRestorePrivilege                      SeDebugPrivilege                        SeSystemEnvironmentPrivilege                    SeImpersonatePrivilege'] Computer Name: Snape-PC Record Number: 719 Event Level: 0,2,OS:/home/sansforensics/Documents/LaboratorioForense/InstanciaSnape/Windows/System32/winevt/Logs/Security.evtx,58692,-,winevtx,recovered: False; sha256_hash: e11618c831b656543c1362597a405d06db3d4b66e918e7d61fd91865b89dab85; strings_parsed: {}; xml_string: <Event xmlns="http://schemas.microsoft.com/win/2004/08/events/event">-  <System>-    <Provider Name="Microsoft-Windows-Security-Auditing" Guid="{54849625-5478-4994-A5BA-3E3B0328C30D}"/>-    <EventID>4672</EventID>-    <Version>0</Version>-    <Level>0</Level>-    <Task>12548</Task>-    <Opcode>0</Opcode>-    <Keywords>0x8020000000000000</Keywords>-    <TimeCreated SystemTime="2019-10-24T10:31:36.184332000Z"/>-    <EventRecordID>719</EventRecordID>-    <Correlation/>-    <Execution ProcessID="496" ThreadID="3012"/>-    <Channel>Security</Channel>-    <Computer>Snape-PC</Computer>-    <Security/>-  </System>-  <EventData>-    <Data Name="SubjectUserSid">S-1-5-21-1889767047-1812109830-4081843715-1001</Data>-    <Data Name="SubjectUserName">Snape</Data>-    <Data Name="SubjectDomainName">Snape-PC</Data>-    <Data Name="SubjectLogonId">0x0000000001e47cfb</Data>-    <Data Name="PrivilegeList">SeSecurityPrivilege-                    SeTakeOwnershipPrivilege-                       SeLoadDriverPrivilege-                  SeBackupPrivilege-                      SeRestorePrivilege-                     SeDebugPrivilege-                       SeSystemEnvironmentPrivilege-                   SeImpersonatePrivilege</Data>-  </EventData>-</Event>- 
10/24/2019,12:31:36,Europe/Madrid,M...,EVT,WinEVTX,Content Modification Time,NetworkService,SNAPE-PC,[1149 / 0x047d] Strings: ['snape'  ''  '10.0.9.6'],[1149 / 0x047d] Source Name: Microsoft-Windows-TerminalServices-RemoteConnectionManager Strings: ['snape'  ''  '10.0.9.6'] Computer Name: Snape-PC Record Number: 5 Event Level: 4,2,OS:/home/sansforensics/Documents/LaboratorioForense/InstanciaSnape/Windows/System32/winevt/Logs/Microsoft-Windows-TerminalServices-RemoteConnectionManager%4Operational.evtx,59612,-,winevtx,recovered: False; sha256_hash: afd0f860f116f5196717b75c3d3c2bc594d44661220578417e1d754c2065d0c0; strings_parsed: {}; user_sid: S-1-5-20; xml_string: <Event xmlns="http://schemas.microsoft.com/win/2004/08/events/event">-  <System>-    <Provider Name="Microsoft-Windows-TerminalServices-RemoteConnectionManager" Guid="{C76BAA63-AE81-421C-B425-340B4B24157F}"/>-    <EventID>1149</EventID>-    <Version>0</Version>-    <Level>4</Level>-    <Task>0</Task>-    <Opcode>0</Opcode>-    <Keywords>0x1000000000000000</Keywords>-    <TimeCreated SystemTime="2019-10-24T10:31:36.215582000Z"/>-    <EventRecordID>5</EventRecordID>-    <Correlation/>-    <Execution ProcessID="628" ThreadID="3556"/>-    <Channel>Microsoft-Windows-TerminalServices-RemoteConnectionManager/Operational</Channel>-    <Computer>Snape-PC</Computer>-    <Security UserID="S-1-5-20"/>-  </System>-  <UserData>-    <EventXML xmlns:auto-ns2="http://schemas.microsoft.com/win/2004/08/events" xmlns="Event_NS">-      <Param1>snape</Param1>-      <Param2/>-      <Param3>10.0.9.6</Param3>-    </EventXML>-  </UserData>-</Event>- 
10/24/2019,12:31:36,Europe/Madrid,M...,REG,UNKNOWN,Content Modification Time,-,SNAPE-PC,[HKEY_CURRENT_USER\Software\Microsoft\CTF] Value: No values stored in key.,[HKEY_CURRENT_USER\Software\Microsoft\CTF] Value: No values stored in key.,2,OS:/home/sansforensics/Documents/LaboratorioForense/InstanciaSnape/Windows/System32/config/DEFAULT,28400,-,winreg/winreg_default,sha256_hash: dec473d2b9228b672442e40f481f73b5f7ec92328b62d1faf7944ab413ce597d 
10/24/2019,12:31:36,Europe/Madrid,M...,REG,UNKNOWN,Content Modification Time,-,SNAPE-PC,[HKEY_CURRENT_USER\Software\Microsoft\CTF\RemoteSession] CLSID: [REG_SZ]  Key...,[HKEY_CURRENT_USER\Software\Microsoft\CTF\RemoteSession] CLSID: [REG_SZ]  KeyboardLayout: [REG_DWORD_LE] 0 Profile: [REG_SZ] ,2,OS:/home/sansforensics/Documents/LaboratorioForense/InstanciaSnape/Windows/System32/config/DEFAULT,28400,-,winreg/winreg_default,sha256_hash: dec473d2b9228b672442e40f481f73b5f7ec92328b62d1faf7944ab413ce597d 
10/24/2019,12:31:37,Europe/Madrid,.A..,REG,Registry Key: User Account Information,Last Login Time,Snape,SNAPE-PC,Snape RID: 1001 Login count: 7,[HKEY_LOCAL_MACHINE\SAM\SAM\Domains\Account\Users] Username: Snape RID: 1001 Login count: 7,2,OS:/home/sansforensics/Documents/LaboratorioForense/InstanciaSnape/Windows/System32/config/SAM,28403,-,winreg/windows_sam_users,sha256_hash: c978b7a2275f4dbd356e540f3eea6ecc4da7afbc2bb9f7c30c50d09e72383df6 
10/24/2019,12:31:37,Europe/Madrid,M...,EVT,WinEVTX,Content Modification Time,-,SNAPE-PC,[4624 / 0x1210] Strings: ['S-1-5-18'  'SNAPE-PC$'  'WORKGROUP'  '0x0000000000...,[4624 / 0x1210] Source Name: Microsoft-Windows-Security-Auditing Strings: ['S-1-5-18'  'SNAPE-PC$'  'WORKGROUP'  '0x00000000000003e7'  'S-1-5-21-1889767047-1812109830-4081843715-1001'  'Snape'  'Snape-PC'  '0x0000000001e49458'  '10'  'User32 '  'Negotiate'  'SNAPE-PC'  '{00000000-0000-0000-0000-000000000000}'  '-'  '-'  '0'  '0x0000000000000b90'  'C:\Windows\System32\winlogon.exe'  '10.0.9.6'  '59734'] Computer Name: Snape-PC Record Number: 722 Event Level: 0,2,OS:/home/sansforensics/Documents/LaboratorioForense/InstanciaSnape/Windows/System32/winevt/Logs/Security.evtx,58692,-,winevtx,recovered: False; sha256_hash: e11618c831b656543c1362597a405d06db3d4b66e918e7d61fd91865b89dab85; strings_parsed: {u'source_user_id': u'S-1-5-18'  u'source_user_name': u'SNAPE-PC$'  u'target_machine_name': u'SNAPE-PC'  u'target_user_id': u'S-1-5-21-1889767047-1812109830-4081843715-1001'  u'target_user_name': u'Snape'  u'target_machine_ip': u'10.0.9.6'}; xml_string: <Event xmlns="http://schemas.microsoft.com/win/2004/08/events/event">-  <System>-    <Provider Name="Microsoft-Windows-Security-Auditing" Guid="{54849625-5478-4994-A5BA-3E3B0328C30D}"/>-    <EventID>4624</EventID>-    <Version>0</Version>-    <Level>0</Level>-    <Task>12544</Task>-    <Opcode>0</Opcode>-    <Keywords>0x8020000000000000</Keywords>-    <TimeCreated SystemTime="2019-10-24T10:31:37.121832000Z"/>-    <EventRecordID>722</EventRecordID>-    <Correlation/>-    <Execution ProcessID="496" ThreadID="1872"/>-    <Channel>Security</Channel>-    <Computer>Snape-PC</Computer>-    <Security/>-  </System>-  <EventData>-    <Data Name="SubjectUserSid">S-1-5-18</Data>-    <Data Name="SubjectUserName">SNAPE-PC$</Data>-    <Data Name="SubjectDomainName">WORKGROUP</Data>-    <Data Name="SubjectLogonId">0x00000000000003e7</Data>-    <Data Name="TargetUserSid">S-1-5-21-1889767047-1812109830-4081843715-1001</Data>-    <Data Name="TargetUserName">Snape</Data>-    <Data Name="TargetDomainName">Snape-PC</Data>-    <Data Name="TargetLogonId">0x0000000001e49458</Data>-    <Data Name="LogonType">10</Data>-    <Data Name="LogonProcessName">User32 </Data>-    <Data Name="AuthenticationPackageName">Negotiate</Data>-    <Data Name="WorkstationName">SNAPE-PC</Data>-    <Data Name="LogonGuid">{00000000-0000-0000-0000-000000000000}</Data>-    <Data Name="TransmittedServices">-</Data>-    <Data Name="LmPackageName">-</Data>-    <Data Name="KeyLength">0</Data>-    <Data Name="ProcessId">0x0000000000000b90</Data>-    <Data Name="ProcessName">C:\Windows\System32\winlogon.exe</Data>-    <Data Name="IpAddress">10.0.9.6</Data>-    <Data Name="IpPort">59734</Data>-  </EventData>-</Event>- 
10/24/2019,12:31:37,Europe/Madrid,M...,EVT,WinEVTX,Content Modification Time,-,SNAPE-PC,[4624 / 0x1210] Strings: ['S-1-5-18'  'SNAPE-PC$'  'WORKGROUP'  '0x0000000000...,[4624 / 0x1210] Source Name: Microsoft-Windows-Security-Auditing Strings: ['S-1-5-18'  'SNAPE-PC$'  'WORKGROUP'  '0x00000000000003e7'  'S-1-5-21-1889767047-1812109830-4081843715-1001'  'Snape'  'Snape-PC'  '0x0000000001e49490'  '10'  'User32 '  'Negotiate'  'SNAPE-PC'  '{00000000-0000-0000-0000-000000000000}'  '-'  '-'  '0'  '0x0000000000000b90'  'C:\Windows\System32\winlogon.exe'  '10.0.9.6'  '59734'] Computer Name: Snape-PC Record Number: 723 Event Level: 0,2,OS:/home/sansforensics/Documents/LaboratorioForense/InstanciaSnape/Windows/System32/winevt/Logs/Security.evtx,58692,-,winevtx,recovered: False; sha256_hash: e11618c831b656543c1362597a405d06db3d4b66e918e7d61fd91865b89dab85; strings_parsed: {u'source_user_id': u'S-1-5-18'  u'source_user_name': u'SNAPE-PC$'  u'target_machine_name': u'SNAPE-PC'  u'target_user_id': u'S-1-5-21-1889767047-1812109830-4081843715-1001'  u'target_user_name': u'Snape'  u'target_machine_ip': u'10.0.9.6'}; xml_string: <Event xmlns="http://schemas.microsoft.com/win/2004/08/events/event">-  <System>-    <Provider Name="Microsoft-Windows-Security-Auditing" Guid="{54849625-5478-4994-A5BA-3E3B0328C30D}"/>-    <EventID>4624</EventID>-    <Version>0</Version>-    <Level>0</Level>-    <Task>12544</Task>-    <Opcode>0</Opcode>-    <Keywords>0x8020000000000000</Keywords>-    <TimeCreated SystemTime="2019-10-24T10:31:37.121832000Z"/>-    <EventRecordID>723</EventRecordID>-    <Correlation/>-    <Execution ProcessID="496" ThreadID="1872"/>-    <Channel>Security</Channel>-    <Computer>Snape-PC</Computer>-    <Security/>-  </System>-  <EventData>-    <Data Name="SubjectUserSid">S-1-5-18</Data>-    <Data Name="SubjectUserName">SNAPE-PC$</Data>-    <Data Name="SubjectDomainName">WORKGROUP</Data>-    <Data Name="SubjectLogonId">0x00000000000003e7</Data>-    <Data Name="TargetUserSid">S-1-5-21-1889767047-1812109830-4081843715-1001</Data>-    <Data Name="TargetUserName">Snape</Data>-    <Data Name="TargetDomainName">Snape-PC</Data>-    <Data Name="TargetLogonId">0x0000000001e49490</Data>-    <Data Name="LogonType">10</Data>-    <Data Name="LogonProcessName">User32 </Data>-    <Data Name="AuthenticationPackageName">Negotiate</Data>-    <Data Name="WorkstationName">SNAPE-PC</Data>-    <Data Name="LogonGuid">{00000000-0000-0000-0000-000000000000}</Data>-    <Data Name="TransmittedServices">-</Data>-    <Data Name="LmPackageName">-</Data>-    <Data Name="KeyLength">0</Data>-    <Data Name="ProcessId">0x0000000000000b90</Data>-    <Data Name="ProcessName">C:\Windows\System32\winlogon.exe</Data>-    <Data Name="IpAddress">10.0.9.6</Data>-    <Data Name="IpPort">59734</Data>-  </EventData>-</Event>- 
10/24/2019,12:31:37,Europe/Madrid,M...,EVT,WinEVTX,Content Modification Time,-,SNAPE-PC,[4648 / 0x1228] Strings: ['S-1-5-18'  'SNAPE-PC$'  'WORKGROUP'  '0x0000000000...,[4648 / 0x1228] Source Name: Microsoft-Windows-Security-Auditing Strings: ['S-1-5-18'  'SNAPE-PC$'  'WORKGROUP'  '0x00000000000003e7'  '{00000000-0000-0000-0000-000000000000}'  'Snape'  'Snape-PC'  '{00000000-0000-0000-0000-000000000000}'  'localhost'  'localhost'  '0x0000000000000b90'  'C:\Windows\System32\winlogon.exe'  '10.0.9.6'  '59734'] Computer Name: Snape-PC Record Number: 721 Event Level: 0,2,OS:/home/sansforensics/Documents/LaboratorioForense/InstanciaSnape/Windows/System32/winevt/Logs/Security.evtx,58692,-,winevtx,recovered: False; sha256_hash: e11618c831b656543c1362597a405d06db3d4b66e918e7d61fd91865b89dab85; strings_parsed: {u'target_user_name': u'Snape'  u'source_user_id': u'S-1-5-18'  u'source_user_name': u'SNAPE-PC$'  u'target_machine_name': u'localhost'  u'target_machine_ip': u'10.0.9.6'}; xml_string: <Event xmlns="http://schemas.microsoft.com/win/2004/08/events/event">-  <System>-    <Provider Name="Microsoft-Windows-Security-Auditing" Guid="{54849625-5478-4994-A5BA-3E3B0328C30D}"/>-    <EventID>4648</EventID>-    <Version>0</Version>-    <Level>0</Level>-    <Task>12544</Task>-    <Opcode>0</Opcode>-    <Keywords>0x8020000000000000</Keywords>-    <TimeCreated SystemTime="2019-10-24T10:31:37.121832000Z"/>-    <EventRecordID>721</EventRecordID>-    <Correlation/>-    <Execution ProcessID="496" ThreadID="1872"/>-    <Channel>Security</Channel>-    <Computer>Snape-PC</Computer>-    <Security/>-  </System>-  <EventData>-    <Data Name="SubjectUserSid">S-1-5-18</Data>-    <Data Name="SubjectUserName">SNAPE-PC$</Data>-    <Data Name="SubjectDomainName">WORKGROUP</Data>-    <Data Name="SubjectLogonId">0x00000000000003e7</Data>-    <Data Name="LogonGuid">{00000000-0000-0000-0000-000000000000}</Data>-    <Data Name="TargetUserName">Snape</Data>-    <Data Name="TargetDomainName">Snape-PC</Data>-    <Data Name="TargetLogonGuid">{00000000-0000-0000-0000-000000000000}</Data>-    <Data Name="TargetServerName">localhost</Data>-    <Data Name="TargetInfo">localhost</Data>-    <Data Name="ProcessId">0x0000000000000b90</Data>-    <Data Name="ProcessName">C:\Windows\System32\winlogon.exe</Data>-    <Data Name="IpAddress">10.0.9.6</Data>-    <Data Name="IpPort">59734</Data>-  </EventData>-</Event>- 
10/24/2019,12:31:37,Europe/Madrid,M...,EVT,WinEVTX,Content Modification Time,-,SNAPE-PC,[4672 / 0x1240] Strings: ['S-1-5-21-1889767047-1812109830-4081843715-1001'  '...,[4672 / 0x1240] Source Name: Microsoft-Windows-Security-Auditing Strings: ['S-1-5-21-1889767047-1812109830-4081843715-1001'  'Snape'  'Snape-PC'  '0x0000000001e49458'  'SeSecurityPrivilege                   SeTakeOwnershipPrivilege                        SeLoadDriverPrivilege                   SeBackupPrivilege                       SeRestorePrivilege                      SeDebugPrivilege                        SeSystemEnvironmentPrivilege                    SeImpersonatePrivilege'] Computer Name: Snape-PC Record Number: 724 Event Level: 0,2,OS:/home/sansforensics/Documents/LaboratorioForense/InstanciaSnape/Windows/System32/winevt/Logs/Security.evtx,58692,-,winevtx,recovered: False; sha256_hash: e11618c831b656543c1362597a405d06db3d4b66e918e7d61fd91865b89dab85; strings_parsed: {}; xml_string: <Event xmlns="http://schemas.microsoft.com/win/2004/08/events/event">-  <System>-    <Provider Name="Microsoft-Windows-Security-Auditing" Guid="{54849625-5478-4994-A5BA-3E3B0328C30D}"/>-    <EventID>4672</EventID>-    <Version>0</Version>-    <Level>0</Level>-    <Task>12548</Task>-    <Opcode>0</Opcode>-    <Keywords>0x8020000000000000</Keywords>-    <TimeCreated SystemTime="2019-10-24T10:31:37.121832000Z"/>-    <EventRecordID>724</EventRecordID>-    <Correlation/>-    <Execution ProcessID="496" ThreadID="1872"/>-    <Channel>Security</Channel>-    <Computer>Snape-PC</Computer>-    <Security/>-  </System>-  <EventData>-    <Data Name="SubjectUserSid">S-1-5-21-1889767047-1812109830-4081843715-1001</Data>-    <Data Name="SubjectUserName">Snape</Data>-    <Data Name="SubjectDomainName">Snape-PC</Data>-    <Data Name="SubjectLogonId">0x0000000001e49458</Data>-    <Data Name="PrivilegeList">SeSecurityPrivilege-                    SeTakeOwnershipPrivilege-                       SeLoadDriverPrivilege-                  SeBackupPrivilege-                      SeRestorePrivilege-                     SeDebugPrivilege-                       SeSystemEnvironmentPrivilege-                   SeImpersonatePrivilege</Data>-  </EventData>-</Event>- 
10/24/2019,12:31:37,Europe/Madrid,M...,REG,UNKNOWN,Content Modification Time,-,SNAPE-PC,[HKEY_CURRENT_USER] Value: No values stored in key.,[HKEY_CURRENT_USER] Value: No values stored in key.,2,OS:/home/sansforensics/Documents/LaboratorioForense/InstanciaSnape/Users/Snape/NTUSER.DAT,55,-,winreg/winreg_default,sha256_hash: 6718482aab1123e4ad9a3e87ce44a34799ff118429377df3e707aab1e9bdf5f7 
10/24/2019,12:31:37,Europe/Madrid,M...,REG,UNKNOWN,Content Modification Time,-,SNAPE-PC,[HKEY_CURRENT_USER\Software\Microsoft\Windows\CurrentVersion\ThemeManager] Co...,[HKEY_CURRENT_USER\Software\Microsoft\Windows\CurrentVersion\ThemeManager] ColorName: [REG_SZ] NormalColor DllName: [REG_EXPAND_SZ] %SystemRoot%\resources\Themes\Aero\Aero.msstyles LMVersion: [REG_SZ] 105 LastLoadedDPI: [REG_SZ] 96 LastUserLangID: [REG_SZ] 3082 LoadedBefore: [REG_SZ] 1 SizeName: [REG_SZ] NormalSize ThemeActive: [REG_SZ] 1,2,OS:/home/sansforensics/Documents/LaboratorioForense/InstanciaSnape/Users/Snape/NTUSER.DAT,55,-,winreg/winreg_default,sha256_hash: 6718482aab1123e4ad9a3e87ce44a34799ff118429377df3e707aab1e9bdf5f7 
10/24/2019,12:31:37,Europe/Madrid,M...,REG,UNKNOWN,Content Modification Time,-,SNAPE-PC,[HKEY_CURRENT_USER\Software\Classes\Local Settings\MuiCache\5\A7EAB198] @"%sy...,[HKEY_CURRENT_USER\Software\Classes\Local Settings\MuiCache\5\A7EAB198] @"%systemroot%\system32\windowspowershell\v1.0\powershell.exe" -111: [REG_SZ] Realiza funciones basadas en objetos (línea de comandos) @"%windir%\System32\ie4uinit.exe" -732: [REG_SZ] Busca y muestra información y sitios web en Internet. @"%windir%\System32\ie4uinit.exe" -738: [REG_SZ] Iniciar Internet Explorer sin controles ActiveX ni extensiones de explorador. @%ProgramFiles%\DVD Maker\DVDMaker.exe -63385: [REG_SZ] Grabe imágenes y vídeo en DVD. @%SystemRoot%\System32\FirewallControlPanel.dll -1: [REG_SZ] Firewall de Windows @%SystemRoot%\System32\drivers\pacer.sys -100: [REG_SZ] Programador de paquetes de Calidad de servicio. Este componente proporciona control del tráfico de red  incluidos los servicios de índice de flujo y prioritarización. @%SystemRoot%\System32\fveui.dll -843: [REG_SZ] Cifrado de unidad BitLocker @%SystemRoot%\System32\fveui.dll -844: [REG_SZ] Agente de recuperación de datos BitLocker @%SystemRoot%\System32\netcenter.dll -1: [REG_SZ] Centro de redes y recursos compartidos @%SystemRoot%\system32\WindowsPowerShell\v1.0\powershell.exe -113: [REG_SZ] Entorno de scripting integrado de Windows PowerShell. Realiza funciones basadas en objetos (línea de comandos). @%SystemRoot%\system32\dnsapi.dll -103: [REG_SZ] Confianza en el servidor DNS (Sistema de nombres de dominio) @%SystemRoot%\system32\lltdres.dll -3: [REG_SZ] Permite la detección y la ubicación de este equipo en la red. @%SystemRoot%\system32\lltdres.dll -4: [REG_SZ] Se usa para detectar y ubicar en la red otros equipos  dispositivos y componentes de la infraestructura de red. También se usa para determinar el ancho de banda de la red. @%SystemRoot%\system32\netshell.dll -1200: [REG_SZ] Conexiones de red @%SystemRoot%\system32\p2pcollab.dll -8042: [REG_SZ] Confianza de mismo nivel @%SystemRoot%\system32\qagentrt.dll -10: [REG_SZ] Autenticación de mantenimiento del sistema @%SystemRoot%\system32\tcpipcfg.dll -50001: [REG_SZ] Protocolo TCP/IP. El protocolo de red de área extensa predeterminado que permite la comunicación entre varias redes conectadas entre sí. @%systemroot%\ehome\ehres.dll -116: [REG_SZ] Abre la opción de entretenimiento doméstico para los elementos multimedia digitales y a petición  entre los que se incluyen TV  películas  música e imágenes. @%systemroot%\system32\oobefldr.dll -1102: [REG_SZ] Conéctese para configurar el equipo con mayor facilidad y obtenga más información sobre Windows 7. @%systemroot%\system32\oobefldr.dll -1122: [REG_SZ] Cambie el fondo del escritorio  el color de las ventanas  los sonidos y el protector de pantalla. @%systemroot%\system32\oobefldr.dll -1142: [REG_SZ] Transfiera los archivos y la configuración desde otro equipo. @%systemroot%\system32\oobefldr.dll -1162: [REG_SZ] Comparta archivos e impresoras con otros equipos de su hogar. @%systemroot%\system32\oobefldr.dll -1182: [REG_SZ] Elija si desea que Control de cuentas de usuario (UAC) le notifique los cambios en el equipo. @%systemroot%\system32\oobefldr.dll -1202: [REG_SZ] Conéctese para obtener Windows Live Essentials para comunicarse  compartir y publicar en línea. @%systemroot%\system32\oobefldr.dll -1222: [REG_SZ] Configure Windows para realizar una copia de seguridad de sus fotografías  música y otros archivos automáticamente. @%systemroot%\system32\oobefldr.dll -1242: [REG_SZ] Cree cuentas de usuario para otras personas que vayan a usar el equipo. @%systemroot%\system32\oobefldr.dll -1262: [REG_SZ] Aumente o reduzca el tamaño del texto y otros elementos en la pantalla. @%systemroot%\system32\rascfg.dll -32008: [REG_SZ] Le permite conectarse con seguridad a una red privada a través de Internet. @%systemroot%\system32\rascfg.dll -32009: [REG_SZ] Le permite conectarse con seguridad a una red privada a través de Internet. @%systemroot%\system32\rascfg.dll -32010: [REG_SZ] Proporciona la habilidad de conectar un host a un concentrador de acceso remoto compatible con RFC2516. @%systemroot%\system32\sstpsvc.dll -203: [REG_SZ] Le permite conectarse con seguridad a una red privada a través de Internet. @%systemroot%\syswow64\unregmp2.exe -155: [REG_SZ] Reproducir archivos multimedia incluyendo música  vídeos  CDs y DVDs. @ActionCenterCPL.dll -1: [REG_SZ] Centro de actividades @C:\Program Files\Common Files\Microsoft Shared\Ink\ShapeCollector.exe -298: [REG_SZ] Personalización del reconocimiento de escritura a mano @C:\Program Files\Common Files\Microsoft Shared\Ink\TipTsf.dll -80: [REG_SZ] Panel de entrada de Tablet PC @C:\Program Files\Common Files\Microsoft Shared\Ink\mip.exe -291: [REG_SZ] Panel de entrada matemática @C:\Program Files\Common Files\system\wab32res.dll -10100: [REG_SZ] Contactos @C:\Program Files\DVD Maker\DVDMaker.exe -61403: [REG_SZ] Windows DVD Maker @C:\Program Files\Windows Defender\MsMpRes.dll -104: [REG_SZ] Windows Defender @C:\Program Files\Windows Defender\MsMpRes.dll -1176: [REG_SZ] Protección contra spyware y software potencialmente no deseado @C:\Program Files\Windows Journal\Journal.exe -3074: [REG_SZ] Windows Journal @C:\Program Files\Windows Sidebar\sidebar.exe -1005: [REG_SZ] Galería de gadgets de escritorio @C:\Program Files\Windows Sidebar\sidebar.exe -11002: [REG_SZ] Vea los gadgets de escritorio instalados en su equipo. @C:\Program Files\Windows Sidebar\sidebar.exe -11003: [REG_SZ] Gadgets de escritorio @C:\Program Files\Windows Sidebar\sidebar.exe -11100: [REG_SZ] &Gadgets @C:\Program Files\windows journal\journal.exe -62005: [REG_SZ] Tablet PC @C:\Windows\SysWOW64\ie4uinit.exe -21: [REG_SZ] Internet Explorer @C:\Windows\System32\ActionCenterCPL.dll -1: [REG_SZ] Centro de actividades @C:\Windows\System32\ActionCenterCPL.dll -2: [REG_SZ] Vea mensajes recientes y resuelva problemas del equipo. @C:\Windows\System32\AuthFWGP.dll -20: [REG_SZ] Firewall de Windows con seguridad avanzada @C:\Windows\System32\DiagCpl.dll -1: [REG_SZ] Solución de problemas @C:\Windows\System32\DiagCpl.dll -15: [REG_SZ] Solucionar y corregir problemas comunes del equipo. @C:\Windows\System32\Display.dll -1: [REG_SZ] Pantalla @C:\Windows\System32\Display.dll -2: [REG_SZ] Cambie la configuración de pantalla para facilitar la lectura del texto en pantalla. @C:\Windows\System32\PerfCenterCPL.dll -1: [REG_SZ] Información y herramientas de rendimiento @C:\Windows\System32\PerfCenterCPL.dll -2: [REG_SZ] Obtenga información acerca de la velocidad y el rendimiento del equipo. Windows le comunica si existen soluciones a los problemas de rendimiento. @C:\Windows\System32\SensorsCpl.dll -1: [REG_SZ] Ubicación y otros sensores @C:\Windows\System32\SensorsCpl.dll -701: [REG_SZ] Establezca la configuración del sensor. @C:\Windows\System32\Speech\SpeechUX\speechuxcpl.dll -1: [REG_SZ] Reconocimiento de voz @C:\Windows\System32\Speech\SpeechUX\speechuxcpl.dll -2: [REG_SZ] Configure el funcionamiento del reconocimiento de voz en este equipo. @C:\Windows\System32\SyncCenter.dll -3000: [REG_SZ] Centro de sincronización @C:\Windows\System32\SyncCenter.dll -3001: [REG_SZ] Sincronizar archivos entre el equipo y las carpetas de red @C:\Windows\System32\accessibilitycpl.dll -45: [REG_SZ] Facilitar el uso del equipo. @C:\Windows\System32\autoplay.dll -1: [REG_SZ] Reproducción automática @C:\Windows\System32\autoplay.dll -2: [REG_SZ] Cambie la configuración predeterminada de CDs  DVDs y dispositivos de modo que se pueda reproducir música  ver imágenes  instalar software y jugar de forma automática. @C:\Windows\System32\devmgr.dll -4: [REG_SZ] Administrador de dispositivos @C:\Windows\System32\devmgr.dll -5: [REG_SZ] Vea y actualice el software de controlador y la configuración de hardware. @C:\Windows\System32\display.dll -4: [REG_SZ] &Resolución de pantalla @C:\Windows\System32\hgcpl.dll -1: [REG_SZ] Grupo Hogar @C:\Windows\System32\hgcpl.dll -2: [REG_SZ] Ver la configuración de Grupo Hogar  elegir las opciones de uso compartido y ver o cambiar la contraseña. @C:\Windows\System32\icardres.dll -4097: [REG_SZ] Windows CardSpace @C:\Windows\System32\icardres.dll -4098: [REG_SZ] Administre las tarjetas de información que se usan para iniciar sesión y registrarse en los sitios web y servicios en línea. @C:\Windows\System32\ie4uinit.exe -21: [REG_SZ] Internet Explorer @C:\Windows\System32\ie4uinit.exe -734: [REG_SZ] Internet Explorer @C:\Windows\System32\ie4uinit.exe -735: [REG_SZ] Internet Explorer (64 bits) @C:\Windows\System32\ie4uinit.exe -737: [REG_SZ] Internet Explorer (sin complementos) @C:\Windows\System32\ieframe.dll -12385: [REG_SZ] Barra de favoritos @C:\Windows\System32\inetcpl.cpl -4312: [REG_SZ] Opciones de Internet @C:\Windows\System32\inetcpl.cpl -4313: [REG_SZ] Configure las opciones de conexión y de pantalla para Internet. @C:\Windows\System32\intl.cpl -1: [REG_SZ] Configuración regional y de idioma @C:\Windows\System32\intl.cpl -2: [REG_SZ] Personaliza la configuración para mostrar idiomas  números  horas y fechas. @C:\Windows\System32\isoburn.exe -350: [REG_SZ] Archivo de imagen de disco @C:\Windows\System32\main.cpl -100: [REG_SZ] Mouse @C:\Windows\System32\main.cpl -101: [REG_SZ] Personalice la configuración del mouse: la configuración de los botones  la velocidad de doble clic  los punteros del mouse y la velocidad de movimiento. @C:\Windows\System32\main.cpl -102: [REG_SZ] Teclado @C:\Windows\System32\main.cpl -103: [REG_SZ] Personalice la configuración del teclado  por ejemplo la velocidad de intermitencia del cursor y la velocidad de repetición de caracteres. @C:\Windows\System32\mmsys.cpl -300: [REG_SZ] Sonido @C:\Windows\System32\mmsys.cpl -301: [REG_SZ] Cambie el tema de sonido del equipo o configure los dispositivos de audio. @C:\Windows\System32\netcenter.dll -1: [REG_SZ] Centro de redes y recursos compartidos @C:\Windows\System32\netcenter.dll -2: [REG_SZ] Compruebe el estado de la red  cambie la configuración de red y establezca las preferencias para compartir archivos e impresoras. @C:\Windows\System32\powercpl.dll -1: [REG_SZ] Opciones de energía @C:\Windows\System32\powercpl.dll -2: [REG_SZ] Puede conservar energía o maximizar el rendimiento si ajusta la forma en que el equipo administra la energía. @C:\Windows\System32\recovery.dll -101: [REG_SZ] Recuperación @C:\Windows\System32\recovery.dll -2: [REG_SZ] Restaure el sistema a un momento anterior sin afectar a los archivos o reemplace todo en el equipo y vuelva a instalar Windows. @C:\Windows\System32\sdcpl.dll -100: [REG_SZ] Haga una copia de seguridad y restaure los archivos y el sistema. Supervise la configuración y el estado de la última copia de seguridad. @C:\Windows\System32\srchadmin.dll -601: [REG_SZ] Opciones de indización @C:\Windows\System32\srchadmin.dll -602: [REG_SZ] Cambiar cómo Windows indiza elementos para agilizar la búsqueda @C:\Windows\System32\sud.dll -10: [REG_SZ] Elija los programas que se usarán en Windows para realizar actividades como la exploración de la Web  la edición de fotografías  el envío de correo electrónico y la reproducción de música. @C:\Windows\System32\systemcpl.dll -1: [REG_SZ] Sistema @C:\Windows\System32\systemcpl.dll -2: [REG_SZ] Muestra información acerca del equipo y cambia la configuración del hardware  el rendimiento y las conexiones remotas. @C:\Windows\System32\taskbarcpl.dll -1: [REG_SZ] Iconos del área de notificación @C:\Windows\System32\taskbarcpl.dll -2: [REG_SZ] Seleccione los iconos y las notificaciones que desea que aparezcan en el área de notificación. @C:\Windows\System32\telephon.cpl -1: [REG_SZ] Teléfono y módem @C:\Windows\System32\telephon.cpl -2: [REG_SZ] Establece las reglas de marcado de su teléfono y la configuración del módem. @C:\Windows\System32\themecpl.dll -1: [REG_SZ] Personalización @C:\Windows\System32\themecpl.dll -2: [REG_SZ] Cambie las imágenes  los colores y los sonidos en este equipo. @C:\Windows\System32\timedate.cpl -51: [REG_SZ] Fecha y hora @C:\Windows\System32\timedate.cpl -52: [REG_SZ] Establezca la información de fecha  hora y zona horaria en el equipo. @C:\Windows\System32\tsworkspace.dll -15300: [REG_SZ] Conexión de RemoteApp y Escritorio @C:\Windows\System32\tsworkspace.dll -15301: [REG_SZ] Administrar Conexión de RemoteApp y Escritorio @C:\Windows\System32\usercpl.dll -1: [REG_SZ] Cuentas de usuario @C:\Windows\System32\usercpl.dll -2: [REG_SZ] Cambie la configuración de las cuentas de usuario y las contraseñas de quienes comparten este equipo. @C:\Windows\System32\wpccpl.dll -100: [REG_SZ] Control parental @C:\Windows\System32\wpccpl.dll -101: [REG_SZ] Cambiar la configuración de Control parental. @C:\Windows\ehome\ehres.dll -100: [REG_SZ] Windows Media Center @C:\Windows\explorer.exe -7021: [REG_SZ] Ayuda y soporte técnico @C:\Windows\explorer.exe -7022: [REG_SZ] Seguridad de Windows @C:\Windows\system32\AccessibilityCpl.dll -10: [REG_SZ] Centro de accesibilidad @C:\Windows\system32\DeviceCenter.dll -1000: [REG_SZ] Dispositivos e impresoras @C:\Windows\system32\DeviceCenter.dll -2000: [REG_SZ] Ver y administrar dispositivos  impresoras y trabajos de impresión @C:\Windows\system32\FXSRESM.dll -114: [REG_SZ] Fax y Escáner de Windows @C:\Windows\system32\FXSRESM.dll -120: [REG_SZ] Destinatario de fax @C:\Windows\system32\FirewallControlPanel.dll -12122: [REG_SZ] Firewall de Windows @C:\Windows\system32\FirewallControlPanel.dll -12123: [REG_SZ] Establezca las opciones de seguridad del firewall para ayudar a proteger el equipo de hackers y software malintencionado. @C:\Windows\system32\MCTRes.dll -160005: [REG_SZ] Sitios web para España @C:\Windows\system32\MdSched.exe -4001: [REG_SZ] Diagnóstico de memoria de Windows @C:\Windows\system32\NetProjW.dll -501: [REG_SZ] Conectarse a un proyector de red @C:\Windows\system32\NetworkExplorer.dll -1: [REG_SZ] Red @C:\Windows\system32\OobeFldr.dll -33056: [REG_SZ] Tareas iniciales @C:\Windows\system32\OobeFldr.dll -33057: [REG_SZ] Obtenga más información acerca de las características de Windows y empiece a usarlas. @C:\Windows\system32\SNTSearch.dll -505: [REG_SZ] Notas rápidas @C:\Windows\system32\SnippingTool.exe -15051: [REG_SZ] Recortes @C:\Windows\system32\SoundRecorder.exe -100: [REG_SZ] Grabadora de sonidos @C:\Windows\system32\Speech\SpeechUX\sapi.cpl -5555: [REG_SZ] Reconocimiento de voz de Windows @C:\Windows\system32\Vault.dll -1: [REG_SZ] Administrador de credenciales @C:\Windows\system32\Vault.dll -2: [REG_SZ] Administre sus credenciales de Windows. @C:\Windows\system32\WindowsPowerShell\v1.0\powershell.exe -101: [REG_SZ] Windows PowerShell ISE @C:\Windows\system32\WindowsPowerShell\v1.0\powershell.exe -102: [REG_SZ] Windows PowerShell ISE (x86) @C:\Windows\system32\XpsRchVw.exe -102: [REG_SZ] Visor de XPS @C:\Windows\system32\appwiz.cpl -159: [REG_SZ] Programas y características @C:\Windows\system32\appwiz.cpl -160: [REG_SZ] Desinstale o cambie programas en el equipo. @C:\Windows\system32\colorcpl.exe -6: [REG_SZ] Administración del color @C:\Windows\system32\colorcpl.exe -7: [REG_SZ] Cambie la configuración avanzada de la administración del color para pantallas  escáneres e impresoras. @C:\Windows\system32\comres.dll -3410: [REG_SZ] Servicios de componentes @C:\Windows\system32\dfrgui.exe -103: [REG_SZ] Desfragmentador de disco @C:\Windows\system32\displayswitch.exe -320: [REG_SZ] Conectarse a un proyector @C:\Windows\system32\filemgmt.dll -2204: [REG_SZ] Servicios @C:\Windows\system32\gameux.dll -10082: [REG_SZ] Explorador de juegos @C:\Windows\system32\iscsicpl.dll -5001: [REG_SZ] Iniciador iSCSI @C:\Windows\system32\mblctr.exe -1008: [REG_SZ] Centro de movilidad de Windows @C:\Windows\system32\miguiresource.dll -101: [REG_SZ] Visor de eventos @C:\Windows\system32\miguiresource.dll -201: [REG_SZ] Programador de tareas @C:\Windows\system32\migwiz\wet.dll -588: [REG_SZ] Windows Easy Transfer @C:\Windows\system32\migwiz\wet.dll -591: [REG_SZ] Informes de Windows Easy Transfer @C:\Windows\system32\msconfig.exe -126: [REG_SZ] Configuración del sistema @C:\Windows\system32\msinfo32.exe -100: [REG_SZ] Información del sistema @C:\Windows\system32\msra.exe -100: [REG_SZ] Asistencia remota de Windows @C:\Windows\system32\mstsc.exe -4000: [REG_SZ] Conexión a Escritorio remoto @C:\Windows\system32\mycomput.dll -300: [REG_SZ] Administración de equipos @C:\Windows\system32\netshell.dll -1200: [REG_SZ] Conexiones de red @C:\Windows\system32\ntshrui.dll -103: [REG_SZ] C&ompartir con @C:\Windows\system32\ntshrui.dll -5112: [REG_SZ] Comparta los elementos seleccionados con otras personas en la red. @C:\Windows\system32\odbcint.dll -1310: [REG_SZ] Orígenes de datos ODBC @C:\Windows\system32\pmcsnap.dll -700: [REG_SZ] Administración de impresión @C:\Windows\system32\prnfldr.dll -8036: [REG_SZ] Impresoras @C:\Windows\system32\recdisc.exe -2000: [REG_SZ] Crear un disco de reparación del sistema @C:\Windows\system32\rstrui.exe -100: [REG_SZ] Restaurar sistema @C:\Windows\system32\sdcpl.dll -101: [REG_SZ] Copias de seguridad y restauración @C:\Windows\system32\sud.dll -1: [REG_SZ] Programas predeterminados @C:\Windows\system32\themecpl.dll -10: [REG_SZ] Persona&lizar @C:\Windows\system32\themeui.dll -2682: [REG_SZ] Configuración de temas @C:\Windows\system32\unregmp2.exe -4: [REG_SZ] Reproductor de Windows Media @C:\Windows\system32\wdc.dll -10021: [REG_SZ] Monitor de rendimiento @C:\Windows\system32\wdc.dll -10030: [REG_SZ] Monitor de recursos @C:\Windows\system32\wmploc.dll -128: [REG_SZ] Reproductor de Windows Media de Microsoft @C:\Windows\system32\wsecedit.dll -718: [REG_SZ] Directiva de seguridad local @C:\Windows\system32\wucltux.dll -1: [REG_SZ] Windows Update @C:\Windows\system32\wucltux.dll -4: [REG_SZ] Busque actualizaciones de software y controladores  elija la configuración de la actualización automática o vea las actualizaciones instaladas. @C:\Windows\system32\zipfldr.dll -10195: [REG_SZ] Carpeta comprimida (en zip) @FirewallControlPanel.dll -1: [REG_SZ] Firewall de Windows @FirewallControlPanel.dll -31: [REG_SZ] Personalizar configuración @hgcpl.dll -4: [REG_SZ] Configuración de uso compartido avanzado @netcenter.dll -1: [REG_SZ] Centro de redes y recursos compartidos @netcfgx.dll -50002: [REG_SZ] Permite a su equipo tener acceso a los recursos de una red Microsoft. @netcfgx.dll -50003: [REG_SZ] Permite a otros equipos tener acceso a los recursos de su equipo usando una red Microsoft. @netshell.dll -12002: [REG_SZ] Activar la conexión seleccionada. @netshell.dll -12003: [REG_SZ] Desactivar temporalmente la conexión seleccionada para que no se pueda usar. @netshell.dll -12004: [REG_SZ] Ver la duración  velocidad  actividad y otros valores de estado de la red para esta conexión. @netshell.dll -12006: [REG_SZ] Quitar las conexiones seleccionadas para que ya no se usen.  @netshell.dll -12007: [REG_SZ] Cambie el nombre de la conexión. @netshell.dll -12008: [REG_SZ] Modificar la configuración de esta conexión  como los valores de configuración de adaptador o protocolo. @netshell.dll -12016: [REG_SZ] Preparar el dispositivo de red seleccionado para su uso. @netshell.dll -12017: [REG_SZ] Desactive el dispositivo de red seleccionado para que no se pueda usar. @netshell.dll -12023: [REG_SZ] Corrija problemas que le impiden conectarse a la red. @netshell.dll -12026: [REG_SZ] Ver y conectarse a equipos y dispositivos de red de área personal de Bluetooth. @netshell.dll -12027: [REG_SZ] Desactivar temporalmente la conexión seleccionada para que no se pueda usar. @netshell.dll -1530: [REG_SZ] Iniciar esta conexión @netshell.dll -1535: [REG_SZ] Interrumpir esta conexión @netshell.dll -1540: [REG_SZ] Diagnosticar esta conexión @netshell.dll -1550: [REG_SZ] Cambiar el nombre de esta conexión @netshell.dll -1555: [REG_SZ] Ver el estado de esta conexión @netshell.dll -1560: [REG_SZ] Eliminar esta conexión @netshell.dll -1565: [REG_SZ] Habilitar este dispositivo de red @netshell.dll -1570: [REG_SZ] Deshabilitar este dispositivo de red @netshell.dll -1575: [REG_SZ] Cambiar la configuración de esta conexión @netshell.dll -1700: [REG_SZ] Ver dispositivos de red Bluetooth @netshell.dll -1712: [REG_SZ] Interrumpir esta conexión @sendmail.dll -21: [REG_SZ] Escritorio (crear acceso directo) @sendmail.dll -4: [REG_SZ] Destinatario de correo @systemcpl.dll -1: [REG_SZ] Sistema @tcpipcfg.dll -50002: [REG_SZ] TCP/IP versión 6. Versión más reciente del protocolo de Internet que permite la comunicación a través de varias redes interconectadas. @van.dll -2400: [REG_SZ] Conectar a @van.dll -2401: [REG_SZ] Muestra las redes inalámbricas disponibles y conexiones VPN de acceso telefónico a las que se puede conectar. @zipfldr.dll -10148: [REG_SZ] Carpeta comprimida (en zip) LanguageList: [REG_MULTI_SZ] es-ESes,2,OS:/home/sansforensics/Documents/LaboratorioForense/InstanciaSnape/Users/Snape/AppData/Local/Microsoft/Windows/UsrClass.dat,567,-,winreg/winreg_default,sha256_hash: 20beca20c91c0483429a9c5bcbd141436d75df937fcfe50fea18cb35d09a3e78 
10/24/2019,12:31:37,Europe/Madrid,M...,REG,UNKNOWN,Content Modification Time,-,SNAPE-PC,[HKEY_CURRENT_USER\Software\Microsoft\Windows NT\CurrentVersion\Devices] Fax:...,[HKEY_CURRENT_USER\Software\Microsoft\Windows NT\CurrentVersion\Devices] Fax: [REG_SZ] winspool Ne01: Microsoft XPS Document Writer: [REG_SZ] winspool Ne00:,2,OS:/home/sansforensics/Documents/LaboratorioForense/InstanciaSnape/Users/Snape/NTUSER.DAT,55,-,winreg/winreg_default,sha256_hash: 6718482aab1123e4ad9a3e87ce44a34799ff118429377df3e707aab1e9bdf5f7 
10/24/2019,12:31:37,Europe/Madrid,M...,REG,UNKNOWN,Content Modification Time,-,SNAPE-PC,[HKEY_CURRENT_USER\Software\Microsoft\Windows NT\CurrentVersion\PrinterPorts]...,[HKEY_CURRENT_USER\Software\Microsoft\Windows NT\CurrentVersion\PrinterPorts] Fax: [REG_SZ] winspool Ne01: 15 45 Microsoft XPS Document Writer: [REG_SZ] winspool Ne00: 15 45,2,OS:/home/sansforensics/Documents/LaboratorioForense/InstanciaSnape/Users/Snape/NTUSER.DAT,55,-,winreg/winreg_default,sha256_hash: 6718482aab1123e4ad9a3e87ce44a34799ff118429377df3e707aab1e9bdf5f7 
10/24/2019,12:31:38,Europe/Madrid,M.C.,FILE,OS Content Modification Time,Content Modification Time; Metadata Modification Time,-,SNAPE-PC,/home/sansforensics/Documents/LaboratorioForense/InstanciaSnape/Windows/Syste...,OS:/home/sansforensics/Documents/LaboratorioForense/InstanciaSnape/Windows/System32/DriverStore/FileRepository/tsprint.inf_amd64_neutral_80c35baded1b3a7f/tsprint.PNF Type: file,2,OS:/home/sansforensics/Documents/LaboratorioForense/InstanciaSnape/Windows/System32/DriverStore/FileRepository/tsprint.inf_amd64_neutral_80c35baded1b3a7f/tsprint.PNF,33278,-,filestat,file_size: 7084; file_system_type: OS; is_allocated: True; sha256_hash: 092d1d2f490f33cf851ce1451d12c55e4ae9e13c4c91a2962a3040b5a318751b 
10/24/2019,12:31:38,Europe/Madrid,M...,EVT,WinEVTX,Content Modification Time,-,SNAPE-PC,[9003 / 0x232b] Strings: [],[9003 / 0x232b] Source Name: Desktop Window Manager Strings: [] Computer Name: Snape-PC Record Number: 477 Event Level: 4,2,OS:/home/sansforensics/Documents/LaboratorioForense/InstanciaSnape/Windows/System32/winevt/Logs/Application.evtx,58691,-,winevtx,message_identifier: 1073750827; recovered: False; sha256_hash: 634532df6607122125d6bc2978acb39d7cda08652269fda9c2aac85ec2b546f1; strings_parsed: {}; xml_string: <Event xmlns="http://schemas.microsoft.com/win/2004/08/events/event">-  <System>-    <Provider Name="Desktop Window Manager"/>-    <EventID Qualifiers="16384">9003</EventID>-    <Level>4</Level>-    <Task>0</Task>-    <Keywords>0x0080000000000000</Keywords>-    <TimeCreated SystemTime="2019-10-24T10:31:38.000000000Z"/>-    <EventRecordID>477</EventRecordID>-    <Channel>Application</Channel>-    <Computer>Snape-PC</Computer>-    <Security/>-  </System>-  <EventData/>-</Event>- 
