10/23/2019,18:33:39,Europe/Madrid,M...,EVT,WinEVTX,Content Modification Time,-,SNAPE-PC,[4624 / 0x1210] Strings: ['S-1-0-0'  '-'  '-'  '0x0000000000000000'  'S-1-5-7...,[4624 / 0x1210] Source Name: Microsoft-Windows-Security-Auditing Strings: ['S-1-0-0'  '-'  '-'  '0x0000000000000000'  'S-1-5-7'  'ANONYMOUS LOGON'  'NT AUTHORITY'  '0x0000000001641307'  '3'  'NtLmSsp '  'NTLM'  'nmap'  '{00000000-0000-0000-0000-000000000000}'  '-'  'NTLM V1'  '128'  '0x0000000000000000'  '-'  '10.0.9.6'  '35342'] Computer Name: Snape-PC Record Number: 380 Event Level: 0,2,OS:/home/sansforensics/Documents/LaboratorioForense/InstanciaSnape/Windows/System32/winevt/Logs/Security.evtx,58692,-,winevtx,recovered: False; sha256_hash: e11618c831b656543c1362597a405d06db3d4b66e918e7d61fd91865b89dab85; strings_parsed: {u'source_user_id': u'S-1-0-0'  u'source_user_name': u'-'  u'target_machine_name': u'nmap'  u'target_user_id': u'S-1-5-7'  u'target_user_name': u'ANONYMOUS LOGON'  u'target_machine_ip': u'10.0.9.6'}; xml_string: <Event xmlns="http://schemas.microsoft.com/win/2004/08/events/event">-  <System>-    <Provider Name="Microsoft-Windows-Security-Auditing" Guid="{54849625-5478-4994-A5BA-3E3B0328C30D}"/>-    <EventID>4624</EventID>-    <Version>0</Version>-    <Level>0</Level>-    <Task>12544</Task>-    <Opcode>0</Opcode>-    <Keywords>0x8020000000000000</Keywords>-    <TimeCreated SystemTime="2019-10-23T16:33:39.065627900Z"/>-    <EventRecordID>380</EventRecordID>-    <Correlation/>-    <Execution ProcessID="496" ThreadID="1872"/>-    <Channel>Security</Channel>-    <Computer>Snape-PC</Computer>-    <Security/>-  </System>-  <EventData>-    <Data Name="SubjectUserSid">S-1-0-0</Data>-    <Data Name="SubjectUserName">-</Data>-    <Data Name="SubjectDomainName">-</Data>-    <Data Name="SubjectLogonId">0x0000000000000000</Data>-    <Data Name="TargetUserSid">S-1-5-7</Data>-    <Data Name="TargetUserName">ANONYMOUS LOGON</Data>-    <Data Name="TargetDomainName">NT AUTHORITY</Data>-    <Data Name="TargetLogonId">0x0000000001641307</Data>-    <Data Name="LogonType">3</Data>-    <Data Name="LogonProcessName">NtLmSsp </Data>-    <Data Name="AuthenticationPackageName">NTLM</Data>-    <Data Name="WorkstationName">nmap</Data>-    <Data Name="LogonGuid">{00000000-0000-0000-0000-000000000000}</Data>-    <Data Name="TransmittedServices">-</Data>-    <Data Name="LmPackageName">NTLM V1</Data>-    <Data Name="KeyLength">128</Data>-    <Data Name="ProcessId">0x0000000000000000</Data>-    <Data Name="ProcessName">-</Data>-    <Data Name="IpAddress">10.0.9.6</Data>-    <Data Name="IpPort">35342</Data>-  </EventData>-</Event>-
10/23/2019,18:33:39,Europe/Madrid,M...,EVT,WinEVTX,Content Modification Time,-,SNAPE-PC,[4634 / 0x121a] Strings: ['S-1-5-7'  'ANONYMOUS LOGON'  'NT AUTHORITY'  '0x00...,[4634 / 0x121a] Source Name: Microsoft-Windows-Security-Auditing Strings: ['S-1-5-7'  'ANONYMOUS LOGON'  'NT AUTHORITY'  '0x00000000016412fb'  '3'] Computer Name: Snape-PC Record Number: 379 Event Level: 0,2,OS:/home/sansforensics/Documents/LaboratorioForense/InstanciaSnape/Windows/System32/winevt/Logs/Security.evtx,58692,-,winevtx,recovered: False; sha256_hash: e11618c831b656543c1362597a405d06db3d4b66e918e7d61fd91865b89dab85; strings_parsed: {}; xml_string: <Event xmlns="http://schemas.microsoft.com/win/2004/08/events/event">-  <System>-    <Provider Name="Microsoft-Windows-Security-Auditing" Guid="{54849625-5478-4994-A5BA-3E3B0328C30D}"/>-    <EventID>4634</EventID>-    <Version>0</Version>-    <Level>0</Level>-    <Task>12545</Task>-    <Opcode>0</Opcode>-    <Keywords>0x8020000000000000</Keywords>-    <TimeCreated SystemTime="2019-10-23T16:33:39.065627900Z"/>-    <EventRecordID>379</EventRecordID>-    <Correlation/>-    <Execution ProcessID="496" ThreadID="1872"/>-    <Channel>Security</Channel>-    <Computer>Snape-PC</Computer>-    <Security/>-  </System>-  <EventData>-    <Data Name="TargetUserSid">S-1-5-7</Data>-    <Data Name="TargetUserName">ANONYMOUS LOGON</Data>-    <Data Name="TargetDomainName">NT AUTHORITY</Data>-    <Data Name="TargetLogonId">0x00000000016412fb</Data>-    <Data Name="LogonType">3</Data>-  </EventData>-</Event>-
10/23/2019,18:33:39,Europe/Madrid,M...,EVT,WinEVTX,Content Modification Time,-,SNAPE-PC,[4634 / 0x121a] Strings: ['S-1-5-7'  'ANONYMOUS LOGON'  'NT AUTHORITY'  '0x00...,[4634 / 0x121a] Source Name: Microsoft-Windows-Security-Auditing Strings: ['S-1-5-7'  'ANONYMOUS LOGON'  'NT AUTHORITY'  '0x0000000001641307'  '3'] Computer Name: Snape-PC Record Number: 381 Event Level: 0,2,OS:/home/sansforensics/Documents/LaboratorioForense/InstanciaSnape/Windows/System32/winevt/Logs/Security.evtx,58692,-,winevtx,recovered: False; sha256_hash: e11618c831b656543c1362597a405d06db3d4b66e918e7d61fd91865b89dab85; strings_parsed: {}; xml_string: <Event xmlns="http://schemas.microsoft.com/win/2004/08/events/event">-  <System>-    <Provider Name="Microsoft-Windows-Security-Auditing" Guid="{54849625-5478-4994-A5BA-3E3B0328C30D}"/>-    <EventID>4634</EventID>-    <Version>0</Version>-    <Level>0</Level>-    <Task>12545</Task>-    <Opcode>0</Opcode>-    <Keywords>0x8020000000000000</Keywords>-    <TimeCreated SystemTime="2019-10-23T16:33:39.065627900Z"/>-    <EventRecordID>381</EventRecordID>-    <Correlation/>-    <Execution ProcessID="496" ThreadID="1872"/>-    <Channel>Security</Channel>-    <Computer>Snape-PC</Computer>-    <Security/>-  </System>-  <EventData>-    <Data Name="TargetUserSid">S-1-5-7</Data>-    <Data Name="TargetUserName">ANONYMOUS LOGON</Data>-    <Data Name="TargetDomainName">NT AUTHORITY</Data>-    <Data Name="TargetLogonId">0x0000000001641307</Data>-    <Data Name="LogonType">3</Data>-  </EventData>-</Event>-
10/23/2019,18:33:39,Europe/Madrid,M...,EVT,WinEVTX,Content Modification Time,-,SNAPE-PC,[4624 / 0x1210] Strings: ['S-1-0-0'  '-'  '-'  '0x0000000000000000'  'S-1-5-7...,[4624 / 0x1210] Source Name: Microsoft-Windows-Security-Auditing Strings: ['S-1-0-0'  '-'  '-'  '0x0000000000000000'  'S-1-5-7'  'ANONYMOUS LOGON'  'NT AUTHORITY'  '0x0000000001641313'  '3'  'NtLmSsp '  'NTLM'  'nmap'  '{00000000-0000-0000-0000-000000000000}'  '-'  'NTLM V1'  '128'  '0x0000000000000000'  '-'  '10.0.9.6'  '35344'] Computer Name: Snape-PC Record Number: 382 Event Level: 0,2,OS:/home/sansforensics/Documents/LaboratorioForense/InstanciaSnape/Windows/System32/winevt/Logs/Security.evtx,58692,-,winevtx,recovered: False; sha256_hash: e11618c831b656543c1362597a405d06db3d4b66e918e7d61fd91865b89dab85; strings_parsed: {u'source_user_id': u'S-1-0-0'  u'source_user_name': u'-'  u'target_machine_name': u'nmap'  u'target_user_id': u'S-1-5-7'  u'target_user_name': u'ANONYMOUS LOGON'  u'target_machine_ip': u'10.0.9.6'}; xml_string: <Event xmlns="http://schemas.microsoft.com/win/2004/08/events/event">-  <System>-    <Provider Name="Microsoft-Windows-Security-Auditing" Guid="{54849625-5478-4994-A5BA-3E3B0328C30D}"/>-    <EventID>4624</EventID>-    <Version>0</Version>-    <Level>0</Level>-    <Task>12544</Task>-    <Opcode>0</Opcode>-    <Keywords>0x8020000000000000</Keywords>-    <TimeCreated SystemTime="2019-10-23T16:33:39.081252900Z"/>-    <EventRecordID>382</EventRecordID>-    <Correlation/>-    <Execution ProcessID="496" ThreadID="1872"/>-    <Channel>Security</Channel>-    <Computer>Snape-PC</Computer>-    <Security/>-  </System>-  <EventData>-    <Data Name="SubjectUserSid">S-1-0-0</Data>-    <Data Name="SubjectUserName">-</Data>-    <Data Name="SubjectDomainName">-</Data>-    <Data Name="SubjectLogonId">0x0000000000000000</Data>-    <Data Name="TargetUserSid">S-1-5-7</Data>-    <Data Name="TargetUserName">ANONYMOUS LOGON</Data>-    <Data Name="TargetDomainName">NT AUTHORITY</Data>-    <Data Name="TargetLogonId">0x0000000001641313</Data>-    <Data Name="LogonType">3</Data>-    <Data Name="LogonProcessName">NtLmSsp </Data>-    <Data Name="AuthenticationPackageName">NTLM</Data>-    <Data Name="WorkstationName">nmap</Data>-    <Data Name="LogonGuid">{00000000-0000-0000-0000-000000000000}</Data>-    <Data Name="TransmittedServices">-</Data>-    <Data Name="LmPackageName">NTLM V1</Data>-    <Data Name="KeyLength">128</Data>-    <Data Name="ProcessId">0x0000000000000000</Data>-    <Data Name="ProcessName">-</Data>-    <Data Name="IpAddress">10.0.9.6</Data>-    <Data Name="IpPort">35344</Data>-  </EventData>-</Event>-
10/23/2019,18:33:39,Europe/Madrid,M...,EVT,WinEVTX,Content Modification Time,-,SNAPE-PC,[4624 / 0x1210] Strings: ['S-1-0-0'  '-'  '-'  '0x0000000000000000'  'S-1-5-7...,[4624 / 0x1210] Source Name: Microsoft-Windows-Security-Auditing Strings: ['S-1-0-0'  '-'  '-'  '0x0000000000000000'  'S-1-5-7'  'ANONYMOUS LOGON'  'NT AUTHORITY'  '0x000000000164131f'  '3'  'NtLmSsp '  'NTLM'  'nmap'  '{00000000-0000-0000-0000-000000000000}'  '-'  'NTLM V1'  '128'  '0x0000000000000000'  '-'  '10.0.9.6'  '35346'] Computer Name: Snape-PC Record Number: 384 Event Level: 0,2,OS:/home/sansforensics/Documents/LaboratorioForense/InstanciaSnape/Windows/System32/winevt/Logs/Security.evtx,58692,-,winevtx,recovered: False; sha256_hash: e11618c831b656543c1362597a405d06db3d4b66e918e7d61fd91865b89dab85; strings_parsed: {u'source_user_id': u'S-1-0-0'  u'source_user_name': u'-'  u'target_machine_name': u'nmap'  u'target_user_id': u'S-1-5-7'  u'target_user_name': u'ANONYMOUS LOGON'  u'target_machine_ip': u'10.0.9.6'}; xml_string: <Event xmlns="http://schemas.microsoft.com/win/2004/08/events/event">-  <System>-    <Provider Name="Microsoft-Windows-Security-Auditing" Guid="{54849625-5478-4994-A5BA-3E3B0328C30D}"/>-    <EventID>4624</EventID>-    <Version>0</Version>-    <Level>0</Level>-    <Task>12544</Task>-    <Opcode>0</Opcode>-    <Keywords>0x8020000000000000</Keywords>-    <TimeCreated SystemTime="2019-10-23T16:33:39.081252900Z"/>-    <EventRecordID>384</EventRecordID>-    <Correlation/>-    <Execution ProcessID="496" ThreadID="1872"/>-    <Channel>Security</Channel>-    <Computer>Snape-PC</Computer>-    <Security/>-  </System>-  <EventData>-    <Data Name="SubjectUserSid">S-1-0-0</Data>-    <Data Name="SubjectUserName">-</Data>-    <Data Name="SubjectDomainName">-</Data>-    <Data Name="SubjectLogonId">0x0000000000000000</Data>-    <Data Name="TargetUserSid">S-1-5-7</Data>-    <Data Name="TargetUserName">ANONYMOUS LOGON</Data>-    <Data Name="TargetDomainName">NT AUTHORITY</Data>-    <Data Name="TargetLogonId">0x000000000164131f</Data>-    <Data Name="LogonType">3</Data>-    <Data Name="LogonProcessName">NtLmSsp </Data>-    <Data Name="AuthenticationPackageName">NTLM</Data>-    <Data Name="WorkstationName">nmap</Data>-    <Data Name="LogonGuid">{00000000-0000-0000-0000-000000000000}</Data>-    <Data Name="TransmittedServices">-</Data>-    <Data Name="LmPackageName">NTLM V1</Data>-    <Data Name="KeyLength">128</Data>-    <Data Name="ProcessId">0x0000000000000000</Data>-    <Data Name="ProcessName">-</Data>-    <Data Name="IpAddress">10.0.9.6</Data>-    <Data Name="IpPort">35346</Data>-  </EventData>-</Event>-
10/23/2019,18:33:39,Europe/Madrid,M...,EVT,WinEVTX,Content Modification Time,-,SNAPE-PC,[4624 / 0x1210] Strings: ['S-1-0-0'  '-'  '-'  '0x0000000000000000'  'S-1-5-7...,[4624 / 0x1210] Source Name: Microsoft-Windows-Security-Auditing Strings: ['S-1-0-0'  '-'  '-'  '0x0000000000000000'  'S-1-5-7'  'ANONYMOUS LOGON'  'NT AUTHORITY'  '0x000000000164132b'  '3'  'NtLmSsp '  'NTLM'  'nmap'  '{00000000-0000-0000-0000-000000000000}'  '-'  'NTLM V1'  '128'  '0x0000000000000000'  '-'  '10.0.9.6'  '35348'] Computer Name: Snape-PC Record Number: 386 Event Level: 0,2,OS:/home/sansforensics/Documents/LaboratorioForense/InstanciaSnape/Windows/System32/winevt/Logs/Security.evtx,58692,-,winevtx,recovered: False; sha256_hash: e11618c831b656543c1362597a405d06db3d4b66e918e7d61fd91865b89dab85; strings_parsed: {u'source_user_id': u'S-1-0-0'  u'source_user_name': u'-'  u'target_machine_name': u'nmap'  u'target_user_id': u'S-1-5-7'  u'target_user_name': u'ANONYMOUS LOGON'  u'target_machine_ip': u'10.0.9.6'}; xml_string: <Event xmlns="http://schemas.microsoft.com/win/2004/08/events/event">-  <System>-    <Provider Name="Microsoft-Windows-Security-Auditing" Guid="{54849625-5478-4994-A5BA-3E3B0328C30D}"/>-    <EventID>4624</EventID>-    <Version>0</Version>-    <Level>0</Level>-    <Task>12544</Task>-    <Opcode>0</Opcode>-    <Keywords>0x8020000000000000</Keywords>-    <TimeCreated SystemTime="2019-10-23T16:33:39.081252900Z"/>-    <EventRecordID>386</EventRecordID>-    <Correlation/>-    <Execution ProcessID="496" ThreadID="1872"/>-    <Channel>Security</Channel>-    <Computer>Snape-PC</Computer>-    <Security/>-  </System>-  <EventData>-    <Data Name="SubjectUserSid">S-1-0-0</Data>-    <Data Name="SubjectUserName">-</Data>-    <Data Name="SubjectDomainName">-</Data>-    <Data Name="SubjectLogonId">0x0000000000000000</Data>-    <Data Name="TargetUserSid">S-1-5-7</Data>-    <Data Name="TargetUserName">ANONYMOUS LOGON</Data>-    <Data Name="TargetDomainName">NT AUTHORITY</Data>-    <Data Name="TargetLogonId">0x000000000164132b</Data>-    <Data Name="LogonType">3</Data>-    <Data Name="LogonProcessName">NtLmSsp </Data>-    <Data Name="AuthenticationPackageName">NTLM</Data>-    <Data Name="WorkstationName">nmap</Data>-    <Data Name="LogonGuid">{00000000-0000-0000-0000-000000000000}</Data>-    <Data Name="TransmittedServices">-</Data>-    <Data Name="LmPackageName">NTLM V1</Data>-    <Data Name="KeyLength">128</Data>-    <Data Name="ProcessId">0x0000000000000000</Data>-    <Data Name="ProcessName">-</Data>-    <Data Name="IpAddress">10.0.9.6</Data>-    <Data Name="IpPort">35348</Data>-  </EventData>-</Event>-
10/23/2019,18:33:39,Europe/Madrid,M...,EVT,WinEVTX,Content Modification Time,-,SNAPE-PC,[4634 / 0x121a] Strings: ['S-1-5-7'  'ANONYMOUS LOGON'  'NT AUTHORITY'  '0x00...,[4634 / 0x121a] Source Name: Microsoft-Windows-Security-Auditing Strings: ['S-1-5-7'  'ANONYMOUS LOGON'  'NT AUTHORITY'  '0x0000000001641313'  '3'] Computer Name: Snape-PC Record Number: 383 Event Level: 0,2,OS:/home/sansforensics/Documents/LaboratorioForense/InstanciaSnape/Windows/System32/winevt/Logs/Security.evtx,58692,-,winevtx,recovered: False; sha256_hash: e11618c831b656543c1362597a405d06db3d4b66e918e7d61fd91865b89dab85; strings_parsed: {}; xml_string: <Event xmlns="http://schemas.microsoft.com/win/2004/08/events/event">-  <System>-    <Provider Name="Microsoft-Windows-Security-Auditing" Guid="{54849625-5478-4994-A5BA-3E3B0328C30D}"/>-    <EventID>4634</EventID>-    <Version>0</Version>-    <Level>0</Level>-    <Task>12545</Task>-    <Opcode>0</Opcode>-    <Keywords>0x8020000000000000</Keywords>-    <TimeCreated SystemTime="2019-10-23T16:33:39.081252900Z"/>-    <EventRecordID>383</EventRecordID>-    <Correlation/>-    <Execution ProcessID="496" ThreadID="1872"/>-    <Channel>Security</Channel>-    <Computer>Snape-PC</Computer>-    <Security/>-  </System>-  <EventData>-    <Data Name="TargetUserSid">S-1-5-7</Data>-    <Data Name="TargetUserName">ANONYMOUS LOGON</Data>-    <Data Name="TargetDomainName">NT AUTHORITY</Data>-    <Data Name="TargetLogonId">0x0000000001641313</Data>-    <Data Name="LogonType">3</Data>-  </EventData>-</Event>-
10/23/2019,18:33:39,Europe/Madrid,M...,EVT,WinEVTX,Content Modification Time,-,SNAPE-PC,[4634 / 0x121a] Strings: ['S-1-5-7'  'ANONYMOUS LOGON'  'NT AUTHORITY'  '0x00...,[4634 / 0x121a] Source Name: Microsoft-Windows-Security-Auditing Strings: ['S-1-5-7'  'ANONYMOUS LOGON'  'NT AUTHORITY'  '0x000000000164131f'  '3'] Computer Name: Snape-PC Record Number: 385 Event Level: 0,2,OS:/home/sansforensics/Documents/LaboratorioForense/InstanciaSnape/Windows/System32/winevt/Logs/Security.evtx,58692,-,winevtx,recovered: False; sha256_hash: e11618c831b656543c1362597a405d06db3d4b66e918e7d61fd91865b89dab85; strings_parsed: {}; xml_string: <Event xmlns="http://schemas.microsoft.com/win/2004/08/events/event">-  <System>-    <Provider Name="Microsoft-Windows-Security-Auditing" Guid="{54849625-5478-4994-A5BA-3E3B0328C30D}"/>-    <EventID>4634</EventID>-    <Version>0</Version>-    <Level>0</Level>-    <Task>12545</Task>-    <Opcode>0</Opcode>-    <Keywords>0x8020000000000000</Keywords>-    <TimeCreated SystemTime="2019-10-23T16:33:39.081252900Z"/>-    <EventRecordID>385</EventRecordID>-    <Correlation/>-    <Execution ProcessID="496" ThreadID="1872"/>-    <Channel>Security</Channel>-    <Computer>Snape-PC</Computer>-    <Security/>-  </System>-  <EventData>-    <Data Name="TargetUserSid">S-1-5-7</Data>-    <Data Name="TargetUserName">ANONYMOUS LOGON</Data>-    <Data Name="TargetDomainName">NT AUTHORITY</Data>-    <Data Name="TargetLogonId">0x000000000164131f</Data>-    <Data Name="LogonType">3</Data>-  </EventData>-</Event>-
10/23/2019,18:33:39,Europe/Madrid,M...,EVT,WinEVTX,Content Modification Time,-,SNAPE-PC,[4624 / 0x1210] Strings: ['S-1-0-0'  '-'  '-'  '0x0000000000000000'  'S-1-5-7...,[4624 / 0x1210] Source Name: Microsoft-Windows-Security-Auditing Strings: ['S-1-0-0'  '-'  '-'  '0x0000000000000000'  'S-1-5-7'  'ANONYMOUS LOGON'  'NT AUTHORITY'  '0x0000000001641337'  '3'  'NtLmSsp '  'NTLM'  'nmap'  '{00000000-0000-0000-0000-000000000000}'  '-'  'NTLM V1'  '128'  '0x0000000000000000'  '-'  '10.0.9.6'  '35350'] Computer Name: Snape-PC Record Number: 388 Event Level: 0,2,OS:/home/sansforensics/Documents/LaboratorioForense/InstanciaSnape/Windows/System32/winevt/Logs/Security.evtx,58692,-,winevtx,recovered: False; sha256_hash: e11618c831b656543c1362597a405d06db3d4b66e918e7d61fd91865b89dab85; strings_parsed: {u'source_user_id': u'S-1-0-0'  u'source_user_name': u'-'  u'target_machine_name': u'nmap'  u'target_user_id': u'S-1-5-7'  u'target_user_name': u'ANONYMOUS LOGON'  u'target_machine_ip': u'10.0.9.6'}; xml_string: <Event xmlns="http://schemas.microsoft.com/win/2004/08/events/event">-  <System>-    <Provider Name="Microsoft-Windows-Security-Auditing" Guid="{54849625-5478-4994-A5BA-3E3B0328C30D}"/>-    <EventID>4624</EventID>-    <Version>0</Version>-    <Level>0</Level>-    <Task>12544</Task>-    <Opcode>0</Opcode>-    <Keywords>0x8020000000000000</Keywords>-    <TimeCreated SystemTime="2019-10-23T16:33:39.096877900Z"/>-    <EventRecordID>388</EventRecordID>-    <Correlation/>-    <Execution ProcessID="496" ThreadID="1872"/>-    <Channel>Security</Channel>-    <Computer>Snape-PC</Computer>-    <Security/>-  </System>-  <EventData>-    <Data Name="SubjectUserSid">S-1-0-0</Data>-    <Data Name="SubjectUserName">-</Data>-    <Data Name="SubjectDomainName">-</Data>-    <Data Name="SubjectLogonId">0x0000000000000000</Data>-    <Data Name="TargetUserSid">S-1-5-7</Data>-    <Data Name="TargetUserName">ANONYMOUS LOGON</Data>-    <Data Name="TargetDomainName">NT AUTHORITY</Data>-    <Data Name="TargetLogonId">0x0000000001641337</Data>-    <Data Name="LogonType">3</Data>-    <Data Name="LogonProcessName">NtLmSsp </Data>-    <Data Name="AuthenticationPackageName">NTLM</Data>-    <Data Name="WorkstationName">nmap</Data>-    <Data Name="LogonGuid">{00000000-0000-0000-0000-000000000000}</Data>-    <Data Name="TransmittedServices">-</Data>-    <Data Name="LmPackageName">NTLM V1</Data>-    <Data Name="KeyLength">128</Data>-    <Data Name="ProcessId">0x0000000000000000</Data>-    <Data Name="ProcessName">-</Data>-    <Data Name="IpAddress">10.0.9.6</Data>-    <Data Name="IpPort">35350</Data>-  </EventData>-</Event>-
10/23/2019,18:33:39,Europe/Madrid,M...,EVT,WinEVTX,Content Modification Time,-,SNAPE-PC,[4624 / 0x1210] Strings: ['S-1-0-0'  '-'  '-'  '0x0000000000000000'  'S-1-5-7...,[4624 / 0x1210] Source Name: Microsoft-Windows-Security-Auditing Strings: ['S-1-0-0'  '-'  '-'  '0x0000000000000000'  'S-1-5-7'  'ANONYMOUS LOGON'  'NT AUTHORITY'  '0x0000000001641343'  '3'  'NtLmSsp '  'NTLM'  'nmap'  '{00000000-0000-0000-0000-000000000000}'  '-'  'NTLM V1'  '128'  '0x0000000000000000'  '-'  '10.0.9.6'  '35352'] Computer Name: Snape-PC Record Number: 390 Event Level: 0,2,OS:/home/sansforensics/Documents/LaboratorioForense/InstanciaSnape/Windows/System32/winevt/Logs/Security.evtx,58692,-,winevtx,recovered: False; sha256_hash: e11618c831b656543c1362597a405d06db3d4b66e918e7d61fd91865b89dab85; strings_parsed: {u'source_user_id': u'S-1-0-0'  u'source_user_name': u'-'  u'target_machine_name': u'nmap'  u'target_user_id': u'S-1-5-7'  u'target_user_name': u'ANONYMOUS LOGON'  u'target_machine_ip': u'10.0.9.6'}; xml_string: <Event xmlns="http://schemas.microsoft.com/win/2004/08/events/event">-  <System>-    <Provider Name="Microsoft-Windows-Security-Auditing" Guid="{54849625-5478-4994-A5BA-3E3B0328C30D}"/>-    <EventID>4624</EventID>-    <Version>0</Version>-    <Level>0</Level>-    <Task>12544</Task>-    <Opcode>0</Opcode>-    <Keywords>0x8020000000000000</Keywords>-    <TimeCreated SystemTime="2019-10-23T16:33:39.096877900Z"/>-    <EventRecordID>390</EventRecordID>-    <Correlation/>-    <Execution ProcessID="496" ThreadID="1872"/>-    <Channel>Security</Channel>-    <Computer>Snape-PC</Computer>-    <Security/>-  </System>-  <EventData>-    <Data Name="SubjectUserSid">S-1-0-0</Data>-    <Data Name="SubjectUserName">-</Data>-    <Data Name="SubjectDomainName">-</Data>-    <Data Name="SubjectLogonId">0x0000000000000000</Data>-    <Data Name="TargetUserSid">S-1-5-7</Data>-    <Data Name="TargetUserName">ANONYMOUS LOGON</Data>-    <Data Name="TargetDomainName">NT AUTHORITY</Data>-    <Data Name="TargetLogonId">0x0000000001641343</Data>-    <Data Name="LogonType">3</Data>-    <Data Name="LogonProcessName">NtLmSsp </Data>-    <Data Name="AuthenticationPackageName">NTLM</Data>-    <Data Name="WorkstationName">nmap</Data>-    <Data Name="LogonGuid">{00000000-0000-0000-0000-000000000000}</Data>-    <Data Name="TransmittedServices">-</Data>-    <Data Name="LmPackageName">NTLM V1</Data>-    <Data Name="KeyLength">128</Data>-    <Data Name="ProcessId">0x0000000000000000</Data>-    <Data Name="ProcessName">-</Data>-    <Data Name="IpAddress">10.0.9.6</Data>-    <Data Name="IpPort">35352</Data>-  </EventData>-</Event>-
10/23/2019,18:33:39,Europe/Madrid,M...,EVT,WinEVTX,Content Modification Time,-,SNAPE-PC,[4634 / 0x121a] Strings: ['S-1-5-7'  'ANONYMOUS LOGON'  'NT AUTHORITY'  '0x00...,[4634 / 0x121a] Source Name: Microsoft-Windows-Security-Auditing Strings: ['S-1-5-7'  'ANONYMOUS LOGON'  'NT AUTHORITY'  '0x000000000164132b'  '3'] Computer Name: Snape-PC Record Number: 387 Event Level: 0,2,OS:/home/sansforensics/Documents/LaboratorioForense/InstanciaSnape/Windows/System32/winevt/Logs/Security.evtx,58692,-,winevtx,recovered: False; sha256_hash: e11618c831b656543c1362597a405d06db3d4b66e918e7d61fd91865b89dab85; strings_parsed: {}; xml_string: <Event xmlns="http://schemas.microsoft.com/win/2004/08/events/event">-  <System>-    <Provider Name="Microsoft-Windows-Security-Auditing" Guid="{54849625-5478-4994-A5BA-3E3B0328C30D}"/>-    <EventID>4634</EventID>-    <Version>0</Version>-    <Level>0</Level>-    <Task>12545</Task>-    <Opcode>0</Opcode>-    <Keywords>0x8020000000000000</Keywords>-    <TimeCreated SystemTime="2019-10-23T16:33:39.096877900Z"/>-    <EventRecordID>387</EventRecordID>-    <Correlation/>-    <Execution ProcessID="496" ThreadID="1872"/>-    <Channel>Security</Channel>-    <Computer>Snape-PC</Computer>-    <Security/>-  </System>-  <EventData>-    <Data Name="TargetUserSid">S-1-5-7</Data>-    <Data Name="TargetUserName">ANONYMOUS LOGON</Data>-    <Data Name="TargetDomainName">NT AUTHORITY</Data>-    <Data Name="TargetLogonId">0x000000000164132b</Data>-    <Data Name="LogonType">3</Data>-  </EventData>-</Event>-
10/23/2019,18:33:39,Europe/Madrid,M...,EVT,WinEVTX,Content Modification Time,-,SNAPE-PC,[4634 / 0x121a] Strings: ['S-1-5-7'  'ANONYMOUS LOGON'  'NT AUTHORITY'  '0x00...,[4634 / 0x121a] Source Name: Microsoft-Windows-Security-Auditing Strings: ['S-1-5-7'  'ANONYMOUS LOGON'  'NT AUTHORITY'  '0x0000000001641337'  '3'] Computer Name: Snape-PC Record Number: 389 Event Level: 0,2,OS:/home/sansforensics/Documents/LaboratorioForense/InstanciaSnape/Windows/System32/winevt/Logs/Security.evtx,58692,-,winevtx,recovered: False; sha256_hash: e11618c831b656543c1362597a405d06db3d4b66e918e7d61fd91865b89dab85; strings_parsed: {}; xml_string: <Event xmlns="http://schemas.microsoft.com/win/2004/08/events/event">-  <System>-    <Provider Name="Microsoft-Windows-Security-Auditing" Guid="{54849625-5478-4994-A5BA-3E3B0328C30D}"/>-    <EventID>4634</EventID>-    <Version>0</Version>-    <Level>0</Level>-    <Task>12545</Task>-    <Opcode>0</Opcode>-    <Keywords>0x8020000000000000</Keywords>-    <TimeCreated SystemTime="2019-10-23T16:33:39.096877900Z"/>-    <EventRecordID>389</EventRecordID>-    <Correlation/>-    <Execution ProcessID="496" ThreadID="1872"/>-    <Channel>Security</Channel>-    <Computer>Snape-PC</Computer>-    <Security/>-  </System>-  <EventData>-    <Data Name="TargetUserSid">S-1-5-7</Data>-    <Data Name="TargetUserName">ANONYMOUS LOGON</Data>-    <Data Name="TargetDomainName">NT AUTHORITY</Data>-    <Data Name="TargetLogonId">0x0000000001641337</Data>-    <Data Name="LogonType">3</Data>-  </EventData>-</Event>-
10/23/2019,18:33:39,Europe/Madrid,M...,EVT,WinEVTX,Content Modification Time,-,SNAPE-PC,[4634 / 0x121a] Strings: ['S-1-5-7'  'ANONYMOUS LOGON'  'NT AUTHORITY'  '0x00...,[4634 / 0x121a] Source Name: Microsoft-Windows-Security-Auditing Strings: ['S-1-5-7'  'ANONYMOUS LOGON'  'NT AUTHORITY'  '0x0000000001641343'  '3'] Computer Name: Snape-PC Record Number: 391 Event Level: 0,2,OS:/home/sansforensics/Documents/LaboratorioForense/InstanciaSnape/Windows/System32/winevt/Logs/Security.evtx,58692,-,winevtx,recovered: False; sha256_hash: e11618c831b656543c1362597a405d06db3d4b66e918e7d61fd91865b89dab85; strings_parsed: {}; xml_string: <Event xmlns="http://schemas.microsoft.com/win/2004/08/events/event">-  <System>-    <Provider Name="Microsoft-Windows-Security-Auditing" Guid="{54849625-5478-4994-A5BA-3E3B0328C30D}"/>-    <EventID>4634</EventID>-    <Version>0</Version>-    <Level>0</Level>-    <Task>12545</Task>-    <Opcode>0</Opcode>-    <Keywords>0x8020000000000000</Keywords>-    <TimeCreated SystemTime="2019-10-23T16:33:39.096877900Z"/>-    <EventRecordID>391</EventRecordID>-    <Correlation/>-    <Execution ProcessID="496" ThreadID="1872"/>-    <Channel>Security</Channel>-    <Computer>Snape-PC</Computer>-    <Security/>-  </System>-  <EventData>-    <Data Name="TargetUserSid">S-1-5-7</Data>-    <Data Name="TargetUserName">ANONYMOUS LOGON</Data>-    <Data Name="TargetDomainName">NT AUTHORITY</Data>-    <Data Name="TargetLogonId">0x0000000001641343</Data>-    <Data Name="LogonType">3</Data>-  </EventData>-</Event>-
10/23/2019,18:33:39,Europe/Madrid,M...,EVT,WinEVTX,Content Modification Time,-,SNAPE-PC,[4624 / 0x1210] Strings: ['S-1-0-0'  '-'  '-'  '0x0000000000000000'  'S-1-5-7...,[4624 / 0x1210] Source Name: Microsoft-Windows-Security-Auditing Strings: ['S-1-0-0'  '-'  '-'  '0x0000000000000000'  'S-1-5-7'  'ANONYMOUS LOGON'  'NT AUTHORITY'  '0x000000000164134f'  '3'  'NtLmSsp '  'NTLM'  'nmap'  '{00000000-0000-0000-0000-000000000000}'  '-'  'NTLM V1'  '128'  '0x0000000000000000'  '-'  '10.0.9.6'  '35354'] Computer Name: Snape-PC Record Number: 392 Event Level: 0,2,OS:/home/sansforensics/Documents/LaboratorioForense/InstanciaSnape/Windows/System32/winevt/Logs/Security.evtx,58692,-,winevtx,recovered: False; sha256_hash: e11618c831b656543c1362597a405d06db3d4b66e918e7d61fd91865b89dab85; strings_parsed: {u'source_user_id': u'S-1-0-0'  u'source_user_name': u'-'  u'target_machine_name': u'nmap'  u'target_user_id': u'S-1-5-7'  u'target_user_name': u'ANONYMOUS LOGON'  u'target_machine_ip': u'10.0.9.6'}; xml_string: <Event xmlns="http://schemas.microsoft.com/win/2004/08/events/event">-  <System>-    <Provider Name="Microsoft-Windows-Security-Auditing" Guid="{54849625-5478-4994-A5BA-3E3B0328C30D}"/>-    <EventID>4624</EventID>-    <Version>0</Version>-    <Level>0</Level>-    <Task>12544</Task>-    <Opcode>0</Opcode>-    <Keywords>0x8020000000000000</Keywords>-    <TimeCreated SystemTime="2019-10-23T16:33:39.112502900Z"/>-    <EventRecordID>392</EventRecordID>-    <Correlation/>-    <Execution ProcessID="496" ThreadID="1872"/>-    <Channel>Security</Channel>-    <Computer>Snape-PC</Computer>-    <Security/>-  </System>-  <EventData>-    <Data Name="SubjectUserSid">S-1-0-0</Data>-    <Data Name="SubjectUserName">-</Data>-    <Data Name="SubjectDomainName">-</Data>-    <Data Name="SubjectLogonId">0x0000000000000000</Data>-    <Data Name="TargetUserSid">S-1-5-7</Data>-    <Data Name="TargetUserName">ANONYMOUS LOGON</Data>-    <Data Name="TargetDomainName">NT AUTHORITY</Data>-    <Data Name="TargetLogonId">0x000000000164134f</Data>-    <Data Name="LogonType">3</Data>-    <Data Name="LogonProcessName">NtLmSsp </Data>-    <Data Name="AuthenticationPackageName">NTLM</Data>-    <Data Name="WorkstationName">nmap</Data>-    <Data Name="LogonGuid">{00000000-0000-0000-0000-000000000000}</Data>-    <Data Name="TransmittedServices">-</Data>-    <Data Name="LmPackageName">NTLM V1</Data>-    <Data Name="KeyLength">128</Data>-    <Data Name="ProcessId">0x0000000000000000</Data>-    <Data Name="ProcessName">-</Data>-    <Data Name="IpAddress">10.0.9.6</Data>-    <Data Name="IpPort">35354</Data>-  </EventData>-</Event>-
10/23/2019,18:33:39,Europe/Madrid,M...,EVT,WinEVTX,Content Modification Time,-,SNAPE-PC,[4624 / 0x1210] Strings: ['S-1-0-0'  '-'  '-'  '0x0000000000000000'  'S-1-5-7...,[4624 / 0x1210] Source Name: Microsoft-Windows-Security-Auditing Strings: ['S-1-0-0'  '-'  '-'  '0x0000000000000000'  'S-1-5-7'  'ANONYMOUS LOGON'  'NT AUTHORITY'  '0x000000000164135b'  '3'  'NtLmSsp '  'NTLM'  'nmap'  '{00000000-0000-0000-0000-000000000000}'  '-'  'NTLM V1'  '128'  '0x0000000000000000'  '-'  '10.0.9.6'  '35356'] Computer Name: Snape-PC Record Number: 394 Event Level: 0,2,OS:/home/sansforensics/Documents/LaboratorioForense/InstanciaSnape/Windows/System32/winevt/Logs/Security.evtx,58692,-,winevtx,recovered: False; sha256_hash: e11618c831b656543c1362597a405d06db3d4b66e918e7d61fd91865b89dab85; strings_parsed: {u'source_user_id': u'S-1-0-0'  u'source_user_name': u'-'  u'target_machine_name': u'nmap'  u'target_user_id': u'S-1-5-7'  u'target_user_name': u'ANONYMOUS LOGON'  u'target_machine_ip': u'10.0.9.6'}; xml_string: <Event xmlns="http://schemas.microsoft.com/win/2004/08/events/event">-  <System>-    <Provider Name="Microsoft-Windows-Security-Auditing" Guid="{54849625-5478-4994-A5BA-3E3B0328C30D}"/>-    <EventID>4624</EventID>-    <Version>0</Version>-    <Level>0</Level>-    <Task>12544</Task>-    <Opcode>0</Opcode>-    <Keywords>0x8020000000000000</Keywords>-    <TimeCreated SystemTime="2019-10-23T16:33:39.112502900Z"/>-    <EventRecordID>394</EventRecordID>-    <Correlation/>-    <Execution ProcessID="496" ThreadID="1872"/>-    <Channel>Security</Channel>-    <Computer>Snape-PC</Computer>-    <Security/>-  </System>-  <EventData>-    <Data Name="SubjectUserSid">S-1-0-0</Data>-    <Data Name="SubjectUserName">-</Data>-    <Data Name="SubjectDomainName">-</Data>-    <Data Name="SubjectLogonId">0x0000000000000000</Data>-    <Data Name="TargetUserSid">S-1-5-7</Data>-    <Data Name="TargetUserName">ANONYMOUS LOGON</Data>-    <Data Name="TargetDomainName">NT AUTHORITY</Data>-    <Data Name="TargetLogonId">0x000000000164135b</Data>-    <Data Name="LogonType">3</Data>-    <Data Name="LogonProcessName">NtLmSsp </Data>-    <Data Name="AuthenticationPackageName">NTLM</Data>-    <Data Name="WorkstationName">nmap</Data>-    <Data Name="LogonGuid">{00000000-0000-0000-0000-000000000000}</Data>-    <Data Name="TransmittedServices">-</Data>-    <Data Name="LmPackageName">NTLM V1</Data>-    <Data Name="KeyLength">128</Data>-    <Data Name="ProcessId">0x0000000000000000</Data>-    <Data Name="ProcessName">-</Data>-    <Data Name="IpAddress">10.0.9.6</Data>-    <Data Name="IpPort">35356</Data>-  </EventData>-</Event>-
10/23/2019,18:33:39,Europe/Madrid,M...,EVT,WinEVTX,Content Modification Time,-,SNAPE-PC,[4624 / 0x1210] Strings: ['S-1-0-0'  '-'  '-'  '0x0000000000000000'  'S-1-5-7...,[4624 / 0x1210] Source Name: Microsoft-Windows-Security-Auditing Strings: ['S-1-0-0'  '-'  '-'  '0x0000000000000000'  'S-1-5-7'  'ANONYMOUS LOGON'  'NT AUTHORITY'  '0x0000000001641367'  '3'  'NtLmSsp '  'NTLM'  'nmap'  '{00000000-0000-0000-0000-000000000000}'  '-'  'NTLM V1'  '128'  '0x0000000000000000'  '-'  '10.0.9.6'  '35358'] Computer Name: Snape-PC Record Number: 396 Event Level: 0,2,OS:/home/sansforensics/Documents/LaboratorioForense/InstanciaSnape/Windows/System32/winevt/Logs/Security.evtx,58692,-,winevtx,recovered: False; sha256_hash: e11618c831b656543c1362597a405d06db3d4b66e918e7d61fd91865b89dab85; strings_parsed: {u'source_user_id': u'S-1-0-0'  u'source_user_name': u'-'  u'target_machine_name': u'nmap'  u'target_user_id': u'S-1-5-7'  u'target_user_name': u'ANONYMOUS LOGON'  u'target_machine_ip': u'10.0.9.6'}; xml_string: <Event xmlns="http://schemas.microsoft.com/win/2004/08/events/event">-  <System>-    <Provider Name="Microsoft-Windows-Security-Auditing" Guid="{54849625-5478-4994-A5BA-3E3B0328C30D}"/>-    <EventID>4624</EventID>-    <Version>0</Version>-    <Level>0</Level>-    <Task>12544</Task>-    <Opcode>0</Opcode>-    <Keywords>0x8020000000000000</Keywords>-    <TimeCreated SystemTime="2019-10-23T16:33:39.112502900Z"/>-    <EventRecordID>396</EventRecordID>-    <Correlation/>-    <Execution ProcessID="496" ThreadID="1872"/>-    <Channel>Security</Channel>-    <Computer>Snape-PC</Computer>-    <Security/>-  </System>-  <EventData>-    <Data Name="SubjectUserSid">S-1-0-0</Data>-    <Data Name="SubjectUserName">-</Data>-    <Data Name="SubjectDomainName">-</Data>-    <Data Name="SubjectLogonId">0x0000000000000000</Data>-    <Data Name="TargetUserSid">S-1-5-7</Data>-    <Data Name="TargetUserName">ANONYMOUS LOGON</Data>-    <Data Name="TargetDomainName">NT AUTHORITY</Data>-    <Data Name="TargetLogonId">0x0000000001641367</Data>-    <Data Name="LogonType">3</Data>-    <Data Name="LogonProcessName">NtLmSsp </Data>-    <Data Name="AuthenticationPackageName">NTLM</Data>-    <Data Name="WorkstationName">nmap</Data>-    <Data Name="LogonGuid">{00000000-0000-0000-0000-000000000000}</Data>-    <Data Name="TransmittedServices">-</Data>-    <Data Name="LmPackageName">NTLM V1</Data>-    <Data Name="KeyLength">128</Data>-    <Data Name="ProcessId">0x0000000000000000</Data>-    <Data Name="ProcessName">-</Data>-    <Data Name="IpAddress">10.0.9.6</Data>-    <Data Name="IpPort">35358</Data>-  </EventData>-</Event>-
10/23/2019,18:33:39,Europe/Madrid,M...,EVT,WinEVTX,Content Modification Time,-,SNAPE-PC,[4634 / 0x121a] Strings: ['S-1-5-7'  'ANONYMOUS LOGON'  'NT AUTHORITY'  '0x00...,[4634 / 0x121a] Source Name: Microsoft-Windows-Security-Auditing Strings: ['S-1-5-7'  'ANONYMOUS LOGON'  'NT AUTHORITY'  '0x000000000164134f'  '3'] Computer Name: Snape-PC Record Number: 393 Event Level: 0,2,OS:/home/sansforensics/Documents/LaboratorioForense/InstanciaSnape/Windows/System32/winevt/Logs/Security.evtx,58692,-,winevtx,recovered: False; sha256_hash: e11618c831b656543c1362597a405d06db3d4b66e918e7d61fd91865b89dab85; strings_parsed: {}; xml_string: <Event xmlns="http://schemas.microsoft.com/win/2004/08/events/event">-  <System>-    <Provider Name="Microsoft-Windows-Security-Auditing" Guid="{54849625-5478-4994-A5BA-3E3B0328C30D}"/>-    <EventID>4634</EventID>-    <Version>0</Version>-    <Level>0</Level>-    <Task>12545</Task>-    <Opcode>0</Opcode>-    <Keywords>0x8020000000000000</Keywords>-    <TimeCreated SystemTime="2019-10-23T16:33:39.112502900Z"/>-    <EventRecordID>393</EventRecordID>-    <Correlation/>-    <Execution ProcessID="496" ThreadID="1872"/>-    <Channel>Security</Channel>-    <Computer>Snape-PC</Computer>-    <Security/>-  </System>-  <EventData>-    <Data Name="TargetUserSid">S-1-5-7</Data>-    <Data Name="TargetUserName">ANONYMOUS LOGON</Data>-    <Data Name="TargetDomainName">NT AUTHORITY</Data>-    <Data Name="TargetLogonId">0x000000000164134f</Data>-    <Data Name="LogonType">3</Data>-  </EventData>-</Event>-
10/23/2019,18:33:39,Europe/Madrid,M...,EVT,WinEVTX,Content Modification Time,-,SNAPE-PC,[4634 / 0x121a] Strings: ['S-1-5-7'  'ANONYMOUS LOGON'  'NT AUTHORITY'  '0x00...,[4634 / 0x121a] Source Name: Microsoft-Windows-Security-Auditing Strings: ['S-1-5-7'  'ANONYMOUS LOGON'  'NT AUTHORITY'  '0x000000000164135b'  '3'] Computer Name: Snape-PC Record Number: 395 Event Level: 0,2,OS:/home/sansforensics/Documents/LaboratorioForense/InstanciaSnape/Windows/System32/winevt/Logs/Security.evtx,58692,-,winevtx,recovered: False; sha256_hash: e11618c831b656543c1362597a405d06db3d4b66e918e7d61fd91865b89dab85; strings_parsed: {}; xml_string: <Event xmlns="http://schemas.microsoft.com/win/2004/08/events/event">-  <System>-    <Provider Name="Microsoft-Windows-Security-Auditing" Guid="{54849625-5478-4994-A5BA-3E3B0328C30D}"/>-    <EventID>4634</EventID>-    <Version>0</Version>-    <Level>0</Level>-    <Task>12545</Task>-    <Opcode>0</Opcode>-    <Keywords>0x8020000000000000</Keywords>-    <TimeCreated SystemTime="2019-10-23T16:33:39.112502900Z"/>-    <EventRecordID>395</EventRecordID>-    <Correlation/>-    <Execution ProcessID="496" ThreadID="1872"/>-    <Channel>Security</Channel>-    <Computer>Snape-PC</Computer>-    <Security/>-  </System>-  <EventData>-    <Data Name="TargetUserSid">S-1-5-7</Data>-    <Data Name="TargetUserName">ANONYMOUS LOGON</Data>-    <Data Name="TargetDomainName">NT AUTHORITY</Data>-    <Data Name="TargetLogonId">0x000000000164135b</Data>-    <Data Name="LogonType">3</Data>-  </EventData>-</Event>-
10/23/2019,18:33:39,Europe/Madrid,M...,EVT,WinEVTX,Content Modification Time,-,SNAPE-PC,[4634 / 0x121a] Strings: ['S-1-5-7'  'ANONYMOUS LOGON'  'NT AUTHORITY'  '0x00...,[4634 / 0x121a] Source Name: Microsoft-Windows-Security-Auditing Strings: ['S-1-5-7'  'ANONYMOUS LOGON'  'NT AUTHORITY'  '0x0000000001641367'  '3'] Computer Name: Snape-PC Record Number: 397 Event Level: 0,2,OS:/home/sansforensics/Documents/LaboratorioForense/InstanciaSnape/Windows/System32/winevt/Logs/Security.evtx,58692,-,winevtx,recovered: False; sha256_hash: e11618c831b656543c1362597a405d06db3d4b66e918e7d61fd91865b89dab85; strings_parsed: {}; xml_string: <Event xmlns="http://schemas.microsoft.com/win/2004/08/events/event">-  <System>-    <Provider Name="Microsoft-Windows-Security-Auditing" Guid="{54849625-5478-4994-A5BA-3E3B0328C30D}"/>-    <EventID>4634</EventID>-    <Version>0</Version>-    <Level>0</Level>-    <Task>12545</Task>-    <Opcode>0</Opcode>-    <Keywords>0x8020000000000000</Keywords>-    <TimeCreated SystemTime="2019-10-23T16:33:39.112502900Z"/>-    <EventRecordID>397</EventRecordID>-    <Correlation/>-    <Execution ProcessID="496" ThreadID="1872"/>-    <Channel>Security</Channel>-    <Computer>Snape-PC</Computer>-    <Security/>-  </System>-  <EventData>-    <Data Name="TargetUserSid">S-1-5-7</Data>-    <Data Name="TargetUserName">ANONYMOUS LOGON</Data>-    <Data Name="TargetDomainName">NT AUTHORITY</Data>-    <Data Name="TargetLogonId">0x0000000001641367</Data>-    <Data Name="LogonType">3</Data>-  </EventData>-</Event>-
10/23/2019,18:33:39,Europe/Madrid,M...,EVT,WinEVTX,Content Modification Time,-,SNAPE-PC,[4624 / 0x1210] Strings: ['S-1-0-0'  '-'  '-'  '0x0000000000000000'  'S-1-5-7...,[4624 / 0x1210] Source Name: Microsoft-Windows-Security-Auditing Strings: ['S-1-0-0'  '-'  '-'  '0x0000000000000000'  'S-1-5-7'  'ANONYMOUS LOGON'  'NT AUTHORITY'  '0x0000000001641373'  '3'  'NtLmSsp '  'NTLM'  'nmap'  '{00000000-0000-0000-0000-000000000000}'  '-'  'NTLM V1'  '128'  '0x0000000000000000'  '-'  '10.0.9.6'  '35360'] Computer Name: Snape-PC Record Number: 398 Event Level: 0,2,OS:/home/sansforensics/Documents/LaboratorioForense/InstanciaSnape/Windows/System32/winevt/Logs/Security.evtx,58692,-,winevtx,recovered: False; sha256_hash: e11618c831b656543c1362597a405d06db3d4b66e918e7d61fd91865b89dab85; strings_parsed: {u'source_user_id': u'S-1-0-0'  u'source_user_name': u'-'  u'target_machine_name': u'nmap'  u'target_user_id': u'S-1-5-7'  u'target_user_name': u'ANONYMOUS LOGON'  u'target_machine_ip': u'10.0.9.6'}; xml_string: <Event xmlns="http://schemas.microsoft.com/win/2004/08/events/event">-  <System>-    <Provider Name="Microsoft-Windows-Security-Auditing" Guid="{54849625-5478-4994-A5BA-3E3B0328C30D}"/>-    <EventID>4624</EventID>-    <Version>0</Version>-    <Level>0</Level>-    <Task>12544</Task>-    <Opcode>0</Opcode>-    <Keywords>0x8020000000000000</Keywords>-    <TimeCreated SystemTime="2019-10-23T16:33:39.128127900Z"/>-    <EventRecordID>398</EventRecordID>-    <Correlation/>-    <Execution ProcessID="496" ThreadID="1872"/>-    <Channel>Security</Channel>-    <Computer>Snape-PC</Computer>-    <Security/>-  </System>-  <EventData>-    <Data Name="SubjectUserSid">S-1-0-0</Data>-    <Data Name="SubjectUserName">-</Data>-    <Data Name="SubjectDomainName">-</Data>-    <Data Name="SubjectLogonId">0x0000000000000000</Data>-    <Data Name="TargetUserSid">S-1-5-7</Data>-    <Data Name="TargetUserName">ANONYMOUS LOGON</Data>-    <Data Name="TargetDomainName">NT AUTHORITY</Data>-    <Data Name="TargetLogonId">0x0000000001641373</Data>-    <Data Name="LogonType">3</Data>-    <Data Name="LogonProcessName">NtLmSsp </Data>-    <Data Name="AuthenticationPackageName">NTLM</Data>-    <Data Name="WorkstationName">nmap</Data>-    <Data Name="LogonGuid">{00000000-0000-0000-0000-000000000000}</Data>-    <Data Name="TransmittedServices">-</Data>-    <Data Name="LmPackageName">NTLM V1</Data>-    <Data Name="KeyLength">128</Data>-    <Data Name="ProcessId">0x0000000000000000</Data>-    <Data Name="ProcessName">-</Data>-    <Data Name="IpAddress">10.0.9.6</Data>-    <Data Name="IpPort">35360</Data>-  </EventData>-</Event>-
10/23/2019,18:33:39,Europe/Madrid,M...,EVT,WinEVTX,Content Modification Time,-,SNAPE-PC,[4624 / 0x1210] Strings: ['S-1-0-0'  '-'  '-'  '0x0000000000000000'  'S-1-5-7...,[4624 / 0x1210] Source Name: Microsoft-Windows-Security-Auditing Strings: ['S-1-0-0'  '-'  '-'  '0x0000000000000000'  'S-1-5-7'  'ANONYMOUS LOGON'  'NT AUTHORITY'  '0x000000000164137f'  '3'  'NtLmSsp '  'NTLM'  'nmap'  '{00000000-0000-0000-0000-000000000000}'  '-'  'NTLM V1'  '128'  '0x0000000000000000'  '-'  '10.0.9.6'  '35362'] Computer Name: Snape-PC Record Number: 400 Event Level: 0,2,OS:/home/sansforensics/Documents/LaboratorioForense/InstanciaSnape/Windows/System32/winevt/Logs/Security.evtx,58692,-,winevtx,recovered: False; sha256_hash: e11618c831b656543c1362597a405d06db3d4b66e918e7d61fd91865b89dab85; strings_parsed: {u'source_user_id': u'S-1-0-0'  u'source_user_name': u'-'  u'target_machine_name': u'nmap'  u'target_user_id': u'S-1-5-7'  u'target_user_name': u'ANONYMOUS LOGON'  u'target_machine_ip': u'10.0.9.6'}; xml_string: <Event xmlns="http://schemas.microsoft.com/win/2004/08/events/event">-  <System>-    <Provider Name="Microsoft-Windows-Security-Auditing" Guid="{54849625-5478-4994-A5BA-3E3B0328C30D}"/>-    <EventID>4624</EventID>-    <Version>0</Version>-    <Level>0</Level>-    <Task>12544</Task>-    <Opcode>0</Opcode>-    <Keywords>0x8020000000000000</Keywords>-    <TimeCreated SystemTime="2019-10-23T16:33:39.128127900Z"/>-    <EventRecordID>400</EventRecordID>-    <Correlation/>-    <Execution ProcessID="496" ThreadID="1872"/>-    <Channel>Security</Channel>-    <Computer>Snape-PC</Computer>-    <Security/>-  </System>-  <EventData>-    <Data Name="SubjectUserSid">S-1-0-0</Data>-    <Data Name="SubjectUserName">-</Data>-    <Data Name="SubjectDomainName">-</Data>-    <Data Name="SubjectLogonId">0x0000000000000000</Data>-    <Data Name="TargetUserSid">S-1-5-7</Data>-    <Data Name="TargetUserName">ANONYMOUS LOGON</Data>-    <Data Name="TargetDomainName">NT AUTHORITY</Data>-    <Data Name="TargetLogonId">0x000000000164137f</Data>-    <Data Name="LogonType">3</Data>-    <Data Name="LogonProcessName">NtLmSsp </Data>-    <Data Name="AuthenticationPackageName">NTLM</Data>-    <Data Name="WorkstationName">nmap</Data>-    <Data Name="LogonGuid">{00000000-0000-0000-0000-000000000000}</Data>-    <Data Name="TransmittedServices">-</Data>-    <Data Name="LmPackageName">NTLM V1</Data>-    <Data Name="KeyLength">128</Data>-    <Data Name="ProcessId">0x0000000000000000</Data>-    <Data Name="ProcessName">-</Data>-    <Data Name="IpAddress">10.0.9.6</Data>-    <Data Name="IpPort">35362</Data>-  </EventData>-</Event>-
10/23/2019,18:33:39,Europe/Madrid,M...,EVT,WinEVTX,Content Modification Time,-,SNAPE-PC,[4634 / 0x121a] Strings: ['S-1-5-7'  'ANONYMOUS LOGON'  'NT AUTHORITY'  '0x00...,[4634 / 0x121a] Source Name: Microsoft-Windows-Security-Auditing Strings: ['S-1-5-7'  'ANONYMOUS LOGON'  'NT AUTHORITY'  '0x0000000001641373'  '3'] Computer Name: Snape-PC Record Number: 399 Event Level: 0,2,OS:/home/sansforensics/Documents/LaboratorioForense/InstanciaSnape/Windows/System32/winevt/Logs/Security.evtx,58692,-,winevtx,recovered: False; sha256_hash: e11618c831b656543c1362597a405d06db3d4b66e918e7d61fd91865b89dab85; strings_parsed: {}; xml_string: <Event xmlns="http://schemas.microsoft.com/win/2004/08/events/event">-  <System>-    <Provider Name="Microsoft-Windows-Security-Auditing" Guid="{54849625-5478-4994-A5BA-3E3B0328C30D}"/>-    <EventID>4634</EventID>-    <Version>0</Version>-    <Level>0</Level>-    <Task>12545</Task>-    <Opcode>0</Opcode>-    <Keywords>0x8020000000000000</Keywords>-    <TimeCreated SystemTime="2019-10-23T16:33:39.128127900Z"/>-    <EventRecordID>399</EventRecordID>-    <Correlation/>-    <Execution ProcessID="496" ThreadID="1872"/>-    <Channel>Security</Channel>-    <Computer>Snape-PC</Computer>-    <Security/>-  </System>-  <EventData>-    <Data Name="TargetUserSid">S-1-5-7</Data>-    <Data Name="TargetUserName">ANONYMOUS LOGON</Data>-    <Data Name="TargetDomainName">NT AUTHORITY</Data>-    <Data Name="TargetLogonId">0x0000000001641373</Data>-    <Data Name="LogonType">3</Data>-  </EventData>-</Event>-
10/23/2019,18:33:39,Europe/Madrid,M...,EVT,WinEVTX,Content Modification Time,-,SNAPE-PC,[4624 / 0x1210] Strings: ['S-1-0-0'  '-'  '-'  '0x0000000000000000'  'S-1-5-7...,[4624 / 0x1210] Source Name: Microsoft-Windows-Security-Auditing Strings: ['S-1-0-0'  '-'  '-'  '0x0000000000000000'  'S-1-5-7'  'ANONYMOUS LOGON'  'NT AUTHORITY'  '0x000000000164138b'  '3'  'NtLmSsp '  'NTLM'  'nmap'  '{00000000-0000-0000-0000-000000000000}'  '-'  'NTLM V1'  '128'  '0x0000000000000000'  '-'  '10.0.9.6'  '35364'] Computer Name: Snape-PC Record Number: 402 Event Level: 0,2,OS:/home/sansforensics/Documents/LaboratorioForense/InstanciaSnape/Windows/System32/winevt/Logs/Security.evtx,58692,-,winevtx,recovered: False; sha256_hash: e11618c831b656543c1362597a405d06db3d4b66e918e7d61fd91865b89dab85; strings_parsed: {u'source_user_id': u'S-1-0-0'  u'source_user_name': u'-'  u'target_machine_name': u'nmap'  u'target_user_id': u'S-1-5-7'  u'target_user_name': u'ANONYMOUS LOGON'  u'target_machine_ip': u'10.0.9.6'}; xml_string: <Event xmlns="http://schemas.microsoft.com/win/2004/08/events/event">-  <System>-    <Provider Name="Microsoft-Windows-Security-Auditing" Guid="{54849625-5478-4994-A5BA-3E3B0328C30D}"/>-    <EventID>4624</EventID>-    <Version>0</Version>-    <Level>0</Level>-    <Task>12544</Task>-    <Opcode>0</Opcode>-    <Keywords>0x8020000000000000</Keywords>-    <TimeCreated SystemTime="2019-10-23T16:33:39.143752900Z"/>-    <EventRecordID>402</EventRecordID>-    <Correlation/>-    <Execution ProcessID="496" ThreadID="1872"/>-    <Channel>Security</Channel>-    <Computer>Snape-PC</Computer>-    <Security/>-  </System>-  <EventData>-    <Data Name="SubjectUserSid">S-1-0-0</Data>-    <Data Name="SubjectUserName">-</Data>-    <Data Name="SubjectDomainName">-</Data>-    <Data Name="SubjectLogonId">0x0000000000000000</Data>-    <Data Name="TargetUserSid">S-1-5-7</Data>-    <Data Name="TargetUserName">ANONYMOUS LOGON</Data>-    <Data Name="TargetDomainName">NT AUTHORITY</Data>-    <Data Name="TargetLogonId">0x000000000164138b</Data>-    <Data Name="LogonType">3</Data>-    <Data Name="LogonProcessName">NtLmSsp </Data>-    <Data Name="AuthenticationPackageName">NTLM</Data>-    <Data Name="WorkstationName">nmap</Data>-    <Data Name="LogonGuid">{00000000-0000-0000-0000-000000000000}</Data>-    <Data Name="TransmittedServices">-</Data>-    <Data Name="LmPackageName">NTLM V1</Data>-    <Data Name="KeyLength">128</Data>-    <Data Name="ProcessId">0x0000000000000000</Data>-    <Data Name="ProcessName">-</Data>-    <Data Name="IpAddress">10.0.9.6</Data>-    <Data Name="IpPort">35364</Data>-  </EventData>-</Event>-
10/23/2019,18:33:39,Europe/Madrid,M...,EVT,WinEVTX,Content Modification Time,-,SNAPE-PC,[4634 / 0x121a] Strings: ['S-1-5-7'  'ANONYMOUS LOGON'  'NT AUTHORITY'  '0x00...,[4634 / 0x121a] Source Name: Microsoft-Windows-Security-Auditing Strings: ['S-1-5-7'  'ANONYMOUS LOGON'  'NT AUTHORITY'  '0x000000000164137f'  '3'] Computer Name: Snape-PC Record Number: 401 Event Level: 0,2,OS:/home/sansforensics/Documents/LaboratorioForense/InstanciaSnape/Windows/System32/winevt/Logs/Security.evtx,58692,-,winevtx,recovered: False; sha256_hash: e11618c831b656543c1362597a405d06db3d4b66e918e7d61fd91865b89dab85; strings_parsed: {}; xml_string: <Event xmlns="http://schemas.microsoft.com/win/2004/08/events/event">-  <System>-    <Provider Name="Microsoft-Windows-Security-Auditing" Guid="{54849625-5478-4994-A5BA-3E3B0328C30D}"/>-    <EventID>4634</EventID>-    <Version>0</Version>-    <Level>0</Level>-    <Task>12545</Task>-    <Opcode>0</Opcode>-    <Keywords>0x8020000000000000</Keywords>-    <TimeCreated SystemTime="2019-10-23T16:33:39.143752900Z"/>-    <EventRecordID>401</EventRecordID>-    <Correlation/>-    <Execution ProcessID="496" ThreadID="1872"/>-    <Channel>Security</Channel>-    <Computer>Snape-PC</Computer>-    <Security/>-  </System>-  <EventData>-    <Data Name="TargetUserSid">S-1-5-7</Data>-    <Data Name="TargetUserName">ANONYMOUS LOGON</Data>-    <Data Name="TargetDomainName">NT AUTHORITY</Data>-    <Data Name="TargetLogonId">0x000000000164137f</Data>-    <Data Name="LogonType">3</Data>-  </EventData>-</Event>-
