10/23/2019,18:33:39,Europe/Madrid,M...,EVT,WinEVTX,Content Modification Time,-,SNAPE-PC,[4624 / 0x1210] Strings: ['S-1-0-0'  '-'  '-'  '0x0000000000000000'  'S-1-5-7...,[4624 / 0x1210] Source Name: Microsoft-Windows-Security-Auditing Strings: ['S-1-0-0'  '-'  '-'  '0x0000000000000000'  'S-1-5-7'  'ANONYMOUS LOGON'  'NT AUTHORITY'  '0x000000000164195b'  '3'  'NtLmSsp '  'NTLM'  'nmap'  '{00000000-0000-0000-0000-000000000000}'  '-'  'NTLM V1'  '128'  '0x0000000000000000'  '-'  '10.0.9.6'  '35556'] Computer Name: Snape-PC Record Number: 594 Event Level: 0,2,OS:/home/sansforensics/Documents/LaboratorioForense/InstanciaSnape/Windows/System32/winevt/Logs/Security.evtx,58692,-,winevtx,recovered: False; sha256_hash: e11618c831b656543c1362597a405d06db3d4b66e918e7d61fd91865b89dab85; strings_parsed: {u'source_user_id': u'S-1-0-0'  u'source_user_name': u'-'  u'target_machine_name': u'nmap'  u'target_user_id': u'S-1-5-7'  u'target_user_name': u'ANONYMOUS LOGON'  u'target_machine_ip': u'10.0.9.6'}; xml_string: <Event xmlns="http://schemas.microsoft.com/win/2004/08/events/event">-  <System>-    <Provider Name="Microsoft-Windows-Security-Auditing" Guid="{54849625-5478-4994-A5BA-3E3B0328C30D}"/>-    <EventID>4624</EventID>-    <Version>0</Version>-    <Level>0</Level>-    <Task>12544</Task>-    <Opcode>0</Opcode>-    <Keywords>0x8020000000000000</Keywords>-    <TimeCreated SystemTime="2019-10-23T16:33:39.909377900Z"/>-    <EventRecordID>594</EventRecordID>-    <Correlation/>-    <Execution ProcessID="496" ThreadID="1872"/>-    <Channel>Security</Channel>-    <Computer>Snape-PC</Computer>-    <Security/>-  </System>-  <EventData>-    <Data Name="SubjectUserSid">S-1-0-0</Data>-    <Data Name="SubjectUserName">-</Data>-    <Data Name="SubjectDomainName">-</Data>-    <Data Name="SubjectLogonId">0x0000000000000000</Data>-    <Data Name="TargetUserSid">S-1-5-7</Data>-    <Data Name="TargetUserName">ANONYMOUS LOGON</Data>-    <Data Name="TargetDomainName">NT AUTHORITY</Data>-    <Data Name="TargetLogonId">0x000000000164195b</Data>-    <Data Name="LogonType">3</Data>-    <Data Name="LogonProcessName">NtLmSsp </Data>-    <Data Name="AuthenticationPackageName">NTLM</Data>-    <Data Name="WorkstationName">nmap</Data>-    <Data Name="LogonGuid">{00000000-0000-0000-0000-000000000000}</Data>-    <Data Name="TransmittedServices">-</Data>-    <Data Name="LmPackageName">NTLM V1</Data>-    <Data Name="KeyLength">128</Data>-    <Data Name="ProcessId">0x0000000000000000</Data>-    <Data Name="ProcessName">-</Data>-    <Data Name="IpAddress">10.0.9.6</Data>-    <Data Name="IpPort">35556</Data>-  </EventData>-</Event>-
10/23/2019,18:33:39,Europe/Madrid,M...,EVT,WinEVTX,Content Modification Time,-,SNAPE-PC,[4634 / 0x121a] Strings: ['S-1-5-7'  'ANONYMOUS LOGON'  'NT AUTHORITY'  '0x00...,[4634 / 0x121a] Source Name: Microsoft-Windows-Security-Auditing Strings: ['S-1-5-7'  'ANONYMOUS LOGON'  'NT AUTHORITY'  '0x0000000001641943'  '3'] Computer Name: Snape-PC Record Number: 591 Event Level: 0,2,OS:/home/sansforensics/Documents/LaboratorioForense/InstanciaSnape/Windows/System32/winevt/Logs/Security.evtx,58692,-,winevtx,recovered: False; sha256_hash: e11618c831b656543c1362597a405d06db3d4b66e918e7d61fd91865b89dab85; strings_parsed: {}; xml_string: <Event xmlns="http://schemas.microsoft.com/win/2004/08/events/event">-  <System>-    <Provider Name="Microsoft-Windows-Security-Auditing" Guid="{54849625-5478-4994-A5BA-3E3B0328C30D}"/>-    <EventID>4634</EventID>-    <Version>0</Version>-    <Level>0</Level>-    <Task>12545</Task>-    <Opcode>0</Opcode>-    <Keywords>0x8020000000000000</Keywords>-    <TimeCreated SystemTime="2019-10-23T16:33:39.909377900Z"/>-    <EventRecordID>591</EventRecordID>-    <Correlation/>-    <Execution ProcessID="496" ThreadID="1872"/>-    <Channel>Security</Channel>-    <Computer>Snape-PC</Computer>-    <Security/>-  </System>-  <EventData>-    <Data Name="TargetUserSid">S-1-5-7</Data>-    <Data Name="TargetUserName">ANONYMOUS LOGON</Data>-    <Data Name="TargetDomainName">NT AUTHORITY</Data>-    <Data Name="TargetLogonId">0x0000000001641943</Data>-    <Data Name="LogonType">3</Data>-  </EventData>-</Event>-
10/23/2019,18:33:39,Europe/Madrid,M...,EVT,WinEVTX,Content Modification Time,-,SNAPE-PC,[4634 / 0x121a] Strings: ['S-1-5-7'  'ANONYMOUS LOGON'  'NT AUTHORITY'  '0x00...,[4634 / 0x121a] Source Name: Microsoft-Windows-Security-Auditing Strings: ['S-1-5-7'  'ANONYMOUS LOGON'  'NT AUTHORITY'  '0x000000000164194f'  '3'] Computer Name: Snape-PC Record Number: 593 Event Level: 0,2,OS:/home/sansforensics/Documents/LaboratorioForense/InstanciaSnape/Windows/System32/winevt/Logs/Security.evtx,58692,-,winevtx,recovered: False; sha256_hash: e11618c831b656543c1362597a405d06db3d4b66e918e7d61fd91865b89dab85; strings_parsed: {}; xml_string: <Event xmlns="http://schemas.microsoft.com/win/2004/08/events/event">-  <System>-    <Provider Name="Microsoft-Windows-Security-Auditing" Guid="{54849625-5478-4994-A5BA-3E3B0328C30D}"/>-    <EventID>4634</EventID>-    <Version>0</Version>-    <Level>0</Level>-    <Task>12545</Task>-    <Opcode>0</Opcode>-    <Keywords>0x8020000000000000</Keywords>-    <TimeCreated SystemTime="2019-10-23T16:33:39.909377900Z"/>-    <EventRecordID>593</EventRecordID>-    <Correlation/>-    <Execution ProcessID="496" ThreadID="1872"/>-    <Channel>Security</Channel>-    <Computer>Snape-PC</Computer>-    <Security/>-  </System>-  <EventData>-    <Data Name="TargetUserSid">S-1-5-7</Data>-    <Data Name="TargetUserName">ANONYMOUS LOGON</Data>-    <Data Name="TargetDomainName">NT AUTHORITY</Data>-    <Data Name="TargetLogonId">0x000000000164194f</Data>-    <Data Name="LogonType">3</Data>-  </EventData>-</Event>-
10/23/2019,18:33:39,Europe/Madrid,M...,EVT,WinEVTX,Content Modification Time,-,SNAPE-PC,[4634 / 0x121a] Strings: ['S-1-5-7'  'ANONYMOUS LOGON'  'NT AUTHORITY'  '0x00...,[4634 / 0x121a] Source Name: Microsoft-Windows-Security-Auditing Strings: ['S-1-5-7'  'ANONYMOUS LOGON'  'NT AUTHORITY'  '0x000000000164195b'  '3'] Computer Name: Snape-PC Record Number: 595 Event Level: 0,2,OS:/home/sansforensics/Documents/LaboratorioForense/InstanciaSnape/Windows/System32/winevt/Logs/Security.evtx,58692,-,winevtx,recovered: False; sha256_hash: e11618c831b656543c1362597a405d06db3d4b66e918e7d61fd91865b89dab85; strings_parsed: {}; xml_string: <Event xmlns="http://schemas.microsoft.com/win/2004/08/events/event">-  <System>-    <Provider Name="Microsoft-Windows-Security-Auditing" Guid="{54849625-5478-4994-A5BA-3E3B0328C30D}"/>-    <EventID>4634</EventID>-    <Version>0</Version>-    <Level>0</Level>-    <Task>12545</Task>-    <Opcode>0</Opcode>-    <Keywords>0x8020000000000000</Keywords>-    <TimeCreated SystemTime="2019-10-23T16:33:39.909377900Z"/>-    <EventRecordID>595</EventRecordID>-    <Correlation/>-    <Execution ProcessID="496" ThreadID="1872"/>-    <Channel>Security</Channel>-    <Computer>Snape-PC</Computer>-    <Security/>-  </System>-  <EventData>-    <Data Name="TargetUserSid">S-1-5-7</Data>-    <Data Name="TargetUserName">ANONYMOUS LOGON</Data>-    <Data Name="TargetDomainName">NT AUTHORITY</Data>-    <Data Name="TargetLogonId">0x000000000164195b</Data>-    <Data Name="LogonType">3</Data>-  </EventData>-</Event>-
10/23/2019,18:33:39,Europe/Madrid,M...,EVT,WinEVTX,Content Modification Time,-,SNAPE-PC,[4624 / 0x1210] Strings: ['S-1-0-0'  '-'  '-'  '0x0000000000000000'  'S-1-5-7...,[4624 / 0x1210] Source Name: Microsoft-Windows-Security-Auditing Strings: ['S-1-0-0'  '-'  '-'  '0x0000000000000000'  'S-1-5-7'  'ANONYMOUS LOGON'  'NT AUTHORITY'  '0x0000000001641967'  '3'  'NtLmSsp '  'NTLM'  'nmap'  '{00000000-0000-0000-0000-000000000000}'  '-'  'NTLM V1'  '128'  '0x0000000000000000'  '-'  '10.0.9.6'  '35558'] Computer Name: Snape-PC Record Number: 596 Event Level: 0,2,OS:/home/sansforensics/Documents/LaboratorioForense/InstanciaSnape/Windows/System32/winevt/Logs/Security.evtx,58692,-,winevtx,recovered: False; sha256_hash: e11618c831b656543c1362597a405d06db3d4b66e918e7d61fd91865b89dab85; strings_parsed: {u'source_user_id': u'S-1-0-0'  u'source_user_name': u'-'  u'target_machine_name': u'nmap'  u'target_user_id': u'S-1-5-7'  u'target_user_name': u'ANONYMOUS LOGON'  u'target_machine_ip': u'10.0.9.6'}; xml_string: <Event xmlns="http://schemas.microsoft.com/win/2004/08/events/event">-  <System>-    <Provider Name="Microsoft-Windows-Security-Auditing" Guid="{54849625-5478-4994-A5BA-3E3B0328C30D}"/>-    <EventID>4624</EventID>-    <Version>0</Version>-    <Level>0</Level>-    <Task>12544</Task>-    <Opcode>0</Opcode>-    <Keywords>0x8020000000000000</Keywords>-    <TimeCreated SystemTime="2019-10-23T16:33:39.925002900Z"/>-    <EventRecordID>596</EventRecordID>-    <Correlation/>-    <Execution ProcessID="496" ThreadID="1872"/>-    <Channel>Security</Channel>-    <Computer>Snape-PC</Computer>-    <Security/>-  </System>-  <EventData>-    <Data Name="SubjectUserSid">S-1-0-0</Data>-    <Data Name="SubjectUserName">-</Data>-    <Data Name="SubjectDomainName">-</Data>-    <Data Name="SubjectLogonId">0x0000000000000000</Data>-    <Data Name="TargetUserSid">S-1-5-7</Data>-    <Data Name="TargetUserName">ANONYMOUS LOGON</Data>-    <Data Name="TargetDomainName">NT AUTHORITY</Data>-    <Data Name="TargetLogonId">0x0000000001641967</Data>-    <Data Name="LogonType">3</Data>-    <Data Name="LogonProcessName">NtLmSsp </Data>-    <Data Name="AuthenticationPackageName">NTLM</Data>-    <Data Name="WorkstationName">nmap</Data>-    <Data Name="LogonGuid">{00000000-0000-0000-0000-000000000000}</Data>-    <Data Name="TransmittedServices">-</Data>-    <Data Name="LmPackageName">NTLM V1</Data>-    <Data Name="KeyLength">128</Data>-    <Data Name="ProcessId">0x0000000000000000</Data>-    <Data Name="ProcessName">-</Data>-    <Data Name="IpAddress">10.0.9.6</Data>-    <Data Name="IpPort">35558</Data>-  </EventData>-</Event>-
10/23/2019,18:33:39,Europe/Madrid,M...,EVT,WinEVTX,Content Modification Time,-,SNAPE-PC,[4624 / 0x1210] Strings: ['S-1-0-0'  '-'  '-'  '0x0000000000000000'  'S-1-5-7...,[4624 / 0x1210] Source Name: Microsoft-Windows-Security-Auditing Strings: ['S-1-0-0'  '-'  '-'  '0x0000000000000000'  'S-1-5-7'  'ANONYMOUS LOGON'  'NT AUTHORITY'  '0x0000000001641973'  '3'  'NtLmSsp '  'NTLM'  'nmap'  '{00000000-0000-0000-0000-000000000000}'  '-'  'NTLM V1'  '128'  '0x0000000000000000'  '-'  '10.0.9.6'  '35560'] Computer Name: Snape-PC Record Number: 598 Event Level: 0,2,OS:/home/sansforensics/Documents/LaboratorioForense/InstanciaSnape/Windows/System32/winevt/Logs/Security.evtx,58692,-,winevtx,recovered: False; sha256_hash: e11618c831b656543c1362597a405d06db3d4b66e918e7d61fd91865b89dab85; strings_parsed: {u'source_user_id': u'S-1-0-0'  u'source_user_name': u'-'  u'target_machine_name': u'nmap'  u'target_user_id': u'S-1-5-7'  u'target_user_name': u'ANONYMOUS LOGON'  u'target_machine_ip': u'10.0.9.6'}; xml_string: <Event xmlns="http://schemas.microsoft.com/win/2004/08/events/event">-  <System>-    <Provider Name="Microsoft-Windows-Security-Auditing" Guid="{54849625-5478-4994-A5BA-3E3B0328C30D}"/>-    <EventID>4624</EventID>-    <Version>0</Version>-    <Level>0</Level>-    <Task>12544</Task>-    <Opcode>0</Opcode>-    <Keywords>0x8020000000000000</Keywords>-    <TimeCreated SystemTime="2019-10-23T16:33:39.925002900Z"/>-    <EventRecordID>598</EventRecordID>-    <Correlation/>-    <Execution ProcessID="496" ThreadID="1872"/>-    <Channel>Security</Channel>-    <Computer>Snape-PC</Computer>-    <Security/>-  </System>-  <EventData>-    <Data Name="SubjectUserSid">S-1-0-0</Data>-    <Data Name="SubjectUserName">-</Data>-    <Data Name="SubjectDomainName">-</Data>-    <Data Name="SubjectLogonId">0x0000000000000000</Data>-    <Data Name="TargetUserSid">S-1-5-7</Data>-    <Data Name="TargetUserName">ANONYMOUS LOGON</Data>-    <Data Name="TargetDomainName">NT AUTHORITY</Data>-    <Data Name="TargetLogonId">0x0000000001641973</Data>-    <Data Name="LogonType">3</Data>-    <Data Name="LogonProcessName">NtLmSsp </Data>-    <Data Name="AuthenticationPackageName">NTLM</Data>-    <Data Name="WorkstationName">nmap</Data>-    <Data Name="LogonGuid">{00000000-0000-0000-0000-000000000000}</Data>-    <Data Name="TransmittedServices">-</Data>-    <Data Name="LmPackageName">NTLM V1</Data>-    <Data Name="KeyLength">128</Data>-    <Data Name="ProcessId">0x0000000000000000</Data>-    <Data Name="ProcessName">-</Data>-    <Data Name="IpAddress">10.0.9.6</Data>-    <Data Name="IpPort">35560</Data>-  </EventData>-</Event>-
10/23/2019,18:33:39,Europe/Madrid,M...,EVT,WinEVTX,Content Modification Time,-,SNAPE-PC,[4634 / 0x121a] Strings: ['S-1-5-7'  'ANONYMOUS LOGON'  'NT AUTHORITY'  '0x00...,[4634 / 0x121a] Source Name: Microsoft-Windows-Security-Auditing Strings: ['S-1-5-7'  'ANONYMOUS LOGON'  'NT AUTHORITY'  '0x0000000001641967'  '3'] Computer Name: Snape-PC Record Number: 597 Event Level: 0,2,OS:/home/sansforensics/Documents/LaboratorioForense/InstanciaSnape/Windows/System32/winevt/Logs/Security.evtx,58692,-,winevtx,recovered: False; sha256_hash: e11618c831b656543c1362597a405d06db3d4b66e918e7d61fd91865b89dab85; strings_parsed: {}; xml_string: <Event xmlns="http://schemas.microsoft.com/win/2004/08/events/event">-  <System>-    <Provider Name="Microsoft-Windows-Security-Auditing" Guid="{54849625-5478-4994-A5BA-3E3B0328C30D}"/>-    <EventID>4634</EventID>-    <Version>0</Version>-    <Level>0</Level>-    <Task>12545</Task>-    <Opcode>0</Opcode>-    <Keywords>0x8020000000000000</Keywords>-    <TimeCreated SystemTime="2019-10-23T16:33:39.925002900Z"/>-    <EventRecordID>597</EventRecordID>-    <Correlation/>-    <Execution ProcessID="496" ThreadID="1872"/>-    <Channel>Security</Channel>-    <Computer>Snape-PC</Computer>-    <Security/>-  </System>-  <EventData>-    <Data Name="TargetUserSid">S-1-5-7</Data>-    <Data Name="TargetUserName">ANONYMOUS LOGON</Data>-    <Data Name="TargetDomainName">NT AUTHORITY</Data>-    <Data Name="TargetLogonId">0x0000000001641967</Data>-    <Data Name="LogonType">3</Data>-  </EventData>-</Event>-
10/23/2019,18:33:39,Europe/Madrid,M...,EVT,WinEVTX,Content Modification Time,-,SNAPE-PC,[4634 / 0x121a] Strings: ['S-1-5-7'  'ANONYMOUS LOGON'  'NT AUTHORITY'  '0x00...,[4634 / 0x121a] Source Name: Microsoft-Windows-Security-Auditing Strings: ['S-1-5-7'  'ANONYMOUS LOGON'  'NT AUTHORITY'  '0x0000000001641973'  '3'] Computer Name: Snape-PC Record Number: 599 Event Level: 0,2,OS:/home/sansforensics/Documents/LaboratorioForense/InstanciaSnape/Windows/System32/winevt/Logs/Security.evtx,58692,-,winevtx,recovered: False; sha256_hash: e11618c831b656543c1362597a405d06db3d4b66e918e7d61fd91865b89dab85; strings_parsed: {}; xml_string: <Event xmlns="http://schemas.microsoft.com/win/2004/08/events/event">-  <System>-    <Provider Name="Microsoft-Windows-Security-Auditing" Guid="{54849625-5478-4994-A5BA-3E3B0328C30D}"/>-    <EventID>4634</EventID>-    <Version>0</Version>-    <Level>0</Level>-    <Task>12545</Task>-    <Opcode>0</Opcode>-    <Keywords>0x8020000000000000</Keywords>-    <TimeCreated SystemTime="2019-10-23T16:33:39.925002900Z"/>-    <EventRecordID>599</EventRecordID>-    <Correlation/>-    <Execution ProcessID="496" ThreadID="1872"/>-    <Channel>Security</Channel>-    <Computer>Snape-PC</Computer>-    <Security/>-  </System>-  <EventData>-    <Data Name="TargetUserSid">S-1-5-7</Data>-    <Data Name="TargetUserName">ANONYMOUS LOGON</Data>-    <Data Name="TargetDomainName">NT AUTHORITY</Data>-    <Data Name="TargetLogonId">0x0000000001641973</Data>-    <Data Name="LogonType">3</Data>-  </EventData>-</Event>-
10/23/2019,18:33:39,Europe/Madrid,M...,EVT,WinEVTX,Content Modification Time,-,SNAPE-PC,[4624 / 0x1210] Strings: ['S-1-0-0'  '-'  '-'  '0x0000000000000000'  'S-1-5-7...,[4624 / 0x1210] Source Name: Microsoft-Windows-Security-Auditing Strings: ['S-1-0-0'  '-'  '-'  '0x0000000000000000'  'S-1-5-7'  'ANONYMOUS LOGON'  'NT AUTHORITY'  '0x000000000164197f'  '3'  'NtLmSsp '  'NTLM'  'nmap'  '{00000000-0000-0000-0000-000000000000}'  '-'  'NTLM V1'  '128'  '0x0000000000000000'  '-'  '10.0.9.6'  '35562'] Computer Name: Snape-PC Record Number: 600 Event Level: 0,2,OS:/home/sansforensics/Documents/LaboratorioForense/InstanciaSnape/Windows/System32/winevt/Logs/Security.evtx,58692,-,winevtx,recovered: False; sha256_hash: e11618c831b656543c1362597a405d06db3d4b66e918e7d61fd91865b89dab85; strings_parsed: {u'source_user_id': u'S-1-0-0'  u'source_user_name': u'-'  u'target_machine_name': u'nmap'  u'target_user_id': u'S-1-5-7'  u'target_user_name': u'ANONYMOUS LOGON'  u'target_machine_ip': u'10.0.9.6'}; xml_string: <Event xmlns="http://schemas.microsoft.com/win/2004/08/events/event">-  <System>-    <Provider Name="Microsoft-Windows-Security-Auditing" Guid="{54849625-5478-4994-A5BA-3E3B0328C30D}"/>-    <EventID>4624</EventID>-    <Version>0</Version>-    <Level>0</Level>-    <Task>12544</Task>-    <Opcode>0</Opcode>-    <Keywords>0x8020000000000000</Keywords>-    <TimeCreated SystemTime="2019-10-23T16:33:39.940627900Z"/>-    <EventRecordID>600</EventRecordID>-    <Correlation/>-    <Execution ProcessID="496" ThreadID="1872"/>-    <Channel>Security</Channel>-    <Computer>Snape-PC</Computer>-    <Security/>-  </System>-  <EventData>-    <Data Name="SubjectUserSid">S-1-0-0</Data>-    <Data Name="SubjectUserName">-</Data>-    <Data Name="SubjectDomainName">-</Data>-    <Data Name="SubjectLogonId">0x0000000000000000</Data>-    <Data Name="TargetUserSid">S-1-5-7</Data>-    <Data Name="TargetUserName">ANONYMOUS LOGON</Data>-    <Data Name="TargetDomainName">NT AUTHORITY</Data>-    <Data Name="TargetLogonId">0x000000000164197f</Data>-    <Data Name="LogonType">3</Data>-    <Data Name="LogonProcessName">NtLmSsp </Data>-    <Data Name="AuthenticationPackageName">NTLM</Data>-    <Data Name="WorkstationName">nmap</Data>-    <Data Name="LogonGuid">{00000000-0000-0000-0000-000000000000}</Data>-    <Data Name="TransmittedServices">-</Data>-    <Data Name="LmPackageName">NTLM V1</Data>-    <Data Name="KeyLength">128</Data>-    <Data Name="ProcessId">0x0000000000000000</Data>-    <Data Name="ProcessName">-</Data>-    <Data Name="IpAddress">10.0.9.6</Data>-    <Data Name="IpPort">35562</Data>-  </EventData>-</Event>-
10/23/2019,18:33:39,Europe/Madrid,M...,EVT,WinEVTX,Content Modification Time,-,SNAPE-PC,[4624 / 0x1210] Strings: ['S-1-0-0'  '-'  '-'  '0x0000000000000000'  'S-1-5-7...,[4624 / 0x1210] Source Name: Microsoft-Windows-Security-Auditing Strings: ['S-1-0-0'  '-'  '-'  '0x0000000000000000'  'S-1-5-7'  'ANONYMOUS LOGON'  'NT AUTHORITY'  '0x000000000164198d'  '3'  'NtLmSsp '  'NTLM'  'nmap'  '{00000000-0000-0000-0000-000000000000}'  '-'  'NTLM V1'  '128'  '0x0000000000000000'  '-'  '10.0.9.6'  '35564'] Computer Name: Snape-PC Record Number: 602 Event Level: 0,2,OS:/home/sansforensics/Documents/LaboratorioForense/InstanciaSnape/Windows/System32/winevt/Logs/Security.evtx,58692,-,winevtx,recovered: False; sha256_hash: e11618c831b656543c1362597a405d06db3d4b66e918e7d61fd91865b89dab85; strings_parsed: {u'source_user_id': u'S-1-0-0'  u'source_user_name': u'-'  u'target_machine_name': u'nmap'  u'target_user_id': u'S-1-5-7'  u'target_user_name': u'ANONYMOUS LOGON'  u'target_machine_ip': u'10.0.9.6'}; xml_string: <Event xmlns="http://schemas.microsoft.com/win/2004/08/events/event">-  <System>-    <Provider Name="Microsoft-Windows-Security-Auditing" Guid="{54849625-5478-4994-A5BA-3E3B0328C30D}"/>-    <EventID>4624</EventID>-    <Version>0</Version>-    <Level>0</Level>-    <Task>12544</Task>-    <Opcode>0</Opcode>-    <Keywords>0x8020000000000000</Keywords>-    <TimeCreated SystemTime="2019-10-23T16:33:39.940627900Z"/>-    <EventRecordID>602</EventRecordID>-    <Correlation/>-    <Execution ProcessID="496" ThreadID="1872"/>-    <Channel>Security</Channel>-    <Computer>Snape-PC</Computer>-    <Security/>-  </System>-  <EventData>-    <Data Name="SubjectUserSid">S-1-0-0</Data>-    <Data Name="SubjectUserName">-</Data>-    <Data Name="SubjectDomainName">-</Data>-    <Data Name="SubjectLogonId">0x0000000000000000</Data>-    <Data Name="TargetUserSid">S-1-5-7</Data>-    <Data Name="TargetUserName">ANONYMOUS LOGON</Data>-    <Data Name="TargetDomainName">NT AUTHORITY</Data>-    <Data Name="TargetLogonId">0x000000000164198d</Data>-    <Data Name="LogonType">3</Data>-    <Data Name="LogonProcessName">NtLmSsp </Data>-    <Data Name="AuthenticationPackageName">NTLM</Data>-    <Data Name="WorkstationName">nmap</Data>-    <Data Name="LogonGuid">{00000000-0000-0000-0000-000000000000}</Data>-    <Data Name="TransmittedServices">-</Data>-    <Data Name="LmPackageName">NTLM V1</Data>-    <Data Name="KeyLength">128</Data>-    <Data Name="ProcessId">0x0000000000000000</Data>-    <Data Name="ProcessName">-</Data>-    <Data Name="IpAddress">10.0.9.6</Data>-    <Data Name="IpPort">35564</Data>-  </EventData>-</Event>-
10/23/2019,18:33:39,Europe/Madrid,M...,EVT,WinEVTX,Content Modification Time,-,SNAPE-PC,[4634 / 0x121a] Strings: ['S-1-5-7'  'ANONYMOUS LOGON'  'NT AUTHORITY'  '0x00...,[4634 / 0x121a] Source Name: Microsoft-Windows-Security-Auditing Strings: ['S-1-5-7'  'ANONYMOUS LOGON'  'NT AUTHORITY'  '0x000000000164197f'  '3'] Computer Name: Snape-PC Record Number: 601 Event Level: 0,2,OS:/home/sansforensics/Documents/LaboratorioForense/InstanciaSnape/Windows/System32/winevt/Logs/Security.evtx,58692,-,winevtx,recovered: False; sha256_hash: e11618c831b656543c1362597a405d06db3d4b66e918e7d61fd91865b89dab85; strings_parsed: {}; xml_string: <Event xmlns="http://schemas.microsoft.com/win/2004/08/events/event">-  <System>-    <Provider Name="Microsoft-Windows-Security-Auditing" Guid="{54849625-5478-4994-A5BA-3E3B0328C30D}"/>-    <EventID>4634</EventID>-    <Version>0</Version>-    <Level>0</Level>-    <Task>12545</Task>-    <Opcode>0</Opcode>-    <Keywords>0x8020000000000000</Keywords>-    <TimeCreated SystemTime="2019-10-23T16:33:39.940627900Z"/>-    <EventRecordID>601</EventRecordID>-    <Correlation/>-    <Execution ProcessID="496" ThreadID="1872"/>-    <Channel>Security</Channel>-    <Computer>Snape-PC</Computer>-    <Security/>-  </System>-  <EventData>-    <Data Name="TargetUserSid">S-1-5-7</Data>-    <Data Name="TargetUserName">ANONYMOUS LOGON</Data>-    <Data Name="TargetDomainName">NT AUTHORITY</Data>-    <Data Name="TargetLogonId">0x000000000164197f</Data>-    <Data Name="LogonType">3</Data>-  </EventData>-</Event>-
10/23/2019,18:33:39,Europe/Madrid,M...,EVT,WinEVTX,Content Modification Time,-,SNAPE-PC,[4624 / 0x1210] Strings: ['S-1-0-0'  '-'  '-'  '0x0000000000000000'  'S-1-5-7...,[4624 / 0x1210] Source Name: Microsoft-Windows-Security-Auditing Strings: ['S-1-0-0'  '-'  '-'  '0x0000000000000000'  'S-1-5-7'  'ANONYMOUS LOGON'  'NT AUTHORITY'  '0x0000000001641999'  '3'  'NtLmSsp '  'NTLM'  'nmap'  '{00000000-0000-0000-0000-000000000000}'  '-'  'NTLM V1'  '128'  '0x0000000000000000'  '-'  '10.0.9.6'  '35566'] Computer Name: Snape-PC Record Number: 604 Event Level: 0,2,OS:/home/sansforensics/Documents/LaboratorioForense/InstanciaSnape/Windows/System32/winevt/Logs/Security.evtx,58692,-,winevtx,recovered: False; sha256_hash: e11618c831b656543c1362597a405d06db3d4b66e918e7d61fd91865b89dab85; strings_parsed: {u'source_user_id': u'S-1-0-0'  u'source_user_name': u'-'  u'target_machine_name': u'nmap'  u'target_user_id': u'S-1-5-7'  u'target_user_name': u'ANONYMOUS LOGON'  u'target_machine_ip': u'10.0.9.6'}; xml_string: <Event xmlns="http://schemas.microsoft.com/win/2004/08/events/event">-  <System>-    <Provider Name="Microsoft-Windows-Security-Auditing" Guid="{54849625-5478-4994-A5BA-3E3B0328C30D}"/>-    <EventID>4624</EventID>-    <Version>0</Version>-    <Level>0</Level>-    <Task>12544</Task>-    <Opcode>0</Opcode>-    <Keywords>0x8020000000000000</Keywords>-    <TimeCreated SystemTime="2019-10-23T16:33:39.956252900Z"/>-    <EventRecordID>604</EventRecordID>-    <Correlation/>-    <Execution ProcessID="496" ThreadID="1872"/>-    <Channel>Security</Channel>-    <Computer>Snape-PC</Computer>-    <Security/>-  </System>-  <EventData>-    <Data Name="SubjectUserSid">S-1-0-0</Data>-    <Data Name="SubjectUserName">-</Data>-    <Data Name="SubjectDomainName">-</Data>-    <Data Name="SubjectLogonId">0x0000000000000000</Data>-    <Data Name="TargetUserSid">S-1-5-7</Data>-    <Data Name="TargetUserName">ANONYMOUS LOGON</Data>-    <Data Name="TargetDomainName">NT AUTHORITY</Data>-    <Data Name="TargetLogonId">0x0000000001641999</Data>-    <Data Name="LogonType">3</Data>-    <Data Name="LogonProcessName">NtLmSsp </Data>-    <Data Name="AuthenticationPackageName">NTLM</Data>-    <Data Name="WorkstationName">nmap</Data>-    <Data Name="LogonGuid">{00000000-0000-0000-0000-000000000000}</Data>-    <Data Name="TransmittedServices">-</Data>-    <Data Name="LmPackageName">NTLM V1</Data>-    <Data Name="KeyLength">128</Data>-    <Data Name="ProcessId">0x0000000000000000</Data>-    <Data Name="ProcessName">-</Data>-    <Data Name="IpAddress">10.0.9.6</Data>-    <Data Name="IpPort">35566</Data>-  </EventData>-</Event>-
10/23/2019,18:33:39,Europe/Madrid,M...,EVT,WinEVTX,Content Modification Time,-,SNAPE-PC,[4634 / 0x121a] Strings: ['S-1-5-7'  'ANONYMOUS LOGON'  'NT AUTHORITY'  '0x00...,[4634 / 0x121a] Source Name: Microsoft-Windows-Security-Auditing Strings: ['S-1-5-7'  'ANONYMOUS LOGON'  'NT AUTHORITY'  '0x000000000164198d'  '3'] Computer Name: Snape-PC Record Number: 603 Event Level: 0,2,OS:/home/sansforensics/Documents/LaboratorioForense/InstanciaSnape/Windows/System32/winevt/Logs/Security.evtx,58692,-,winevtx,recovered: False; sha256_hash: e11618c831b656543c1362597a405d06db3d4b66e918e7d61fd91865b89dab85; strings_parsed: {}; xml_string: <Event xmlns="http://schemas.microsoft.com/win/2004/08/events/event">-  <System>-    <Provider Name="Microsoft-Windows-Security-Auditing" Guid="{54849625-5478-4994-A5BA-3E3B0328C30D}"/>-    <EventID>4634</EventID>-    <Version>0</Version>-    <Level>0</Level>-    <Task>12545</Task>-    <Opcode>0</Opcode>-    <Keywords>0x8020000000000000</Keywords>-    <TimeCreated SystemTime="2019-10-23T16:33:39.956252900Z"/>-    <EventRecordID>603</EventRecordID>-    <Correlation/>-    <Execution ProcessID="496" ThreadID="1872"/>-    <Channel>Security</Channel>-    <Computer>Snape-PC</Computer>-    <Security/>-  </System>-  <EventData>-    <Data Name="TargetUserSid">S-1-5-7</Data>-    <Data Name="TargetUserName">ANONYMOUS LOGON</Data>-    <Data Name="TargetDomainName">NT AUTHORITY</Data>-    <Data Name="TargetLogonId">0x000000000164198d</Data>-    <Data Name="LogonType">3</Data>-  </EventData>-</Event>-
10/23/2019,18:33:39,Europe/Madrid,M...,EVT,WinEVTX,Content Modification Time,-,SNAPE-PC,[4634 / 0x121a] Strings: ['S-1-5-7'  'ANONYMOUS LOGON'  'NT AUTHORITY'  '0x00...,[4634 / 0x121a] Source Name: Microsoft-Windows-Security-Auditing Strings: ['S-1-5-7'  'ANONYMOUS LOGON'  'NT AUTHORITY'  '0x0000000001641999'  '3'] Computer Name: Snape-PC Record Number: 605 Event Level: 0,2,OS:/home/sansforensics/Documents/LaboratorioForense/InstanciaSnape/Windows/System32/winevt/Logs/Security.evtx,58692,-,winevtx,recovered: False; sha256_hash: e11618c831b656543c1362597a405d06db3d4b66e918e7d61fd91865b89dab85; strings_parsed: {}; xml_string: <Event xmlns="http://schemas.microsoft.com/win/2004/08/events/event">-  <System>-    <Provider Name="Microsoft-Windows-Security-Auditing" Guid="{54849625-5478-4994-A5BA-3E3B0328C30D}"/>-    <EventID>4634</EventID>-    <Version>0</Version>-    <Level>0</Level>-    <Task>12545</Task>-    <Opcode>0</Opcode>-    <Keywords>0x8020000000000000</Keywords>-    <TimeCreated SystemTime="2019-10-23T16:33:39.956252900Z"/>-    <EventRecordID>605</EventRecordID>-    <Correlation/>-    <Execution ProcessID="496" ThreadID="1872"/>-    <Channel>Security</Channel>-    <Computer>Snape-PC</Computer>-    <Security/>-  </System>-  <EventData>-    <Data Name="TargetUserSid">S-1-5-7</Data>-    <Data Name="TargetUserName">ANONYMOUS LOGON</Data>-    <Data Name="TargetDomainName">NT AUTHORITY</Data>-    <Data Name="TargetLogonId">0x0000000001641999</Data>-    <Data Name="LogonType">3</Data>-  </EventData>-</Event>-
10/23/2019,18:33:39,Europe/Madrid,M...,EVT,WinEVTX,Content Modification Time,-,SNAPE-PC,[4624 / 0x1210] Strings: ['S-1-0-0'  '-'  '-'  '0x0000000000000000'  'S-1-5-7...,[4624 / 0x1210] Source Name: Microsoft-Windows-Security-Auditing Strings: ['S-1-0-0'  '-'  '-'  '0x0000000000000000'  'S-1-5-7'  'ANONYMOUS LOGON'  'NT AUTHORITY'  '0x00000000016419a5'  '3'  'NtLmSsp '  'NTLM'  'nmap'  '{00000000-0000-0000-0000-000000000000}'  '-'  'NTLM V1'  '128'  '0x0000000000000000'  '-'  '10.0.9.6'  '35568'] Computer Name: Snape-PC Record Number: 606 Event Level: 0,2,OS:/home/sansforensics/Documents/LaboratorioForense/InstanciaSnape/Windows/System32/winevt/Logs/Security.evtx,58692,-,winevtx,recovered: False; sha256_hash: e11618c831b656543c1362597a405d06db3d4b66e918e7d61fd91865b89dab85; strings_parsed: {u'source_user_id': u'S-1-0-0'  u'source_user_name': u'-'  u'target_machine_name': u'nmap'  u'target_user_id': u'S-1-5-7'  u'target_user_name': u'ANONYMOUS LOGON'  u'target_machine_ip': u'10.0.9.6'}; xml_string: <Event xmlns="http://schemas.microsoft.com/win/2004/08/events/event">-  <System>-    <Provider Name="Microsoft-Windows-Security-Auditing" Guid="{54849625-5478-4994-A5BA-3E3B0328C30D}"/>-    <EventID>4624</EventID>-    <Version>0</Version>-    <Level>0</Level>-    <Task>12544</Task>-    <Opcode>0</Opcode>-    <Keywords>0x8020000000000000</Keywords>-    <TimeCreated SystemTime="2019-10-23T16:33:39.971877900Z"/>-    <EventRecordID>606</EventRecordID>-    <Correlation/>-    <Execution ProcessID="496" ThreadID="1872"/>-    <Channel>Security</Channel>-    <Computer>Snape-PC</Computer>-    <Security/>-  </System>-  <EventData>-    <Data Name="SubjectUserSid">S-1-0-0</Data>-    <Data Name="SubjectUserName">-</Data>-    <Data Name="SubjectDomainName">-</Data>-    <Data Name="SubjectLogonId">0x0000000000000000</Data>-    <Data Name="TargetUserSid">S-1-5-7</Data>-    <Data Name="TargetUserName">ANONYMOUS LOGON</Data>-    <Data Name="TargetDomainName">NT AUTHORITY</Data>-    <Data Name="TargetLogonId">0x00000000016419a5</Data>-    <Data Name="LogonType">3</Data>-    <Data Name="LogonProcessName">NtLmSsp </Data>-    <Data Name="AuthenticationPackageName">NTLM</Data>-    <Data Name="WorkstationName">nmap</Data>-    <Data Name="LogonGuid">{00000000-0000-0000-0000-000000000000}</Data>-    <Data Name="TransmittedServices">-</Data>-    <Data Name="LmPackageName">NTLM V1</Data>-    <Data Name="KeyLength">128</Data>-    <Data Name="ProcessId">0x0000000000000000</Data>-    <Data Name="ProcessName">-</Data>-    <Data Name="IpAddress">10.0.9.6</Data>-    <Data Name="IpPort">35568</Data>-  </EventData>-</Event>-
10/23/2019,18:33:39,Europe/Madrid,M...,EVT,WinEVTX,Content Modification Time,-,SNAPE-PC,[4624 / 0x1210] Strings: ['S-1-0-0'  '-'  '-'  '0x0000000000000000'  'S-1-5-7...,[4624 / 0x1210] Source Name: Microsoft-Windows-Security-Auditing Strings: ['S-1-0-0'  '-'  '-'  '0x0000000000000000'  'S-1-5-7'  'ANONYMOUS LOGON'  'NT AUTHORITY'  '0x00000000016419b1'  '3'  'NtLmSsp '  'NTLM'  'nmap'  '{00000000-0000-0000-0000-000000000000}'  '-'  'NTLM V1'  '128'  '0x0000000000000000'  '-'  '10.0.9.6'  '35570'] Computer Name: Snape-PC Record Number: 608 Event Level: 0,2,OS:/home/sansforensics/Documents/LaboratorioForense/InstanciaSnape/Windows/System32/winevt/Logs/Security.evtx,58692,-,winevtx,recovered: False; sha256_hash: e11618c831b656543c1362597a405d06db3d4b66e918e7d61fd91865b89dab85; strings_parsed: {u'source_user_id': u'S-1-0-0'  u'source_user_name': u'-'  u'target_machine_name': u'nmap'  u'target_user_id': u'S-1-5-7'  u'target_user_name': u'ANONYMOUS LOGON'  u'target_machine_ip': u'10.0.9.6'}; xml_string: <Event xmlns="http://schemas.microsoft.com/win/2004/08/events/event">-  <System>-    <Provider Name="Microsoft-Windows-Security-Auditing" Guid="{54849625-5478-4994-A5BA-3E3B0328C30D}"/>-    <EventID>4624</EventID>-    <Version>0</Version>-    <Level>0</Level>-    <Task>12544</Task>-    <Opcode>0</Opcode>-    <Keywords>0x8020000000000000</Keywords>-    <TimeCreated SystemTime="2019-10-23T16:33:39.971877900Z"/>-    <EventRecordID>608</EventRecordID>-    <Correlation/>-    <Execution ProcessID="496" ThreadID="1872"/>-    <Channel>Security</Channel>-    <Computer>Snape-PC</Computer>-    <Security/>-  </System>-  <EventData>-    <Data Name="SubjectUserSid">S-1-0-0</Data>-    <Data Name="SubjectUserName">-</Data>-    <Data Name="SubjectDomainName">-</Data>-    <Data Name="SubjectLogonId">0x0000000000000000</Data>-    <Data Name="TargetUserSid">S-1-5-7</Data>-    <Data Name="TargetUserName">ANONYMOUS LOGON</Data>-    <Data Name="TargetDomainName">NT AUTHORITY</Data>-    <Data Name="TargetLogonId">0x00000000016419b1</Data>-    <Data Name="LogonType">3</Data>-    <Data Name="LogonProcessName">NtLmSsp </Data>-    <Data Name="AuthenticationPackageName">NTLM</Data>-    <Data Name="WorkstationName">nmap</Data>-    <Data Name="LogonGuid">{00000000-0000-0000-0000-000000000000}</Data>-    <Data Name="TransmittedServices">-</Data>-    <Data Name="LmPackageName">NTLM V1</Data>-    <Data Name="KeyLength">128</Data>-    <Data Name="ProcessId">0x0000000000000000</Data>-    <Data Name="ProcessName">-</Data>-    <Data Name="IpAddress">10.0.9.6</Data>-    <Data Name="IpPort">35570</Data>-  </EventData>-</Event>-
10/23/2019,18:33:39,Europe/Madrid,M...,EVT,WinEVTX,Content Modification Time,-,SNAPE-PC,[4634 / 0x121a] Strings: ['S-1-5-7'  'ANONYMOUS LOGON'  'NT AUTHORITY'  '0x00...,[4634 / 0x121a] Source Name: Microsoft-Windows-Security-Auditing Strings: ['S-1-5-7'  'ANONYMOUS LOGON'  'NT AUTHORITY'  '0x00000000016419a5'  '3'] Computer Name: Snape-PC Record Number: 607 Event Level: 0,2,OS:/home/sansforensics/Documents/LaboratorioForense/InstanciaSnape/Windows/System32/winevt/Logs/Security.evtx,58692,-,winevtx,recovered: False; sha256_hash: e11618c831b656543c1362597a405d06db3d4b66e918e7d61fd91865b89dab85; strings_parsed: {}; xml_string: <Event xmlns="http://schemas.microsoft.com/win/2004/08/events/event">-  <System>-    <Provider Name="Microsoft-Windows-Security-Auditing" Guid="{54849625-5478-4994-A5BA-3E3B0328C30D}"/>-    <EventID>4634</EventID>-    <Version>0</Version>-    <Level>0</Level>-    <Task>12545</Task>-    <Opcode>0</Opcode>-    <Keywords>0x8020000000000000</Keywords>-    <TimeCreated SystemTime="2019-10-23T16:33:39.971877900Z"/>-    <EventRecordID>607</EventRecordID>-    <Correlation/>-    <Execution ProcessID="496" ThreadID="1872"/>-    <Channel>Security</Channel>-    <Computer>Snape-PC</Computer>-    <Security/>-  </System>-  <EventData>-    <Data Name="TargetUserSid">S-1-5-7</Data>-    <Data Name="TargetUserName">ANONYMOUS LOGON</Data>-    <Data Name="TargetDomainName">NT AUTHORITY</Data>-    <Data Name="TargetLogonId">0x00000000016419a5</Data>-    <Data Name="LogonType">3</Data>-  </EventData>-</Event>-
10/23/2019,18:33:39,Europe/Madrid,M...,EVT,WinEVTX,Content Modification Time,-,SNAPE-PC,[4634 / 0x121a] Strings: ['S-1-5-7'  'ANONYMOUS LOGON'  'NT AUTHORITY'  '0x00...,[4634 / 0x121a] Source Name: Microsoft-Windows-Security-Auditing Strings: ['S-1-5-7'  'ANONYMOUS LOGON'  'NT AUTHORITY'  '0x00000000016419b1'  '3'] Computer Name: Snape-PC Record Number: 609 Event Level: 0,2,OS:/home/sansforensics/Documents/LaboratorioForense/InstanciaSnape/Windows/System32/winevt/Logs/Security.evtx,58692,-,winevtx,recovered: False; sha256_hash: e11618c831b656543c1362597a405d06db3d4b66e918e7d61fd91865b89dab85; strings_parsed: {}; xml_string: <Event xmlns="http://schemas.microsoft.com/win/2004/08/events/event">-  <System>-    <Provider Name="Microsoft-Windows-Security-Auditing" Guid="{54849625-5478-4994-A5BA-3E3B0328C30D}"/>-    <EventID>4634</EventID>-    <Version>0</Version>-    <Level>0</Level>-    <Task>12545</Task>-    <Opcode>0</Opcode>-    <Keywords>0x8020000000000000</Keywords>-    <TimeCreated SystemTime="2019-10-23T16:33:39.971877900Z"/>-    <EventRecordID>609</EventRecordID>-    <Correlation/>-    <Execution ProcessID="496" ThreadID="1872"/>-    <Channel>Security</Channel>-    <Computer>Snape-PC</Computer>-    <Security/>-  </System>-  <EventData>-    <Data Name="TargetUserSid">S-1-5-7</Data>-    <Data Name="TargetUserName">ANONYMOUS LOGON</Data>-    <Data Name="TargetDomainName">NT AUTHORITY</Data>-    <Data Name="TargetLogonId">0x00000000016419b1</Data>-    <Data Name="LogonType">3</Data>-  </EventData>-</Event>-
10/23/2019,18:33:39,Europe/Madrid,M...,EVT,WinEVTX,Content Modification Time,-,SNAPE-PC,[4624 / 0x1210] Strings: ['S-1-0-0'  '-'  '-'  '0x0000000000000000'  'S-1-5-7...,[4624 / 0x1210] Source Name: Microsoft-Windows-Security-Auditing Strings: ['S-1-0-0'  '-'  '-'  '0x0000000000000000'  'S-1-5-7'  'ANONYMOUS LOGON'  'NT AUTHORITY'  '0x00000000016419c2'  '3'  'NtLmSsp '  'NTLM'  'nmap'  '{00000000-0000-0000-0000-000000000000}'  '-'  'NTLM V1'  '128'  '0x0000000000000000'  '-'  '10.0.9.6'  '35572'] Computer Name: Snape-PC Record Number: 610 Event Level: 0,2,OS:/home/sansforensics/Documents/LaboratorioForense/InstanciaSnape/Windows/System32/winevt/Logs/Security.evtx,58692,-,winevtx,recovered: False; sha256_hash: e11618c831b656543c1362597a405d06db3d4b66e918e7d61fd91865b89dab85; strings_parsed: {u'source_user_id': u'S-1-0-0'  u'source_user_name': u'-'  u'target_machine_name': u'nmap'  u'target_user_id': u'S-1-5-7'  u'target_user_name': u'ANONYMOUS LOGON'  u'target_machine_ip': u'10.0.9.6'}; xml_string: <Event xmlns="http://schemas.microsoft.com/win/2004/08/events/event">-  <System>-    <Provider Name="Microsoft-Windows-Security-Auditing" Guid="{54849625-5478-4994-A5BA-3E3B0328C30D}"/>-    <EventID>4624</EventID>-    <Version>0</Version>-    <Level>0</Level>-    <Task>12544</Task>-    <Opcode>0</Opcode>-    <Keywords>0x8020000000000000</Keywords>-    <TimeCreated SystemTime="2019-10-23T16:33:39.987502900Z"/>-    <EventRecordID>610</EventRecordID>-    <Correlation/>-    <Execution ProcessID="496" ThreadID="1872"/>-    <Channel>Security</Channel>-    <Computer>Snape-PC</Computer>-    <Security/>-  </System>-  <EventData>-    <Data Name="SubjectUserSid">S-1-0-0</Data>-    <Data Name="SubjectUserName">-</Data>-    <Data Name="SubjectDomainName">-</Data>-    <Data Name="SubjectLogonId">0x0000000000000000</Data>-    <Data Name="TargetUserSid">S-1-5-7</Data>-    <Data Name="TargetUserName">ANONYMOUS LOGON</Data>-    <Data Name="TargetDomainName">NT AUTHORITY</Data>-    <Data Name="TargetLogonId">0x00000000016419c2</Data>-    <Data Name="LogonType">3</Data>-    <Data Name="LogonProcessName">NtLmSsp </Data>-    <Data Name="AuthenticationPackageName">NTLM</Data>-    <Data Name="WorkstationName">nmap</Data>-    <Data Name="LogonGuid">{00000000-0000-0000-0000-000000000000}</Data>-    <Data Name="TransmittedServices">-</Data>-    <Data Name="LmPackageName">NTLM V1</Data>-    <Data Name="KeyLength">128</Data>-    <Data Name="ProcessId">0x0000000000000000</Data>-    <Data Name="ProcessName">-</Data>-    <Data Name="IpAddress">10.0.9.6</Data>-    <Data Name="IpPort">35572</Data>-  </EventData>-</Event>-
10/23/2019,18:33:39,Europe/Madrid,M...,EVT,WinEVTX,Content Modification Time,-,SNAPE-PC,[4624 / 0x1210] Strings: ['S-1-0-0'  '-'  '-'  '0x0000000000000000'  'S-1-5-7...,[4624 / 0x1210] Source Name: Microsoft-Windows-Security-Auditing Strings: ['S-1-0-0'  '-'  '-'  '0x0000000000000000'  'S-1-5-7'  'ANONYMOUS LOGON'  'NT AUTHORITY'  '0x00000000016419ce'  '3'  'NtLmSsp '  'NTLM'  'nmap'  '{00000000-0000-0000-0000-000000000000}'  '-'  'NTLM V1'  '128'  '0x0000000000000000'  '-'  '10.0.9.6'  '35574'] Computer Name: Snape-PC Record Number: 612 Event Level: 0,2,OS:/home/sansforensics/Documents/LaboratorioForense/InstanciaSnape/Windows/System32/winevt/Logs/Security.evtx,58692,-,winevtx,recovered: False; sha256_hash: e11618c831b656543c1362597a405d06db3d4b66e918e7d61fd91865b89dab85; strings_parsed: {u'source_user_id': u'S-1-0-0'  u'source_user_name': u'-'  u'target_machine_name': u'nmap'  u'target_user_id': u'S-1-5-7'  u'target_user_name': u'ANONYMOUS LOGON'  u'target_machine_ip': u'10.0.9.6'}; xml_string: <Event xmlns="http://schemas.microsoft.com/win/2004/08/events/event">-  <System>-    <Provider Name="Microsoft-Windows-Security-Auditing" Guid="{54849625-5478-4994-A5BA-3E3B0328C30D}"/>-    <EventID>4624</EventID>-    <Version>0</Version>-    <Level>0</Level>-    <Task>12544</Task>-    <Opcode>0</Opcode>-    <Keywords>0x8020000000000000</Keywords>-    <TimeCreated SystemTime="2019-10-23T16:33:39.987502900Z"/>-    <EventRecordID>612</EventRecordID>-    <Correlation/>-    <Execution ProcessID="496" ThreadID="1872"/>-    <Channel>Security</Channel>-    <Computer>Snape-PC</Computer>-    <Security/>-  </System>-  <EventData>-    <Data Name="SubjectUserSid">S-1-0-0</Data>-    <Data Name="SubjectUserName">-</Data>-    <Data Name="SubjectDomainName">-</Data>-    <Data Name="SubjectLogonId">0x0000000000000000</Data>-    <Data Name="TargetUserSid">S-1-5-7</Data>-    <Data Name="TargetUserName">ANONYMOUS LOGON</Data>-    <Data Name="TargetDomainName">NT AUTHORITY</Data>-    <Data Name="TargetLogonId">0x00000000016419ce</Data>-    <Data Name="LogonType">3</Data>-    <Data Name="LogonProcessName">NtLmSsp </Data>-    <Data Name="AuthenticationPackageName">NTLM</Data>-    <Data Name="WorkstationName">nmap</Data>-    <Data Name="LogonGuid">{00000000-0000-0000-0000-000000000000}</Data>-    <Data Name="TransmittedServices">-</Data>-    <Data Name="LmPackageName">NTLM V1</Data>-    <Data Name="KeyLength">128</Data>-    <Data Name="ProcessId">0x0000000000000000</Data>-    <Data Name="ProcessName">-</Data>-    <Data Name="IpAddress">10.0.9.6</Data>-    <Data Name="IpPort">35574</Data>-  </EventData>-</Event>-
10/23/2019,18:33:39,Europe/Madrid,M...,EVT,WinEVTX,Content Modification Time,-,SNAPE-PC,[4624 / 0x1210] Strings: ['S-1-0-0'  '-'  '-'  '0x0000000000000000'  'S-1-5-7...,[4624 / 0x1210] Source Name: Microsoft-Windows-Security-Auditing Strings: ['S-1-0-0'  '-'  '-'  '0x0000000000000000'  'S-1-5-7'  'ANONYMOUS LOGON'  'NT AUTHORITY'  '0x00000000016419da'  '3'  'NtLmSsp '  'NTLM'  'nmap'  '{00000000-0000-0000-0000-000000000000}'  '-'  'NTLM V1'  '128'  '0x0000000000000000'  '-'  '10.0.9.6'  '35576'] Computer Name: Snape-PC Record Number: 614 Event Level: 0,2,OS:/home/sansforensics/Documents/LaboratorioForense/InstanciaSnape/Windows/System32/winevt/Logs/Security.evtx,58692,-,winevtx,recovered: False; sha256_hash: e11618c831b656543c1362597a405d06db3d4b66e918e7d61fd91865b89dab85; strings_parsed: {u'source_user_id': u'S-1-0-0'  u'source_user_name': u'-'  u'target_machine_name': u'nmap'  u'target_user_id': u'S-1-5-7'  u'target_user_name': u'ANONYMOUS LOGON'  u'target_machine_ip': u'10.0.9.6'}; xml_string: <Event xmlns="http://schemas.microsoft.com/win/2004/08/events/event">-  <System>-    <Provider Name="Microsoft-Windows-Security-Auditing" Guid="{54849625-5478-4994-A5BA-3E3B0328C30D}"/>-    <EventID>4624</EventID>-    <Version>0</Version>-    <Level>0</Level>-    <Task>12544</Task>-    <Opcode>0</Opcode>-    <Keywords>0x8020000000000000</Keywords>-    <TimeCreated SystemTime="2019-10-23T16:33:39.987502900Z"/>-    <EventRecordID>614</EventRecordID>-    <Correlation/>-    <Execution ProcessID="496" ThreadID="1872"/>-    <Channel>Security</Channel>-    <Computer>Snape-PC</Computer>-    <Security/>-  </System>-  <EventData>-    <Data Name="SubjectUserSid">S-1-0-0</Data>-    <Data Name="SubjectUserName">-</Data>-    <Data Name="SubjectDomainName">-</Data>-    <Data Name="SubjectLogonId">0x0000000000000000</Data>-    <Data Name="TargetUserSid">S-1-5-7</Data>-    <Data Name="TargetUserName">ANONYMOUS LOGON</Data>-    <Data Name="TargetDomainName">NT AUTHORITY</Data>-    <Data Name="TargetLogonId">0x00000000016419da</Data>-    <Data Name="LogonType">3</Data>-    <Data Name="LogonProcessName">NtLmSsp </Data>-    <Data Name="AuthenticationPackageName">NTLM</Data>-    <Data Name="WorkstationName">nmap</Data>-    <Data Name="LogonGuid">{00000000-0000-0000-0000-000000000000}</Data>-    <Data Name="TransmittedServices">-</Data>-    <Data Name="LmPackageName">NTLM V1</Data>-    <Data Name="KeyLength">128</Data>-    <Data Name="ProcessId">0x0000000000000000</Data>-    <Data Name="ProcessName">-</Data>-    <Data Name="IpAddress">10.0.9.6</Data>-    <Data Name="IpPort">35576</Data>-  </EventData>-</Event>-
10/23/2019,18:33:39,Europe/Madrid,M...,EVT,WinEVTX,Content Modification Time,-,SNAPE-PC,[4634 / 0x121a] Strings: ['S-1-5-7'  'ANONYMOUS LOGON'  'NT AUTHORITY'  '0x00...,[4634 / 0x121a] Source Name: Microsoft-Windows-Security-Auditing Strings: ['S-1-5-7'  'ANONYMOUS LOGON'  'NT AUTHORITY'  '0x00000000016419c2'  '3'] Computer Name: Snape-PC Record Number: 611 Event Level: 0,2,OS:/home/sansforensics/Documents/LaboratorioForense/InstanciaSnape/Windows/System32/winevt/Logs/Security.evtx,58692,-,winevtx,recovered: False; sha256_hash: e11618c831b656543c1362597a405d06db3d4b66e918e7d61fd91865b89dab85; strings_parsed: {}; xml_string: <Event xmlns="http://schemas.microsoft.com/win/2004/08/events/event">-  <System>-    <Provider Name="Microsoft-Windows-Security-Auditing" Guid="{54849625-5478-4994-A5BA-3E3B0328C30D}"/>-    <EventID>4634</EventID>-    <Version>0</Version>-    <Level>0</Level>-    <Task>12545</Task>-    <Opcode>0</Opcode>-    <Keywords>0x8020000000000000</Keywords>-    <TimeCreated SystemTime="2019-10-23T16:33:39.987502900Z"/>-    <EventRecordID>611</EventRecordID>-    <Correlation/>-    <Execution ProcessID="496" ThreadID="1872"/>-    <Channel>Security</Channel>-    <Computer>Snape-PC</Computer>-    <Security/>-  </System>-  <EventData>-    <Data Name="TargetUserSid">S-1-5-7</Data>-    <Data Name="TargetUserName">ANONYMOUS LOGON</Data>-    <Data Name="TargetDomainName">NT AUTHORITY</Data>-    <Data Name="TargetLogonId">0x00000000016419c2</Data>-    <Data Name="LogonType">3</Data>-  </EventData>-</Event>-
10/23/2019,18:33:39,Europe/Madrid,M...,EVT,WinEVTX,Content Modification Time,-,SNAPE-PC,[4634 / 0x121a] Strings: ['S-1-5-7'  'ANONYMOUS LOGON'  'NT AUTHORITY'  '0x00...,[4634 / 0x121a] Source Name: Microsoft-Windows-Security-Auditing Strings: ['S-1-5-7'  'ANONYMOUS LOGON'  'NT AUTHORITY'  '0x00000000016419ce'  '3'] Computer Name: Snape-PC Record Number: 613 Event Level: 0,2,OS:/home/sansforensics/Documents/LaboratorioForense/InstanciaSnape/Windows/System32/winevt/Logs/Security.evtx,58692,-,winevtx,recovered: False; sha256_hash: e11618c831b656543c1362597a405d06db3d4b66e918e7d61fd91865b89dab85; strings_parsed: {}; xml_string: <Event xmlns="http://schemas.microsoft.com/win/2004/08/events/event">-  <System>-    <Provider Name="Microsoft-Windows-Security-Auditing" Guid="{54849625-5478-4994-A5BA-3E3B0328C30D}"/>-    <EventID>4634</EventID>-    <Version>0</Version>-    <Level>0</Level>-    <Task>12545</Task>-    <Opcode>0</Opcode>-    <Keywords>0x8020000000000000</Keywords>-    <TimeCreated SystemTime="2019-10-23T16:33:39.987502900Z"/>-    <EventRecordID>613</EventRecordID>-    <Correlation/>-    <Execution ProcessID="496" ThreadID="1872"/>-    <Channel>Security</Channel>-    <Computer>Snape-PC</Computer>-    <Security/>-  </System>-  <EventData>-    <Data Name="TargetUserSid">S-1-5-7</Data>-    <Data Name="TargetUserName">ANONYMOUS LOGON</Data>-    <Data Name="TargetDomainName">NT AUTHORITY</Data>-    <Data Name="TargetLogonId">0x00000000016419ce</Data>-    <Data Name="LogonType">3</Data>-  </EventData>-</Event>-
10/23/2019,18:33:40,Europe/Madrid,M...,EVT,WinEVTX,Content Modification Time,-,SNAPE-PC,[4624 / 0x1210] Strings: ['S-1-0-0'  '-'  '-'  '0x0000000000000000'  'S-1-5-7...,[4624 / 0x1210] Source Name: Microsoft-Windows-Security-Auditing Strings: ['S-1-0-0'  '-'  '-'  '0x0000000000000000'  'S-1-5-7'  'ANONYMOUS LOGON'  'NT AUTHORITY'  '0x00000000016419e6'  '3'  'NtLmSsp '  'NTLM'  'nmap'  '{00000000-0000-0000-0000-000000000000}'  '-'  'NTLM V1'  '128'  '0x0000000000000000'  '-'  '10.0.9.6'  '35578'] Computer Name: Snape-PC Record Number: 616 Event Level: 0,2,OS:/home/sansforensics/Documents/LaboratorioForense/InstanciaSnape/Windows/System32/winevt/Logs/Security.evtx,58692,-,winevtx,recovered: False; sha256_hash: e11618c831b656543c1362597a405d06db3d4b66e918e7d61fd91865b89dab85; strings_parsed: {u'source_user_id': u'S-1-0-0'  u'source_user_name': u'-'  u'target_machine_name': u'nmap'  u'target_user_id': u'S-1-5-7'  u'target_user_name': u'ANONYMOUS LOGON'  u'target_machine_ip': u'10.0.9.6'}; xml_string: <Event xmlns="http://schemas.microsoft.com/win/2004/08/events/event">-  <System>-    <Provider Name="Microsoft-Windows-Security-Auditing" Guid="{54849625-5478-4994-A5BA-3E3B0328C30D}"/>-    <EventID>4624</EventID>-    <Version>0</Version>-    <Level>0</Level>-    <Task>12544</Task>-    <Opcode>0</Opcode>-    <Keywords>0x8020000000000000</Keywords>-    <TimeCreated SystemTime="2019-10-23T16:33:40.003127900Z"/>-    <EventRecordID>616</EventRecordID>-    <Correlation/>-    <Execution ProcessID="496" ThreadID="1872"/>-    <Channel>Security</Channel>-    <Computer>Snape-PC</Computer>-    <Security/>-  </System>-  <EventData>-    <Data Name="SubjectUserSid">S-1-0-0</Data>-    <Data Name="SubjectUserName">-</Data>-    <Data Name="SubjectDomainName">-</Data>-    <Data Name="SubjectLogonId">0x0000000000000000</Data>-    <Data Name="TargetUserSid">S-1-5-7</Data>-    <Data Name="TargetUserName">ANONYMOUS LOGON</Data>-    <Data Name="TargetDomainName">NT AUTHORITY</Data>-    <Data Name="TargetLogonId">0x00000000016419e6</Data>-    <Data Name="LogonType">3</Data>-    <Data Name="LogonProcessName">NtLmSsp </Data>-    <Data Name="AuthenticationPackageName">NTLM</Data>-    <Data Name="WorkstationName">nmap</Data>-    <Data Name="LogonGuid">{00000000-0000-0000-0000-000000000000}</Data>-    <Data Name="TransmittedServices">-</Data>-    <Data Name="LmPackageName">NTLM V1</Data>-    <Data Name="KeyLength">128</Data>-    <Data Name="ProcessId">0x0000000000000000</Data>-    <Data Name="ProcessName">-</Data>-    <Data Name="IpAddress">10.0.9.6</Data>-    <Data Name="IpPort">35578</Data>-  </EventData>-</Event>-
