10/24/2019,12:26:50,Europe/Madrid,M...,EVT,WinEVTX,Content Modification Time,NetworkService,SNAPE-PC,[261 / 0x0105] Strings: ['RDP-Tcp'],[261 / 0x0105] Source Name: Microsoft-Windows-TerminalServices-RemoteConnectionManager Strings: ['RDP-Tcp'] Computer Name: Snape-PC Record Number: 3 Event Level: 4,2,OS:/home/sansforensics/Documents/LaboratorioForense/InstanciaSnape/Windows/System32/winevt/Logs/Microsoft-Windows-TerminalServices-RemoteConnectionManager%4Operational.evtx,59612,-,winevtx,recovered: False; sha256_hash: afd0f860f116f5196717b75c3d3c2bc594d44661220578417e1d754c2065d0c0; strings_parsed: {}; user_sid: S-1-5-20; xml_string: <Event xmlns="http://schemas.microsoft.com/win/2004/08/events/event">-  <System>-    <Provider Name="Microsoft-Windows-TerminalServices-RemoteConnectionManager" Guid="{C76BAA63-AE81-421C-B425-340B4B24157F}"/>-    <EventID>261</EventID>-    <Version>0</Version>-    <Level>4</Level>-    <Task>0</Task>-    <Opcode>0</Opcode>-    <Keywords>0x1000000000000000</Keywords>-    <TimeCreated SystemTime="2019-10-24T10:26:50.809332000Z"/>-    <EventRecordID>3</EventRecordID>-    <Correlation/>-    <Execution ProcessID="628" ThreadID="2644"/>-    <Channel>Microsoft-Windows-TerminalServices-RemoteConnectionManager/Operational</Channel>-    <Computer>Snape-PC</Computer>-    <Security UserID="S-1-5-20"/>-  </System>-  <UserData>-    <EventXML xmlns:auto-ns2="http://schemas.microsoft.com/win/2004/08/events" xmlns="Event_NS">-      <listenerName>RDP-Tcp</listenerName>-    </EventXML>-  </UserData>-</Event>- 
10/24/2019,12:26:50,Europe/Madrid,M...,EVT,WinEVTX,Content Modification Time,-,SNAPE-PC,[5058 / 0x13c2] Strings: ['S-1-5-20'  'SNAPE-PC$'  'WORKGROUP'  '0x0000000000...,[5058 / 0x13c2] Source Name: Microsoft-Windows-Security-Auditing Strings: ['S-1-5-20'  'SNAPE-PC$'  'WORKGROUP'  '0x00000000000003e4'  'Microsoft Software Key Storage Provider'  '%%2432'  'TSSecKeySet1'  '%%2499'  'C:\ProgramData\Microsoft\Crypto\RSA\MachineKeys\f686aace6942fb7f7ceb231212eef4a4_386a03ff-c6d7-475b-a581-140f8e1e8c4a'  '%%2458'  '0x00000000'] Computer Name: Snape-PC Record Number: 714 Event Level: 0,2,OS:/home/sansforensics/Documents/LaboratorioForense/InstanciaSnape/Windows/System32/winevt/Logs/Security.evtx,58692,-,winevtx,recovered: False; sha256_hash: e11618c831b656543c1362597a405d06db3d4b66e918e7d61fd91865b89dab85; strings_parsed: {}; xml_string: <Event xmlns="http://schemas.microsoft.com/win/2004/08/events/event">-  <System>-    <Provider Name="Microsoft-Windows-Security-Auditing" Guid="{54849625-5478-4994-A5BA-3E3B0328C30D}"/>-    <EventID>5058</EventID>-    <Version>0</Version>-    <Level>0</Level>-    <Task>12292</Task>-    <Opcode>0</Opcode>-    <Keywords>0x8020000000000000</Keywords>-    <TimeCreated SystemTime="2019-10-24T10:26:50.871832000Z"/>-    <EventRecordID>714</EventRecordID>-    <Correlation/>-    <Execution ProcessID="496" ThreadID="1872"/>-    <Channel>Security</Channel>-    <Computer>Snape-PC</Computer>-    <Security/>-  </System>-  <EventData>-    <Data Name="SubjectUserSid">S-1-5-20</Data>-    <Data Name="SubjectUserName">SNAPE-PC$</Data>-    <Data Name="SubjectDomainName">WORKGROUP</Data>-    <Data Name="SubjectLogonId">0x00000000000003e4</Data>-    <Data Name="ProviderName">Microsoft Software Key Storage Provider</Data>-    <Data Name="AlgorithmName">%%2432</Data>-    <Data Name="KeyName">TSSecKeySet1</Data>-    <Data Name="KeyType">%%2499</Data>-    <Data Name="KeyFilePath">C:\ProgramData\Microsoft\Crypto\RSA\MachineKeys\f686aace6942fb7f7ceb231212eef4a4_386a03ff-c6d7-475b-a581-140f8e1e8c4a</Data>-    <Data Name="Operation">%%2458</Data>-    <Data Name="ReturnCode">0x00000000</Data>-  </EventData>-</Event>- 
10/24/2019,12:26:50,Europe/Madrid,M...,EVT,WinEVTX,Content Modification Time,-,SNAPE-PC,[5061 / 0x13c5] Strings: ['S-1-5-20'  'SNAPE-PC$'  'WORKGROUP'  '0x0000000000...,[5061 / 0x13c5] Source Name: Microsoft-Windows-Security-Auditing Strings: ['S-1-5-20'  'SNAPE-PC$'  'WORKGROUP'  '0x00000000000003e4'  'Microsoft Software Key Storage Provider'  'RSA'  'TSSecKeySet1'  '%%2499'  '%%2480'  '0x00000000'] Computer Name: Snape-PC Record Number: 715 Event Level: 0,2,OS:/home/sansforensics/Documents/LaboratorioForense/InstanciaSnape/Windows/System32/winevt/Logs/Security.evtx,58692,-,winevtx,recovered: False; sha256_hash: e11618c831b656543c1362597a405d06db3d4b66e918e7d61fd91865b89dab85; strings_parsed: {}; xml_string: <Event xmlns="http://schemas.microsoft.com/win/2004/08/events/event">-  <System>-    <Provider Name="Microsoft-Windows-Security-Auditing" Guid="{54849625-5478-4994-A5BA-3E3B0328C30D}"/>-    <EventID>5061</EventID>-    <Version>0</Version>-    <Level>0</Level>-    <Task>12290</Task>-    <Opcode>0</Opcode>-    <Keywords>0x8020000000000000</Keywords>-    <TimeCreated SystemTime="2019-10-24T10:26:50.871832000Z"/>-    <EventRecordID>715</EventRecordID>-    <Correlation/>-    <Execution ProcessID="496" ThreadID="1872"/>-    <Channel>Security</Channel>-    <Computer>Snape-PC</Computer>-    <Security/>-  </System>-  <EventData>-    <Data Name="SubjectUserSid">S-1-5-20</Data>-    <Data Name="SubjectUserName">SNAPE-PC$</Data>-    <Data Name="SubjectDomainName">WORKGROUP</Data>-    <Data Name="SubjectLogonId">0x00000000000003e4</Data>-    <Data Name="ProviderName">Microsoft Software Key Storage Provider</Data>-    <Data Name="AlgorithmName">RSA</Data>-    <Data Name="KeyName">TSSecKeySet1</Data>-    <Data Name="KeyType">%%2499</Data>-    <Data Name="Operation">%%2480</Data>-    <Data Name="ReturnCode">0x00000000</Data>-  </EventData>-</Event>- 
10/24/2019,12:26:50,Europe/Madrid,M...,REG,UNKNOWN,Content Modification Time,-,SNAPE-PC,[HKEY_LOCAL_MACHINE\Software\Microsoft\SystemCertificates\Remote Desktop\Cert...,[HKEY_LOCAL_MACHINE\Software\Microsoft\SystemCertificates\Remote Desktop\Certificates\AE9F9170D2C61C8B146BF786AD4E667DBF6DF1E7] Blob: [REG_BINARY],2,OS:/home/sansforensics/Documents/LaboratorioForense/InstanciaSnape/Windows/System32/config/SOFTWARE,28409,-,winreg/winreg_default,sha256_hash: 97bfd74280b72753eb23ca4f238f382d2a605848b8f1c3371246b0c563b5bc20 
10/24/2019,12:27:04,Europe/Madrid,.A..,REG,Registry Key: User Account Information,Last Login Time,slytherin,SNAPE-PC,slytherin RID: 1003,[HKEY_LOCAL_MACHINE\SAM\SAM\Domains\Account\Users] Username: slytherin RID: 1003 Login count: 0,2,OS:/home/sansforensics/Documents/LaboratorioForense/InstanciaSnape/Windows/System32/config/SAM,28403,-,winreg/windows_sam_users,sha256_hash: c978b7a2275f4dbd356e540f3eea6ecc4da7afbc2bb9f7c30c50d09e72383df6 
10/24/2019,12:27:04,Europe/Madrid,M...,EVT,WinEVTX,Content Modification Time,-,SNAPE-PC,[4624 / 0x1210] Strings: ['S-1-0-0'  '-'  '-'  '0x0000000000000000'  'S-1-5-2...,[4624 / 0x1210] Source Name: Microsoft-Windows-Security-Auditing Strings: ['S-1-0-0'  '-'  '-'  '0x0000000000000000'  'S-1-5-21-1889767047-1812109830-4081843715-1003'  'slytherin'  'Snape-PC'  '0x0000000001e42601'  '3'  'NtLmSsp '  'NTLM'  'kali'  '{00000000-0000-0000-0000-000000000000}'  '-'  'NTLM V2'  '128'  '0x0000000000000000'  '-'  '-'  '-'] Computer Name: Snape-PC Record Number: 716 Event Level: 0,2,OS:/home/sansforensics/Documents/LaboratorioForense/InstanciaSnape/Windows/System32/winevt/Logs/Security.evtx,58692,-,winevtx,recovered: False; sha256_hash: e11618c831b656543c1362597a405d06db3d4b66e918e7d61fd91865b89dab85; strings_parsed: {u'source_user_id': u'S-1-0-0'  u'source_user_name': u'-'  u'target_machine_name': u'kali'  u'target_user_id': u'S-1-5-21-1889767047-1812109830-4081843715-1003'  u'target_user_name': u'slytherin'  u'target_machine_ip': u'-'}; xml_string: <Event xmlns="http://schemas.microsoft.com/win/2004/08/events/event">-  <System>-    <Provider Name="Microsoft-Windows-Security-Auditing" Guid="{54849625-5478-4994-A5BA-3E3B0328C30D}"/>-    <EventID>4624</EventID>-    <Version>0</Version>-    <Level>0</Level>-    <Task>12544</Task>-    <Opcode>0</Opcode>-    <Keywords>0x8020000000000000</Keywords>-    <TimeCreated SystemTime="2019-10-24T10:27:04.418707000Z"/>-    <EventRecordID>716</EventRecordID>-    <Correlation/>-    <Execution ProcessID="496" ThreadID="3012"/>-    <Channel>Security</Channel>-    <Computer>Snape-PC</Computer>-    <Security/>-  </System>-  <EventData>-    <Data Name="SubjectUserSid">S-1-0-0</Data>-    <Data Name="SubjectUserName">-</Data>-    <Data Name="SubjectDomainName">-</Data>-    <Data Name="SubjectLogonId">0x0000000000000000</Data>-    <Data Name="TargetUserSid">S-1-5-21-1889767047-1812109830-4081843715-1003</Data>-    <Data Name="TargetUserName">slytherin</Data>-    <Data Name="TargetDomainName">Snape-PC</Data>-    <Data Name="TargetLogonId">0x0000000001e42601</Data>-    <Data Name="LogonType">3</Data>-    <Data Name="LogonProcessName">NtLmSsp </Data>-    <Data Name="AuthenticationPackageName">NTLM</Data>-    <Data Name="WorkstationName">kali</Data>-    <Data Name="LogonGuid">{00000000-0000-0000-0000-000000000000}</Data>-    <Data Name="TransmittedServices">-</Data>-    <Data Name="LmPackageName">NTLM V2</Data>-    <Data Name="KeyLength">128</Data>-    <Data Name="ProcessId">0x0000000000000000</Data>-    <Data Name="ProcessName">-</Data>-    <Data Name="IpAddress">-</Data>-    <Data Name="IpPort">-</Data>-  </EventData>-</Event>- 
10/24/2019,12:27:04,Europe/Madrid,M...,REG,UNKNOWN,Content Modification Time,-,SNAPE-PC,[HKEY_LOCAL_MACHINE\SAM\SAM\Domains\Account\Users\000003EB] F: [REG_BINARY] V...,[HKEY_LOCAL_MACHINE\SAM\SAM\Domains\Account\Users\000003EB] F: [REG_BINARY] V: [REG_BINARY],2,OS:/home/sansforensics/Documents/LaboratorioForense/InstanciaSnape/Windows/System32/config/SAM,28403,-,winreg/winreg_default,sha256_hash: c978b7a2275f4dbd356e540f3eea6ecc4da7afbc2bb9f7c30c50d09e72383df6 
10/24/2019,12:27:04,Europe/Madrid,M...,EVT,WinEVTX,Content Modification Time,-,SNAPE-PC,[4634 / 0x121a] Strings: ['S-1-5-21-1889767047-1812109830-4081843715-1003'  '...,[4634 / 0x121a] Source Name: Microsoft-Windows-Security-Auditing Strings: ['S-1-5-21-1889767047-1812109830-4081843715-1003'  'slytherin'  'Snape-PC'  '0x0000000001e42601'  '3'] Computer Name: Snape-PC Record Number: 717 Event Level: 0,2,OS:/home/sansforensics/Documents/LaboratorioForense/InstanciaSnape/Windows/System32/winevt/Logs/Security.evtx,58692,-,winevtx,recovered: False; sha256_hash: e11618c831b656543c1362597a405d06db3d4b66e918e7d61fd91865b89dab85; strings_parsed: {}; xml_string: <Event xmlns="http://schemas.microsoft.com/win/2004/08/events/event">-  <System>-    <Provider Name="Microsoft-Windows-Security-Auditing" Guid="{54849625-5478-4994-A5BA-3E3B0328C30D}"/>-    <EventID>4634</EventID>-    <Version>0</Version>-    <Level>0</Level>-    <Task>12545</Task>-    <Opcode>0</Opcode>-    <Keywords>0x8020000000000000</Keywords>-    <TimeCreated SystemTime="2019-10-24T10:27:04.449957000Z"/>-    <EventRecordID>717</EventRecordID>-    <Correlation/>-    <Execution ProcessID="496" ThreadID="3012"/>-    <Channel>Security</Channel>-    <Computer>Snape-PC</Computer>-    <Security/>-  </System>-  <EventData>-    <Data Name="TargetUserSid">S-1-5-21-1889767047-1812109830-4081843715-1003</Data>-    <Data Name="TargetUserName">slytherin</Data>-    <Data Name="TargetDomainName">Snape-PC</Data>-    <Data Name="TargetLogonId">0x0000000001e42601</Data>-    <Data Name="LogonType">3</Data>-  </EventData>-</Event>- 
