10/23/2019,18:33:39,Europe/Madrid,M...,EVT,WinEVTX,Content Modification Time,-,SNAPE-PC,[4624 / 0x1210] Strings: ['S-1-0-0'  '-'  '-'  '0x0000000000000000'  'S-1-5-7...,[4624 / 0x1210] Source Name: Microsoft-Windows-Security-Auditing Strings: ['S-1-0-0'  '-'  '-'  '0x0000000000000000'  'S-1-5-7'  'ANONYMOUS LOGON'  'NT AUTHORITY'  '0x0000000001641697'  '3'  'NtLmSsp '  'NTLM'  'nmap'  '{00000000-0000-0000-0000-000000000000}'  '-'  'NTLM V1'  '128'  '0x0000000000000000'  '-'  '10.0.9.6'  '35438'] Computer Name: Snape-PC Record Number: 476 Event Level: 0,2,OS:/home/sansforensics/Documents/LaboratorioForense/InstanciaSnape/Windows/System32/winevt/Logs/Security.evtx,58692,-,winevtx,recovered: False; sha256_hash: e11618c831b656543c1362597a405d06db3d4b66e918e7d61fd91865b89dab85; strings_parsed: {u'source_user_id': u'S-1-0-0'  u'source_user_name': u'-'  u'target_machine_name': u'nmap'  u'target_user_id': u'S-1-5-7'  u'target_user_name': u'ANONYMOUS LOGON'  u'target_machine_ip': u'10.0.9.6'}; xml_string: <Event xmlns="http://schemas.microsoft.com/win/2004/08/events/event">-  <System>-    <Provider Name="Microsoft-Windows-Security-Auditing" Guid="{54849625-5478-4994-A5BA-3E3B0328C30D}"/>-    <EventID>4624</EventID>-    <Version>0</Version>-    <Level>0</Level>-    <Task>12544</Task>-    <Opcode>0</Opcode>-    <Keywords>0x8020000000000000</Keywords>-    <TimeCreated SystemTime="2019-10-23T16:33:39.440627900Z"/>-    <EventRecordID>476</EventRecordID>-    <Correlation/>-    <Execution ProcessID="496" ThreadID="1872"/>-    <Channel>Security</Channel>-    <Computer>Snape-PC</Computer>-    <Security/>-  </System>-  <EventData>-    <Data Name="SubjectUserSid">S-1-0-0</Data>-    <Data Name="SubjectUserName">-</Data>-    <Data Name="SubjectDomainName">-</Data>-    <Data Name="SubjectLogonId">0x0000000000000000</Data>-    <Data Name="TargetUserSid">S-1-5-7</Data>-    <Data Name="TargetUserName">ANONYMOUS LOGON</Data>-    <Data Name="TargetDomainName">NT AUTHORITY</Data>-    <Data Name="TargetLogonId">0x0000000001641697</Data>-    <Data Name="LogonType">3</Data>-    <Data Name="LogonProcessName">NtLmSsp </Data>-    <Data Name="AuthenticationPackageName">NTLM</Data>-    <Data Name="WorkstationName">nmap</Data>-    <Data Name="LogonGuid">{00000000-0000-0000-0000-000000000000}</Data>-    <Data Name="TransmittedServices">-</Data>-    <Data Name="LmPackageName">NTLM V1</Data>-    <Data Name="KeyLength">128</Data>-    <Data Name="ProcessId">0x0000000000000000</Data>-    <Data Name="ProcessName">-</Data>-    <Data Name="IpAddress">10.0.9.6</Data>-    <Data Name="IpPort">35438</Data>-  </EventData>-</Event>-
10/23/2019,18:33:39,Europe/Madrid,M...,EVT,WinEVTX,Content Modification Time,-,SNAPE-PC,[4634 / 0x121a] Strings: ['S-1-5-7'  'ANONYMOUS LOGON'  'NT AUTHORITY'  '0x00...,[4634 / 0x121a] Source Name: Microsoft-Windows-Security-Auditing Strings: ['S-1-5-7'  'ANONYMOUS LOGON'  'NT AUTHORITY'  '0x000000000164168b'  '3'] Computer Name: Snape-PC Record Number: 475 Event Level: 0,2,OS:/home/sansforensics/Documents/LaboratorioForense/InstanciaSnape/Windows/System32/winevt/Logs/Security.evtx,58692,-,winevtx,recovered: False; sha256_hash: e11618c831b656543c1362597a405d06db3d4b66e918e7d61fd91865b89dab85; strings_parsed: {}; xml_string: <Event xmlns="http://schemas.microsoft.com/win/2004/08/events/event">-  <System>-    <Provider Name="Microsoft-Windows-Security-Auditing" Guid="{54849625-5478-4994-A5BA-3E3B0328C30D}"/>-    <EventID>4634</EventID>-    <Version>0</Version>-    <Level>0</Level>-    <Task>12545</Task>-    <Opcode>0</Opcode>-    <Keywords>0x8020000000000000</Keywords>-    <TimeCreated SystemTime="2019-10-23T16:33:39.440627900Z"/>-    <EventRecordID>475</EventRecordID>-    <Correlation/>-    <Execution ProcessID="496" ThreadID="1872"/>-    <Channel>Security</Channel>-    <Computer>Snape-PC</Computer>-    <Security/>-  </System>-  <EventData>-    <Data Name="TargetUserSid">S-1-5-7</Data>-    <Data Name="TargetUserName">ANONYMOUS LOGON</Data>-    <Data Name="TargetDomainName">NT AUTHORITY</Data>-    <Data Name="TargetLogonId">0x000000000164168b</Data>-    <Data Name="LogonType">3</Data>-  </EventData>-</Event>-
10/23/2019,18:33:39,Europe/Madrid,M...,EVT,WinEVTX,Content Modification Time,-,SNAPE-PC,[4634 / 0x121a] Strings: ['S-1-5-7'  'ANONYMOUS LOGON'  'NT AUTHORITY'  '0x00...,[4634 / 0x121a] Source Name: Microsoft-Windows-Security-Auditing Strings: ['S-1-5-7'  'ANONYMOUS LOGON'  'NT AUTHORITY'  '0x0000000001641697'  '3'] Computer Name: Snape-PC Record Number: 477 Event Level: 0,2,OS:/home/sansforensics/Documents/LaboratorioForense/InstanciaSnape/Windows/System32/winevt/Logs/Security.evtx,58692,-,winevtx,recovered: False; sha256_hash: e11618c831b656543c1362597a405d06db3d4b66e918e7d61fd91865b89dab85; strings_parsed: {}; xml_string: <Event xmlns="http://schemas.microsoft.com/win/2004/08/events/event">-  <System>-    <Provider Name="Microsoft-Windows-Security-Auditing" Guid="{54849625-5478-4994-A5BA-3E3B0328C30D}"/>-    <EventID>4634</EventID>-    <Version>0</Version>-    <Level>0</Level>-    <Task>12545</Task>-    <Opcode>0</Opcode>-    <Keywords>0x8020000000000000</Keywords>-    <TimeCreated SystemTime="2019-10-23T16:33:39.440627900Z"/>-    <EventRecordID>477</EventRecordID>-    <Correlation/>-    <Execution ProcessID="496" ThreadID="1872"/>-    <Channel>Security</Channel>-    <Computer>Snape-PC</Computer>-    <Security/>-  </System>-  <EventData>-    <Data Name="TargetUserSid">S-1-5-7</Data>-    <Data Name="TargetUserName">ANONYMOUS LOGON</Data>-    <Data Name="TargetDomainName">NT AUTHORITY</Data>-    <Data Name="TargetLogonId">0x0000000001641697</Data>-    <Data Name="LogonType">3</Data>-  </EventData>-</Event>-
10/23/2019,18:33:39,Europe/Madrid,M...,EVT,WinEVTX,Content Modification Time,-,SNAPE-PC,[4624 / 0x1210] Strings: ['S-1-0-0'  '-'  '-'  '0x0000000000000000'  'S-1-5-7...,[4624 / 0x1210] Source Name: Microsoft-Windows-Security-Auditing Strings: ['S-1-0-0'  '-'  '-'  '0x0000000000000000'  'S-1-5-7'  'ANONYMOUS LOGON'  'NT AUTHORITY'  '0x00000000016416a3'  '3'  'NtLmSsp '  'NTLM'  'nmap'  '{00000000-0000-0000-0000-000000000000}'  '-'  'NTLM V1'  '128'  '0x0000000000000000'  '-'  '10.0.9.6'  '35440'] Computer Name: Snape-PC Record Number: 478 Event Level: 0,2,OS:/home/sansforensics/Documents/LaboratorioForense/InstanciaSnape/Windows/System32/winevt/Logs/Security.evtx,58692,-,winevtx,recovered: False; sha256_hash: e11618c831b656543c1362597a405d06db3d4b66e918e7d61fd91865b89dab85; strings_parsed: {u'source_user_id': u'S-1-0-0'  u'source_user_name': u'-'  u'target_machine_name': u'nmap'  u'target_user_id': u'S-1-5-7'  u'target_user_name': u'ANONYMOUS LOGON'  u'target_machine_ip': u'10.0.9.6'}; xml_string: <Event xmlns="http://schemas.microsoft.com/win/2004/08/events/event">-  <System>-    <Provider Name="Microsoft-Windows-Security-Auditing" Guid="{54849625-5478-4994-A5BA-3E3B0328C30D}"/>-    <EventID>4624</EventID>-    <Version>0</Version>-    <Level>0</Level>-    <Task>12544</Task>-    <Opcode>0</Opcode>-    <Keywords>0x8020000000000000</Keywords>-    <TimeCreated SystemTime="2019-10-23T16:33:39.456252900Z"/>-    <EventRecordID>478</EventRecordID>-    <Correlation/>-    <Execution ProcessID="496" ThreadID="1872"/>-    <Channel>Security</Channel>-    <Computer>Snape-PC</Computer>-    <Security/>-  </System>-  <EventData>-    <Data Name="SubjectUserSid">S-1-0-0</Data>-    <Data Name="SubjectUserName">-</Data>-    <Data Name="SubjectDomainName">-</Data>-    <Data Name="SubjectLogonId">0x0000000000000000</Data>-    <Data Name="TargetUserSid">S-1-5-7</Data>-    <Data Name="TargetUserName">ANONYMOUS LOGON</Data>-    <Data Name="TargetDomainName">NT AUTHORITY</Data>-    <Data Name="TargetLogonId">0x00000000016416a3</Data>-    <Data Name="LogonType">3</Data>-    <Data Name="LogonProcessName">NtLmSsp </Data>-    <Data Name="AuthenticationPackageName">NTLM</Data>-    <Data Name="WorkstationName">nmap</Data>-    <Data Name="LogonGuid">{00000000-0000-0000-0000-000000000000}</Data>-    <Data Name="TransmittedServices">-</Data>-    <Data Name="LmPackageName">NTLM V1</Data>-    <Data Name="KeyLength">128</Data>-    <Data Name="ProcessId">0x0000000000000000</Data>-    <Data Name="ProcessName">-</Data>-    <Data Name="IpAddress">10.0.9.6</Data>-    <Data Name="IpPort">35440</Data>-  </EventData>-</Event>-
10/23/2019,18:33:39,Europe/Madrid,M...,EVT,WinEVTX,Content Modification Time,-,SNAPE-PC,[4634 / 0x121a] Strings: ['S-1-5-7'  'ANONYMOUS LOGON'  'NT AUTHORITY'  '0x00...,[4634 / 0x121a] Source Name: Microsoft-Windows-Security-Auditing Strings: ['S-1-5-7'  'ANONYMOUS LOGON'  'NT AUTHORITY'  '0x00000000016416a3'  '3'] Computer Name: Snape-PC Record Number: 479 Event Level: 0,2,OS:/home/sansforensics/Documents/LaboratorioForense/InstanciaSnape/Windows/System32/winevt/Logs/Security.evtx,58692,-,winevtx,recovered: False; sha256_hash: e11618c831b656543c1362597a405d06db3d4b66e918e7d61fd91865b89dab85; strings_parsed: {}; xml_string: <Event xmlns="http://schemas.microsoft.com/win/2004/08/events/event">-  <System>-    <Provider Name="Microsoft-Windows-Security-Auditing" Guid="{54849625-5478-4994-A5BA-3E3B0328C30D}"/>-    <EventID>4634</EventID>-    <Version>0</Version>-    <Level>0</Level>-    <Task>12545</Task>-    <Opcode>0</Opcode>-    <Keywords>0x8020000000000000</Keywords>-    <TimeCreated SystemTime="2019-10-23T16:33:39.456252900Z"/>-    <EventRecordID>479</EventRecordID>-    <Correlation/>-    <Execution ProcessID="496" ThreadID="1872"/>-    <Channel>Security</Channel>-    <Computer>Snape-PC</Computer>-    <Security/>-  </System>-  <EventData>-    <Data Name="TargetUserSid">S-1-5-7</Data>-    <Data Name="TargetUserName">ANONYMOUS LOGON</Data>-    <Data Name="TargetDomainName">NT AUTHORITY</Data>-    <Data Name="TargetLogonId">0x00000000016416a3</Data>-    <Data Name="LogonType">3</Data>-  </EventData>-</Event>-
10/23/2019,18:33:39,Europe/Madrid,M...,EVT,WinEVTX,Content Modification Time,-,SNAPE-PC,[4624 / 0x1210] Strings: ['S-1-0-0'  '-'  '-'  '0x0000000000000000'  'S-1-5-7...,[4624 / 0x1210] Source Name: Microsoft-Windows-Security-Auditing Strings: ['S-1-0-0'  '-'  '-'  '0x0000000000000000'  'S-1-5-7'  'ANONYMOUS LOGON'  'NT AUTHORITY'  '0x00000000016416af'  '3'  'NtLmSsp '  'NTLM'  'nmap'  '{00000000-0000-0000-0000-000000000000}'  '-'  'NTLM V1'  '128'  '0x0000000000000000'  '-'  '10.0.9.6'  '35442'] Computer Name: Snape-PC Record Number: 480 Event Level: 0,2,OS:/home/sansforensics/Documents/LaboratorioForense/InstanciaSnape/Windows/System32/winevt/Logs/Security.evtx,58692,-,winevtx,recovered: False; sha256_hash: e11618c831b656543c1362597a405d06db3d4b66e918e7d61fd91865b89dab85; strings_parsed: {u'source_user_id': u'S-1-0-0'  u'source_user_name': u'-'  u'target_machine_name': u'nmap'  u'target_user_id': u'S-1-5-7'  u'target_user_name': u'ANONYMOUS LOGON'  u'target_machine_ip': u'10.0.9.6'}; xml_string: <Event xmlns="http://schemas.microsoft.com/win/2004/08/events/event">-  <System>-    <Provider Name="Microsoft-Windows-Security-Auditing" Guid="{54849625-5478-4994-A5BA-3E3B0328C30D}"/>-    <EventID>4624</EventID>-    <Version>0</Version>-    <Level>0</Level>-    <Task>12544</Task>-    <Opcode>0</Opcode>-    <Keywords>0x8020000000000000</Keywords>-    <TimeCreated SystemTime="2019-10-23T16:33:39.471877900Z"/>-    <EventRecordID>480</EventRecordID>-    <Correlation/>-    <Execution ProcessID="496" ThreadID="1872"/>-    <Channel>Security</Channel>-    <Computer>Snape-PC</Computer>-    <Security/>-  </System>-  <EventData>-    <Data Name="SubjectUserSid">S-1-0-0</Data>-    <Data Name="SubjectUserName">-</Data>-    <Data Name="SubjectDomainName">-</Data>-    <Data Name="SubjectLogonId">0x0000000000000000</Data>-    <Data Name="TargetUserSid">S-1-5-7</Data>-    <Data Name="TargetUserName">ANONYMOUS LOGON</Data>-    <Data Name="TargetDomainName">NT AUTHORITY</Data>-    <Data Name="TargetLogonId">0x00000000016416af</Data>-    <Data Name="LogonType">3</Data>-    <Data Name="LogonProcessName">NtLmSsp </Data>-    <Data Name="AuthenticationPackageName">NTLM</Data>-    <Data Name="WorkstationName">nmap</Data>-    <Data Name="LogonGuid">{00000000-0000-0000-0000-000000000000}</Data>-    <Data Name="TransmittedServices">-</Data>-    <Data Name="LmPackageName">NTLM V1</Data>-    <Data Name="KeyLength">128</Data>-    <Data Name="ProcessId">0x0000000000000000</Data>-    <Data Name="ProcessName">-</Data>-    <Data Name="IpAddress">10.0.9.6</Data>-    <Data Name="IpPort">35442</Data>-  </EventData>-</Event>-
10/23/2019,18:33:39,Europe/Madrid,M...,EVT,WinEVTX,Content Modification Time,-,SNAPE-PC,[4624 / 0x1210] Strings: ['S-1-0-0'  '-'  '-'  '0x0000000000000000'  'S-1-5-7...,[4624 / 0x1210] Source Name: Microsoft-Windows-Security-Auditing Strings: ['S-1-0-0'  '-'  '-'  '0x0000000000000000'  'S-1-5-7'  'ANONYMOUS LOGON'  'NT AUTHORITY'  '0x00000000016416bb'  '3'  'NtLmSsp '  'NTLM'  'nmap'  '{00000000-0000-0000-0000-000000000000}'  '-'  'NTLM V1'  '128'  '0x0000000000000000'  '-'  '10.0.9.6'  '35444'] Computer Name: Snape-PC Record Number: 482 Event Level: 0,2,OS:/home/sansforensics/Documents/LaboratorioForense/InstanciaSnape/Windows/System32/winevt/Logs/Security.evtx,58692,-,winevtx,recovered: False; sha256_hash: e11618c831b656543c1362597a405d06db3d4b66e918e7d61fd91865b89dab85; strings_parsed: {u'source_user_id': u'S-1-0-0'  u'source_user_name': u'-'  u'target_machine_name': u'nmap'  u'target_user_id': u'S-1-5-7'  u'target_user_name': u'ANONYMOUS LOGON'  u'target_machine_ip': u'10.0.9.6'}; xml_string: <Event xmlns="http://schemas.microsoft.com/win/2004/08/events/event">-  <System>-    <Provider Name="Microsoft-Windows-Security-Auditing" Guid="{54849625-5478-4994-A5BA-3E3B0328C30D}"/>-    <EventID>4624</EventID>-    <Version>0</Version>-    <Level>0</Level>-    <Task>12544</Task>-    <Opcode>0</Opcode>-    <Keywords>0x8020000000000000</Keywords>-    <TimeCreated SystemTime="2019-10-23T16:33:39.471877900Z"/>-    <EventRecordID>482</EventRecordID>-    <Correlation/>-    <Execution ProcessID="496" ThreadID="1872"/>-    <Channel>Security</Channel>-    <Computer>Snape-PC</Computer>-    <Security/>-  </System>-  <EventData>-    <Data Name="SubjectUserSid">S-1-0-0</Data>-    <Data Name="SubjectUserName">-</Data>-    <Data Name="SubjectDomainName">-</Data>-    <Data Name="SubjectLogonId">0x0000000000000000</Data>-    <Data Name="TargetUserSid">S-1-5-7</Data>-    <Data Name="TargetUserName">ANONYMOUS LOGON</Data>-    <Data Name="TargetDomainName">NT AUTHORITY</Data>-    <Data Name="TargetLogonId">0x00000000016416bb</Data>-    <Data Name="LogonType">3</Data>-    <Data Name="LogonProcessName">NtLmSsp </Data>-    <Data Name="AuthenticationPackageName">NTLM</Data>-    <Data Name="WorkstationName">nmap</Data>-    <Data Name="LogonGuid">{00000000-0000-0000-0000-000000000000}</Data>-    <Data Name="TransmittedServices">-</Data>-    <Data Name="LmPackageName">NTLM V1</Data>-    <Data Name="KeyLength">128</Data>-    <Data Name="ProcessId">0x0000000000000000</Data>-    <Data Name="ProcessName">-</Data>-    <Data Name="IpAddress">10.0.9.6</Data>-    <Data Name="IpPort">35444</Data>-  </EventData>-</Event>-
10/23/2019,18:33:39,Europe/Madrid,M...,EVT,WinEVTX,Content Modification Time,-,SNAPE-PC,[4624 / 0x1210] Strings: ['S-1-0-0'  '-'  '-'  '0x0000000000000000'  'S-1-5-7...,[4624 / 0x1210] Source Name: Microsoft-Windows-Security-Auditing Strings: ['S-1-0-0'  '-'  '-'  '0x0000000000000000'  'S-1-5-7'  'ANONYMOUS LOGON'  'NT AUTHORITY'  '0x00000000016416c7'  '3'  'NtLmSsp '  'NTLM'  'nmap'  '{00000000-0000-0000-0000-000000000000}'  '-'  'NTLM V1'  '128'  '0x0000000000000000'  '-'  '10.0.9.6'  '35446'] Computer Name: Snape-PC Record Number: 484 Event Level: 0,2,OS:/home/sansforensics/Documents/LaboratorioForense/InstanciaSnape/Windows/System32/winevt/Logs/Security.evtx,58692,-,winevtx,recovered: False; sha256_hash: e11618c831b656543c1362597a405d06db3d4b66e918e7d61fd91865b89dab85; strings_parsed: {u'source_user_id': u'S-1-0-0'  u'source_user_name': u'-'  u'target_machine_name': u'nmap'  u'target_user_id': u'S-1-5-7'  u'target_user_name': u'ANONYMOUS LOGON'  u'target_machine_ip': u'10.0.9.6'}; xml_string: <Event xmlns="http://schemas.microsoft.com/win/2004/08/events/event">-  <System>-    <Provider Name="Microsoft-Windows-Security-Auditing" Guid="{54849625-5478-4994-A5BA-3E3B0328C30D}"/>-    <EventID>4624</EventID>-    <Version>0</Version>-    <Level>0</Level>-    <Task>12544</Task>-    <Opcode>0</Opcode>-    <Keywords>0x8020000000000000</Keywords>-    <TimeCreated SystemTime="2019-10-23T16:33:39.471877900Z"/>-    <EventRecordID>484</EventRecordID>-    <Correlation/>-    <Execution ProcessID="496" ThreadID="1872"/>-    <Channel>Security</Channel>-    <Computer>Snape-PC</Computer>-    <Security/>-  </System>-  <EventData>-    <Data Name="SubjectUserSid">S-1-0-0</Data>-    <Data Name="SubjectUserName">-</Data>-    <Data Name="SubjectDomainName">-</Data>-    <Data Name="SubjectLogonId">0x0000000000000000</Data>-    <Data Name="TargetUserSid">S-1-5-7</Data>-    <Data Name="TargetUserName">ANONYMOUS LOGON</Data>-    <Data Name="TargetDomainName">NT AUTHORITY</Data>-    <Data Name="TargetLogonId">0x00000000016416c7</Data>-    <Data Name="LogonType">3</Data>-    <Data Name="LogonProcessName">NtLmSsp </Data>-    <Data Name="AuthenticationPackageName">NTLM</Data>-    <Data Name="WorkstationName">nmap</Data>-    <Data Name="LogonGuid">{00000000-0000-0000-0000-000000000000}</Data>-    <Data Name="TransmittedServices">-</Data>-    <Data Name="LmPackageName">NTLM V1</Data>-    <Data Name="KeyLength">128</Data>-    <Data Name="ProcessId">0x0000000000000000</Data>-    <Data Name="ProcessName">-</Data>-    <Data Name="IpAddress">10.0.9.6</Data>-    <Data Name="IpPort">35446</Data>-  </EventData>-</Event>-
10/23/2019,18:33:39,Europe/Madrid,M...,EVT,WinEVTX,Content Modification Time,-,SNAPE-PC,[4634 / 0x121a] Strings: ['S-1-5-7'  'ANONYMOUS LOGON'  'NT AUTHORITY'  '0x00...,[4634 / 0x121a] Source Name: Microsoft-Windows-Security-Auditing Strings: ['S-1-5-7'  'ANONYMOUS LOGON'  'NT AUTHORITY'  '0x00000000016416af'  '3'] Computer Name: Snape-PC Record Number: 481 Event Level: 0,2,OS:/home/sansforensics/Documents/LaboratorioForense/InstanciaSnape/Windows/System32/winevt/Logs/Security.evtx,58692,-,winevtx,recovered: False; sha256_hash: e11618c831b656543c1362597a405d06db3d4b66e918e7d61fd91865b89dab85; strings_parsed: {}; xml_string: <Event xmlns="http://schemas.microsoft.com/win/2004/08/events/event">-  <System>-    <Provider Name="Microsoft-Windows-Security-Auditing" Guid="{54849625-5478-4994-A5BA-3E3B0328C30D}"/>-    <EventID>4634</EventID>-    <Version>0</Version>-    <Level>0</Level>-    <Task>12545</Task>-    <Opcode>0</Opcode>-    <Keywords>0x8020000000000000</Keywords>-    <TimeCreated SystemTime="2019-10-23T16:33:39.471877900Z"/>-    <EventRecordID>481</EventRecordID>-    <Correlation/>-    <Execution ProcessID="496" ThreadID="1872"/>-    <Channel>Security</Channel>-    <Computer>Snape-PC</Computer>-    <Security/>-  </System>-  <EventData>-    <Data Name="TargetUserSid">S-1-5-7</Data>-    <Data Name="TargetUserName">ANONYMOUS LOGON</Data>-    <Data Name="TargetDomainName">NT AUTHORITY</Data>-    <Data Name="TargetLogonId">0x00000000016416af</Data>-    <Data Name="LogonType">3</Data>-  </EventData>-</Event>-
10/23/2019,18:33:39,Europe/Madrid,M...,EVT,WinEVTX,Content Modification Time,-,SNAPE-PC,[4634 / 0x121a] Strings: ['S-1-5-7'  'ANONYMOUS LOGON'  'NT AUTHORITY'  '0x00...,[4634 / 0x121a] Source Name: Microsoft-Windows-Security-Auditing Strings: ['S-1-5-7'  'ANONYMOUS LOGON'  'NT AUTHORITY'  '0x00000000016416bb'  '3'] Computer Name: Snape-PC Record Number: 483 Event Level: 0,2,OS:/home/sansforensics/Documents/LaboratorioForense/InstanciaSnape/Windows/System32/winevt/Logs/Security.evtx,58692,-,winevtx,recovered: False; sha256_hash: e11618c831b656543c1362597a405d06db3d4b66e918e7d61fd91865b89dab85; strings_parsed: {}; xml_string: <Event xmlns="http://schemas.microsoft.com/win/2004/08/events/event">-  <System>-    <Provider Name="Microsoft-Windows-Security-Auditing" Guid="{54849625-5478-4994-A5BA-3E3B0328C30D}"/>-    <EventID>4634</EventID>-    <Version>0</Version>-    <Level>0</Level>-    <Task>12545</Task>-    <Opcode>0</Opcode>-    <Keywords>0x8020000000000000</Keywords>-    <TimeCreated SystemTime="2019-10-23T16:33:39.471877900Z"/>-    <EventRecordID>483</EventRecordID>-    <Correlation/>-    <Execution ProcessID="496" ThreadID="1872"/>-    <Channel>Security</Channel>-    <Computer>Snape-PC</Computer>-    <Security/>-  </System>-  <EventData>-    <Data Name="TargetUserSid">S-1-5-7</Data>-    <Data Name="TargetUserName">ANONYMOUS LOGON</Data>-    <Data Name="TargetDomainName">NT AUTHORITY</Data>-    <Data Name="TargetLogonId">0x00000000016416bb</Data>-    <Data Name="LogonType">3</Data>-  </EventData>-</Event>-
10/23/2019,18:33:39,Europe/Madrid,M...,EVT,WinEVTX,Content Modification Time,-,SNAPE-PC,[4634 / 0x121a] Strings: ['S-1-5-7'  'ANONYMOUS LOGON'  'NT AUTHORITY'  '0x00...,[4634 / 0x121a] Source Name: Microsoft-Windows-Security-Auditing Strings: ['S-1-5-7'  'ANONYMOUS LOGON'  'NT AUTHORITY'  '0x00000000016416c7'  '3'] Computer Name: Snape-PC Record Number: 485 Event Level: 0,2,OS:/home/sansforensics/Documents/LaboratorioForense/InstanciaSnape/Windows/System32/winevt/Logs/Security.evtx,58692,-,winevtx,recovered: False; sha256_hash: e11618c831b656543c1362597a405d06db3d4b66e918e7d61fd91865b89dab85; strings_parsed: {}; xml_string: <Event xmlns="http://schemas.microsoft.com/win/2004/08/events/event">-  <System>-    <Provider Name="Microsoft-Windows-Security-Auditing" Guid="{54849625-5478-4994-A5BA-3E3B0328C30D}"/>-    <EventID>4634</EventID>-    <Version>0</Version>-    <Level>0</Level>-    <Task>12545</Task>-    <Opcode>0</Opcode>-    <Keywords>0x8020000000000000</Keywords>-    <TimeCreated SystemTime="2019-10-23T16:33:39.471877900Z"/>-    <EventRecordID>485</EventRecordID>-    <Correlation/>-    <Execution ProcessID="496" ThreadID="1872"/>-    <Channel>Security</Channel>-    <Computer>Snape-PC</Computer>-    <Security/>-  </System>-  <EventData>-    <Data Name="TargetUserSid">S-1-5-7</Data>-    <Data Name="TargetUserName">ANONYMOUS LOGON</Data>-    <Data Name="TargetDomainName">NT AUTHORITY</Data>-    <Data Name="TargetLogonId">0x00000000016416c7</Data>-    <Data Name="LogonType">3</Data>-  </EventData>-</Event>-
10/23/2019,18:33:39,Europe/Madrid,M...,EVT,WinEVTX,Content Modification Time,-,SNAPE-PC,[4624 / 0x1210] Strings: ['S-1-0-0'  '-'  '-'  '0x0000000000000000'  'S-1-5-7...,[4624 / 0x1210] Source Name: Microsoft-Windows-Security-Auditing Strings: ['S-1-0-0'  '-'  '-'  '0x0000000000000000'  'S-1-5-7'  'ANONYMOUS LOGON'  'NT AUTHORITY'  '0x00000000016416d3'  '3'  'NtLmSsp '  'NTLM'  'nmap'  '{00000000-0000-0000-0000-000000000000}'  '-'  'NTLM V1'  '128'  '0x0000000000000000'  '-'  '10.0.9.6'  '35448'] Computer Name: Snape-PC Record Number: 486 Event Level: 0,2,OS:/home/sansforensics/Documents/LaboratorioForense/InstanciaSnape/Windows/System32/winevt/Logs/Security.evtx,58692,-,winevtx,recovered: False; sha256_hash: e11618c831b656543c1362597a405d06db3d4b66e918e7d61fd91865b89dab85; strings_parsed: {u'source_user_id': u'S-1-0-0'  u'source_user_name': u'-'  u'target_machine_name': u'nmap'  u'target_user_id': u'S-1-5-7'  u'target_user_name': u'ANONYMOUS LOGON'  u'target_machine_ip': u'10.0.9.6'}; xml_string: <Event xmlns="http://schemas.microsoft.com/win/2004/08/events/event">-  <System>-    <Provider Name="Microsoft-Windows-Security-Auditing" Guid="{54849625-5478-4994-A5BA-3E3B0328C30D}"/>-    <EventID>4624</EventID>-    <Version>0</Version>-    <Level>0</Level>-    <Task>12544</Task>-    <Opcode>0</Opcode>-    <Keywords>0x8020000000000000</Keywords>-    <TimeCreated SystemTime="2019-10-23T16:33:39.487502900Z"/>-    <EventRecordID>486</EventRecordID>-    <Correlation/>-    <Execution ProcessID="496" ThreadID="1872"/>-    <Channel>Security</Channel>-    <Computer>Snape-PC</Computer>-    <Security/>-  </System>-  <EventData>-    <Data Name="SubjectUserSid">S-1-0-0</Data>-    <Data Name="SubjectUserName">-</Data>-    <Data Name="SubjectDomainName">-</Data>-    <Data Name="SubjectLogonId">0x0000000000000000</Data>-    <Data Name="TargetUserSid">S-1-5-7</Data>-    <Data Name="TargetUserName">ANONYMOUS LOGON</Data>-    <Data Name="TargetDomainName">NT AUTHORITY</Data>-    <Data Name="TargetLogonId">0x00000000016416d3</Data>-    <Data Name="LogonType">3</Data>-    <Data Name="LogonProcessName">NtLmSsp </Data>-    <Data Name="AuthenticationPackageName">NTLM</Data>-    <Data Name="WorkstationName">nmap</Data>-    <Data Name="LogonGuid">{00000000-0000-0000-0000-000000000000}</Data>-    <Data Name="TransmittedServices">-</Data>-    <Data Name="LmPackageName">NTLM V1</Data>-    <Data Name="KeyLength">128</Data>-    <Data Name="ProcessId">0x0000000000000000</Data>-    <Data Name="ProcessName">-</Data>-    <Data Name="IpAddress">10.0.9.6</Data>-    <Data Name="IpPort">35448</Data>-  </EventData>-</Event>-
10/23/2019,18:33:39,Europe/Madrid,M...,EVT,WinEVTX,Content Modification Time,-,SNAPE-PC,[4624 / 0x1210] Strings: ['S-1-0-0'  '-'  '-'  '0x0000000000000000'  'S-1-5-7...,[4624 / 0x1210] Source Name: Microsoft-Windows-Security-Auditing Strings: ['S-1-0-0'  '-'  '-'  '0x0000000000000000'  'S-1-5-7'  'ANONYMOUS LOGON'  'NT AUTHORITY'  '0x00000000016416df'  '3'  'NtLmSsp '  'NTLM'  'nmap'  '{00000000-0000-0000-0000-000000000000}'  '-'  'NTLM V1'  '128'  '0x0000000000000000'  '-'  '10.0.9.6'  '35450'] Computer Name: Snape-PC Record Number: 488 Event Level: 0,2,OS:/home/sansforensics/Documents/LaboratorioForense/InstanciaSnape/Windows/System32/winevt/Logs/Security.evtx,58692,-,winevtx,recovered: False; sha256_hash: e11618c831b656543c1362597a405d06db3d4b66e918e7d61fd91865b89dab85; strings_parsed: {u'source_user_id': u'S-1-0-0'  u'source_user_name': u'-'  u'target_machine_name': u'nmap'  u'target_user_id': u'S-1-5-7'  u'target_user_name': u'ANONYMOUS LOGON'  u'target_machine_ip': u'10.0.9.6'}; xml_string: <Event xmlns="http://schemas.microsoft.com/win/2004/08/events/event">-  <System>-    <Provider Name="Microsoft-Windows-Security-Auditing" Guid="{54849625-5478-4994-A5BA-3E3B0328C30D}"/>-    <EventID>4624</EventID>-    <Version>0</Version>-    <Level>0</Level>-    <Task>12544</Task>-    <Opcode>0</Opcode>-    <Keywords>0x8020000000000000</Keywords>-    <TimeCreated SystemTime="2019-10-23T16:33:39.487502900Z"/>-    <EventRecordID>488</EventRecordID>-    <Correlation/>-    <Execution ProcessID="496" ThreadID="1872"/>-    <Channel>Security</Channel>-    <Computer>Snape-PC</Computer>-    <Security/>-  </System>-  <EventData>-    <Data Name="SubjectUserSid">S-1-0-0</Data>-    <Data Name="SubjectUserName">-</Data>-    <Data Name="SubjectDomainName">-</Data>-    <Data Name="SubjectLogonId">0x0000000000000000</Data>-    <Data Name="TargetUserSid">S-1-5-7</Data>-    <Data Name="TargetUserName">ANONYMOUS LOGON</Data>-    <Data Name="TargetDomainName">NT AUTHORITY</Data>-    <Data Name="TargetLogonId">0x00000000016416df</Data>-    <Data Name="LogonType">3</Data>-    <Data Name="LogonProcessName">NtLmSsp </Data>-    <Data Name="AuthenticationPackageName">NTLM</Data>-    <Data Name="WorkstationName">nmap</Data>-    <Data Name="LogonGuid">{00000000-0000-0000-0000-000000000000}</Data>-    <Data Name="TransmittedServices">-</Data>-    <Data Name="LmPackageName">NTLM V1</Data>-    <Data Name="KeyLength">128</Data>-    <Data Name="ProcessId">0x0000000000000000</Data>-    <Data Name="ProcessName">-</Data>-    <Data Name="IpAddress">10.0.9.6</Data>-    <Data Name="IpPort">35450</Data>-  </EventData>-</Event>-
10/23/2019,18:33:39,Europe/Madrid,M...,EVT,WinEVTX,Content Modification Time,-,SNAPE-PC,[4624 / 0x1210] Strings: ['S-1-0-0'  '-'  '-'  '0x0000000000000000'  'S-1-5-7...,[4624 / 0x1210] Source Name: Microsoft-Windows-Security-Auditing Strings: ['S-1-0-0'  '-'  '-'  '0x0000000000000000'  'S-1-5-7'  'ANONYMOUS LOGON'  'NT AUTHORITY'  '0x00000000016416eb'  '3'  'NtLmSsp '  'NTLM'  'nmap'  '{00000000-0000-0000-0000-000000000000}'  '-'  'NTLM V1'  '128'  '0x0000000000000000'  '-'  '10.0.9.6'  '35452'] Computer Name: Snape-PC Record Number: 490 Event Level: 0,2,OS:/home/sansforensics/Documents/LaboratorioForense/InstanciaSnape/Windows/System32/winevt/Logs/Security.evtx,58692,-,winevtx,recovered: False; sha256_hash: e11618c831b656543c1362597a405d06db3d4b66e918e7d61fd91865b89dab85; strings_parsed: {u'source_user_id': u'S-1-0-0'  u'source_user_name': u'-'  u'target_machine_name': u'nmap'  u'target_user_id': u'S-1-5-7'  u'target_user_name': u'ANONYMOUS LOGON'  u'target_machine_ip': u'10.0.9.6'}; xml_string: <Event xmlns="http://schemas.microsoft.com/win/2004/08/events/event">-  <System>-    <Provider Name="Microsoft-Windows-Security-Auditing" Guid="{54849625-5478-4994-A5BA-3E3B0328C30D}"/>-    <EventID>4624</EventID>-    <Version>0</Version>-    <Level>0</Level>-    <Task>12544</Task>-    <Opcode>0</Opcode>-    <Keywords>0x8020000000000000</Keywords>-    <TimeCreated SystemTime="2019-10-23T16:33:39.487502900Z"/>-    <EventRecordID>490</EventRecordID>-    <Correlation/>-    <Execution ProcessID="496" ThreadID="1872"/>-    <Channel>Security</Channel>-    <Computer>Snape-PC</Computer>-    <Security/>-  </System>-  <EventData>-    <Data Name="SubjectUserSid">S-1-0-0</Data>-    <Data Name="SubjectUserName">-</Data>-    <Data Name="SubjectDomainName">-</Data>-    <Data Name="SubjectLogonId">0x0000000000000000</Data>-    <Data Name="TargetUserSid">S-1-5-7</Data>-    <Data Name="TargetUserName">ANONYMOUS LOGON</Data>-    <Data Name="TargetDomainName">NT AUTHORITY</Data>-    <Data Name="TargetLogonId">0x00000000016416eb</Data>-    <Data Name="LogonType">3</Data>-    <Data Name="LogonProcessName">NtLmSsp </Data>-    <Data Name="AuthenticationPackageName">NTLM</Data>-    <Data Name="WorkstationName">nmap</Data>-    <Data Name="LogonGuid">{00000000-0000-0000-0000-000000000000}</Data>-    <Data Name="TransmittedServices">-</Data>-    <Data Name="LmPackageName">NTLM V1</Data>-    <Data Name="KeyLength">128</Data>-    <Data Name="ProcessId">0x0000000000000000</Data>-    <Data Name="ProcessName">-</Data>-    <Data Name="IpAddress">10.0.9.6</Data>-    <Data Name="IpPort">35452</Data>-  </EventData>-</Event>-
10/23/2019,18:33:39,Europe/Madrid,M...,EVT,WinEVTX,Content Modification Time,-,SNAPE-PC,[4634 / 0x121a] Strings: ['S-1-5-7'  'ANONYMOUS LOGON'  'NT AUTHORITY'  '0x00...,[4634 / 0x121a] Source Name: Microsoft-Windows-Security-Auditing Strings: ['S-1-5-7'  'ANONYMOUS LOGON'  'NT AUTHORITY'  '0x00000000016416d3'  '3'] Computer Name: Snape-PC Record Number: 487 Event Level: 0,2,OS:/home/sansforensics/Documents/LaboratorioForense/InstanciaSnape/Windows/System32/winevt/Logs/Security.evtx,58692,-,winevtx,recovered: False; sha256_hash: e11618c831b656543c1362597a405d06db3d4b66e918e7d61fd91865b89dab85; strings_parsed: {}; xml_string: <Event xmlns="http://schemas.microsoft.com/win/2004/08/events/event">-  <System>-    <Provider Name="Microsoft-Windows-Security-Auditing" Guid="{54849625-5478-4994-A5BA-3E3B0328C30D}"/>-    <EventID>4634</EventID>-    <Version>0</Version>-    <Level>0</Level>-    <Task>12545</Task>-    <Opcode>0</Opcode>-    <Keywords>0x8020000000000000</Keywords>-    <TimeCreated SystemTime="2019-10-23T16:33:39.487502900Z"/>-    <EventRecordID>487</EventRecordID>-    <Correlation/>-    <Execution ProcessID="496" ThreadID="1872"/>-    <Channel>Security</Channel>-    <Computer>Snape-PC</Computer>-    <Security/>-  </System>-  <EventData>-    <Data Name="TargetUserSid">S-1-5-7</Data>-    <Data Name="TargetUserName">ANONYMOUS LOGON</Data>-    <Data Name="TargetDomainName">NT AUTHORITY</Data>-    <Data Name="TargetLogonId">0x00000000016416d3</Data>-    <Data Name="LogonType">3</Data>-  </EventData>-</Event>-
10/23/2019,18:33:39,Europe/Madrid,M...,EVT,WinEVTX,Content Modification Time,-,SNAPE-PC,[4634 / 0x121a] Strings: ['S-1-5-7'  'ANONYMOUS LOGON'  'NT AUTHORITY'  '0x00...,[4634 / 0x121a] Source Name: Microsoft-Windows-Security-Auditing Strings: ['S-1-5-7'  'ANONYMOUS LOGON'  'NT AUTHORITY'  '0x00000000016416df'  '3'] Computer Name: Snape-PC Record Number: 489 Event Level: 0,2,OS:/home/sansforensics/Documents/LaboratorioForense/InstanciaSnape/Windows/System32/winevt/Logs/Security.evtx,58692,-,winevtx,recovered: False; sha256_hash: e11618c831b656543c1362597a405d06db3d4b66e918e7d61fd91865b89dab85; strings_parsed: {}; xml_string: <Event xmlns="http://schemas.microsoft.com/win/2004/08/events/event">-  <System>-    <Provider Name="Microsoft-Windows-Security-Auditing" Guid="{54849625-5478-4994-A5BA-3E3B0328C30D}"/>-    <EventID>4634</EventID>-    <Version>0</Version>-    <Level>0</Level>-    <Task>12545</Task>-    <Opcode>0</Opcode>-    <Keywords>0x8020000000000000</Keywords>-    <TimeCreated SystemTime="2019-10-23T16:33:39.487502900Z"/>-    <EventRecordID>489</EventRecordID>-    <Correlation/>-    <Execution ProcessID="496" ThreadID="1872"/>-    <Channel>Security</Channel>-    <Computer>Snape-PC</Computer>-    <Security/>-  </System>-  <EventData>-    <Data Name="TargetUserSid">S-1-5-7</Data>-    <Data Name="TargetUserName">ANONYMOUS LOGON</Data>-    <Data Name="TargetDomainName">NT AUTHORITY</Data>-    <Data Name="TargetLogonId">0x00000000016416df</Data>-    <Data Name="LogonType">3</Data>-  </EventData>-</Event>-
10/23/2019,18:33:39,Europe/Madrid,M...,EVT,WinEVTX,Content Modification Time,-,SNAPE-PC,[4634 / 0x121a] Strings: ['S-1-5-7'  'ANONYMOUS LOGON'  'NT AUTHORITY'  '0x00...,[4634 / 0x121a] Source Name: Microsoft-Windows-Security-Auditing Strings: ['S-1-5-7'  'ANONYMOUS LOGON'  'NT AUTHORITY'  '0x00000000016416eb'  '3'] Computer Name: Snape-PC Record Number: 491 Event Level: 0,2,OS:/home/sansforensics/Documents/LaboratorioForense/InstanciaSnape/Windows/System32/winevt/Logs/Security.evtx,58692,-,winevtx,recovered: False; sha256_hash: e11618c831b656543c1362597a405d06db3d4b66e918e7d61fd91865b89dab85; strings_parsed: {}; xml_string: <Event xmlns="http://schemas.microsoft.com/win/2004/08/events/event">-  <System>-    <Provider Name="Microsoft-Windows-Security-Auditing" Guid="{54849625-5478-4994-A5BA-3E3B0328C30D}"/>-    <EventID>4634</EventID>-    <Version>0</Version>-    <Level>0</Level>-    <Task>12545</Task>-    <Opcode>0</Opcode>-    <Keywords>0x8020000000000000</Keywords>-    <TimeCreated SystemTime="2019-10-23T16:33:39.487502900Z"/>-    <EventRecordID>491</EventRecordID>-    <Correlation/>-    <Execution ProcessID="496" ThreadID="1872"/>-    <Channel>Security</Channel>-    <Computer>Snape-PC</Computer>-    <Security/>-  </System>-  <EventData>-    <Data Name="TargetUserSid">S-1-5-7</Data>-    <Data Name="TargetUserName">ANONYMOUS LOGON</Data>-    <Data Name="TargetDomainName">NT AUTHORITY</Data>-    <Data Name="TargetLogonId">0x00000000016416eb</Data>-    <Data Name="LogonType">3</Data>-  </EventData>-</Event>-
10/23/2019,18:33:39,Europe/Madrid,M...,EVT,WinEVTX,Content Modification Time,-,SNAPE-PC,[4624 / 0x1210] Strings: ['S-1-0-0'  '-'  '-'  '0x0000000000000000'  'S-1-5-7...,[4624 / 0x1210] Source Name: Microsoft-Windows-Security-Auditing Strings: ['S-1-0-0'  '-'  '-'  '0x0000000000000000'  'S-1-5-7'  'ANONYMOUS LOGON'  'NT AUTHORITY'  '0x00000000016416f7'  '3'  'NtLmSsp '  'NTLM'  'nmap'  '{00000000-0000-0000-0000-000000000000}'  '-'  'NTLM V1'  '128'  '0x0000000000000000'  '-'  '10.0.9.6'  '35454'] Computer Name: Snape-PC Record Number: 492 Event Level: 0,2,OS:/home/sansforensics/Documents/LaboratorioForense/InstanciaSnape/Windows/System32/winevt/Logs/Security.evtx,58692,-,winevtx,recovered: False; sha256_hash: e11618c831b656543c1362597a405d06db3d4b66e918e7d61fd91865b89dab85; strings_parsed: {u'source_user_id': u'S-1-0-0'  u'source_user_name': u'-'  u'target_machine_name': u'nmap'  u'target_user_id': u'S-1-5-7'  u'target_user_name': u'ANONYMOUS LOGON'  u'target_machine_ip': u'10.0.9.6'}; xml_string: <Event xmlns="http://schemas.microsoft.com/win/2004/08/events/event">-  <System>-    <Provider Name="Microsoft-Windows-Security-Auditing" Guid="{54849625-5478-4994-A5BA-3E3B0328C30D}"/>-    <EventID>4624</EventID>-    <Version>0</Version>-    <Level>0</Level>-    <Task>12544</Task>-    <Opcode>0</Opcode>-    <Keywords>0x8020000000000000</Keywords>-    <TimeCreated SystemTime="2019-10-23T16:33:39.503127900Z"/>-    <EventRecordID>492</EventRecordID>-    <Correlation/>-    <Execution ProcessID="496" ThreadID="1872"/>-    <Channel>Security</Channel>-    <Computer>Snape-PC</Computer>-    <Security/>-  </System>-  <EventData>-    <Data Name="SubjectUserSid">S-1-0-0</Data>-    <Data Name="SubjectUserName">-</Data>-    <Data Name="SubjectDomainName">-</Data>-    <Data Name="SubjectLogonId">0x0000000000000000</Data>-    <Data Name="TargetUserSid">S-1-5-7</Data>-    <Data Name="TargetUserName">ANONYMOUS LOGON</Data>-    <Data Name="TargetDomainName">NT AUTHORITY</Data>-    <Data Name="TargetLogonId">0x00000000016416f7</Data>-    <Data Name="LogonType">3</Data>-    <Data Name="LogonProcessName">NtLmSsp </Data>-    <Data Name="AuthenticationPackageName">NTLM</Data>-    <Data Name="WorkstationName">nmap</Data>-    <Data Name="LogonGuid">{00000000-0000-0000-0000-000000000000}</Data>-    <Data Name="TransmittedServices">-</Data>-    <Data Name="LmPackageName">NTLM V1</Data>-    <Data Name="KeyLength">128</Data>-    <Data Name="ProcessId">0x0000000000000000</Data>-    <Data Name="ProcessName">-</Data>-    <Data Name="IpAddress">10.0.9.6</Data>-    <Data Name="IpPort">35454</Data>-  </EventData>-</Event>-
10/23/2019,18:33:39,Europe/Madrid,M...,EVT,WinEVTX,Content Modification Time,-,SNAPE-PC,[4624 / 0x1210] Strings: ['S-1-0-0'  '-'  '-'  '0x0000000000000000'  'S-1-5-7...,[4624 / 0x1210] Source Name: Microsoft-Windows-Security-Auditing Strings: ['S-1-0-0'  '-'  '-'  '0x0000000000000000'  'S-1-5-7'  'ANONYMOUS LOGON'  'NT AUTHORITY'  '0x0000000001641703'  '3'  'NtLmSsp '  'NTLM'  'nmap'  '{00000000-0000-0000-0000-000000000000}'  '-'  'NTLM V1'  '128'  '0x0000000000000000'  '-'  '10.0.9.6'  '35456'] Computer Name: Snape-PC Record Number: 494 Event Level: 0,2,OS:/home/sansforensics/Documents/LaboratorioForense/InstanciaSnape/Windows/System32/winevt/Logs/Security.evtx,58692,-,winevtx,recovered: False; sha256_hash: e11618c831b656543c1362597a405d06db3d4b66e918e7d61fd91865b89dab85; strings_parsed: {u'source_user_id': u'S-1-0-0'  u'source_user_name': u'-'  u'target_machine_name': u'nmap'  u'target_user_id': u'S-1-5-7'  u'target_user_name': u'ANONYMOUS LOGON'  u'target_machine_ip': u'10.0.9.6'}; xml_string: <Event xmlns="http://schemas.microsoft.com/win/2004/08/events/event">-  <System>-    <Provider Name="Microsoft-Windows-Security-Auditing" Guid="{54849625-5478-4994-A5BA-3E3B0328C30D}"/>-    <EventID>4624</EventID>-    <Version>0</Version>-    <Level>0</Level>-    <Task>12544</Task>-    <Opcode>0</Opcode>-    <Keywords>0x8020000000000000</Keywords>-    <TimeCreated SystemTime="2019-10-23T16:33:39.503127900Z"/>-    <EventRecordID>494</EventRecordID>-    <Correlation/>-    <Execution ProcessID="496" ThreadID="1872"/>-    <Channel>Security</Channel>-    <Computer>Snape-PC</Computer>-    <Security/>-  </System>-  <EventData>-    <Data Name="SubjectUserSid">S-1-0-0</Data>-    <Data Name="SubjectUserName">-</Data>-    <Data Name="SubjectDomainName">-</Data>-    <Data Name="SubjectLogonId">0x0000000000000000</Data>-    <Data Name="TargetUserSid">S-1-5-7</Data>-    <Data Name="TargetUserName">ANONYMOUS LOGON</Data>-    <Data Name="TargetDomainName">NT AUTHORITY</Data>-    <Data Name="TargetLogonId">0x0000000001641703</Data>-    <Data Name="LogonType">3</Data>-    <Data Name="LogonProcessName">NtLmSsp </Data>-    <Data Name="AuthenticationPackageName">NTLM</Data>-    <Data Name="WorkstationName">nmap</Data>-    <Data Name="LogonGuid">{00000000-0000-0000-0000-000000000000}</Data>-    <Data Name="TransmittedServices">-</Data>-    <Data Name="LmPackageName">NTLM V1</Data>-    <Data Name="KeyLength">128</Data>-    <Data Name="ProcessId">0x0000000000000000</Data>-    <Data Name="ProcessName">-</Data>-    <Data Name="IpAddress">10.0.9.6</Data>-    <Data Name="IpPort">35456</Data>-  </EventData>-</Event>-
10/23/2019,18:33:39,Europe/Madrid,M...,EVT,WinEVTX,Content Modification Time,-,SNAPE-PC,[4634 / 0x121a] Strings: ['S-1-5-7'  'ANONYMOUS LOGON'  'NT AUTHORITY'  '0x00...,[4634 / 0x121a] Source Name: Microsoft-Windows-Security-Auditing Strings: ['S-1-5-7'  'ANONYMOUS LOGON'  'NT AUTHORITY'  '0x00000000016416f7'  '3'] Computer Name: Snape-PC Record Number: 493 Event Level: 0,2,OS:/home/sansforensics/Documents/LaboratorioForense/InstanciaSnape/Windows/System32/winevt/Logs/Security.evtx,58692,-,winevtx,recovered: False; sha256_hash: e11618c831b656543c1362597a405d06db3d4b66e918e7d61fd91865b89dab85; strings_parsed: {}; xml_string: <Event xmlns="http://schemas.microsoft.com/win/2004/08/events/event">-  <System>-    <Provider Name="Microsoft-Windows-Security-Auditing" Guid="{54849625-5478-4994-A5BA-3E3B0328C30D}"/>-    <EventID>4634</EventID>-    <Version>0</Version>-    <Level>0</Level>-    <Task>12545</Task>-    <Opcode>0</Opcode>-    <Keywords>0x8020000000000000</Keywords>-    <TimeCreated SystemTime="2019-10-23T16:33:39.503127900Z"/>-    <EventRecordID>493</EventRecordID>-    <Correlation/>-    <Execution ProcessID="496" ThreadID="1872"/>-    <Channel>Security</Channel>-    <Computer>Snape-PC</Computer>-    <Security/>-  </System>-  <EventData>-    <Data Name="TargetUserSid">S-1-5-7</Data>-    <Data Name="TargetUserName">ANONYMOUS LOGON</Data>-    <Data Name="TargetDomainName">NT AUTHORITY</Data>-    <Data Name="TargetLogonId">0x00000000016416f7</Data>-    <Data Name="LogonType">3</Data>-  </EventData>-</Event>-
10/23/2019,18:33:39,Europe/Madrid,M...,EVT,WinEVTX,Content Modification Time,-,SNAPE-PC,[4634 / 0x121a] Strings: ['S-1-5-7'  'ANONYMOUS LOGON'  'NT AUTHORITY'  '0x00...,[4634 / 0x121a] Source Name: Microsoft-Windows-Security-Auditing Strings: ['S-1-5-7'  'ANONYMOUS LOGON'  'NT AUTHORITY'  '0x0000000001641703'  '3'] Computer Name: Snape-PC Record Number: 495 Event Level: 0,2,OS:/home/sansforensics/Documents/LaboratorioForense/InstanciaSnape/Windows/System32/winevt/Logs/Security.evtx,58692,-,winevtx,recovered: False; sha256_hash: e11618c831b656543c1362597a405d06db3d4b66e918e7d61fd91865b89dab85; strings_parsed: {}; xml_string: <Event xmlns="http://schemas.microsoft.com/win/2004/08/events/event">-  <System>-    <Provider Name="Microsoft-Windows-Security-Auditing" Guid="{54849625-5478-4994-A5BA-3E3B0328C30D}"/>-    <EventID>4634</EventID>-    <Version>0</Version>-    <Level>0</Level>-    <Task>12545</Task>-    <Opcode>0</Opcode>-    <Keywords>0x8020000000000000</Keywords>-    <TimeCreated SystemTime="2019-10-23T16:33:39.503127900Z"/>-    <EventRecordID>495</EventRecordID>-    <Correlation/>-    <Execution ProcessID="496" ThreadID="1872"/>-    <Channel>Security</Channel>-    <Computer>Snape-PC</Computer>-    <Security/>-  </System>-  <EventData>-    <Data Name="TargetUserSid">S-1-5-7</Data>-    <Data Name="TargetUserName">ANONYMOUS LOGON</Data>-    <Data Name="TargetDomainName">NT AUTHORITY</Data>-    <Data Name="TargetLogonId">0x0000000001641703</Data>-    <Data Name="LogonType">3</Data>-  </EventData>-</Event>-
10/23/2019,18:33:39,Europe/Madrid,M...,EVT,WinEVTX,Content Modification Time,-,SNAPE-PC,[4624 / 0x1210] Strings: ['S-1-0-0'  '-'  '-'  '0x0000000000000000'  'S-1-5-7...,[4624 / 0x1210] Source Name: Microsoft-Windows-Security-Auditing Strings: ['S-1-0-0'  '-'  '-'  '0x0000000000000000'  'S-1-5-7'  'ANONYMOUS LOGON'  'NT AUTHORITY'  '0x000000000164170f'  '3'  'NtLmSsp '  'NTLM'  'nmap'  '{00000000-0000-0000-0000-000000000000}'  '-'  'NTLM V1'  '128'  '0x0000000000000000'  '-'  '10.0.9.6'  '35458'] Computer Name: Snape-PC Record Number: 496 Event Level: 0,2,OS:/home/sansforensics/Documents/LaboratorioForense/InstanciaSnape/Windows/System32/winevt/Logs/Security.evtx,58692,-,winevtx,recovered: False; sha256_hash: e11618c831b656543c1362597a405d06db3d4b66e918e7d61fd91865b89dab85; strings_parsed: {u'source_user_id': u'S-1-0-0'  u'source_user_name': u'-'  u'target_machine_name': u'nmap'  u'target_user_id': u'S-1-5-7'  u'target_user_name': u'ANONYMOUS LOGON'  u'target_machine_ip': u'10.0.9.6'}; xml_string: <Event xmlns="http://schemas.microsoft.com/win/2004/08/events/event">-  <System>-    <Provider Name="Microsoft-Windows-Security-Auditing" Guid="{54849625-5478-4994-A5BA-3E3B0328C30D}"/>-    <EventID>4624</EventID>-    <Version>0</Version>-    <Level>0</Level>-    <Task>12544</Task>-    <Opcode>0</Opcode>-    <Keywords>0x8020000000000000</Keywords>-    <TimeCreated SystemTime="2019-10-23T16:33:39.518752900Z"/>-    <EventRecordID>496</EventRecordID>-    <Correlation/>-    <Execution ProcessID="496" ThreadID="1872"/>-    <Channel>Security</Channel>-    <Computer>Snape-PC</Computer>-    <Security/>-  </System>-  <EventData>-    <Data Name="SubjectUserSid">S-1-0-0</Data>-    <Data Name="SubjectUserName">-</Data>-    <Data Name="SubjectDomainName">-</Data>-    <Data Name="SubjectLogonId">0x0000000000000000</Data>-    <Data Name="TargetUserSid">S-1-5-7</Data>-    <Data Name="TargetUserName">ANONYMOUS LOGON</Data>-    <Data Name="TargetDomainName">NT AUTHORITY</Data>-    <Data Name="TargetLogonId">0x000000000164170f</Data>-    <Data Name="LogonType">3</Data>-    <Data Name="LogonProcessName">NtLmSsp </Data>-    <Data Name="AuthenticationPackageName">NTLM</Data>-    <Data Name="WorkstationName">nmap</Data>-    <Data Name="LogonGuid">{00000000-0000-0000-0000-000000000000}</Data>-    <Data Name="TransmittedServices">-</Data>-    <Data Name="LmPackageName">NTLM V1</Data>-    <Data Name="KeyLength">128</Data>-    <Data Name="ProcessId">0x0000000000000000</Data>-    <Data Name="ProcessName">-</Data>-    <Data Name="IpAddress">10.0.9.6</Data>-    <Data Name="IpPort">35458</Data>-  </EventData>-</Event>-
10/23/2019,18:33:39,Europe/Madrid,M...,EVT,WinEVTX,Content Modification Time,-,SNAPE-PC,[4624 / 0x1210] Strings: ['S-1-0-0'  '-'  '-'  '0x0000000000000000'  'S-1-5-7...,[4624 / 0x1210] Source Name: Microsoft-Windows-Security-Auditing Strings: ['S-1-0-0'  '-'  '-'  '0x0000000000000000'  'S-1-5-7'  'ANONYMOUS LOGON'  'NT AUTHORITY'  '0x000000000164171b'  '3'  'NtLmSsp '  'NTLM'  'nmap'  '{00000000-0000-0000-0000-000000000000}'  '-'  'NTLM V1'  '128'  '0x0000000000000000'  '-'  '10.0.9.6'  '35460'] Computer Name: Snape-PC Record Number: 498 Event Level: 0,2,OS:/home/sansforensics/Documents/LaboratorioForense/InstanciaSnape/Windows/System32/winevt/Logs/Security.evtx,58692,-,winevtx,recovered: False; sha256_hash: e11618c831b656543c1362597a405d06db3d4b66e918e7d61fd91865b89dab85; strings_parsed: {u'source_user_id': u'S-1-0-0'  u'source_user_name': u'-'  u'target_machine_name': u'nmap'  u'target_user_id': u'S-1-5-7'  u'target_user_name': u'ANONYMOUS LOGON'  u'target_machine_ip': u'10.0.9.6'}; xml_string: <Event xmlns="http://schemas.microsoft.com/win/2004/08/events/event">-  <System>-    <Provider Name="Microsoft-Windows-Security-Auditing" Guid="{54849625-5478-4994-A5BA-3E3B0328C30D}"/>-    <EventID>4624</EventID>-    <Version>0</Version>-    <Level>0</Level>-    <Task>12544</Task>-    <Opcode>0</Opcode>-    <Keywords>0x8020000000000000</Keywords>-    <TimeCreated SystemTime="2019-10-23T16:33:39.518752900Z"/>-    <EventRecordID>498</EventRecordID>-    <Correlation/>-    <Execution ProcessID="496" ThreadID="1872"/>-    <Channel>Security</Channel>-    <Computer>Snape-PC</Computer>-    <Security/>-  </System>-  <EventData>-    <Data Name="SubjectUserSid">S-1-0-0</Data>-    <Data Name="SubjectUserName">-</Data>-    <Data Name="SubjectDomainName">-</Data>-    <Data Name="SubjectLogonId">0x0000000000000000</Data>-    <Data Name="TargetUserSid">S-1-5-7</Data>-    <Data Name="TargetUserName">ANONYMOUS LOGON</Data>-    <Data Name="TargetDomainName">NT AUTHORITY</Data>-    <Data Name="TargetLogonId">0x000000000164171b</Data>-    <Data Name="LogonType">3</Data>-    <Data Name="LogonProcessName">NtLmSsp </Data>-    <Data Name="AuthenticationPackageName">NTLM</Data>-    <Data Name="WorkstationName">nmap</Data>-    <Data Name="LogonGuid">{00000000-0000-0000-0000-000000000000}</Data>-    <Data Name="TransmittedServices">-</Data>-    <Data Name="LmPackageName">NTLM V1</Data>-    <Data Name="KeyLength">128</Data>-    <Data Name="ProcessId">0x0000000000000000</Data>-    <Data Name="ProcessName">-</Data>-    <Data Name="IpAddress">10.0.9.6</Data>-    <Data Name="IpPort">35460</Data>-  </EventData>-</Event>-
