10/24/2019,12:06:12,Europe/Madrid,M...,EVT,WinEVTX,Content Modification Time,-,SNAPE-PC,[4624 / 0x1210] Strings: ['S-1-5-18'  'SNAPE-PC$'  'WORKGROUP'  '0x0000000000...,[4624 / 0x1210] Source Name: Microsoft-Windows-Security-Auditing Strings: ['S-1-5-18'  'SNAPE-PC$'  'WORKGROUP'  '0x00000000000003e7'  'S-1-5-21-1889767047-1812109830-4081843715-1001'  'Snape'  'Snape-PC'  '0x0000000001e0f0e3'  '7'  'User32 '  'Negotiate'  'SNAPE-PC'  '{00000000-0000-0000-0000-000000000000}'  '-'  '-'  '0'  '0x0000000000000790'  'C:\Windows\System32\winlogon.exe'  '127.0.0.1'  '0'] Computer Name: Snape-PC Record Number: 679 Event Level: 0,2,OS:/home/sansforensics/Documents/LaboratorioForense/InstanciaSnape/Windows/System32/winevt/Logs/Security.evtx,58692,-,winevtx,recovered: False; sha256_hash: e11618c831b656543c1362597a405d06db3d4b66e918e7d61fd91865b89dab85; strings_parsed: {u'source_user_id': u'S-1-5-18'  u'source_user_name': u'SNAPE-PC$'  u'target_machine_name': u'SNAPE-PC'  u'target_user_id': u'S-1-5-21-1889767047-1812109830-4081843715-1001'  u'target_user_name': u'Snape'  u'target_machine_ip': u'127.0.0.1'}; xml_string: <Event xmlns="http://schemas.microsoft.com/win/2004/08/events/event">-  <System>-    <Provider Name="Microsoft-Windows-Security-Auditing" Guid="{54849625-5478-4994-A5BA-3E3B0328C30D}"/>-    <EventID>4624</EventID>-    <Version>0</Version>-    <Level>0</Level>-    <Task>12544</Task>-    <Opcode>0</Opcode>-    <Keywords>0x8020000000000000</Keywords>-    <TimeCreated SystemTime="2019-10-24T10:06:12.460876500Z"/>-    <EventRecordID>679</EventRecordID>-    <Correlation/>-    <Execution ProcessID="496" ThreadID="3012"/>-    <Channel>Security</Channel>-    <Computer>Snape-PC</Computer>-    <Security/>-  </System>-  <EventData>-    <Data Name="SubjectUserSid">S-1-5-18</Data>-    <Data Name="SubjectUserName">SNAPE-PC$</Data>-    <Data Name="SubjectDomainName">WORKGROUP</Data>-    <Data Name="SubjectLogonId">0x00000000000003e7</Data>-    <Data Name="TargetUserSid">S-1-5-21-1889767047-1812109830-4081843715-1001</Data>-    <Data Name="TargetUserName">Snape</Data>-    <Data Name="TargetDomainName">Snape-PC</Data>-    <Data Name="TargetLogonId">0x0000000001e0f0e3</Data>-    <Data Name="LogonType">7</Data>-    <Data Name="LogonProcessName">User32 </Data>-    <Data Name="AuthenticationPackageName">Negotiate</Data>-    <Data Name="WorkstationName">SNAPE-PC</Data>-    <Data Name="LogonGuid">{00000000-0000-0000-0000-000000000000}</Data>-    <Data Name="TransmittedServices">-</Data>-    <Data Name="LmPackageName">-</Data>-    <Data Name="KeyLength">0</Data>-    <Data Name="ProcessId">0x0000000000000790</Data>-    <Data Name="ProcessName">C:\Windows\System32\winlogon.exe</Data>-    <Data Name="IpAddress">127.0.0.1</Data>-    <Data Name="IpPort">0</Data>-  </EventData>-</Event>- 
10/24/2019,12:06:12,Europe/Madrid,M...,EVT,WinEVTX,Content Modification Time,-,SNAPE-PC,[4624 / 0x1210] Strings: ['S-1-5-18'  'SNAPE-PC$'  'WORKGROUP'  '0x0000000000...,[4624 / 0x1210] Source Name: Microsoft-Windows-Security-Auditing Strings: ['S-1-5-18'  'SNAPE-PC$'  'WORKGROUP'  '0x00000000000003e7'  'S-1-5-21-1889767047-1812109830-4081843715-1001'  'Snape'  'Snape-PC'  '0x0000000001e0f0f1'  '7'  'User32 '  'Negotiate'  'SNAPE-PC'  '{00000000-0000-0000-0000-000000000000}'  '-'  '-'  '0'  '0x0000000000000790'  'C:\Windows\System32\winlogon.exe'  '127.0.0.1'  '0'] Computer Name: Snape-PC Record Number: 680 Event Level: 0,2,OS:/home/sansforensics/Documents/LaboratorioForense/InstanciaSnape/Windows/System32/winevt/Logs/Security.evtx,58692,-,winevtx,recovered: False; sha256_hash: e11618c831b656543c1362597a405d06db3d4b66e918e7d61fd91865b89dab85; strings_parsed: {u'source_user_id': u'S-1-5-18'  u'source_user_name': u'SNAPE-PC$'  u'target_machine_name': u'SNAPE-PC'  u'target_user_id': u'S-1-5-21-1889767047-1812109830-4081843715-1001'  u'target_user_name': u'Snape'  u'target_machine_ip': u'127.0.0.1'}; xml_string: <Event xmlns="http://schemas.microsoft.com/win/2004/08/events/event">-  <System>-    <Provider Name="Microsoft-Windows-Security-Auditing" Guid="{54849625-5478-4994-A5BA-3E3B0328C30D}"/>-    <EventID>4624</EventID>-    <Version>0</Version>-    <Level>0</Level>-    <Task>12544</Task>-    <Opcode>0</Opcode>-    <Keywords>0x8020000000000000</Keywords>-    <TimeCreated SystemTime="2019-10-24T10:06:12.460876500Z"/>-    <EventRecordID>680</EventRecordID>-    <Correlation/>-    <Execution ProcessID="496" ThreadID="3012"/>-    <Channel>Security</Channel>-    <Computer>Snape-PC</Computer>-    <Security/>-  </System>-  <EventData>-    <Data Name="SubjectUserSid">S-1-5-18</Data>-    <Data Name="SubjectUserName">SNAPE-PC$</Data>-    <Data Name="SubjectDomainName">WORKGROUP</Data>-    <Data Name="SubjectLogonId">0x00000000000003e7</Data>-    <Data Name="TargetUserSid">S-1-5-21-1889767047-1812109830-4081843715-1001</Data>-    <Data Name="TargetUserName">Snape</Data>-    <Data Name="TargetDomainName">Snape-PC</Data>-    <Data Name="TargetLogonId">0x0000000001e0f0f1</Data>-    <Data Name="LogonType">7</Data>-    <Data Name="LogonProcessName">User32 </Data>-    <Data Name="AuthenticationPackageName">Negotiate</Data>-    <Data Name="WorkstationName">SNAPE-PC</Data>-    <Data Name="LogonGuid">{00000000-0000-0000-0000-000000000000}</Data>-    <Data Name="TransmittedServices">-</Data>-    <Data Name="LmPackageName">-</Data>-    <Data Name="KeyLength">0</Data>-    <Data Name="ProcessId">0x0000000000000790</Data>-    <Data Name="ProcessName">C:\Windows\System32\winlogon.exe</Data>-    <Data Name="IpAddress">127.0.0.1</Data>-    <Data Name="IpPort">0</Data>-  </EventData>-</Event>- 
10/24/2019,12:06:12,Europe/Madrid,M...,EVT,WinEVTX,Content Modification Time,-,SNAPE-PC,[4634 / 0x121a] Strings: ['S-1-5-21-1889767047-1812109830-4081843715-1001'  '...,[4634 / 0x121a] Source Name: Microsoft-Windows-Security-Auditing Strings: ['S-1-5-21-1889767047-1812109830-4081843715-1001'  'Snape'  'Snape-PC'  '0x0000000001e0f0f1'  '7'] Computer Name: Snape-PC Record Number: 682 Event Level: 0,2,OS:/home/sansforensics/Documents/LaboratorioForense/InstanciaSnape/Windows/System32/winevt/Logs/Security.evtx,58692,-,winevtx,recovered: False; sha256_hash: e11618c831b656543c1362597a405d06db3d4b66e918e7d61fd91865b89dab85; strings_parsed: {}; xml_string: <Event xmlns="http://schemas.microsoft.com/win/2004/08/events/event">-  <System>-    <Provider Name="Microsoft-Windows-Security-Auditing" Guid="{54849625-5478-4994-A5BA-3E3B0328C30D}"/>-    <EventID>4634</EventID>-    <Version>0</Version>-    <Level>0</Level>-    <Task>12545</Task>-    <Opcode>0</Opcode>-    <Keywords>0x8020000000000000</Keywords>-    <TimeCreated SystemTime="2019-10-24T10:06:12.460876500Z"/>-    <EventRecordID>682</EventRecordID>-    <Correlation/>-    <Execution ProcessID="496" ThreadID="3012"/>-    <Channel>Security</Channel>-    <Computer>Snape-PC</Computer>-    <Security/>-  </System>-  <EventData>-    <Data Name="TargetUserSid">S-1-5-21-1889767047-1812109830-4081843715-1001</Data>-    <Data Name="TargetUserName">Snape</Data>-    <Data Name="TargetDomainName">Snape-PC</Data>-    <Data Name="TargetLogonId">0x0000000001e0f0f1</Data>-    <Data Name="LogonType">7</Data>-  </EventData>-</Event>- 
10/24/2019,12:06:12,Europe/Madrid,M...,EVT,WinEVTX,Content Modification Time,-,SNAPE-PC,[4634 / 0x121a] Strings: ['S-1-5-21-1889767047-1812109830-4081843715-1001'  '...,[4634 / 0x121a] Source Name: Microsoft-Windows-Security-Auditing Strings: ['S-1-5-21-1889767047-1812109830-4081843715-1001'  'Snape'  'Snape-PC'  '0x0000000001e0f0e3'  '7'] Computer Name: Snape-PC Record Number: 683 Event Level: 0,2,OS:/home/sansforensics/Documents/LaboratorioForense/InstanciaSnape/Windows/System32/winevt/Logs/Security.evtx,58692,-,winevtx,recovered: False; sha256_hash: e11618c831b656543c1362597a405d06db3d4b66e918e7d61fd91865b89dab85; strings_parsed: {}; xml_string: <Event xmlns="http://schemas.microsoft.com/win/2004/08/events/event">-  <System>-    <Provider Name="Microsoft-Windows-Security-Auditing" Guid="{54849625-5478-4994-A5BA-3E3B0328C30D}"/>-    <EventID>4634</EventID>-    <Version>0</Version>-    <Level>0</Level>-    <Task>12545</Task>-    <Opcode>0</Opcode>-    <Keywords>0x8020000000000000</Keywords>-    <TimeCreated SystemTime="2019-10-24T10:06:12.460876500Z"/>-    <EventRecordID>683</EventRecordID>-    <Correlation/>-    <Execution ProcessID="496" ThreadID="3012"/>-    <Channel>Security</Channel>-    <Computer>Snape-PC</Computer>-    <Security/>-  </System>-  <EventData>-    <Data Name="TargetUserSid">S-1-5-21-1889767047-1812109830-4081843715-1001</Data>-    <Data Name="TargetUserName">Snape</Data>-    <Data Name="TargetDomainName">Snape-PC</Data>-    <Data Name="TargetLogonId">0x0000000001e0f0e3</Data>-    <Data Name="LogonType">7</Data>-  </EventData>-</Event>- 
10/24/2019,12:06:12,Europe/Madrid,M...,EVT,WinEVTX,Content Modification Time,-,SNAPE-PC,[4648 / 0x1228] Strings: ['S-1-5-18'  'SNAPE-PC$'  'WORKGROUP'  '0x0000000000...,[4648 / 0x1228] Source Name: Microsoft-Windows-Security-Auditing Strings: ['S-1-5-18'  'SNAPE-PC$'  'WORKGROUP'  '0x00000000000003e7'  '{00000000-0000-0000-0000-000000000000}'  'Snape'  'Snape-PC'  '{00000000-0000-0000-0000-000000000000}'  'localhost'  'localhost'  '0x0000000000000790'  'C:\Windows\System32\winlogon.exe'  '127.0.0.1'  '0'] Computer Name: Snape-PC Record Number: 678 Event Level: 0,2,OS:/home/sansforensics/Documents/LaboratorioForense/InstanciaSnape/Windows/System32/winevt/Logs/Security.evtx,58692,-,winevtx,recovered: False; sha256_hash: e11618c831b656543c1362597a405d06db3d4b66e918e7d61fd91865b89dab85; strings_parsed: {u'target_user_name': u'Snape'  u'source_user_id': u'S-1-5-18'  u'source_user_name': u'SNAPE-PC$'  u'target_machine_name': u'localhost'  u'target_machine_ip': u'127.0.0.1'}; xml_string: <Event xmlns="http://schemas.microsoft.com/win/2004/08/events/event">-  <System>-    <Provider Name="Microsoft-Windows-Security-Auditing" Guid="{54849625-5478-4994-A5BA-3E3B0328C30D}"/>-    <EventID>4648</EventID>-    <Version>0</Version>-    <Level>0</Level>-    <Task>12544</Task>-    <Opcode>0</Opcode>-    <Keywords>0x8020000000000000</Keywords>-    <TimeCreated SystemTime="2019-10-24T10:06:12.460876500Z"/>-    <EventRecordID>678</EventRecordID>-    <Correlation/>-    <Execution ProcessID="496" ThreadID="3012"/>-    <Channel>Security</Channel>-    <Computer>Snape-PC</Computer>-    <Security/>-  </System>-  <EventData>-    <Data Name="SubjectUserSid">S-1-5-18</Data>-    <Data Name="SubjectUserName">SNAPE-PC$</Data>-    <Data Name="SubjectDomainName">WORKGROUP</Data>-    <Data Name="SubjectLogonId">0x00000000000003e7</Data>-    <Data Name="LogonGuid">{00000000-0000-0000-0000-000000000000}</Data>-    <Data Name="TargetUserName">Snape</Data>-    <Data Name="TargetDomainName">Snape-PC</Data>-    <Data Name="TargetLogonGuid">{00000000-0000-0000-0000-000000000000}</Data>-    <Data Name="TargetServerName">localhost</Data>-    <Data Name="TargetInfo">localhost</Data>-    <Data Name="ProcessId">0x0000000000000790</Data>-    <Data Name="ProcessName">C:\Windows\System32\winlogon.exe</Data>-    <Data Name="IpAddress">127.0.0.1</Data>-    <Data Name="IpPort">0</Data>-  </EventData>-</Event>- 
10/24/2019,12:06:12,Europe/Madrid,M...,EVT,WinEVTX,Content Modification Time,-,SNAPE-PC,[4672 / 0x1240] Strings: ['S-1-5-21-1889767047-1812109830-4081843715-1001'  '...,[4672 / 0x1240] Source Name: Microsoft-Windows-Security-Auditing Strings: ['S-1-5-21-1889767047-1812109830-4081843715-1001'  'Snape'  'Snape-PC'  '0x0000000001e0f0e3'  'SeSecurityPrivilege                   SeTakeOwnershipPrivilege                        SeLoadDriverPrivilege                   SeBackupPrivilege                       SeRestorePrivilege                      SeDebugPrivilege                        SeSystemEnvironmentPrivilege                    SeImpersonatePrivilege'] Computer Name: Snape-PC Record Number: 681 Event Level: 0,2,OS:/home/sansforensics/Documents/LaboratorioForense/InstanciaSnape/Windows/System32/winevt/Logs/Security.evtx,58692,-,winevtx,recovered: False; sha256_hash: e11618c831b656543c1362597a405d06db3d4b66e918e7d61fd91865b89dab85; strings_parsed: {}; xml_string: <Event xmlns="http://schemas.microsoft.com/win/2004/08/events/event">-  <System>-    <Provider Name="Microsoft-Windows-Security-Auditing" Guid="{54849625-5478-4994-A5BA-3E3B0328C30D}"/>-    <EventID>4672</EventID>-    <Version>0</Version>-    <Level>0</Level>-    <Task>12548</Task>-    <Opcode>0</Opcode>-    <Keywords>0x8020000000000000</Keywords>-    <TimeCreated SystemTime="2019-10-24T10:06:12.460876500Z"/>-    <EventRecordID>681</EventRecordID>-    <Correlation/>-    <Execution ProcessID="496" ThreadID="3012"/>-    <Channel>Security</Channel>-    <Computer>Snape-PC</Computer>-    <Security/>-  </System>-  <EventData>-    <Data Name="SubjectUserSid">S-1-5-21-1889767047-1812109830-4081843715-1001</Data>-    <Data Name="SubjectUserName">Snape</Data>-    <Data Name="SubjectDomainName">Snape-PC</Data>-    <Data Name="SubjectLogonId">0x0000000001e0f0e3</Data>-    <Data Name="PrivilegeList">SeSecurityPrivilege-                    SeTakeOwnershipPrivilege-                       SeLoadDriverPrivilege-                  SeBackupPrivilege-                      SeRestorePrivilege-                     SeDebugPrivilege-                       SeSystemEnvironmentPrivilege-                   SeImpersonatePrivilege</Data>-  </EventData>-</Event>- 

