10/24/2019,12:15:21,Europe/Madrid,M...,EVT,WinEVTX,Content Modification Time,-,SNAPE-PC,[7036 / 0x1b7c] Strings: ['Servicios de Escritorio remoto'  'en ejecución'  '...,[7036 / 0x1b7c] Source Name: Service Control Manager Strings: ['Servicios de Escritorio remoto'  'en ejecución'  '5400650072006D0053006500720076006900630065002F0034000000'] Computer Name: Snape-PC Record Number: 1612 Event Level: 4,2,OS:/home/sansforensics/Documents/LaboratorioForense/InstanciaSnape/Windows/System32/winevt/Logs/System.evtx,58690,-,winevtx,message_identifier: 1073748860; recovered: False; sha256_hash: 7b42ce3dc2f1f3cf6594e33781fdd14fa9845ad1272964b415594a429b3a4ca9; strings_parsed: {}; xml_string: <Event xmlns="http://schemas.microsoft.com/win/2004/08/events/event">-  <System>-    <Provider Name="Service Control Manager" Guid="{555908d1-a6d7-4695-8e1e-26931d2012f4}" EventSourceName="Service Control Manager"/>-    <EventID Qualifiers="16384">7036</EventID>-    <Version>0</Version>-    <Level>4</Level>-    <Task>0</Task>-    <Opcode>0</Opcode>-    <Keywords>0x8080000000000000</Keywords>-    <TimeCreated SystemTime="2019-10-24T10:15:21.778082000Z"/>-    <EventRecordID>1612</EventRecordID>-    <Correlation/>-    <Execution ProcessID="480" ThreadID="3940"/>-    <Channel>System</Channel>-    <Computer>Snape-PC</Computer>-    <Security/>-  </System>-  <EventData>-    <Data Name="param1">Servicios de Escritorio remoto</Data>-    <Data Name="param2">en ejecución</Data>-    <Binary>5400650072006D0053006500720076006900630065002F0034000000</Binary>-  </EventData>-</Event>- 
10/24/2019,12:15:22,Europe/Madrid,MAC.,FILE,OS Content Modification Time,Content Modification Time; Last Access Time; Metadata Modification Time,-,SNAPE-PC,/home/sansforensics/Documents/LaboratorioForense/InstanciaSnape/Windows/Syste...,OS:/home/sansforensics/Documents/LaboratorioForense/InstanciaSnape/Windows/System32/Microsoft/Protect Type: directory,2,OS:/home/sansforensics/Documents/LaboratorioForense/InstanciaSnape/Windows/System32/Microsoft/Protect,3324,-,filestat,file_size: 0; file_system_type: OS; is_allocated: True 
10/24/2019,12:15:22,Europe/Madrid,MAC.,FILE,OS Content Modification Time,Content Modification Time; Last Access Time; Metadata Modification Time,-,SNAPE-PC,/home/sansforensics/Documents/LaboratorioForense/InstanciaSnape/Windows/Syste...,OS:/home/sansforensics/Documents/LaboratorioForense/InstanciaSnape/Windows/System32/Microsoft/Protect/S-1-5-20 Type: directory,2,OS:/home/sansforensics/Documents/LaboratorioForense/InstanciaSnape/Windows/System32/Microsoft/Protect/S-1-5-20,59331,-,filestat,file_size: 0; file_system_type: OS; is_allocated: True 
10/24/2019,12:15:22,Europe/Madrid,MAC.,FILE,OS Content Modification Time,Content Modification Time; Last Access Time; Metadata Modification Time,-,SNAPE-PC,/home/sansforensics/Documents/LaboratorioForense/InstanciaSnape/Windows/Syste...,OS:/home/sansforensics/Documents/LaboratorioForense/InstanciaSnape/Windows/System32/Microsoft/Protect/S-1-5-20/Preferred Type: file,2,OS:/home/sansforensics/Documents/LaboratorioForense/InstanciaSnape/Windows/System32/Microsoft/Protect/S-1-5-20/Preferred,59609,-,filestat,file_size: 24; file_system_type: OS; is_allocated: True; sha256_hash: f3b5106c5f2e2293267c60a569c64bb159b2bd813ff27b288195c34d2472c20a 
10/24/2019,12:15:22,Europe/Madrid,MAC.,FILE,OS Content Modification Time,Content Modification Time; Last Access Time; Metadata Modification Time,-,SNAPE-PC,/home/sansforensics/Documents/LaboratorioForense/InstanciaSnape/Windows/Syste...,OS:/home/sansforensics/Documents/LaboratorioForense/InstanciaSnape/Windows/System32/Microsoft/Protect/S-1-5-20/f3e6d1b2-b6a1-4f7d-91f5-5f69c5776ae6 Type: file,2,OS:/home/sansforensics/Documents/LaboratorioForense/InstanciaSnape/Windows/System32/Microsoft/Protect/S-1-5-20/f3e6d1b2-b6a1-4f7d-91f5-5f69c5776ae6,59607,-,filestat,file_size: 468; file_system_type: OS; is_allocated: True; sha256_hash: e1f422e56e98238b894f2d16794ff337dd97f94561b1f6f0c631fda814d05498 
10/24/2019,12:15:22,Europe/Madrid,M...,REG,UNKNOWN,Content Modification Time,-,SNAPE-PC,[HKEY_LOCAL_MACHINE\System\ControlSet001\Control\Terminal Server\RCM] Certifi...,[HKEY_LOCAL_MACHINE\System\ControlSet001\Control\Terminal Server\RCM] Certificate: [REG_BINARY] CertificateOld: [REG_BINARY] TSFeatures: [REG_DWORD_LE] -1,2,OS:/home/sansforensics/Documents/LaboratorioForense/InstanciaSnape/Windows/System32/config/SYSTEM,28412,-,winreg/winreg_default,sha256_hash: f0e6b314a660b232739eeb906deb22b439b42caa817b925112dfd735b403a745 
10/24/2019,12:15:22,Europe/Madrid,M...,REG,UNKNOWN,Content Modification Time,-,SNAPE-PC,[HKEY_LOCAL_MACHINE\System\ControlSet001\Control\Terminal Server\RCM\Secrets]...,[HKEY_LOCAL_MACHINE\System\ControlSet001\Control\Terminal Server\RCM\Secrets] L$HYDRAENCKEY_28ada6da-d622-11d1-9cb9-00c04fb16e75: [REG_BINARY] L$HYDRAENCKEY_52d1ad03-4565-44f3-8bfd-bbb0591f4b9d: [REG_BINARY],2,OS:/home/sansforensics/Documents/LaboratorioForense/InstanciaSnape/Windows/System32/config/SYSTEM,28412,-,winreg/winreg_default,sha256_hash: f0e6b314a660b232739eeb906deb22b439b42caa817b925112dfd735b403a745 
10/24/2019,12:15:26,Europe/Madrid,MAC.,FILE,OS Content Modification Time,Content Modification Time; Last Access Time; Metadata Modification Time,-,SNAPE-PC,/home/sansforensics/Documents/LaboratorioForense/InstanciaSnape/ProgramData/M...,OS:/home/sansforensics/Documents/LaboratorioForense/InstanciaSnape/ProgramData/Microsoft/Crypto/RSA/MachineKeys Type: directory,2,OS:/home/sansforensics/Documents/LaboratorioForense/InstanciaSnape/ProgramData/Microsoft/Crypto/RSA/MachineKeys,380,-,filestat,file_size: 4096; file_system_type: OS; is_allocated: True 
10/24/2019,12:15:26,Europe/Madrid,MAC.,FILE,OS Content Modification Time,Content Modification Time; Last Access Time; Metadata Modification Time,-,SNAPE-PC,/home/sansforensics/Documents/LaboratorioForense/InstanciaSnape/ProgramData/M...,OS:/home/sansforensics/Documents/LaboratorioForense/InstanciaSnape/ProgramData/Microsoft/Crypto/RSA/MachineKeys/f686aace6942fb7f7ceb231212eef4a4_386a03ff-c6d7-475b-a581-140f8e1e8c4a Type: file,2,OS:/home/sansforensics/Documents/LaboratorioForense/InstanciaSnape/ProgramData/Microsoft/Crypto/RSA/MachineKeys/f686aace6942fb7f7ceb231212eef4a4_386a03ff-c6d7-475b-a581-140f8e1e8c4a,59610,-,filestat,file_size: 2219; file_system_type: OS; is_allocated: True; sha256_hash: 7d7b678c6da5f3b4cae945f7bf83d8bc5744b8a5c034e2384549e3b11953506a 
10/24/2019,12:15:26,Europe/Madrid,.A..,FILE,OS Last Access Time,Last Access Time,-,SNAPE-PC,/home/sansforensics/Documents/LaboratorioForense/InstanciaSnape/Windows/Syste...,OS:/home/sansforensics/Documents/LaboratorioForense/InstanciaSnape/Windows/System32/winevt/Logs/Microsoft-Windows-TerminalServices-RemoteConnectionManager%4Admin.evtx Type: file,2,OS:/home/sansforensics/Documents/LaboratorioForense/InstanciaSnape/Windows/System32/winevt/Logs/Microsoft-Windows-TerminalServices-RemoteConnectionManager%4Admin.evtx,59611,-,filestat,file_size: 69632; file_system_type: OS; is_allocated: True; sha256_hash: 3d320dfd1b854c3748cc3377229f49d79a0333d7a002896626d981c2e75f4038 
10/24/2019,12:15:26,Europe/Madrid,.A..,FILE,OS Last Access Time,Last Access Time,-,SNAPE-PC,/home/sansforensics/Documents/LaboratorioForense/InstanciaSnape/Windows/Syste...,OS:/home/sansforensics/Documents/LaboratorioForense/InstanciaSnape/Windows/System32/winevt/Logs/Microsoft-Windows-TerminalServices-RemoteConnectionManager%4Operational.evtx Type: file,2,OS:/home/sansforensics/Documents/LaboratorioForense/InstanciaSnape/Windows/System32/winevt/Logs/Microsoft-Windows-TerminalServices-RemoteConnectionManager%4Operational.evtx,59612,-,filestat,file_size: 69632; file_system_type: OS; is_allocated: True; sha256_hash: afd0f860f116f5196717b75c3d3c2bc594d44661220578417e1d754c2065d0c0 
10/24/2019,12:15:26,Europe/Madrid,M...,EVT,WinEVTX,Content Modification Time,-,SNAPE-PC,[1056 / 0x0420] Strings: ['Snape-PC'  'AE9F9170D2C61C8B146BF786AD4E667DBF6DF1...,[1056 / 0x0420] Source Name: TermService Strings: ['Snape-PC'  'AE9F9170D2C61C8B146BF786AD4E667DBF6DF1E7'] Computer Name: Snape-PC Record Number: 1616 Event Level: 4,2,OS:/home/sansforensics/Documents/LaboratorioForense/InstanciaSnape/Windows/System32/winevt/Logs/System.evtx,58690,-,winevtx,message_identifier: 3221226528; recovered: False; sha256_hash: 7b42ce3dc2f1f3cf6594e33781fdd14fa9845ad1272964b415594a429b3a4ca9; strings_parsed: {}; xml_string: <Event xmlns="http://schemas.microsoft.com/win/2004/08/events/event">-  <System>-    <Provider Name="Microsoft-Windows-TerminalServices-RemoteConnectionManager" Guid="{C76BAA63-AE81-421C-B425-340B4B24157F}" EventSourceName="TermService"/>-    <EventID Qualifiers="49152">1056</EventID>-    <Version>0</Version>-    <Level>4</Level>-    <Task>0</Task>-    <Opcode>0</Opcode>-    <Keywords>0x0080000000000000</Keywords>-    <TimeCreated SystemTime="2019-10-24T10:15:26.000000000Z"/>-    <EventRecordID>1616</EventRecordID>-    <Correlation/>-    <Execution ProcessID="0" ThreadID="0"/>-    <Channel>System</Channel>-    <Computer>Snape-PC</Computer>-    <Security/>-  </System>-  <EventData>-    <Data>Snape-PC</Data>-    <Binary>AE9F9170D2C61C8B146BF786AD4E667DBF6DF1E7</Binary>-  </EventData>-</Event>- 
10/24/2019,12:15:26,Europe/Madrid,M...,REG,UNKNOWN,Content Modification Time,-,SNAPE-PC,[HKEY_LOCAL_MACHINE\System\ControlSet001\Enum\Root\LEGACY_RDPDR] NextInstance...,[HKEY_LOCAL_MACHINE\System\ControlSet001\Enum\Root\LEGACY_RDPDR] NextInstance: [REG_DWORD_LE] 1,2,OS:/home/sansforensics/Documents/LaboratorioForense/InstanciaSnape/Windows/System32/config/SYSTEM,28412,-,winreg/winreg_default,sha256_hash: f0e6b314a660b232739eeb906deb22b439b42caa817b925112dfd735b403a745 
10/24/2019,12:15:26,Europe/Madrid,M...,REG,UNKNOWN,Content Modification Time,-,SNAPE-PC,[HKEY_LOCAL_MACHINE\System\ControlSet001\Control\Class] Value: No values stor...,[HKEY_LOCAL_MACHINE\System\ControlSet001\Control\Class] Value: No values stored in key.,2,OS:/home/sansforensics/Documents/LaboratorioForense/InstanciaSnape/Windows/System32/config/SYSTEM,28412,-,winreg/winreg_default,sha256_hash: f0e6b314a660b232739eeb906deb22b439b42caa817b925112dfd735b403a745 
10/24/2019,12:15:26,Europe/Madrid,M...,REG,UNKNOWN,Content Modification Time,-,SNAPE-PC,[HKEY_LOCAL_MACHINE\System\ControlSet001\Control\Class\{091BC97E-2352-4362-A5...,[HKEY_LOCAL_MACHINE\System\ControlSet001\Control\Class\{091BC97E-2352-4362-A539-10A6D8FF7596}] Class: [REG_SZ] RDPDR NoDisplayClass: [REG_SZ] 1 NoUseClass: [REG_SZ] 1,2,OS:/home/sansforensics/Documents/LaboratorioForense/InstanciaSnape/Windows/System32/config/SYSTEM,28412,-,winreg/winreg_default,sha256_hash: f0e6b314a660b232739eeb906deb22b439b42caa817b925112dfd735b403a745 
10/24/2019,12:15:26,Europe/Madrid,M...,REG,UNKNOWN,Content Modification Time,-,SNAPE-PC,[HKEY_LOCAL_MACHINE\System\ControlSet001\Control\Class\{091BC97E-2352-4362-A5...,[HKEY_LOCAL_MACHINE\System\ControlSet001\Control\Class\{091BC97E-2352-4362-A539-10A6D8FF7596}\Properties] Security: [REG_BINARY],2,OS:/home/sansforensics/Documents/LaboratorioForense/InstanciaSnape/Windows/System32/config/SYSTEM,28412,-,winreg/winreg_default,sha256_hash: f0e6b314a660b232739eeb906deb22b439b42caa817b925112dfd735b403a745 
10/24/2019,12:15:26,Europe/Madrid,M...,REG,UNKNOWN,Content Modification Time,-,SNAPE-PC,[HKEY_LOCAL_MACHINE\System\ControlSet001\Control\Class\{CC41EBA2-AB57-4F4E-8C...,[HKEY_LOCAL_MACHINE\System\ControlSet001\Control\Class\{CC41EBA2-AB57-4F4E-8C3D-1BC33B1E74E3}] Class: [REG_SZ] RDPDR NoDisplayClass: [REG_SZ] 1 NoUseClass: [REG_SZ] 1,2,OS:/home/sansforensics/Documents/LaboratorioForense/InstanciaSnape/Windows/System32/config/SYSTEM,28412,-,winreg/winreg_default,sha256_hash: f0e6b314a660b232739eeb906deb22b439b42caa817b925112dfd735b403a745 
10/24/2019,12:15:26,Europe/Madrid,M...,EVT,WinEVTX,Content Modification Time,NetworkService,SNAPE-PC,[258 / 0x0102] Strings: ['RDP-Tcp'],[258 / 0x0102] Source Name: Microsoft-Windows-TerminalServices-RemoteConnectionManager Strings: ['RDP-Tcp'] Computer Name: Snape-PC Record Number: 1 Event Level: 4,2,OS:/home/sansforensics/Documents/LaboratorioForense/InstanciaSnape/Windows/System32/winevt/Logs/Microsoft-Windows-TerminalServices-RemoteConnectionManager%4Operational.evtx,59612,-,winevtx,recovered: False; sha256_hash: afd0f860f116f5196717b75c3d3c2bc594d44661220578417e1d754c2065d0c0; strings_parsed: {}; user_sid: S-1-5-20; xml_string: <Event xmlns="http://schemas.microsoft.com/win/2004/08/events/event">-  <System>-    <Provider Name="Microsoft-Windows-TerminalServices-RemoteConnectionManager" Guid="{C76BAA63-AE81-421C-B425-340B4B24157F}"/>-    <EventID>258</EventID>-    <Version>0</Version>-    <Level>4</Level>-    <Task>0</Task>-    <Opcode>0</Opcode>-    <Keywords>0x1000000000000000</Keywords>-    <TimeCreated SystemTime="2019-10-24T10:15:26.278082000Z"/>-    <EventRecordID>1</EventRecordID>-    <Correlation ActivityID="{00000100-0000-0000-E800-8F160688D501}"/>-    <Execution ProcessID="628" ThreadID="3068"/>-    <Channel>Microsoft-Windows-TerminalServices-RemoteConnectionManager/Operational</Channel>-    <Computer>Snape-PC</Computer>-    <Security UserID="S-1-5-20"/>-  </System>-  <UserData>-    <EventXML xmlns:auto-ns2="http://schemas.microsoft.com/win/2004/08/events" xmlns="Event_NS">-      <listenerName>RDP-Tcp</listenerName>-    </EventXML>-  </UserData>-</Event>- 
10/24/2019,12:15:26,Europe/Madrid,M...,REG,UNKNOWN,Content Modification Time,-,SNAPE-PC,[HKEY_LOCAL_MACHINE\System\ControlSet001\Enum\Root\LEGACY_TDTCP] NextInstance...,[HKEY_LOCAL_MACHINE\System\ControlSet001\Enum\Root\LEGACY_TDTCP] NextInstance: [REG_DWORD_LE] 1,2,OS:/home/sansforensics/Documents/LaboratorioForense/InstanciaSnape/Windows/System32/config/SYSTEM,28412,-,winreg/winreg_default,sha256_hash: f0e6b314a660b232739eeb906deb22b439b42caa817b925112dfd735b403a745 
10/24/2019,12:15:26,Europe/Madrid,M...,EVT,WinEVTX,Content Modification Time,-,SNAPE-PC,[7036 / 0x1b7c] Strings: ['Redirector de puerto en modo usuario de Servicios ...,[7036 / 0x1b7c] Source Name: Service Control Manager Strings: ['Redirector de puerto en modo usuario de Servicios de Escritorio remoto'  'en ejecución'  '55006D0052006400700053006500720076006900630065002F0034000000'] Computer Name: Snape-PC Record Number: 1613 Event Level: 4,2,OS:/home/sansforensics/Documents/LaboratorioForense/InstanciaSnape/Windows/System32/winevt/Logs/System.evtx,58690,-,winevtx,message_identifier: 1073748860; recovered: False; sha256_hash: 7b42ce3dc2f1f3cf6594e33781fdd14fa9845ad1272964b415594a429b3a4ca9; strings_parsed: {}; xml_string: <Event xmlns="http://schemas.microsoft.com/win/2004/08/events/event">-  <System>-    <Provider Name="Service Control Manager" Guid="{555908d1-a6d7-4695-8e1e-26931d2012f4}" EventSourceName="Service Control Manager"/>-    <EventID Qualifiers="16384">7036</EventID>-    <Version>0</Version>-    <Level>4</Level>-    <Task>0</Task>-    <Opcode>0</Opcode>-    <Keywords>0x8080000000000000</Keywords>-    <TimeCreated SystemTime="2019-10-24T10:15:26.512457000Z"/>-    <EventRecordID>1613</EventRecordID>-    <Correlation/>-    <Execution ProcessID="480" ThreadID="3724"/>-    <Channel>System</Channel>-    <Computer>Snape-PC</Computer>-    <Security/>-  </System>-  <EventData>-    <Data Name="param1">Redirector de puerto en modo usuario de Servicios de Escritorio remoto</Data>-    <Data Name="param2">en ejecución</Data>-    <Binary>55006D0052006400700053006500720076006900630065002F0034000000</Binary>-  </EventData>-</Event>- 
10/24/2019,12:15:26,Europe/Madrid,M...,EVT,WinEVTX,Content Modification Time,systemprofile,SNAPE-PC,[1136 / 0x0470] Strings: [],[1136 / 0x0470] Source Name: Microsoft-Windows-TerminalServices-RemoteConnectionManager Strings: [] Computer Name: Snape-PC Record Number: 2 Event Level: 4,2,OS:/home/sansforensics/Documents/LaboratorioForense/InstanciaSnape/Windows/System32/winevt/Logs/Microsoft-Windows-TerminalServices-RemoteConnectionManager%4Operational.evtx,59612,-,winevtx,recovered: False; sha256_hash: afd0f860f116f5196717b75c3d3c2bc594d44661220578417e1d754c2065d0c0; strings_parsed: {}; user_sid: S-1-5-18; xml_string: <Event xmlns="http://schemas.microsoft.com/win/2004/08/events/event">-  <System>-    <Provider Name="Microsoft-Windows-TerminalServices-RemoteConnectionManager" Guid="{C76BAA63-AE81-421C-B425-340B4B24157F}"/>-    <EventID>1136</EventID>-    <Version>0</Version>-    <Level>4</Level>-    <Task>0</Task>-    <Opcode>0</Opcode>-    <Keywords>0x1000000000000000</Keywords>-    <TimeCreated SystemTime="2019-10-24T10:15:26.559332000Z"/>-    <EventRecordID>2</EventRecordID>-    <Correlation/>-    <Execution ProcessID="900" ThreadID="1004"/>-    <Channel>Microsoft-Windows-TerminalServices-RemoteConnectionManager/Operational</Channel>-    <Computer>Snape-PC</Computer>-    <Security UserID="S-1-5-18"/>-  </System>-  <EventData/>-</Event>- 
10/24/2019,12:15:26,Europe/Madrid,M...,EVT,WinEVTX,Content Modification Time,-,SNAPE-PC,[7036 / 0x1b7c] Strings: ['Configuración de Escritorio remoto'  'en ejecución...,[7036 / 0x1b7c] Source Name: Service Control Manager Strings: ['Configuración de Escritorio remoto'  'en ejecución'  '530065007300730069006F006E0045006E0076002F0034000000'] Computer Name: Snape-PC Record Number: 1614 Event Level: 4,2,OS:/home/sansforensics/Documents/LaboratorioForense/InstanciaSnape/Windows/System32/winevt/Logs/System.evtx,58690,-,winevtx,message_identifier: 1073748860; recovered: False; sha256_hash: 7b42ce3dc2f1f3cf6594e33781fdd14fa9845ad1272964b415594a429b3a4ca9; strings_parsed: {}; xml_string: <Event xmlns="http://schemas.microsoft.com/win/2004/08/events/event">-  <System>-    <Provider Name="Service Control Manager" Guid="{555908d1-a6d7-4695-8e1e-26931d2012f4}" EventSourceName="Service Control Manager"/>-    <EventID Qualifiers="16384">7036</EventID>-    <Version>0</Version>-    <Level>4</Level>-    <Task>0</Task>-    <Opcode>0</Opcode>-    <Keywords>0x8080000000000000</Keywords>-    <TimeCreated SystemTime="2019-10-24T10:15:26.559332000Z"/>-    <EventRecordID>1614</EventRecordID>-    <Correlation/>-    <Execution ProcessID="480" ThreadID="3724"/>-    <Channel>System</Channel>-    <Computer>Snape-PC</Computer>-    <Security/>-  </System>-  <EventData>-    <Data Name="param1">Configuración de Escritorio remoto</Data>-    <Data Name="param2">en ejecución</Data>-    <Binary>530065007300730069006F006E0045006E0076002F0034000000</Binary>-  </EventData>-</Event>- 
10/24/2019,12:15:26,Europe/Madrid,M...,EVT,WinEVTX,Content Modification Time,-,SNAPE-PC,[7036 / 0x1b7c] Strings: ['Propagación de certificados'  'en ejecución'  '430...,[7036 / 0x1b7c] Source Name: Service Control Manager Strings: ['Propagación de certificados'  'en ejecución'  '4300650072007400500072006F0070005300760063002F0034000000'] Computer Name: Snape-PC Record Number: 1615 Event Level: 4,2,OS:/home/sansforensics/Documents/LaboratorioForense/InstanciaSnape/Windows/System32/winevt/Logs/System.evtx,58690,-,winevtx,message_identifier: 1073748860; recovered: False; sha256_hash: 7b42ce3dc2f1f3cf6594e33781fdd14fa9845ad1272964b415594a429b3a4ca9; strings_parsed: {}; xml_string: <Event xmlns="http://schemas.microsoft.com/win/2004/08/events/event">-  <System>-    <Provider Name="Service Control Manager" Guid="{555908d1-a6d7-4695-8e1e-26931d2012f4}" EventSourceName="Service Control Manager"/>-    <EventID Qualifiers="16384">7036</EventID>-    <Version>0</Version>-    <Level>4</Level>-    <Task>0</Task>-    <Opcode>0</Opcode>-    <Keywords>0x8080000000000000</Keywords>-    <TimeCreated SystemTime="2019-10-24T10:15:26.559332000Z"/>-    <EventRecordID>1615</EventRecordID>-    <Correlation/>-    <Execution ProcessID="480" ThreadID="3940"/>-    <Channel>System</Channel>-    <Computer>Snape-PC</Computer>-    <Security/>-  </System>-  <EventData>-    <Data Name="param1">Propagación de certificados</Data>-    <Data Name="param2">en ejecución</Data>-    <Binary>4300650072007400500072006F0070005300760063002F0034000000</Binary>-  </EventData>-</Event>- 
10/24/2019,12:15:26,Europe/Madrid,M...,REG,UNKNOWN,Content Modification Time,-,SNAPE-PC,[HKEY_LOCAL_MACHINE\System\ControlSet001\Enum\Root\LEGACY_TSSECSRV] NextInsta...,[HKEY_LOCAL_MACHINE\System\ControlSet001\Enum\Root\LEGACY_TSSECSRV] NextInstance: [REG_DWORD_LE] 1,2,OS:/home/sansforensics/Documents/LaboratorioForense/InstanciaSnape/Windows/System32/config/SYSTEM,28412,-,winreg/winreg_default,sha256_hash: f0e6b314a660b232739eeb906deb22b439b42caa817b925112dfd735b403a745 
10/24/2019,12:15:26,Europe/Madrid,M...,REG,UNKNOWN,Content Modification Time,-,SNAPE-PC,[HKEY_LOCAL_MACHINE\System\ControlSet001\Enum\Root\LEGACY_RDPWD] NextInstance...,[HKEY_LOCAL_MACHINE\System\ControlSet001\Enum\Root\LEGACY_RDPWD] NextInstance: [REG_DWORD_LE] 1,2,OS:/home/sansforensics/Documents/LaboratorioForense/InstanciaSnape/Windows/System32/config/SYSTEM,28412,-,winreg/winreg_default,sha256_hash: f0e6b314a660b232739eeb906deb22b439b42caa817b925112dfd735b403a745 
10/24/2019,12:15:26,Europe/Madrid,M...,REG,UNKNOWN,Content Modification Time,-,SNAPE-PC,[HKEY_LOCAL_MACHINE\Software\Microsoft\SystemCertificates] Value: No values s...,[HKEY_LOCAL_MACHINE\Software\Microsoft\SystemCertificates] Value: No values stored in key.,2,OS:/home/sansforensics/Documents/LaboratorioForense/InstanciaSnape/Windows/System32/config/SOFTWARE,28409,-,winreg/winreg_default,sha256_hash: 97bfd74280b72753eb23ca4f238f382d2a605848b8f1c3371246b0c563b5bc20 
10/24/2019,12:15:26,Europe/Madrid,M...,REG,UNKNOWN,Content Modification Time,-,SNAPE-PC,[HKEY_LOCAL_MACHINE\Software\Microsoft\SystemCertificates\Remote Desktop] Val...,[HKEY_LOCAL_MACHINE\Software\Microsoft\SystemCertificates\Remote Desktop] Value: No values stored in key.,2,OS:/home/sansforensics/Documents/LaboratorioForense/InstanciaSnape/Windows/System32/config/SOFTWARE,28409,-,winreg/winreg_default,sha256_hash: 97bfd74280b72753eb23ca4f238f382d2a605848b8f1c3371246b0c563b5bc20 
10/24/2019,12:15:26,Europe/Madrid,M...,REG,UNKNOWN,Content Modification Time,-,SNAPE-PC,[HKEY_LOCAL_MACHINE\Software\Microsoft\SystemCertificates\Remote Desktop\CRLs...,[HKEY_LOCAL_MACHINE\Software\Microsoft\SystemCertificates\Remote Desktop\CRLs] Value: No values stored in key.,2,OS:/home/sansforensics/Documents/LaboratorioForense/InstanciaSnape/Windows/System32/config/SOFTWARE,28409,-,winreg/winreg_default,sha256_hash: 97bfd74280b72753eb23ca4f238f382d2a605848b8f1c3371246b0c563b5bc20 
10/24/2019,12:15:26,Europe/Madrid,M...,REG,UNKNOWN,Content Modification Time,-,SNAPE-PC,[HKEY_LOCAL_MACHINE\Software\Microsoft\SystemCertificates\Remote Desktop\CTLs...,[HKEY_LOCAL_MACHINE\Software\Microsoft\SystemCertificates\Remote Desktop\CTLs] Value: No values stored in key.,2,OS:/home/sansforensics/Documents/LaboratorioForense/InstanciaSnape/Windows/System32/config/SOFTWARE,28409,-,winreg/winreg_default,sha256_hash: 97bfd74280b72753eb23ca4f238f382d2a605848b8f1c3371246b0c563b5bc20 
10/24/2019,12:15:26,Europe/Madrid,M...,REG,UNKNOWN,Content Modification Time,-,SNAPE-PC,[HKEY_LOCAL_MACHINE\Software\Microsoft\SystemCertificates\Remote Desktop\Cert...,[HKEY_LOCAL_MACHINE\Software\Microsoft\SystemCertificates\Remote Desktop\Certificates] Value: No values stored in key.,2,OS:/home/sansforensics/Documents/LaboratorioForense/InstanciaSnape/Windows/System32/config/SOFTWARE,28409,-,winreg/winreg_default,sha256_hash: 97bfd74280b72753eb23ca4f238f382d2a605848b8f1c3371246b0c563b5bc20 
10/24/2019,12:15:26,Europe/Madrid,M...,REG,UNKNOWN,Content Modification Time,-,SNAPE-PC,[HKEY_LOCAL_MACHINE\System\ControlSet001\Control\Terminal Server\WinStations]...,[HKEY_LOCAL_MACHINE\System\ControlSet001\Control\Terminal Server\WinStations] ConsoleSecurity: [REG_BINARY] DefaultSecurity: [REG_BINARY] SelfSignedCertStore: [REG_SZ] Remote Desktop SelfSignedCertificate: [REG_BINARY],2,OS:/home/sansforensics/Documents/LaboratorioForense/InstanciaSnape/Windows/System32/config/SYSTEM,28412,-,winreg/winreg_default,sha256_hash: f0e6b314a660b232739eeb906deb22b439b42caa817b925112dfd735b403a745 
10/24/2019,12:16:24,Europe/Madrid,M...,REG,UNKNOWN,Content Modification Time,-,SNAPE-PC,[\DefaultObjectStore\LruList\0000000000002327] ObjectId: [REG_QWORD] 614 Obje...,[\DefaultObjectStore\LruList\0000000000002327] ObjectId: [REG_QWORD] 614 ObjectLru: [REG_QWORD] 8999,2,OS:/home/sansforensics/Documents/LaboratorioForense/InstanciaSnape/System Volume Information/Syscache.hve,58727,-,winreg/winreg_default,sha256_hash: 10f6454439c0b3b7925242f9a5eeb8f76d6a19223e4171213da0ecfb0de31d57 
10/24/2019,12:16:24,Europe/Madrid,M...,REG,UNKNOWN,Content Modification Time,-,SNAPE-PC,[\DefaultObjectStore\ObjectTable\266] AeFileID: [REG_BINARY] AeProgramID: [RE...,[\DefaultObjectStore\ObjectTable\266] AeFileID: [REG_BINARY] AeProgramID: [REG_BINARY] _FileId_: [REG_QWORD] 281474976737349 _ObjectId_: [REG_QWORD] 614 _ObjectLru_: [REG_QWORD] 8999 _UsnJournalId_: [REG_QWORD] 132161263972343750 _Usn_: [REG_QWORD] 0,2,OS:/home/sansforensics/Documents/LaboratorioForense/InstanciaSnape/System Volume Information/Syscache.hve,58727,-,winreg/winreg_default,sha256_hash: 10f6454439c0b3b7925242f9a5eeb8f76d6a19223e4171213da0ecfb0de31d57 
10/24/2019,12:16:24,Europe/Madrid,M...,REG,UNKNOWN,Content Modification Time,-,SNAPE-PC,[\DefaultObjectStore\LruList\0000000000002329] ObjectId: [REG_QWORD] 615 Obje...,[\DefaultObjectStore\LruList\0000000000002329] ObjectId: [REG_QWORD] 615 ObjectLru: [REG_QWORD] 9001,2,OS:/home/sansforensics/Documents/LaboratorioForense/InstanciaSnape/System Volume Information/Syscache.hve,58727,-,winreg/winreg_default,sha256_hash: 10f6454439c0b3b7925242f9a5eeb8f76d6a19223e4171213da0ecfb0de31d57 
10/24/2019,12:16:24,Europe/Madrid,M...,REG,UNKNOWN,Content Modification Time,-,SNAPE-PC,[\DefaultObjectStore\LruList\000000000000232C] ObjectId: [REG_QWORD] 616 Obje...,[\DefaultObjectStore\LruList\000000000000232C] ObjectId: [REG_QWORD] 616 ObjectLru: [REG_QWORD] 9004,2,OS:/home/sansforensics/Documents/LaboratorioForense/InstanciaSnape/System Volume Information/Syscache.hve,58727,-,winreg/winreg_default,sha256_hash: 10f6454439c0b3b7925242f9a5eeb8f76d6a19223e4171213da0ecfb0de31d57 
10/24/2019,12:16:24,Europe/Madrid,M...,REG,UNKNOWN,Content Modification Time,-,SNAPE-PC,[\DefaultObjectStore\ObjectTable\267] AeFileID: [REG_BINARY] AeProgramID: [RE...,[\DefaultObjectStore\ObjectTable\267] AeFileID: [REG_BINARY] AeProgramID: [REG_BINARY] _FileId_: [REG_QWORD] 281474976737350 _ObjectId_: [REG_QWORD] 615 _ObjectLru_: [REG_QWORD] 9001 _UsnJournalId_: [REG_QWORD] 132161263972343750 _Usn_: [REG_QWORD] 0,2,OS:/home/sansforensics/Documents/LaboratorioForense/InstanciaSnape/System Volume Information/Syscache.hve,58727,-,winreg/winreg_default,sha256_hash: 10f6454439c0b3b7925242f9a5eeb8f76d6a19223e4171213da0ecfb0de31d57 
10/24/2019,12:16:24,Europe/Madrid,M...,REG,UNKNOWN,Content Modification Time,-,SNAPE-PC,[\DefaultObjectStore\ObjectTable\268] AeFileID: [REG_BINARY] AeProgramID: [RE...,[\DefaultObjectStore\ObjectTable\268] AeFileID: [REG_BINARY] AeProgramID: [REG_BINARY] _FileId_: [REG_QWORD] 281474976737816 _ObjectId_: [REG_QWORD] 616 _ObjectLru_: [REG_QWORD] 9004 _UsnJournalId_: [REG_QWORD] 132161263972343750 _Usn_: [REG_QWORD] 0,2,OS:/home/sansforensics/Documents/LaboratorioForense/InstanciaSnape/System Volume Information/Syscache.hve,58727,-,winreg/winreg_default,sha256_hash: 10f6454439c0b3b7925242f9a5eeb8f76d6a19223e4171213da0ecfb0de31d57 
10/24/2019,12:16:52,Europe/Madrid,MAC.,FILE,OS Content Modification Time,Content Modification Time; Last Access Time; Metadata Modification Time,-,SNAPE-PC,/home/sansforensics/Documents/LaboratorioForense/InstanciaSnape/Users/Snape/D...,OS:/home/sansforensics/Documents/LaboratorioForense/InstanciaSnape/Users/Snape/Desktop Type: directory,2,OS:/home/sansforensics/Documents/LaboratorioForense/InstanciaSnape/Users/Snape/Desktop,491,-,filestat,file_size: 4096; file_system_type: OS; is_allocated: True 
10/24/2019,12:17:22,Europe/Madrid,MAC.,FILE,OS Content Modification Time,Content Modification Time; Last Access Time; Metadata Modification Time,-,SNAPE-PC,/home/sansforensics/Documents/LaboratorioForense/InstanciaSnape/Users/Snape/D...,OS:/home/sansforensics/Documents/LaboratorioForense/InstanciaSnape/Users/Snape/Documents Type: directory,2,OS:/home/sansforensics/Documents/LaboratorioForense/InstanciaSnape/Users/Snape/Documents,490,-,filestat,file_size: 4096; file_system_type: OS; is_allocated: True 
10/24/2019,12:17:24,Europe/Madrid,M...,EVT,WinEVTX,Content Modification Time,systemprofile,SNAPE-PC,[3005 / 0x0bbd] Strings: ['253285'  '0'  '0'  '0'  '0'  '0'  '0'  '0'  '0'  '...,[3005 / 0x0bbd] Source Name: Microsoft-Windows-BranchCacheSMB Strings: ['253285'  '0'  '0'  '0'  '0'  '0'  '0'  '0'  '0'  '0'  '0'  '0'  '0'  '0'] Computer Name: Snape-PC Record Number: 79 Event Level: 4,2,OS:/home/sansforensics/Documents/LaboratorioForense/InstanciaSnape/Windows/System32/winevt/Logs/Microsoft-Windows-BranchCacheSMB%4Operational.evtx,58713,-,winevtx,recovered: False; sha256_hash: 57bed1d2ae417ad2c8459bb2cc1839869a578835fb17847a373c7cc9e4139f08; strings_parsed: {}; user_sid: S-1-5-18; xml_string: <Event xmlns="http://schemas.microsoft.com/win/2004/08/events/event">-  <System>-    <Provider Name="Microsoft-Windows-BranchCacheSMB" Guid="{4A933674-FB3D-4E8D-B01D-17EE14E91A3E}"/>-    <EventID>3005</EventID>-    <Version>0</Version>-    <Level>4</Level>-    <Task>0</Task>-    <Opcode>0</Opcode>-    <Keywords>0x8000000000000800</Keywords>-    <TimeCreated SystemTime="2019-10-24T10:17:24.028082000Z"/>-    <EventRecordID>79</EventRecordID>-    <Correlation/>-    <Execution ProcessID="856" ThreadID="3684"/>-    <Channel>Microsoft-Windows-BranchCacheSMB/Operational</Channel>-    <Computer>Snape-PC</Computer>-    <Security UserID="S-1-5-18"/>-  </System>-  <UserData>-    <CounterSummary xmlns:auto-ns3="http://schemas.microsoft.com/win/2004/08/events" xmlns="CounterSummaryNs">-      <ServiceActiveTimeInSeconds>253285</ServiceActiveTimeInSeconds>-      <SMBBranchCacheBytesRequested>0</SMBBranchCacheBytesRequested>-      <SMBBranchCacheBytesReceived>0</SMBBranchCacheBytesReceived>-      <SMBBranchCacheBytesPublished>0</SMBBranchCacheBytesPublished>-      <SMBBranchCacheBytesRequestedFromServer>0</SMBBranchCacheBytesRequestedFromServer>-      <SMBBranchCacheHashesRequested>0</SMBBranchCacheHashesRequested>-      <SMBBranchCacheHashesReceived>0</SMBBranchCacheHashesReceived>-      <SMBBranchCacheHashBytesReceived>0</SMBBranchCacheHashBytesReceived>-      <PrefetchOperationsQueued>0</PrefetchOperationsQueued>-      <PrefetchBytesReadFromCache>0</PrefetchBytesReadFromCache>-      <PrefetchBytesReadFromServer>0</PrefetchBytesReadFromServer>-      <ApplicationBytesReadFromCache>0</ApplicationBytesReadFromCache>-      <ApplicationBytesReadFromServer>0</ApplicationBytesReadFromServer>-      <ApplicationBytesReadFromServerNotCached>0</ApplicationBytesReadFromServerNotCached>-    </CounterSummary>-  </UserData>-</Event>- 
