10/24/2019,12:12:54,Europe/Madrid,M...,EVT,WinEVTX,Content Modification Time,-,SNAPE-PC,[4728 / 0x1278] Strings: ['-'  'S-1-5-21-1889767047-1812109830-4081843715-100...,[4728 / 0x1278] Source Name: Microsoft-Windows-Security-Auditing Strings: ['-'  'S-1-5-21-1889767047-1812109830-4081843715-1003'  'None'  'Snape-PC'  'S-1-5-21-1889767047-1812109830-4081843715-513'  'S-1-5-18'  'SNAPE-PC$'  'WORKGROUP'  '0x00000000000003e7'  '-'] Computer Name: Snape-PC Record Number: 684 Event Level: 0,2,OS:/home/sansforensics/Documents/LaboratorioForense/InstanciaSnape/Windows/System32/winevt/Logs/Security.evtx,58692,-,winevtx,recovered: False; sha256_hash: e11618c831b656543c1362597a405d06db3d4b66e918e7d61fd91865b89dab85; strings_parsed: {}; xml_string: <Event xmlns="http://schemas.microsoft.com/win/2004/08/events/event">-  <System>-    <Provider Name="Microsoft-Windows-Security-Auditing" Guid="{54849625-5478-4994-A5BA-3E3B0328C30D}"/>-    <EventID>4728</EventID>-    <Version>0</Version>-    <Level>0</Level>-    <Task>13826</Task>-    <Opcode>0</Opcode>-    <Keywords>0x8020000000000000</Keywords>-    <TimeCreated SystemTime="2019-10-24T10:12:54.918707000Z"/>-    <EventRecordID>684</EventRecordID>-    <Correlation/>-    <Execution ProcessID="496" ThreadID="3012"/>-    <Channel>Security</Channel>-    <Computer>Snape-PC</Computer>-    <Security/>-  </System>-  <EventData>-    <Data Name="MemberName">-</Data>-    <Data Name="MemberSid">S-1-5-21-1889767047-1812109830-4081843715-1003</Data>-    <Data Name="TargetUserName">None</Data>-    <Data Name="TargetDomainName">Snape-PC</Data>-    <Data Name="TargetSid">S-1-5-21-1889767047-1812109830-4081843715-513</Data>-    <Data Name="SubjectUserSid">S-1-5-18</Data>-    <Data Name="SubjectUserName">SNAPE-PC$</Data>-    <Data Name="SubjectDomainName">WORKGROUP</Data>-    <Data Name="SubjectLogonId">0x00000000000003e7</Data>-    <Data Name="PrivilegeList">-</Data>-  </EventData>-</Event>- 
10/24/2019,12:12:54,Europe/Madrid,M...,REG,UNKNOWN,Content Modification Time,-,SNAPE-PC,[HKEY_LOCAL_MACHINE\SAM\SAM\Domains\Account\Groups\00000201] C: [REG_BINARY],[HKEY_LOCAL_MACHINE\SAM\SAM\Domains\Account\Groups\00000201] C: [REG_BINARY],2,OS:/home/sansforensics/Documents/LaboratorioForense/InstanciaSnape/Windows/System32/config/SAM,28403,-,winreg/winreg_default,sha256_hash: c978b7a2275f4dbd356e540f3eea6ecc4da7afbc2bb9f7c30c50d09e72383df6
10/24/2019,12:12:54,Europe/Madrid,M...,REG,UNKNOWN : User Account Information,Content Modification Time,-,SNAPE-PC,[HKEY_LOCAL_MACHINE\SAM\SAM\Domains\Account\Users] account_rid: 1003 login_co...,[HKEY_LOCAL_MACHINE\SAM\SAM\Domains\Account\Users] account_rid: 1003 login_count: 0 username: slytherin,2,OS:/home/sansforensics/Documents/LaboratorioForense/InstanciaSnape/Windows/System32/config/SAM,28403,-,winreg/windows_sam_users,sha256_hash: c978b7a2275f4dbd356e540f3eea6ecc4da7afbc2bb9f7c30c50d09e72383df6; source_append: : User Account Information
10/24/2019,12:12:54,Europe/Madrid,M...,REG,UNKNOWN,Content Modification Time,-,SNAPE-PC,[HKEY_LOCAL_MACHINE\SAM\SAM\Domains\Account\Users\Names] (default): [REG_NONE...,[HKEY_LOCAL_MACHINE\SAM\SAM\Domains\Account\Users\Names] (default): [REG_NONE] Empty,2,OS:/home/sansforensics/Documents/LaboratorioForense/InstanciaSnape/Windows/System32/config/SAM,28403,-,winreg/winreg_default,sha256_hash: c978b7a2275f4dbd356e540f3eea6ecc4da7afbc2bb9f7c30c50d09e72383df6
10/24/2019,12:12:54,Europe/Madrid,M...,REG,UNKNOWN,Content Modification Time,-,SNAPE-PC,[HKEY_LOCAL_MACHINE\SAM\SAM\Domains\Account\Users\Names\slytherin] (default):...,[HKEY_LOCAL_MACHINE\SAM\SAM\Domains\Account\Users\Names\slytherin] (default): [UNKNOWN] Empty,2,OS:/home/sansforensics/Documents/LaboratorioForense/InstanciaSnape/Windows/System32/config/SAM,28403,-,winreg/winreg_default,sha256_hash: c978b7a2275f4dbd356e540f3eea6ecc4da7afbc2bb9f7c30c50d09e72383df6
10/24/2019,12:12:54,Europe/Madrid,M...,EVT,WinEVTX,Content Modification Time,-,SNAPE-PC,[4720 / 0x1270] Strings: ['slytherin'  'Snape-PC'  'S-1-5-21-1889767047-18121...,[4720 / 0x1270] Source Name: Microsoft-Windows-Security-Auditing Strings: ['slytherin'  'Snape-PC'  'S-1-5-21-1889767047-1812109830-4081843715-1003'  'S-1-5-18'  'SNAPE-PC$'  'WORKGROUP'  '0x00000000000003e7'  '-'  'slytherin'  '%%1793'  '-'  '%%1793'  '%%1793'  '%%1793'  '%%1793'  '%%1793'  '%%1794'  '%%1794'  '513'  '-'  '0x0'  '0x15'  '          %%2080          %%2082          %%2084'  '%%1793'  '-'  '%%1797'] Computer Name: Snape-PC Record Number: 685 Event Level: 0,2,OS:/home/sansforensics/Documents/LaboratorioForense/InstanciaSnape/Windows/System32/winevt/Logs/Security.evtx,58692,-,winevtx,recovered: False; sha256_hash: e11618c831b656543c1362597a405d06db3d4b66e918e7d61fd91865b89dab85; strings_parsed: {}; xml_string: <Event xmlns="http://schemas.microsoft.com/win/2004/08/events/event">-  <System>-    <Provider Name="Microsoft-Windows-Security-Auditing" Guid="{54849625-5478-4994-A5BA-3E3B0328C30D}"/>-    <EventID>4720</EventID>-    <Version>0</Version>-    <Level>0</Level>-    <Task>13824</Task>-    <Opcode>0</Opcode>-    <Keywords>0x8020000000000000</Keywords>-    <TimeCreated SystemTime="2019-10-24T10:12:54.934332000Z"/>-    <EventRecordID>685</EventRecordID>-    <Correlation/>-    <Execution ProcessID="496" ThreadID="3012"/>-    <Channel>Security</Channel>-    <Computer>Snape-PC</Computer>-    <Security/>-  </System>-  <EventData>-    <Data Name="TargetUserName">slytherin</Data>-    <Data Name="TargetDomainName">Snape-PC</Data>-    <Data Name="TargetSid">S-1-5-21-1889767047-1812109830-4081843715-1003</Data>-    <Data Name="SubjectUserSid">S-1-5-18</Data>-    <Data Name="SubjectUserName">SNAPE-PC$</Data>-    <Data Name="SubjectDomainName">WORKGROUP</Data>-    <Data Name="SubjectLogonId">0x00000000000003e7</Data>-    <Data Name="PrivilegeList">-</Data>-    <Data Name="SamAccountName">slytherin</Data>-    <Data Name="DisplayName">%%1793</Data>-    <Data Name="UserPrincipalName">-</Data>-    <Data Name="HomeDirectory">%%1793</Data>-    <Data Name="HomePath">%%1793</Data>-    <Data Name="ScriptPath">%%1793</Data>-    <Data Name="ProfilePath">%%1793</Data>-    <Data Name="UserWorkstations">%%1793</Data>-    <Data Name="PasswordLastSet">%%1794</Data>-    <Data Name="AccountExpires">%%1794</Data>-    <Data Name="PrimaryGroupId">513</Data>-    <Data Name="AllowedToDelegateTo">-</Data>-    <Data Name="OldUacValue">0x0</Data>-    <Data Name="NewUacValue">0x15</Data>-    <Data Name="UserAccountControl">-             %%2080-         %%2082-         %%2084</Data>-    <Data Name="UserParameters">%%1793</Data>-    <Data Name="SidHistory">-</Data>-    <Data Name="LogonHours">%%1797</Data>-  </EventData>-</Event>-
10/24/2019,12:12:55,Europe/Madrid,.A..,REG,Registry Key: User Account Information,Last Password Reset,slytherin,SNAPE-PC,slytherin RID: 1003,[HKEY_LOCAL_MACHINE\SAM\SAM\Domains\Account\Users] Username: slytherin RID: 1003 Login count: 0,2,OS:/home/sansforensics/Documents/LaboratorioForense/InstanciaSnape/Windows/System32/config/SAM,28403,-,winreg/windows_sam_users,sha256_hash: c978b7a2275f4dbd356e540f3eea6ecc4da7afbc2bb9f7c30c50d09e72383df6
10/24/2019,12:12:55,Europe/Madrid,M...,EVT,WinEVTX,Content Modification Time,-,SNAPE-PC,[4722 / 0x1272] Strings: ['slytherin'  'Snape-PC'  'S-1-5-21-1889767047-18121...,[4722 / 0x1272] Source Name: Microsoft-Windows-Security-Auditing Strings: ['slytherin'  'Snape-PC'  'S-1-5-21-1889767047-1812109830-4081843715-1003'  'S-1-5-18'  'SNAPE-PC$'  'WORKGROUP'  '0x00000000000003e7'] Computer Name: Snape-PC Record Number: 686 Event Level: 0,2,OS:/home/sansforensics/Documents/LaboratorioForense/InstanciaSnape/Windows/System32/winevt/Logs/Security.evtx,58692,-,winevtx,recovered: False; sha256_hash: e11618c831b656543c1362597a405d06db3d4b66e918e7d61fd91865b89dab85; strings_parsed: {}; xml_string: <Event xmlns="http://schemas.microsoft.com/win/2004/08/events/event">-  <System>-    <Provider Name="Microsoft-Windows-Security-Auditing" Guid="{54849625-5478-4994-A5BA-3E3B0328C30D}"/>-    <EventID>4722</EventID>-    <Version>0</Version>-    <Level>0</Level>-    <Task>13824</Task>-    <Opcode>0</Opcode>-    <Keywords>0x8020000000000000</Keywords>-    <TimeCreated SystemTime="2019-10-24T10:12:55.012457000Z"/>-    <EventRecordID>686</EventRecordID>-    <Correlation/>-    <Execution ProcessID="496" ThreadID="3012"/>-    <Channel>Security</Channel>-    <Computer>Snape-PC</Computer>-    <Security/>-  </System>-  <EventData>-    <Data Name="TargetUserName">slytherin</Data>-    <Data Name="TargetDomainName">Snape-PC</Data>-    <Data Name="TargetSid">S-1-5-21-1889767047-1812109830-4081843715-1003</Data>-    <Data Name="SubjectUserSid">S-1-5-18</Data>-    <Data Name="SubjectUserName">SNAPE-PC$</Data>-    <Data Name="SubjectDomainName">WORKGROUP</Data>-    <Data Name="SubjectLogonId">0x00000000000003e7</Data>-  </EventData>-</Event>-
10/24/2019,12:12:55,Europe/Madrid,M...,EVT,WinEVTX,Content Modification Time,-,SNAPE-PC,[4724 / 0x1274] Strings: ['slytherin'  'Snape-PC'  'S-1-5-21-1889767047-18121...,[4724 / 0x1274] Source Name: Microsoft-Windows-Security-Auditing Strings: ['slytherin'  'Snape-PC'  'S-1-5-21-1889767047-1812109830-4081843715-1003'  'S-1-5-18'  'SNAPE-PC$'  'WORKGROUP'  '0x00000000000003e7'] Computer Name: Snape-PC Record Number: 688 Event Level: 0,2,OS:/home/sansforensics/Documents/LaboratorioForense/InstanciaSnape/Windows/System32/winevt/Logs/Security.evtx,58692,-,winevtx,recovered: False; sha256_hash: e11618c831b656543c1362597a405d06db3d4b66e918e7d61fd91865b89dab85; strings_parsed: {}; xml_string: <Event xmlns="http://schemas.microsoft.com/win/2004/08/events/event">-  <System>-    <Provider Name="Microsoft-Windows-Security-Auditing" Guid="{54849625-5478-4994-A5BA-3E3B0328C30D}"/>-    <EventID>4724</EventID>-    <Version>0</Version>-    <Level>0</Level>-    <Task>13824</Task>-    <Opcode>0</Opcode>-    <Keywords>0x8020000000000000</Keywords>-    <TimeCreated SystemTime="2019-10-24T10:12:55.012457000Z"/>-    <EventRecordID>688</EventRecordID>-    <Correlation/>-    <Execution ProcessID="496" ThreadID="3012"/>-    <Channel>Security</Channel>-    <Computer>Snape-PC</Computer>-    <Security/>-  </System>-  <EventData>-    <Data Name="TargetUserName">slytherin</Data>-    <Data Name="TargetDomainName">Snape-PC</Data>-    <Data Name="TargetSid">S-1-5-21-1889767047-1812109830-4081843715-1003</Data>-    <Data Name="SubjectUserSid">S-1-5-18</Data>-    <Data Name="SubjectUserName">SNAPE-PC$</Data>-    <Data Name="SubjectDomainName">WORKGROUP</Data>-    <Data Name="SubjectLogonId">0x00000000000003e7</Data>-  </EventData>-</Event>-
10/24/2019,12:12:55,Europe/Madrid,M...,EVT,WinEVTX,Content Modification Time,-,SNAPE-PC,[4738 / 0x1282] Strings: ['-'  'slytherin'  'Snape-PC'  'S-1-5-21-1889767047-...,[4738 / 0x1282] Source Name: Microsoft-Windows-Security-Auditing Strings: ['-'  'slytherin'  'Snape-PC'  'S-1-5-21-1889767047-1812109830-4081843715-1003'  'S-1-5-18'  'SNAPE-PC$'  'WORKGROUP'  '0x00000000000003e7'  '-'  'slytherin'  '%%1793'  '-'  '%%1793'  '%%1793'  '%%1793'  '%%1793'  '%%1793'  '24/10/2019 12:12:55'  '%%1794'  '513'  '-'  '0x15'  '0x10'  '               %%2048          %%2050'  '-'  '-'  '%%1797'] Computer Name: Snape-PC Record Number: 687 Event Level: 0,2,OS:/home/sansforensics/Documents/LaboratorioForense/InstanciaSnape/Windows/System32/winevt/Logs/Security.evtx,58692,-,winevtx,recovered: False; sha256_hash: e11618c831b656543c1362597a405d06db3d4b66e918e7d61fd91865b89dab85; strings_parsed: {}; xml_string: <Event xmlns="http://schemas.microsoft.com/win/2004/08/events/event">-  <System>-    <Provider Name="Microsoft-Windows-Security-Auditing" Guid="{54849625-5478-4994-A5BA-3E3B0328C30D}"/>-    <EventID>4738</EventID>-    <Version>0</Version>-    <Level>0</Level>-    <Task>13824</Task>-    <Opcode>0</Opcode>-    <Keywords>0x8020000000000000</Keywords>-    <TimeCreated SystemTime="2019-10-24T10:12:55.012457000Z"/>-    <EventRecordID>687</EventRecordID>-    <Correlation/>-    <Execution ProcessID="496" ThreadID="3012"/>-    <Channel>Security</Channel>-    <Computer>Snape-PC</Computer>-    <Security/>-  </System>-  <EventData>-    <Data Name="Dummy">-</Data>-    <Data Name="TargetUserName">slytherin</Data>-    <Data Name="TargetDomainName">Snape-PC</Data>-    <Data Name="TargetSid">S-1-5-21-1889767047-1812109830-4081843715-1003</Data>-    <Data Name="SubjectUserSid">S-1-5-18</Data>-    <Data Name="SubjectUserName">SNAPE-PC$</Data>-    <Data Name="SubjectDomainName">WORKGROUP</Data>-    <Data Name="SubjectLogonId">0x00000000000003e7</Data>-    <Data Name="PrivilegeList">-</Data>-    <Data Name="SamAccountName">slytherin</Data>-    <Data Name="DisplayName">%%1793</Data>-    <Data Name="UserPrincipalName">-</Data>-    <Data Name="HomeDirectory">%%1793</Data>-    <Data Name="HomePath">%%1793</Data>-    <Data Name="ScriptPath">%%1793</Data>-    <Data Name="ProfilePath">%%1793</Data>-    <Data Name="UserWorkstations">%%1793</Data>-    <Data Name="PasswordLastSet">24/10/2019 12:12:55</Data>-    <Data Name="AccountExpires">%%1794</Data>-    <Data Name="PrimaryGroupId">513</Data>-    <Data Name="AllowedToDelegateTo">-</Data>-    <Data Name="OldUacValue">0x15</Data>-    <Data Name="NewUacValue">0x10</Data>-    <Data Name="UserAccountControl">-            %%2048-         %%2050</Data>-    <Data Name="UserParameters">-</Data>-    <Data Name="SidHistory">-</Data>-    <Data Name="LogonHours">%%1797</Data>-  </EventData>-</Event>-
10/24/2019,12:12:55,Europe/Madrid,M...,REG,UNKNOWN,Content Modification Time,-,SNAPE-PC,[HKEY_LOCAL_MACHINE\SAM\SAM\Domains\Account] F: [REG_BINARY] V: [REG_BINARY],[HKEY_LOCAL_MACHINE\SAM\SAM\Domains\Account] F: [REG_BINARY] V: [REG_BINARY],2,OS:/home/sansforensics/Documents/LaboratorioForense/InstanciaSnape/Windows/System32/config/SAM,28403,-,winreg/winreg_default,sha256_hash: c978b7a2275f4dbd356e540f3eea6ecc4da7afbc2bb9f7c30c50d09e72383df6
10/24/2019,12:12:55,Europe/Madrid,M...,EVT,WinEVTX,Content Modification Time,-,SNAPE-PC,[4732 / 0x127c] Strings: ['-'  'S-1-5-21-1889767047-1812109830-4081843715-100...,[4732 / 0x127c] Source Name: Microsoft-Windows-Security-Auditing Strings: ['-'  'S-1-5-21-1889767047-1812109830-4081843715-1003'  'Usuarios'  'Builtin'  'S-1-5-32-545'  'S-1-5-18'  'SNAPE-PC$'  'WORKGROUP'  '0x00000000000003e7'  '-'] Computer Name: Snape-PC Record Number: 689 Event Level: 0,2,OS:/home/sansforensics/Documents/LaboratorioForense/InstanciaSnape/Windows/System32/winevt/Logs/Security.evtx,58692,-,winevtx,recovered: False; sha256_hash: e11618c831b656543c1362597a405d06db3d4b66e918e7d61fd91865b89dab85; strings_parsed: {}; xml_string: <Event xmlns="http://schemas.microsoft.com/win/2004/08/events/event">-  <System>-    <Provider Name="Microsoft-Windows-Security-Auditing" Guid="{54849625-5478-4994-A5BA-3E3B0328C30D}"/>-    <EventID>4732</EventID>-    <Version>0</Version>-    <Level>0</Level>-    <Task>13826</Task>-    <Opcode>0</Opcode>-    <Keywords>0x8020000000000000</Keywords>-    <TimeCreated SystemTime="2019-10-24T10:12:55.137457000Z"/>-    <EventRecordID>689</EventRecordID>-    <Correlation/>-    <Execution ProcessID="496" ThreadID="3012"/>-    <Channel>Security</Channel>-    <Computer>Snape-PC</Computer>-    <Security/>-  </System>-  <EventData>-    <Data Name="MemberName">-</Data>-    <Data Name="MemberSid">S-1-5-21-1889767047-1812109830-4081843715-1003</Data>-    <Data Name="TargetUserName">Usuarios</Data>-    <Data Name="TargetDomainName">Builtin</Data>-    <Data Name="TargetSid">S-1-5-32-545</Data>-    <Data Name="SubjectUserSid">S-1-5-18</Data>-    <Data Name="SubjectUserName">SNAPE-PC$</Data>-    <Data Name="SubjectDomainName">WORKGROUP</Data>-    <Data Name="SubjectLogonId">0x00000000000003e7</Data>-    <Data Name="PrivilegeList">-</Data>-  </EventData>-</Event>-
10/24/2019,12:12:55,Europe/Madrid,M...,REG,UNKNOWN,Content Modification Time,-,SNAPE-PC,[HKEY_LOCAL_MACHINE\SAM\SAM\Domains\Builtin] F: [REG_BINARY] V: [REG_BINARY],[HKEY_LOCAL_MACHINE\SAM\SAM\Domains\Builtin] F: [REG_BINARY] V: [REG_BINARY],2,OS:/home/sansforensics/Documents/LaboratorioForense/InstanciaSnape/Windows/System32/config/SAM,28403,-,winreg/winreg_default,sha256_hash: c978b7a2275f4dbd356e540f3eea6ecc4da7afbc2bb9f7c30c50d09e72383df6
10/24/2019,12:12:55,Europe/Madrid,M...,REG,UNKNOWN,Content Modification Time,-,SNAPE-PC,[HKEY_LOCAL_MACHINE\SAM\SAM\Domains\Builtin\Aliases\00000221] C: [REG_BINARY],[HKEY_LOCAL_MACHINE\SAM\SAM\Domains\Builtin\Aliases\00000221] C: [REG_BINARY],2,OS:/home/sansforensics/Documents/LaboratorioForense/InstanciaSnape/Windows/System32/config/SAM,28403,-,winreg/winreg_default,sha256_hash: c978b7a2275f4dbd356e540f3eea6ecc4da7afbc2bb9f7c30c50d09e72383df6
10/24/2019,12:12:55,Europe/Madrid,M...,REG,UNKNOWN,Content Modification Time,-,SNAPE-PC,[HKEY_LOCAL_MACHINE\SAM\SAM\Domains\Builtin\Aliases\Members\S-1-5-21-18897670...,[HKEY_LOCAL_MACHINE\SAM\SAM\Domains\Builtin\Aliases\Members\S-1-5-21-1889767047-1812109830-4081843715] (default): [REG_DWORD_LE] Empty,2,OS:/home/sansforensics/Documents/LaboratorioForense/InstanciaSnape/Windows/System32/config/SAM,28403,-,winreg/winreg_default,sha256_hash: c978b7a2275f4dbd356e540f3eea6ecc4da7afbc2bb9f7c30c50d09e72383df6
10/24/2019,12:12:55,Europe/Madrid,M...,REG,UNKNOWN,Content Modification Time,-,SNAPE-PC,[HKEY_LOCAL_MACHINE\SAM\SAM\Domains\Builtin\Aliases\Members\S-1-5-21-18897670...,[HKEY_LOCAL_MACHINE\SAM\SAM\Domains\Builtin\Aliases\Members\S-1-5-21-1889767047-1812109830-4081843715\000003EB] (default): [REG_SZ] ȡ,2,OS:/home/sansforensics/Documents/LaboratorioForense/InstanciaSnape/Windows/System32/config/SAM,28403,-,winreg/winreg_default,sha256_hash: c978b7a2275f4dbd356e540f3eea6ecc4da7afbc2bb9f7c30c50d09e72383df6

