10/24/2019,12:31:38,Europe/Madrid,.A..,LOG,WinPrefetch,Last Time Executed,-,SNAPE-PC,RDPCLIP.EXE was run 1 time(s),Prefetch [RDPCLIP.EXE] was executed - run count 1 path: \WINDOWS\SYSTEM32\RDPCLIP.EXE hash: 0x9067FA0E volume: 1 [serial number: 0xB0DEFC74  device path: \DEVICE\HARDDISKVOLUME2],2,OS:/home/sansforensics/Documents/LaboratorioForense/InstanciaSnape/Windows/Prefetch/RDPCLIP.EXE-9067FA0E.pf,61053,-,prefetch,number_of_volumes: 1; sha256_hash: 944fa586078c286fb2e0cf6b693f194bbc509ff7631ddbc93573609d9454dc05; version: 23; volume_device_paths: [u'\\DEVICE\\HARDDISKVOLUME2']; volume_serial_numbers: [2967403636] 
10/24/2019,12:31:38,Europe/Madrid,M...,EVT,WinEVTX,Content Modification Time,systemprofile,SNAPE-PC,[25 / 0x0019] Strings: ['Snape-PC\Snape'  '2'  '10.0.9.6'],[25 / 0x0019] Source Name: Microsoft-Windows-TerminalServices-LocalSessionManager Strings: ['Snape-PC\Snape'  '2'  '10.0.9.6'] Computer Name: Snape-PC Record Number: 15 Event Level: 4,2,OS:/home/sansforensics/Documents/LaboratorioForense/InstanciaSnape/Windows/System32/winevt/Logs/Microsoft-Windows-TerminalServices-LocalSessionManager%4Operational.evtx,58709,-,winevtx,recovered: False; sha256_hash: fda1d3f0cf149950ad268eed3aeabd0f762af06c98506ea48e101a9d5b2cca41; strings_parsed: {}; user_sid: S-1-5-18; xml_string: <Event xmlns="http://schemas.microsoft.com/win/2004/08/events/event">-  <System>-    <Provider Name="Microsoft-Windows-TerminalServices-LocalSessionManager" Guid="{5D896912-022D-40AA-A3A8-4FA5515C76D7}"/>-    <EventID>25</EventID>-    <Version>0</Version>-    <Level>4</Level>-    <Task>0</Task>-    <Opcode>0</Opcode>-    <Keywords>0x1000000000000000</Keywords>-    <TimeCreated SystemTime="2019-10-24T10:31:38.106207000Z"/>-    <EventRecordID>15</EventRecordID>-    <Correlation/>-    <Execution ProcessID="504" ThreadID="2640"/>-    <Channel>Microsoft-Windows-TerminalServices-LocalSessionManager/Operational</Channel>-    <Computer>Snape-PC</Computer>-    <Security UserID="S-1-5-18"/>-  </System>-  <UserData>-    <EventXML xmlns:auto-ns3="http://schemas.microsoft.com/win/2004/08/events" xmlns="Event_NS">-      <User>Snape-PC\Snape</User>-      <SessionID>2</SessionID>-      <Address>10.0.9.6</Address>-    </EventXML>-  </UserData>-</Event>- 
10/24/2019,12:31:38,Europe/Madrid,M...,EVT,WinEVTX,Content Modification Time,-,SNAPE-PC,[4634 / 0x121a] Strings: ['S-1-5-21-1889767047-1812109830-4081843715-1001'  '...,[4634 / 0x121a] Source Name: Microsoft-Windows-Security-Auditing Strings: ['S-1-5-21-1889767047-1812109830-4081843715-1001'  'Snape'  'Snape-PC'  '0x0000000001e49490'  '10'] Computer Name: Snape-PC Record Number: 725 Event Level: 0,2,OS:/home/sansforensics/Documents/LaboratorioForense/InstanciaSnape/Windows/System32/winevt/Logs/Security.evtx,58692,-,winevtx,recovered: False; sha256_hash: e11618c831b656543c1362597a405d06db3d4b66e918e7d61fd91865b89dab85; strings_parsed: {}; xml_string: <Event xmlns="http://schemas.microsoft.com/win/2004/08/events/event">-  <System>-    <Provider Name="Microsoft-Windows-Security-Auditing" Guid="{54849625-5478-4994-A5BA-3E3B0328C30D}"/>-    <EventID>4634</EventID>-    <Version>0</Version>-    <Level>0</Level>-    <Task>12545</Task>-    <Opcode>0</Opcode>-    <Keywords>0x8020000000000000</Keywords>-    <TimeCreated SystemTime="2019-10-24T10:31:38.106207000Z"/>-    <EventRecordID>725</EventRecordID>-    <Correlation/>-    <Execution ProcessID="496" ThreadID="1872"/>-    <Channel>Security</Channel>-    <Computer>Snape-PC</Computer>-    <Security/>-  </System>-  <EventData>-    <Data Name="TargetUserSid">S-1-5-21-1889767047-1812109830-4081843715-1001</Data>-    <Data Name="TargetUserName">Snape</Data>-    <Data Name="TargetDomainName">Snape-PC</Data>-    <Data Name="TargetLogonId">0x0000000001e49490</Data>-    <Data Name="LogonType">10</Data>-  </EventData>-</Event>- 
10/24/2019,12:31:38,Europe/Madrid,M...,REG,UNKNOWN,Content Modification Time,-,SNAPE-PC,[HKEY_CURRENT_USER\Software\Microsoft\Windows NT\CurrentVersion\Winlogon] Bui...,[HKEY_CURRENT_USER\Software\Microsoft\Windows NT\CurrentVersion\Winlogon] BuildNumber: [REG_DWORD_LE] 7600 ExcludeProfileDirs: [REG_SZ] AppData\Local;AppData\LocalLow;$Recycle.Bin FirstLogon: [REG_DWORD_LE] 0 ParseAutoexec: [REG_SZ] 1,2,OS:/home/sansforensics/Documents/LaboratorioForense/InstanciaSnape/Users/Snape/NTUSER.DAT,55,-,winreg/winreg_default,sha256_hash: 6718482aab1123e4ad9a3e87ce44a34799ff118429377df3e707aab1e9bdf5f7 
10/24/2019,12:31:38,Europe/Madrid,M...,REG,UNKNOWN,Content Modification Time,-,SNAPE-PC,[HKEY_CURRENT_USER\Software\Microsoft\Windows\CurrentVersion\Explorer\CD Burn...,[HKEY_CURRENT_USER\Software\Microsoft\Windows\CurrentVersion\Explorer\CD Burning\Drives\Volume{2b555011-f3eb-11e9-846e-806e6f6e6963}] Value: No values stored in key.,2,OS:/home/sansforensics/Documents/LaboratorioForense/InstanciaSnape/Users/Snape/NTUSER.DAT,55,-,winreg/winreg_default,sha256_hash: 6718482aab1123e4ad9a3e87ce44a34799ff118429377df3e707aab1e9bdf5f7 
10/24/2019,12:31:38,Europe/Madrid,M...,REG,UNKNOWN,Content Modification Time,-,SNAPE-PC,[HKEY_CURRENT_USER\Software\Microsoft\Windows\CurrentVersion\Explorer\CD Burn...,[HKEY_CURRENT_USER\Software\Microsoft\Windows\CurrentVersion\Explorer\CD Burning\Drives\Volume{2b555011-f3eb-11e9-846e-806e6f6e6963}\Current Media] Blank Disc: [REG_DWORD_LE] 0 Can Close: [REG_DWORD_LE] 0 Disc Label: [REG_SZ] VBox_GAs_6.0.12 FreeBytes: [REG_BINARY] Live FS: [REG_DWORD_LE] 0 Set: [REG_DWORD_LE] 1 TotalBytes: [REG_BINARY],2,OS:/home/sansforensics/Documents/LaboratorioForense/InstanciaSnape/Users/Snape/NTUSER.DAT,55,-,winreg/winreg_default,sha256_hash: 6718482aab1123e4ad9a3e87ce44a34799ff118429377df3e707aab1e9bdf5f7 
10/24/2019,12:31:38,Europe/Madrid,M...,EVT,WinEVTX,Content Modification Time,-,SNAPE-PC,[7036 / 0x1b7c] Strings: ['Experiencia con aplicaciones'  'en ejecución'  '41...,[7036 / 0x1b7c] Source Name: Service Control Manager Strings: ['Experiencia con aplicaciones'  'en ejecución'  '410065004C006F006F006B00750070005300760063002F0034000000'] Computer Name: Snape-PC Record Number: 1623 Event Level: 4,2,OS:/home/sansforensics/Documents/LaboratorioForense/InstanciaSnape/Windows/System32/winevt/Logs/System.evtx,58690,-,winevtx,message_identifier: 1073748860; recovered: False; sha256_hash: 7b42ce3dc2f1f3cf6594e33781fdd14fa9845ad1272964b415594a429b3a4ca9; strings_parsed: {}; xml_string: <Event xmlns="http://schemas.microsoft.com/win/2004/08/events/event">-  <System>-    <Provider Name="Service Control Manager" Guid="{555908d1-a6d7-4695-8e1e-26931d2012f4}" EventSourceName="Service Control Manager"/>-    <EventID Qualifiers="16384">7036</EventID>-    <Version>0</Version>-    <Level>4</Level>-    <Task>0</Task>-    <Opcode>0</Opcode>-    <Keywords>0x8080000000000000</Keywords>-    <TimeCreated SystemTime="2019-10-24T10:31:38.731207000Z"/>-    <EventRecordID>1623</EventRecordID>-    <Correlation/>-    <Execution ProcessID="480" ThreadID="2124"/>-    <Channel>System</Channel>-    <Computer>Snape-PC</Computer>-    <Security/>-  </System>-  <EventData>-    <Data Name="param1">Experiencia con aplicaciones</Data>-    <Data Name="param2">en ejecución</Data>-    <Binary>410065004C006F006F006B00750070005300760063002F0034000000</Binary>-  </EventData>-</Event>- 
10/24/2019,12:31:38,Europe/Madrid,M...,REG,UNKNOWN,Content Modification Time,-,SNAPE-PC,[\DefaultObjectStore\IndexTable\FileIdIndex-{2b55500e-f3eb-11e9-846e-806e6f6e...,[\DefaultObjectStore\IndexTable\FileIdIndex-{2b55500e-f3eb-11e9-846e-806e6f6e6963}\1000000006BC8] 269: [REG_QWORD] 617,2,OS:/home/sansforensics/Documents/LaboratorioForense/InstanciaSnape/System Volume Information/Syscache.hve,58727,-,winreg/winreg_default,sha256_hash: 10f6454439c0b3b7925242f9a5eeb8f76d6a19223e4171213da0ecfb0de31d57 
10/24/2019,12:31:38,Europe/Madrid,M...,REG,UNKNOWN,Content Modification Time,-,SNAPE-PC,[\DefaultObjectStore\ObjectTable\269\Indexes] Value: No values stored in key.,[\DefaultObjectStore\ObjectTable\269\Indexes] Value: No values stored in key.,2,OS:/home/sansforensics/Documents/LaboratorioForense/InstanciaSnape/System Volume Information/Syscache.hve,58727,-,winreg/winreg_default,sha256_hash: 10f6454439c0b3b7925242f9a5eeb8f76d6a19223e4171213da0ecfb0de31d57 
10/24/2019,12:31:38,Europe/Madrid,M...,REG,UNKNOWN,Content Modification Time,-,SNAPE-PC,[\DefaultObjectStore\ObjectTable\269\Indexes\FileIdIndex-{2b55500e-f3eb-11e9-...,[\DefaultObjectStore\ObjectTable\269\Indexes\FileIdIndex-{2b55500e-f3eb-11e9-846e-806e6f6e6963}] 1000000006BC8: [REG_QWORD] 281474976738248,2,OS:/home/sansforensics/Documents/LaboratorioForense/InstanciaSnape/System Volume Information/Syscache.hve,58727,-,winreg/winreg_default,sha256_hash: 10f6454439c0b3b7925242f9a5eeb8f76d6a19223e4171213da0ecfb0de31d57 
10/24/2019,12:31:38,Europe/Madrid,M...,REG,UNKNOWN,Content Modification Time,-,SNAPE-PC,[\DefaultObjectStore\IndexTable\FileIdIndex-{2b55500e-f3eb-11e9-846e-806e6f6e...,[\DefaultObjectStore\IndexTable\FileIdIndex-{2b55500e-f3eb-11e9-846e-806e6f6e6963}\1000000006A06] 26A: [REG_QWORD] 618,2,OS:/home/sansforensics/Documents/LaboratorioForense/InstanciaSnape/System Volume Information/Syscache.hve,58727,-,winreg/winreg_default,sha256_hash: 10f6454439c0b3b7925242f9a5eeb8f76d6a19223e4171213da0ecfb0de31d57 
10/24/2019,12:31:38,Europe/Madrid,M...,REG,UNKNOWN,Content Modification Time,-,SNAPE-PC,[\DefaultObjectStore\ObjectTable\26A\Indexes] Value: No values stored in key.,[\DefaultObjectStore\ObjectTable\26A\Indexes] Value: No values stored in key.,2,OS:/home/sansforensics/Documents/LaboratorioForense/InstanciaSnape/System Volume Information/Syscache.hve,58727,-,winreg/winreg_default,sha256_hash: 10f6454439c0b3b7925242f9a5eeb8f76d6a19223e4171213da0ecfb0de31d57 
10/24/2019,12:31:38,Europe/Madrid,M...,REG,UNKNOWN,Content Modification Time,-,SNAPE-PC,[\DefaultObjectStore\ObjectTable\26A\Indexes\FileIdIndex-{2b55500e-f3eb-11e9-...,[\DefaultObjectStore\ObjectTable\26A\Indexes\FileIdIndex-{2b55500e-f3eb-11e9-846e-806e6f6e6963}] 1000000006A06: [REG_QWORD] 281474976737798,2,OS:/home/sansforensics/Documents/LaboratorioForense/InstanciaSnape/System Volume Information/Syscache.hve,58727,-,winreg/winreg_default,sha256_hash: 10f6454439c0b3b7925242f9a5eeb8f76d6a19223e4171213da0ecfb0de31d57 
10/24/2019,12:31:39,Europe/Madrid,M.C.,FILE,OS Content Modification Time,Content Modification Time; Metadata Modification Time,-,SNAPE-PC,/home/sansforensics/Documents/LaboratorioForense/InstanciaSnape/Windows/Syste...,OS:/home/sansforensics/Documents/LaboratorioForense/InstanciaSnape/Windows/System32/DriverStore/FileRepository/prnod002.inf_amd64_neutral_a10c656b6c7c053c/prnod002.PNF Type: file,2,OS:/home/sansforensics/Documents/LaboratorioForense/InstanciaSnape/Windows/System32/DriverStore/FileRepository/prnod002.inf_amd64_neutral_a10c656b6c7c053c/prnod002.PNF,32710,-,filestat,file_size: 11024; file_system_type: OS; is_allocated: True; sha256_hash: db0ae60e57190c444af381ac97022ccb46af504de4f2bb14022d06fc96a8aa52 
10/24/2019,12:31:39,Europe/Madrid,M.C.,FILE,OS Content Modification Time,Content Modification Time; Metadata Modification Time,-,SNAPE-PC,/home/sansforensics/Documents/LaboratorioForense/InstanciaSnape/Windows/Syste...,OS:/home/sansforensics/Documents/LaboratorioForense/InstanciaSnape/Windows/System32/DriverStore/FileRepository/faxca003.inf_amd64_neutral_5b8c7c1dda79bef4/faxca003.PNF Type: file,2,OS:/home/sansforensics/Documents/LaboratorioForense/InstanciaSnape/Windows/System32/DriverStore/FileRepository/faxca003.inf_amd64_neutral_5b8c7c1dda79bef4/faxca003.PNF,29687,-,filestat,file_size: 11136; file_system_type: OS; is_allocated: True; sha256_hash: 14dc81f4c2806e9dbb8a117ebc0ff39a19beeee0545f501d2f8216e472de3f1c 
10/24/2019,12:31:39,Europe/Madrid,M.C.,FILE,OS Content Modification Time,Content Modification Time; Metadata Modification Time,-,SNAPE-PC,/home/sansforensics/Documents/LaboratorioForense/InstanciaSnape/Windows/Syste...,OS:/home/sansforensics/Documents/LaboratorioForense/InstanciaSnape/Windows/System32/DriverStore/FileRepository/prnca003.inf_amd64_neutral_8e91d4aa9330d2f8/prnca003.PNF Type: file,2,OS:/home/sansforensics/Documents/LaboratorioForense/InstanciaSnape/Windows/System32/DriverStore/FileRepository/prnca003.inf_amd64_neutral_8e91d4aa9330d2f8/prnca003.PNF,30331,-,filestat,file_size: 18144; file_system_type: OS; is_allocated: True; sha256_hash: 2a0a0d9e6d12b725ff61e59e03eb87eeb57818252a762bdaf210e65e71f9cd6e 
10/24/2019,12:31:39,Europe/Madrid,M.C.,FILE,OS Content Modification Time,Content Modification Time; Metadata Modification Time,-,SNAPE-PC,/home/sansforensics/Documents/LaboratorioForense/InstanciaSnape/Windows/Syste...,OS:/home/sansforensics/Documents/LaboratorioForense/InstanciaSnape/Windows/System32/DriverStore/FileRepository/prnle004.inf_amd64_neutral_beb9bf23b7202bff/prnle004.PNF Type: file,2,OS:/home/sansforensics/Documents/LaboratorioForense/InstanciaSnape/Windows/System32/DriverStore/FileRepository/prnle004.inf_amd64_neutral_beb9bf23b7202bff/prnle004.PNF,32393,-,filestat,file_size: 30368; file_system_type: OS; is_allocated: True; sha256_hash: e73d539a2008a5df814134c28cf0d27cef718a7ed961848d9bf1dfd493a7495c 
10/24/2019,12:31:39,Europe/Madrid,M.C.,FILE,OS Content Modification Time,Content Modification Time; Metadata Modification Time,-,SNAPE-PC,/home/sansforensics/Documents/LaboratorioForense/InstanciaSnape/Windows/Syste...,OS:/home/sansforensics/Documents/LaboratorioForense/InstanciaSnape/Windows/System32/DriverStore/FileRepository/prnsa002.inf_amd64_neutral_d9df1d04d8cbe336/prnsa002.PNF Type: file,2,OS:/home/sansforensics/Documents/LaboratorioForense/InstanciaSnape/Windows/System32/DriverStore/FileRepository/prnsa002.inf_amd64_neutral_d9df1d04d8cbe336/prnsa002.PNF,32938,-,filestat,file_size: 32848; file_system_type: OS; is_allocated: True; sha256_hash: 3aa22e9a59b1fd32a8706f93a7329c6a98ecb17a6d009fc3d2426e1b8f35721f 

