10/23/2019,18:33:39,Europe/Madrid,M...,EVT,WinEVTX,Content Modification Time,-,SNAPE-PC,[4624 / 0x1210] Strings: ['S-1-0-0'  '-'  '-'  '0x0000000000000000'  'S-1-5-7...,[4624 / 0x1210] Source Name: Microsoft-Windows-Security-Auditing Strings: ['S-1-0-0'  '-'  '-'  '0x0000000000000000'  'S-1-5-7'  'ANONYMOUS LOGON'  'NT AUTHORITY'  '0x0000000001641727'  '3'  'NtLmSsp '  'NTLM'  'nmap'  '{00000000-0000-0000-0000-000000000000}'  '-'  'NTLM V1'  '128'  '0x0000000000000000'  '-'  '10.0.9.6'  '35462'] Computer Name: Snape-PC Record Number: 500 Event Level: 0,2,OS:/home/sansforensics/Documents/LaboratorioForense/InstanciaSnape/Windows/System32/winevt/Logs/Security.evtx,58692,-,winevtx,recovered: False; sha256_hash: e11618c831b656543c1362597a405d06db3d4b66e918e7d61fd91865b89dab85; strings_parsed: {u'source_user_id': u'S-1-0-0'  u'source_user_name': u'-'  u'target_machine_name': u'nmap'  u'target_user_id': u'S-1-5-7'  u'target_user_name': u'ANONYMOUS LOGON'  u'target_machine_ip': u'10.0.9.6'}; xml_string: <Event xmlns="http://schemas.microsoft.com/win/2004/08/events/event">-  <System>-    <Provider Name="Microsoft-Windows-Security-Auditing" Guid="{54849625-5478-4994-A5BA-3E3B0328C30D}"/>-    <EventID>4624</EventID>-    <Version>0</Version>-    <Level>0</Level>-    <Task>12544</Task>-    <Opcode>0</Opcode>-    <Keywords>0x8020000000000000</Keywords>-    <TimeCreated SystemTime="2019-10-23T16:33:39.518752900Z"/>-    <EventRecordID>500</EventRecordID>-    <Correlation/>-    <Execution ProcessID="496" ThreadID="1872"/>-    <Channel>Security</Channel>-    <Computer>Snape-PC</Computer>-    <Security/>-  </System>-  <EventData>-    <Data Name="SubjectUserSid">S-1-0-0</Data>-    <Data Name="SubjectUserName">-</Data>-    <Data Name="SubjectDomainName">-</Data>-    <Data Name="SubjectLogonId">0x0000000000000000</Data>-    <Data Name="TargetUserSid">S-1-5-7</Data>-    <Data Name="TargetUserName">ANONYMOUS LOGON</Data>-    <Data Name="TargetDomainName">NT AUTHORITY</Data>-    <Data Name="TargetLogonId">0x0000000001641727</Data>-    <Data Name="LogonType">3</Data>-    <Data Name="LogonProcessName">NtLmSsp </Data>-    <Data Name="AuthenticationPackageName">NTLM</Data>-    <Data Name="WorkstationName">nmap</Data>-    <Data Name="LogonGuid">{00000000-0000-0000-0000-000000000000}</Data>-    <Data Name="TransmittedServices">-</Data>-    <Data Name="LmPackageName">NTLM V1</Data>-    <Data Name="KeyLength">128</Data>-    <Data Name="ProcessId">0x0000000000000000</Data>-    <Data Name="ProcessName">-</Data>-    <Data Name="IpAddress">10.0.9.6</Data>-    <Data Name="IpPort">35462</Data>-  </EventData>-</Event>-
10/23/2019,18:33:39,Europe/Madrid,M...,EVT,WinEVTX,Content Modification Time,-,SNAPE-PC,[4634 / 0x121a] Strings: ['S-1-5-7'  'ANONYMOUS LOGON'  'NT AUTHORITY'  '0x00...,[4634 / 0x121a] Source Name: Microsoft-Windows-Security-Auditing Strings: ['S-1-5-7'  'ANONYMOUS LOGON'  'NT AUTHORITY'  '0x000000000164170f'  '3'] Computer Name: Snape-PC Record Number: 497 Event Level: 0,2,OS:/home/sansforensics/Documents/LaboratorioForense/InstanciaSnape/Windows/System32/winevt/Logs/Security.evtx,58692,-,winevtx,recovered: False; sha256_hash: e11618c831b656543c1362597a405d06db3d4b66e918e7d61fd91865b89dab85; strings_parsed: {}; xml_string: <Event xmlns="http://schemas.microsoft.com/win/2004/08/events/event">-  <System>-    <Provider Name="Microsoft-Windows-Security-Auditing" Guid="{54849625-5478-4994-A5BA-3E3B0328C30D}"/>-    <EventID>4634</EventID>-    <Version>0</Version>-    <Level>0</Level>-    <Task>12545</Task>-    <Opcode>0</Opcode>-    <Keywords>0x8020000000000000</Keywords>-    <TimeCreated SystemTime="2019-10-23T16:33:39.518752900Z"/>-    <EventRecordID>497</EventRecordID>-    <Correlation/>-    <Execution ProcessID="496" ThreadID="1872"/>-    <Channel>Security</Channel>-    <Computer>Snape-PC</Computer>-    <Security/>-  </System>-  <EventData>-    <Data Name="TargetUserSid">S-1-5-7</Data>-    <Data Name="TargetUserName">ANONYMOUS LOGON</Data>-    <Data Name="TargetDomainName">NT AUTHORITY</Data>-    <Data Name="TargetLogonId">0x000000000164170f</Data>-    <Data Name="LogonType">3</Data>-  </EventData>-</Event>-
10/23/2019,18:33:39,Europe/Madrid,M...,EVT,WinEVTX,Content Modification Time,-,SNAPE-PC,[4634 / 0x121a] Strings: ['S-1-5-7'  'ANONYMOUS LOGON'  'NT AUTHORITY'  '0x00...,[4634 / 0x121a] Source Name: Microsoft-Windows-Security-Auditing Strings: ['S-1-5-7'  'ANONYMOUS LOGON'  'NT AUTHORITY'  '0x000000000164171b'  '3'] Computer Name: Snape-PC Record Number: 499 Event Level: 0,2,OS:/home/sansforensics/Documents/LaboratorioForense/InstanciaSnape/Windows/System32/winevt/Logs/Security.evtx,58692,-,winevtx,recovered: False; sha256_hash: e11618c831b656543c1362597a405d06db3d4b66e918e7d61fd91865b89dab85; strings_parsed: {}; xml_string: <Event xmlns="http://schemas.microsoft.com/win/2004/08/events/event">-  <System>-    <Provider Name="Microsoft-Windows-Security-Auditing" Guid="{54849625-5478-4994-A5BA-3E3B0328C30D}"/>-    <EventID>4634</EventID>-    <Version>0</Version>-    <Level>0</Level>-    <Task>12545</Task>-    <Opcode>0</Opcode>-    <Keywords>0x8020000000000000</Keywords>-    <TimeCreated SystemTime="2019-10-23T16:33:39.518752900Z"/>-    <EventRecordID>499</EventRecordID>-    <Correlation/>-    <Execution ProcessID="496" ThreadID="1872"/>-    <Channel>Security</Channel>-    <Computer>Snape-PC</Computer>-    <Security/>-  </System>-  <EventData>-    <Data Name="TargetUserSid">S-1-5-7</Data>-    <Data Name="TargetUserName">ANONYMOUS LOGON</Data>-    <Data Name="TargetDomainName">NT AUTHORITY</Data>-    <Data Name="TargetLogonId">0x000000000164171b</Data>-    <Data Name="LogonType">3</Data>-  </EventData>-</Event>-
10/23/2019,18:33:39,Europe/Madrid,M...,EVT,WinEVTX,Content Modification Time,-,SNAPE-PC,[4624 / 0x1210] Strings: ['S-1-0-0'  '-'  '-'  '0x0000000000000000'  'S-1-5-7...,[4624 / 0x1210] Source Name: Microsoft-Windows-Security-Auditing Strings: ['S-1-0-0'  '-'  '-'  '0x0000000000000000'  'S-1-5-7'  'ANONYMOUS LOGON'  'NT AUTHORITY'  '0x0000000001641733'  '3'  'NtLmSsp '  'NTLM'  'nmap'  '{00000000-0000-0000-0000-000000000000}'  '-'  'NTLM V1'  '128'  '0x0000000000000000'  '-'  '10.0.9.6'  '35464'] Computer Name: Snape-PC Record Number: 502 Event Level: 0,2,OS:/home/sansforensics/Documents/LaboratorioForense/InstanciaSnape/Windows/System32/winevt/Logs/Security.evtx,58692,-,winevtx,recovered: False; sha256_hash: e11618c831b656543c1362597a405d06db3d4b66e918e7d61fd91865b89dab85; strings_parsed: {u'source_user_id': u'S-1-0-0'  u'source_user_name': u'-'  u'target_machine_name': u'nmap'  u'target_user_id': u'S-1-5-7'  u'target_user_name': u'ANONYMOUS LOGON'  u'target_machine_ip': u'10.0.9.6'}; xml_string: <Event xmlns="http://schemas.microsoft.com/win/2004/08/events/event">-  <System>-    <Provider Name="Microsoft-Windows-Security-Auditing" Guid="{54849625-5478-4994-A5BA-3E3B0328C30D}"/>-    <EventID>4624</EventID>-    <Version>0</Version>-    <Level>0</Level>-    <Task>12544</Task>-    <Opcode>0</Opcode>-    <Keywords>0x8020000000000000</Keywords>-    <TimeCreated SystemTime="2019-10-23T16:33:39.534377900Z"/>-    <EventRecordID>502</EventRecordID>-    <Correlation/>-    <Execution ProcessID="496" ThreadID="1872"/>-    <Channel>Security</Channel>-    <Computer>Snape-PC</Computer>-    <Security/>-  </System>-  <EventData>-    <Data Name="SubjectUserSid">S-1-0-0</Data>-    <Data Name="SubjectUserName">-</Data>-    <Data Name="SubjectDomainName">-</Data>-    <Data Name="SubjectLogonId">0x0000000000000000</Data>-    <Data Name="TargetUserSid">S-1-5-7</Data>-    <Data Name="TargetUserName">ANONYMOUS LOGON</Data>-    <Data Name="TargetDomainName">NT AUTHORITY</Data>-    <Data Name="TargetLogonId">0x0000000001641733</Data>-    <Data Name="LogonType">3</Data>-    <Data Name="LogonProcessName">NtLmSsp </Data>-    <Data Name="AuthenticationPackageName">NTLM</Data>-    <Data Name="WorkstationName">nmap</Data>-    <Data Name="LogonGuid">{00000000-0000-0000-0000-000000000000}</Data>-    <Data Name="TransmittedServices">-</Data>-    <Data Name="LmPackageName">NTLM V1</Data>-    <Data Name="KeyLength">128</Data>-    <Data Name="ProcessId">0x0000000000000000</Data>-    <Data Name="ProcessName">-</Data>-    <Data Name="IpAddress">10.0.9.6</Data>-    <Data Name="IpPort">35464</Data>-  </EventData>-</Event>-
10/23/2019,18:33:39,Europe/Madrid,M...,EVT,WinEVTX,Content Modification Time,-,SNAPE-PC,[4634 / 0x121a] Strings: ['S-1-5-7'  'ANONYMOUS LOGON'  'NT AUTHORITY'  '0x00...,[4634 / 0x121a] Source Name: Microsoft-Windows-Security-Auditing Strings: ['S-1-5-7'  'ANONYMOUS LOGON'  'NT AUTHORITY'  '0x0000000001641727'  '3'] Computer Name: Snape-PC Record Number: 501 Event Level: 0,2,OS:/home/sansforensics/Documents/LaboratorioForense/InstanciaSnape/Windows/System32/winevt/Logs/Security.evtx,58692,-,winevtx,recovered: False; sha256_hash: e11618c831b656543c1362597a405d06db3d4b66e918e7d61fd91865b89dab85; strings_parsed: {}; xml_string: <Event xmlns="http://schemas.microsoft.com/win/2004/08/events/event">-  <System>-    <Provider Name="Microsoft-Windows-Security-Auditing" Guid="{54849625-5478-4994-A5BA-3E3B0328C30D}"/>-    <EventID>4634</EventID>-    <Version>0</Version>-    <Level>0</Level>-    <Task>12545</Task>-    <Opcode>0</Opcode>-    <Keywords>0x8020000000000000</Keywords>-    <TimeCreated SystemTime="2019-10-23T16:33:39.534377900Z"/>-    <EventRecordID>501</EventRecordID>-    <Correlation/>-    <Execution ProcessID="496" ThreadID="1872"/>-    <Channel>Security</Channel>-    <Computer>Snape-PC</Computer>-    <Security/>-  </System>-  <EventData>-    <Data Name="TargetUserSid">S-1-5-7</Data>-    <Data Name="TargetUserName">ANONYMOUS LOGON</Data>-    <Data Name="TargetDomainName">NT AUTHORITY</Data>-    <Data Name="TargetLogonId">0x0000000001641727</Data>-    <Data Name="LogonType">3</Data>-  </EventData>-</Event>-
10/23/2019,18:33:39,Europe/Madrid,M...,EVT,WinEVTX,Content Modification Time,-,SNAPE-PC,[4634 / 0x121a] Strings: ['S-1-5-7'  'ANONYMOUS LOGON'  'NT AUTHORITY'  '0x00...,[4634 / 0x121a] Source Name: Microsoft-Windows-Security-Auditing Strings: ['S-1-5-7'  'ANONYMOUS LOGON'  'NT AUTHORITY'  '0x0000000001641733'  '3'] Computer Name: Snape-PC Record Number: 503 Event Level: 0,2,OS:/home/sansforensics/Documents/LaboratorioForense/InstanciaSnape/Windows/System32/winevt/Logs/Security.evtx,58692,-,winevtx,recovered: False; sha256_hash: e11618c831b656543c1362597a405d06db3d4b66e918e7d61fd91865b89dab85; strings_parsed: {}; xml_string: <Event xmlns="http://schemas.microsoft.com/win/2004/08/events/event">-  <System>-    <Provider Name="Microsoft-Windows-Security-Auditing" Guid="{54849625-5478-4994-A5BA-3E3B0328C30D}"/>-    <EventID>4634</EventID>-    <Version>0</Version>-    <Level>0</Level>-    <Task>12545</Task>-    <Opcode>0</Opcode>-    <Keywords>0x8020000000000000</Keywords>-    <TimeCreated SystemTime="2019-10-23T16:33:39.550002900Z"/>-    <EventRecordID>503</EventRecordID>-    <Correlation/>-    <Execution ProcessID="496" ThreadID="1872"/>-    <Channel>Security</Channel>-    <Computer>Snape-PC</Computer>-    <Security/>-  </System>-  <EventData>-    <Data Name="TargetUserSid">S-1-5-7</Data>-    <Data Name="TargetUserName">ANONYMOUS LOGON</Data>-    <Data Name="TargetDomainName">NT AUTHORITY</Data>-    <Data Name="TargetLogonId">0x0000000001641733</Data>-    <Data Name="LogonType">3</Data>-  </EventData>-</Event>-
10/23/2019,18:33:39,Europe/Madrid,M...,EVT,WinEVTX,Content Modification Time,-,SNAPE-PC,[4624 / 0x1210] Strings: ['S-1-0-0'  '-'  '-'  '0x0000000000000000'  'S-1-5-7...,[4624 / 0x1210] Source Name: Microsoft-Windows-Security-Auditing Strings: ['S-1-0-0'  '-'  '-'  '0x0000000000000000'  'S-1-5-7'  'ANONYMOUS LOGON'  'NT AUTHORITY'  '0x000000000164173f'  '3'  'NtLmSsp '  'NTLM'  'nmap'  '{00000000-0000-0000-0000-000000000000}'  '-'  'NTLM V1'  '128'  '0x0000000000000000'  '-'  '10.0.9.6'  '35466'] Computer Name: Snape-PC Record Number: 504 Event Level: 0,2,OS:/home/sansforensics/Documents/LaboratorioForense/InstanciaSnape/Windows/System32/winevt/Logs/Security.evtx,58692,-,winevtx,recovered: False; sha256_hash: e11618c831b656543c1362597a405d06db3d4b66e918e7d61fd91865b89dab85; strings_parsed: {u'source_user_id': u'S-1-0-0'  u'source_user_name': u'-'  u'target_machine_name': u'nmap'  u'target_user_id': u'S-1-5-7'  u'target_user_name': u'ANONYMOUS LOGON'  u'target_machine_ip': u'10.0.9.6'}; xml_string: <Event xmlns="http://schemas.microsoft.com/win/2004/08/events/event">-  <System>-    <Provider Name="Microsoft-Windows-Security-Auditing" Guid="{54849625-5478-4994-A5BA-3E3B0328C30D}"/>-    <EventID>4624</EventID>-    <Version>0</Version>-    <Level>0</Level>-    <Task>12544</Task>-    <Opcode>0</Opcode>-    <Keywords>0x8020000000000000</Keywords>-    <TimeCreated SystemTime="2019-10-23T16:33:39.565627900Z"/>-    <EventRecordID>504</EventRecordID>-    <Correlation/>-    <Execution ProcessID="496" ThreadID="1872"/>-    <Channel>Security</Channel>-    <Computer>Snape-PC</Computer>-    <Security/>-  </System>-  <EventData>-    <Data Name="SubjectUserSid">S-1-0-0</Data>-    <Data Name="SubjectUserName">-</Data>-    <Data Name="SubjectDomainName">-</Data>-    <Data Name="SubjectLogonId">0x0000000000000000</Data>-    <Data Name="TargetUserSid">S-1-5-7</Data>-    <Data Name="TargetUserName">ANONYMOUS LOGON</Data>-    <Data Name="TargetDomainName">NT AUTHORITY</Data>-    <Data Name="TargetLogonId">0x000000000164173f</Data>-    <Data Name="LogonType">3</Data>-    <Data Name="LogonProcessName">NtLmSsp </Data>-    <Data Name="AuthenticationPackageName">NTLM</Data>-    <Data Name="WorkstationName">nmap</Data>-    <Data Name="LogonGuid">{00000000-0000-0000-0000-000000000000}</Data>-    <Data Name="TransmittedServices">-</Data>-    <Data Name="LmPackageName">NTLM V1</Data>-    <Data Name="KeyLength">128</Data>-    <Data Name="ProcessId">0x0000000000000000</Data>-    <Data Name="ProcessName">-</Data>-    <Data Name="IpAddress">10.0.9.6</Data>-    <Data Name="IpPort">35466</Data>-  </EventData>-</Event>-
10/23/2019,18:33:39,Europe/Madrid,M...,EVT,WinEVTX,Content Modification Time,-,SNAPE-PC,[4624 / 0x1210] Strings: ['S-1-0-0'  '-'  '-'  '0x0000000000000000'  'S-1-5-7...,[4624 / 0x1210] Source Name: Microsoft-Windows-Security-Auditing Strings: ['S-1-0-0'  '-'  '-'  '0x0000000000000000'  'S-1-5-7'  'ANONYMOUS LOGON'  'NT AUTHORITY'  '0x000000000164174b'  '3'  'NtLmSsp '  'NTLM'  'nmap'  '{00000000-0000-0000-0000-000000000000}'  '-'  'NTLM V1'  '128'  '0x0000000000000000'  '-'  '10.0.9.6'  '35468'] Computer Name: Snape-PC Record Number: 506 Event Level: 0,2,OS:/home/sansforensics/Documents/LaboratorioForense/InstanciaSnape/Windows/System32/winevt/Logs/Security.evtx,58692,-,winevtx,recovered: False; sha256_hash: e11618c831b656543c1362597a405d06db3d4b66e918e7d61fd91865b89dab85; strings_parsed: {u'source_user_id': u'S-1-0-0'  u'source_user_name': u'-'  u'target_machine_name': u'nmap'  u'target_user_id': u'S-1-5-7'  u'target_user_name': u'ANONYMOUS LOGON'  u'target_machine_ip': u'10.0.9.6'}; xml_string: <Event xmlns="http://schemas.microsoft.com/win/2004/08/events/event">-  <System>-    <Provider Name="Microsoft-Windows-Security-Auditing" Guid="{54849625-5478-4994-A5BA-3E3B0328C30D}"/>-    <EventID>4624</EventID>-    <Version>0</Version>-    <Level>0</Level>-    <Task>12544</Task>-    <Opcode>0</Opcode>-    <Keywords>0x8020000000000000</Keywords>-    <TimeCreated SystemTime="2019-10-23T16:33:39.565627900Z"/>-    <EventRecordID>506</EventRecordID>-    <Correlation/>-    <Execution ProcessID="496" ThreadID="1872"/>-    <Channel>Security</Channel>-    <Computer>Snape-PC</Computer>-    <Security/>-  </System>-  <EventData>-    <Data Name="SubjectUserSid">S-1-0-0</Data>-    <Data Name="SubjectUserName">-</Data>-    <Data Name="SubjectDomainName">-</Data>-    <Data Name="SubjectLogonId">0x0000000000000000</Data>-    <Data Name="TargetUserSid">S-1-5-7</Data>-    <Data Name="TargetUserName">ANONYMOUS LOGON</Data>-    <Data Name="TargetDomainName">NT AUTHORITY</Data>-    <Data Name="TargetLogonId">0x000000000164174b</Data>-    <Data Name="LogonType">3</Data>-    <Data Name="LogonProcessName">NtLmSsp </Data>-    <Data Name="AuthenticationPackageName">NTLM</Data>-    <Data Name="WorkstationName">nmap</Data>-    <Data Name="LogonGuid">{00000000-0000-0000-0000-000000000000}</Data>-    <Data Name="TransmittedServices">-</Data>-    <Data Name="LmPackageName">NTLM V1</Data>-    <Data Name="KeyLength">128</Data>-    <Data Name="ProcessId">0x0000000000000000</Data>-    <Data Name="ProcessName">-</Data>-    <Data Name="IpAddress">10.0.9.6</Data>-    <Data Name="IpPort">35468</Data>-  </EventData>-</Event>-
10/23/2019,18:33:39,Europe/Madrid,M...,EVT,WinEVTX,Content Modification Time,-,SNAPE-PC,[4624 / 0x1210] Strings: ['S-1-0-0'  '-'  '-'  '0x0000000000000000'  'S-1-5-7...,[4624 / 0x1210] Source Name: Microsoft-Windows-Security-Auditing Strings: ['S-1-0-0'  '-'  '-'  '0x0000000000000000'  'S-1-5-7'  'ANONYMOUS LOGON'  'NT AUTHORITY'  '0x0000000001641757'  '3'  'NtLmSsp '  'NTLM'  'nmap'  '{00000000-0000-0000-0000-000000000000}'  '-'  'NTLM V1'  '128'  '0x0000000000000000'  '-'  '10.0.9.6'  '35470'] Computer Name: Snape-PC Record Number: 508 Event Level: 0,2,OS:/home/sansforensics/Documents/LaboratorioForense/InstanciaSnape/Windows/System32/winevt/Logs/Security.evtx,58692,-,winevtx,recovered: False; sha256_hash: e11618c831b656543c1362597a405d06db3d4b66e918e7d61fd91865b89dab85; strings_parsed: {u'source_user_id': u'S-1-0-0'  u'source_user_name': u'-'  u'target_machine_name': u'nmap'  u'target_user_id': u'S-1-5-7'  u'target_user_name': u'ANONYMOUS LOGON'  u'target_machine_ip': u'10.0.9.6'}; xml_string: <Event xmlns="http://schemas.microsoft.com/win/2004/08/events/event">-  <System>-    <Provider Name="Microsoft-Windows-Security-Auditing" Guid="{54849625-5478-4994-A5BA-3E3B0328C30D}"/>-    <EventID>4624</EventID>-    <Version>0</Version>-    <Level>0</Level>-    <Task>12544</Task>-    <Opcode>0</Opcode>-    <Keywords>0x8020000000000000</Keywords>-    <TimeCreated SystemTime="2019-10-23T16:33:39.565627900Z"/>-    <EventRecordID>508</EventRecordID>-    <Correlation/>-    <Execution ProcessID="496" ThreadID="1872"/>-    <Channel>Security</Channel>-    <Computer>Snape-PC</Computer>-    <Security/>-  </System>-  <EventData>-    <Data Name="SubjectUserSid">S-1-0-0</Data>-    <Data Name="SubjectUserName">-</Data>-    <Data Name="SubjectDomainName">-</Data>-    <Data Name="SubjectLogonId">0x0000000000000000</Data>-    <Data Name="TargetUserSid">S-1-5-7</Data>-    <Data Name="TargetUserName">ANONYMOUS LOGON</Data>-    <Data Name="TargetDomainName">NT AUTHORITY</Data>-    <Data Name="TargetLogonId">0x0000000001641757</Data>-    <Data Name="LogonType">3</Data>-    <Data Name="LogonProcessName">NtLmSsp </Data>-    <Data Name="AuthenticationPackageName">NTLM</Data>-    <Data Name="WorkstationName">nmap</Data>-    <Data Name="LogonGuid">{00000000-0000-0000-0000-000000000000}</Data>-    <Data Name="TransmittedServices">-</Data>-    <Data Name="LmPackageName">NTLM V1</Data>-    <Data Name="KeyLength">128</Data>-    <Data Name="ProcessId">0x0000000000000000</Data>-    <Data Name="ProcessName">-</Data>-    <Data Name="IpAddress">10.0.9.6</Data>-    <Data Name="IpPort">35470</Data>-  </EventData>-</Event>-
10/23/2019,18:33:39,Europe/Madrid,M...,EVT,WinEVTX,Content Modification Time,-,SNAPE-PC,[4634 / 0x121a] Strings: ['S-1-5-7'  'ANONYMOUS LOGON'  'NT AUTHORITY'  '0x00...,[4634 / 0x121a] Source Name: Microsoft-Windows-Security-Auditing Strings: ['S-1-5-7'  'ANONYMOUS LOGON'  'NT AUTHORITY'  '0x000000000164173f'  '3'] Computer Name: Snape-PC Record Number: 505 Event Level: 0,2,OS:/home/sansforensics/Documents/LaboratorioForense/InstanciaSnape/Windows/System32/winevt/Logs/Security.evtx,58692,-,winevtx,recovered: False; sha256_hash: e11618c831b656543c1362597a405d06db3d4b66e918e7d61fd91865b89dab85; strings_parsed: {}; xml_string: <Event xmlns="http://schemas.microsoft.com/win/2004/08/events/event">-  <System>-    <Provider Name="Microsoft-Windows-Security-Auditing" Guid="{54849625-5478-4994-A5BA-3E3B0328C30D}"/>-    <EventID>4634</EventID>-    <Version>0</Version>-    <Level>0</Level>-    <Task>12545</Task>-    <Opcode>0</Opcode>-    <Keywords>0x8020000000000000</Keywords>-    <TimeCreated SystemTime="2019-10-23T16:33:39.565627900Z"/>-    <EventRecordID>505</EventRecordID>-    <Correlation/>-    <Execution ProcessID="496" ThreadID="1872"/>-    <Channel>Security</Channel>-    <Computer>Snape-PC</Computer>-    <Security/>-  </System>-  <EventData>-    <Data Name="TargetUserSid">S-1-5-7</Data>-    <Data Name="TargetUserName">ANONYMOUS LOGON</Data>-    <Data Name="TargetDomainName">NT AUTHORITY</Data>-    <Data Name="TargetLogonId">0x000000000164173f</Data>-    <Data Name="LogonType">3</Data>-  </EventData>-</Event>-
10/23/2019,18:33:39,Europe/Madrid,M...,EVT,WinEVTX,Content Modification Time,-,SNAPE-PC,[4634 / 0x121a] Strings: ['S-1-5-7'  'ANONYMOUS LOGON'  'NT AUTHORITY'  '0x00...,[4634 / 0x121a] Source Name: Microsoft-Windows-Security-Auditing Strings: ['S-1-5-7'  'ANONYMOUS LOGON'  'NT AUTHORITY'  '0x000000000164174b'  '3'] Computer Name: Snape-PC Record Number: 507 Event Level: 0,2,OS:/home/sansforensics/Documents/LaboratorioForense/InstanciaSnape/Windows/System32/winevt/Logs/Security.evtx,58692,-,winevtx,recovered: False; sha256_hash: e11618c831b656543c1362597a405d06db3d4b66e918e7d61fd91865b89dab85; strings_parsed: {}; xml_string: <Event xmlns="http://schemas.microsoft.com/win/2004/08/events/event">-  <System>-    <Provider Name="Microsoft-Windows-Security-Auditing" Guid="{54849625-5478-4994-A5BA-3E3B0328C30D}"/>-    <EventID>4634</EventID>-    <Version>0</Version>-    <Level>0</Level>-    <Task>12545</Task>-    <Opcode>0</Opcode>-    <Keywords>0x8020000000000000</Keywords>-    <TimeCreated SystemTime="2019-10-23T16:33:39.565627900Z"/>-    <EventRecordID>507</EventRecordID>-    <Correlation/>-    <Execution ProcessID="496" ThreadID="1872"/>-    <Channel>Security</Channel>-    <Computer>Snape-PC</Computer>-    <Security/>-  </System>-  <EventData>-    <Data Name="TargetUserSid">S-1-5-7</Data>-    <Data Name="TargetUserName">ANONYMOUS LOGON</Data>-    <Data Name="TargetDomainName">NT AUTHORITY</Data>-    <Data Name="TargetLogonId">0x000000000164174b</Data>-    <Data Name="LogonType">3</Data>-  </EventData>-</Event>-
10/23/2019,18:33:39,Europe/Madrid,M...,EVT,WinEVTX,Content Modification Time,-,SNAPE-PC,[4624 / 0x1210] Strings: ['S-1-0-0'  '-'  '-'  '0x0000000000000000'  'S-1-5-7...,[4624 / 0x1210] Source Name: Microsoft-Windows-Security-Auditing Strings: ['S-1-0-0'  '-'  '-'  '0x0000000000000000'  'S-1-5-7'  'ANONYMOUS LOGON'  'NT AUTHORITY'  '0x0000000001641763'  '3'  'NtLmSsp '  'NTLM'  'nmap'  '{00000000-0000-0000-0000-000000000000}'  '-'  'NTLM V1'  '128'  '0x0000000000000000'  '-'  '10.0.9.6'  '35472'] Computer Name: Snape-PC Record Number: 510 Event Level: 0,2,OS:/home/sansforensics/Documents/LaboratorioForense/InstanciaSnape/Windows/System32/winevt/Logs/Security.evtx,58692,-,winevtx,recovered: False; sha256_hash: e11618c831b656543c1362597a405d06db3d4b66e918e7d61fd91865b89dab85; strings_parsed: {u'source_user_id': u'S-1-0-0'  u'source_user_name': u'-'  u'target_machine_name': u'nmap'  u'target_user_id': u'S-1-5-7'  u'target_user_name': u'ANONYMOUS LOGON'  u'target_machine_ip': u'10.0.9.6'}; xml_string: <Event xmlns="http://schemas.microsoft.com/win/2004/08/events/event">-  <System>-    <Provider Name="Microsoft-Windows-Security-Auditing" Guid="{54849625-5478-4994-A5BA-3E3B0328C30D}"/>-    <EventID>4624</EventID>-    <Version>0</Version>-    <Level>0</Level>-    <Task>12544</Task>-    <Opcode>0</Opcode>-    <Keywords>0x8020000000000000</Keywords>-    <TimeCreated SystemTime="2019-10-23T16:33:39.581252900Z"/>-    <EventRecordID>510</EventRecordID>-    <Correlation/>-    <Execution ProcessID="496" ThreadID="1872"/>-    <Channel>Security</Channel>-    <Computer>Snape-PC</Computer>-    <Security/>-  </System>-  <EventData>-    <Data Name="SubjectUserSid">S-1-0-0</Data>-    <Data Name="SubjectUserName">-</Data>-    <Data Name="SubjectDomainName">-</Data>-    <Data Name="SubjectLogonId">0x0000000000000000</Data>-    <Data Name="TargetUserSid">S-1-5-7</Data>-    <Data Name="TargetUserName">ANONYMOUS LOGON</Data>-    <Data Name="TargetDomainName">NT AUTHORITY</Data>-    <Data Name="TargetLogonId">0x0000000001641763</Data>-    <Data Name="LogonType">3</Data>-    <Data Name="LogonProcessName">NtLmSsp </Data>-    <Data Name="AuthenticationPackageName">NTLM</Data>-    <Data Name="WorkstationName">nmap</Data>-    <Data Name="LogonGuid">{00000000-0000-0000-0000-000000000000}</Data>-    <Data Name="TransmittedServices">-</Data>-    <Data Name="LmPackageName">NTLM V1</Data>-    <Data Name="KeyLength">128</Data>-    <Data Name="ProcessId">0x0000000000000000</Data>-    <Data Name="ProcessName">-</Data>-    <Data Name="IpAddress">10.0.9.6</Data>-    <Data Name="IpPort">35472</Data>-  </EventData>-</Event>-
10/23/2019,18:33:39,Europe/Madrid,M...,EVT,WinEVTX,Content Modification Time,-,SNAPE-PC,[4624 / 0x1210] Strings: ['S-1-0-0'  '-'  '-'  '0x0000000000000000'  'S-1-5-7...,[4624 / 0x1210] Source Name: Microsoft-Windows-Security-Auditing Strings: ['S-1-0-0'  '-'  '-'  '0x0000000000000000'  'S-1-5-7'  'ANONYMOUS LOGON'  'NT AUTHORITY'  '0x000000000164176f'  '3'  'NtLmSsp '  'NTLM'  'nmap'  '{00000000-0000-0000-0000-000000000000}'  '-'  'NTLM V1'  '128'  '0x0000000000000000'  '-'  '10.0.9.6'  '35474'] Computer Name: Snape-PC Record Number: 512 Event Level: 0,2,OS:/home/sansforensics/Documents/LaboratorioForense/InstanciaSnape/Windows/System32/winevt/Logs/Security.evtx,58692,-,winevtx,recovered: False; sha256_hash: e11618c831b656543c1362597a405d06db3d4b66e918e7d61fd91865b89dab85; strings_parsed: {u'source_user_id': u'S-1-0-0'  u'source_user_name': u'-'  u'target_machine_name': u'nmap'  u'target_user_id': u'S-1-5-7'  u'target_user_name': u'ANONYMOUS LOGON'  u'target_machine_ip': u'10.0.9.6'}; xml_string: <Event xmlns="http://schemas.microsoft.com/win/2004/08/events/event">-  <System>-    <Provider Name="Microsoft-Windows-Security-Auditing" Guid="{54849625-5478-4994-A5BA-3E3B0328C30D}"/>-    <EventID>4624</EventID>-    <Version>0</Version>-    <Level>0</Level>-    <Task>12544</Task>-    <Opcode>0</Opcode>-    <Keywords>0x8020000000000000</Keywords>-    <TimeCreated SystemTime="2019-10-23T16:33:39.581252900Z"/>-    <EventRecordID>512</EventRecordID>-    <Correlation/>-    <Execution ProcessID="496" ThreadID="1872"/>-    <Channel>Security</Channel>-    <Computer>Snape-PC</Computer>-    <Security/>-  </System>-  <EventData>-    <Data Name="SubjectUserSid">S-1-0-0</Data>-    <Data Name="SubjectUserName">-</Data>-    <Data Name="SubjectDomainName">-</Data>-    <Data Name="SubjectLogonId">0x0000000000000000</Data>-    <Data Name="TargetUserSid">S-1-5-7</Data>-    <Data Name="TargetUserName">ANONYMOUS LOGON</Data>-    <Data Name="TargetDomainName">NT AUTHORITY</Data>-    <Data Name="TargetLogonId">0x000000000164176f</Data>-    <Data Name="LogonType">3</Data>-    <Data Name="LogonProcessName">NtLmSsp </Data>-    <Data Name="AuthenticationPackageName">NTLM</Data>-    <Data Name="WorkstationName">nmap</Data>-    <Data Name="LogonGuid">{00000000-0000-0000-0000-000000000000}</Data>-    <Data Name="TransmittedServices">-</Data>-    <Data Name="LmPackageName">NTLM V1</Data>-    <Data Name="KeyLength">128</Data>-    <Data Name="ProcessId">0x0000000000000000</Data>-    <Data Name="ProcessName">-</Data>-    <Data Name="IpAddress">10.0.9.6</Data>-    <Data Name="IpPort">35474</Data>-  </EventData>-</Event>-
10/23/2019,18:33:39,Europe/Madrid,M...,EVT,WinEVTX,Content Modification Time,-,SNAPE-PC,[4634 / 0x121a] Strings: ['S-1-5-7'  'ANONYMOUS LOGON'  'NT AUTHORITY'  '0x00...,[4634 / 0x121a] Source Name: Microsoft-Windows-Security-Auditing Strings: ['S-1-5-7'  'ANONYMOUS LOGON'  'NT AUTHORITY'  '0x0000000001641757'  '3'] Computer Name: Snape-PC Record Number: 509 Event Level: 0,2,OS:/home/sansforensics/Documents/LaboratorioForense/InstanciaSnape/Windows/System32/winevt/Logs/Security.evtx,58692,-,winevtx,recovered: False; sha256_hash: e11618c831b656543c1362597a405d06db3d4b66e918e7d61fd91865b89dab85; strings_parsed: {}; xml_string: <Event xmlns="http://schemas.microsoft.com/win/2004/08/events/event">-  <System>-    <Provider Name="Microsoft-Windows-Security-Auditing" Guid="{54849625-5478-4994-A5BA-3E3B0328C30D}"/>-    <EventID>4634</EventID>-    <Version>0</Version>-    <Level>0</Level>-    <Task>12545</Task>-    <Opcode>0</Opcode>-    <Keywords>0x8020000000000000</Keywords>-    <TimeCreated SystemTime="2019-10-23T16:33:39.581252900Z"/>-    <EventRecordID>509</EventRecordID>-    <Correlation/>-    <Execution ProcessID="496" ThreadID="1872"/>-    <Channel>Security</Channel>-    <Computer>Snape-PC</Computer>-    <Security/>-  </System>-  <EventData>-    <Data Name="TargetUserSid">S-1-5-7</Data>-    <Data Name="TargetUserName">ANONYMOUS LOGON</Data>-    <Data Name="TargetDomainName">NT AUTHORITY</Data>-    <Data Name="TargetLogonId">0x0000000001641757</Data>-    <Data Name="LogonType">3</Data>-  </EventData>-</Event>-
10/23/2019,18:33:39,Europe/Madrid,M...,EVT,WinEVTX,Content Modification Time,-,SNAPE-PC,[4634 / 0x121a] Strings: ['S-1-5-7'  'ANONYMOUS LOGON'  'NT AUTHORITY'  '0x00...,[4634 / 0x121a] Source Name: Microsoft-Windows-Security-Auditing Strings: ['S-1-5-7'  'ANONYMOUS LOGON'  'NT AUTHORITY'  '0x0000000001641763'  '3'] Computer Name: Snape-PC Record Number: 511 Event Level: 0,2,OS:/home/sansforensics/Documents/LaboratorioForense/InstanciaSnape/Windows/System32/winevt/Logs/Security.evtx,58692,-,winevtx,recovered: False; sha256_hash: e11618c831b656543c1362597a405d06db3d4b66e918e7d61fd91865b89dab85; strings_parsed: {}; xml_string: <Event xmlns="http://schemas.microsoft.com/win/2004/08/events/event">-  <System>-    <Provider Name="Microsoft-Windows-Security-Auditing" Guid="{54849625-5478-4994-A5BA-3E3B0328C30D}"/>-    <EventID>4634</EventID>-    <Version>0</Version>-    <Level>0</Level>-    <Task>12545</Task>-    <Opcode>0</Opcode>-    <Keywords>0x8020000000000000</Keywords>-    <TimeCreated SystemTime="2019-10-23T16:33:39.581252900Z"/>-    <EventRecordID>511</EventRecordID>-    <Correlation/>-    <Execution ProcessID="496" ThreadID="1872"/>-    <Channel>Security</Channel>-    <Computer>Snape-PC</Computer>-    <Security/>-  </System>-  <EventData>-    <Data Name="TargetUserSid">S-1-5-7</Data>-    <Data Name="TargetUserName">ANONYMOUS LOGON</Data>-    <Data Name="TargetDomainName">NT AUTHORITY</Data>-    <Data Name="TargetLogonId">0x0000000001641763</Data>-    <Data Name="LogonType">3</Data>-  </EventData>-</Event>-
10/23/2019,18:33:39,Europe/Madrid,M...,EVT,WinEVTX,Content Modification Time,-,SNAPE-PC,[4634 / 0x121a] Strings: ['S-1-5-7'  'ANONYMOUS LOGON'  'NT AUTHORITY'  '0x00...,[4634 / 0x121a] Source Name: Microsoft-Windows-Security-Auditing Strings: ['S-1-5-7'  'ANONYMOUS LOGON'  'NT AUTHORITY'  '0x000000000164176f'  '3'] Computer Name: Snape-PC Record Number: 513 Event Level: 0,2,OS:/home/sansforensics/Documents/LaboratorioForense/InstanciaSnape/Windows/System32/winevt/Logs/Security.evtx,58692,-,winevtx,recovered: False; sha256_hash: e11618c831b656543c1362597a405d06db3d4b66e918e7d61fd91865b89dab85; strings_parsed: {}; xml_string: <Event xmlns="http://schemas.microsoft.com/win/2004/08/events/event">-  <System>-    <Provider Name="Microsoft-Windows-Security-Auditing" Guid="{54849625-5478-4994-A5BA-3E3B0328C30D}"/>-    <EventID>4634</EventID>-    <Version>0</Version>-    <Level>0</Level>-    <Task>12545</Task>-    <Opcode>0</Opcode>-    <Keywords>0x8020000000000000</Keywords>-    <TimeCreated SystemTime="2019-10-23T16:33:39.581252900Z"/>-    <EventRecordID>513</EventRecordID>-    <Correlation/>-    <Execution ProcessID="496" ThreadID="1872"/>-    <Channel>Security</Channel>-    <Computer>Snape-PC</Computer>-    <Security/>-  </System>-  <EventData>-    <Data Name="TargetUserSid">S-1-5-7</Data>-    <Data Name="TargetUserName">ANONYMOUS LOGON</Data>-    <Data Name="TargetDomainName">NT AUTHORITY</Data>-    <Data Name="TargetLogonId">0x000000000164176f</Data>-    <Data Name="LogonType">3</Data>-  </EventData>-</Event>-
10/23/2019,18:33:39,Europe/Madrid,M...,EVT,WinEVTX,Content Modification Time,-,SNAPE-PC,[4624 / 0x1210] Strings: ['S-1-0-0'  '-'  '-'  '0x0000000000000000'  'S-1-5-7...,[4624 / 0x1210] Source Name: Microsoft-Windows-Security-Auditing Strings: ['S-1-0-0'  '-'  '-'  '0x0000000000000000'  'S-1-5-7'  'ANONYMOUS LOGON'  'NT AUTHORITY'  '0x000000000164177b'  '3'  'NtLmSsp '  'NTLM'  'nmap'  '{00000000-0000-0000-0000-000000000000}'  '-'  'NTLM V1'  '128'  '0x0000000000000000'  '-'  '10.0.9.6'  '35476'] Computer Name: Snape-PC Record Number: 514 Event Level: 0,2,OS:/home/sansforensics/Documents/LaboratorioForense/InstanciaSnape/Windows/System32/winevt/Logs/Security.evtx,58692,-,winevtx,recovered: False; sha256_hash: e11618c831b656543c1362597a405d06db3d4b66e918e7d61fd91865b89dab85; strings_parsed: {u'source_user_id': u'S-1-0-0'  u'source_user_name': u'-'  u'target_machine_name': u'nmap'  u'target_user_id': u'S-1-5-7'  u'target_user_name': u'ANONYMOUS LOGON'  u'target_machine_ip': u'10.0.9.6'}; xml_string: <Event xmlns="http://schemas.microsoft.com/win/2004/08/events/event">-  <System>-    <Provider Name="Microsoft-Windows-Security-Auditing" Guid="{54849625-5478-4994-A5BA-3E3B0328C30D}"/>-    <EventID>4624</EventID>-    <Version>0</Version>-    <Level>0</Level>-    <Task>12544</Task>-    <Opcode>0</Opcode>-    <Keywords>0x8020000000000000</Keywords>-    <TimeCreated SystemTime="2019-10-23T16:33:39.596877900Z"/>-    <EventRecordID>514</EventRecordID>-    <Correlation/>-    <Execution ProcessID="496" ThreadID="1872"/>-    <Channel>Security</Channel>-    <Computer>Snape-PC</Computer>-    <Security/>-  </System>-  <EventData>-    <Data Name="SubjectUserSid">S-1-0-0</Data>-    <Data Name="SubjectUserName">-</Data>-    <Data Name="SubjectDomainName">-</Data>-    <Data Name="SubjectLogonId">0x0000000000000000</Data>-    <Data Name="TargetUserSid">S-1-5-7</Data>-    <Data Name="TargetUserName">ANONYMOUS LOGON</Data>-    <Data Name="TargetDomainName">NT AUTHORITY</Data>-    <Data Name="TargetLogonId">0x000000000164177b</Data>-    <Data Name="LogonType">3</Data>-    <Data Name="LogonProcessName">NtLmSsp </Data>-    <Data Name="AuthenticationPackageName">NTLM</Data>-    <Data Name="WorkstationName">nmap</Data>-    <Data Name="LogonGuid">{00000000-0000-0000-0000-000000000000}</Data>-    <Data Name="TransmittedServices">-</Data>-    <Data Name="LmPackageName">NTLM V1</Data>-    <Data Name="KeyLength">128</Data>-    <Data Name="ProcessId">0x0000000000000000</Data>-    <Data Name="ProcessName">-</Data>-    <Data Name="IpAddress">10.0.9.6</Data>-    <Data Name="IpPort">35476</Data>-  </EventData>-</Event>-
10/23/2019,18:33:39,Europe/Madrid,M...,EVT,WinEVTX,Content Modification Time,-,SNAPE-PC,[4624 / 0x1210] Strings: ['S-1-0-0'  '-'  '-'  '0x0000000000000000'  'S-1-5-7...,[4624 / 0x1210] Source Name: Microsoft-Windows-Security-Auditing Strings: ['S-1-0-0'  '-'  '-'  '0x0000000000000000'  'S-1-5-7'  'ANONYMOUS LOGON'  'NT AUTHORITY'  '0x0000000001641787'  '3'  'NtLmSsp '  'NTLM'  'nmap'  '{00000000-0000-0000-0000-000000000000}'  '-'  'NTLM V1'  '128'  '0x0000000000000000'  '-'  '10.0.9.6'  '35478'] Computer Name: Snape-PC Record Number: 516 Event Level: 0,2,OS:/home/sansforensics/Documents/LaboratorioForense/InstanciaSnape/Windows/System32/winevt/Logs/Security.evtx,58692,-,winevtx,recovered: False; sha256_hash: e11618c831b656543c1362597a405d06db3d4b66e918e7d61fd91865b89dab85; strings_parsed: {u'source_user_id': u'S-1-0-0'  u'source_user_name': u'-'  u'target_machine_name': u'nmap'  u'target_user_id': u'S-1-5-7'  u'target_user_name': u'ANONYMOUS LOGON'  u'target_machine_ip': u'10.0.9.6'}; xml_string: <Event xmlns="http://schemas.microsoft.com/win/2004/08/events/event">-  <System>-    <Provider Name="Microsoft-Windows-Security-Auditing" Guid="{54849625-5478-4994-A5BA-3E3B0328C30D}"/>-    <EventID>4624</EventID>-    <Version>0</Version>-    <Level>0</Level>-    <Task>12544</Task>-    <Opcode>0</Opcode>-    <Keywords>0x8020000000000000</Keywords>-    <TimeCreated SystemTime="2019-10-23T16:33:39.596877900Z"/>-    <EventRecordID>516</EventRecordID>-    <Correlation/>-    <Execution ProcessID="496" ThreadID="1872"/>-    <Channel>Security</Channel>-    <Computer>Snape-PC</Computer>-    <Security/>-  </System>-  <EventData>-    <Data Name="SubjectUserSid">S-1-0-0</Data>-    <Data Name="SubjectUserName">-</Data>-    <Data Name="SubjectDomainName">-</Data>-    <Data Name="SubjectLogonId">0x0000000000000000</Data>-    <Data Name="TargetUserSid">S-1-5-7</Data>-    <Data Name="TargetUserName">ANONYMOUS LOGON</Data>-    <Data Name="TargetDomainName">NT AUTHORITY</Data>-    <Data Name="TargetLogonId">0x0000000001641787</Data>-    <Data Name="LogonType">3</Data>-    <Data Name="LogonProcessName">NtLmSsp </Data>-    <Data Name="AuthenticationPackageName">NTLM</Data>-    <Data Name="WorkstationName">nmap</Data>-    <Data Name="LogonGuid">{00000000-0000-0000-0000-000000000000}</Data>-    <Data Name="TransmittedServices">-</Data>-    <Data Name="LmPackageName">NTLM V1</Data>-    <Data Name="KeyLength">128</Data>-    <Data Name="ProcessId">0x0000000000000000</Data>-    <Data Name="ProcessName">-</Data>-    <Data Name="IpAddress">10.0.9.6</Data>-    <Data Name="IpPort">35478</Data>-  </EventData>-</Event>-
10/23/2019,18:33:39,Europe/Madrid,M...,EVT,WinEVTX,Content Modification Time,-,SNAPE-PC,[4624 / 0x1210] Strings: ['S-1-0-0'  '-'  '-'  '0x0000000000000000'  'S-1-5-7...,[4624 / 0x1210] Source Name: Microsoft-Windows-Security-Auditing Strings: ['S-1-0-0'  '-'  '-'  '0x0000000000000000'  'S-1-5-7'  'ANONYMOUS LOGON'  'NT AUTHORITY'  '0x0000000001641793'  '3'  'NtLmSsp '  'NTLM'  'nmap'  '{00000000-0000-0000-0000-000000000000}'  '-'  'NTLM V1'  '128'  '0x0000000000000000'  '-'  '10.0.9.6'  '35480'] Computer Name: Snape-PC Record Number: 518 Event Level: 0,2,OS:/home/sansforensics/Documents/LaboratorioForense/InstanciaSnape/Windows/System32/winevt/Logs/Security.evtx,58692,-,winevtx,recovered: False; sha256_hash: e11618c831b656543c1362597a405d06db3d4b66e918e7d61fd91865b89dab85; strings_parsed: {u'source_user_id': u'S-1-0-0'  u'source_user_name': u'-'  u'target_machine_name': u'nmap'  u'target_user_id': u'S-1-5-7'  u'target_user_name': u'ANONYMOUS LOGON'  u'target_machine_ip': u'10.0.9.6'}; xml_string: <Event xmlns="http://schemas.microsoft.com/win/2004/08/events/event">-  <System>-    <Provider Name="Microsoft-Windows-Security-Auditing" Guid="{54849625-5478-4994-A5BA-3E3B0328C30D}"/>-    <EventID>4624</EventID>-    <Version>0</Version>-    <Level>0</Level>-    <Task>12544</Task>-    <Opcode>0</Opcode>-    <Keywords>0x8020000000000000</Keywords>-    <TimeCreated SystemTime="2019-10-23T16:33:39.596877900Z"/>-    <EventRecordID>518</EventRecordID>-    <Correlation/>-    <Execution ProcessID="496" ThreadID="1872"/>-    <Channel>Security</Channel>-    <Computer>Snape-PC</Computer>-    <Security/>-  </System>-  <EventData>-    <Data Name="SubjectUserSid">S-1-0-0</Data>-    <Data Name="SubjectUserName">-</Data>-    <Data Name="SubjectDomainName">-</Data>-    <Data Name="SubjectLogonId">0x0000000000000000</Data>-    <Data Name="TargetUserSid">S-1-5-7</Data>-    <Data Name="TargetUserName">ANONYMOUS LOGON</Data>-    <Data Name="TargetDomainName">NT AUTHORITY</Data>-    <Data Name="TargetLogonId">0x0000000001641793</Data>-    <Data Name="LogonType">3</Data>-    <Data Name="LogonProcessName">NtLmSsp </Data>-    <Data Name="AuthenticationPackageName">NTLM</Data>-    <Data Name="WorkstationName">nmap</Data>-    <Data Name="LogonGuid">{00000000-0000-0000-0000-000000000000}</Data>-    <Data Name="TransmittedServices">-</Data>-    <Data Name="LmPackageName">NTLM V1</Data>-    <Data Name="KeyLength">128</Data>-    <Data Name="ProcessId">0x0000000000000000</Data>-    <Data Name="ProcessName">-</Data>-    <Data Name="IpAddress">10.0.9.6</Data>-    <Data Name="IpPort">35480</Data>-  </EventData>-</Event>-
10/23/2019,18:33:39,Europe/Madrid,M...,EVT,WinEVTX,Content Modification Time,-,SNAPE-PC,[4634 / 0x121a] Strings: ['S-1-5-7'  'ANONYMOUS LOGON'  'NT AUTHORITY'  '0x00...,[4634 / 0x121a] Source Name: Microsoft-Windows-Security-Auditing Strings: ['S-1-5-7'  'ANONYMOUS LOGON'  'NT AUTHORITY'  '0x000000000164177b'  '3'] Computer Name: Snape-PC Record Number: 515 Event Level: 0,2,OS:/home/sansforensics/Documents/LaboratorioForense/InstanciaSnape/Windows/System32/winevt/Logs/Security.evtx,58692,-,winevtx,recovered: False; sha256_hash: e11618c831b656543c1362597a405d06db3d4b66e918e7d61fd91865b89dab85; strings_parsed: {}; xml_string: <Event xmlns="http://schemas.microsoft.com/win/2004/08/events/event">-  <System>-    <Provider Name="Microsoft-Windows-Security-Auditing" Guid="{54849625-5478-4994-A5BA-3E3B0328C30D}"/>-    <EventID>4634</EventID>-    <Version>0</Version>-    <Level>0</Level>-    <Task>12545</Task>-    <Opcode>0</Opcode>-    <Keywords>0x8020000000000000</Keywords>-    <TimeCreated SystemTime="2019-10-23T16:33:39.596877900Z"/>-    <EventRecordID>515</EventRecordID>-    <Correlation/>-    <Execution ProcessID="496" ThreadID="1872"/>-    <Channel>Security</Channel>-    <Computer>Snape-PC</Computer>-    <Security/>-  </System>-  <EventData>-    <Data Name="TargetUserSid">S-1-5-7</Data>-    <Data Name="TargetUserName">ANONYMOUS LOGON</Data>-    <Data Name="TargetDomainName">NT AUTHORITY</Data>-    <Data Name="TargetLogonId">0x000000000164177b</Data>-    <Data Name="LogonType">3</Data>-  </EventData>-</Event>-
10/23/2019,18:33:39,Europe/Madrid,M...,EVT,WinEVTX,Content Modification Time,-,SNAPE-PC,[4634 / 0x121a] Strings: ['S-1-5-7'  'ANONYMOUS LOGON'  'NT AUTHORITY'  '0x00...,[4634 / 0x121a] Source Name: Microsoft-Windows-Security-Auditing Strings: ['S-1-5-7'  'ANONYMOUS LOGON'  'NT AUTHORITY'  '0x0000000001641787'  '3'] Computer Name: Snape-PC Record Number: 517 Event Level: 0,2,OS:/home/sansforensics/Documents/LaboratorioForense/InstanciaSnape/Windows/System32/winevt/Logs/Security.evtx,58692,-,winevtx,recovered: False; sha256_hash: e11618c831b656543c1362597a405d06db3d4b66e918e7d61fd91865b89dab85; strings_parsed: {}; xml_string: <Event xmlns="http://schemas.microsoft.com/win/2004/08/events/event">-  <System>-    <Provider Name="Microsoft-Windows-Security-Auditing" Guid="{54849625-5478-4994-A5BA-3E3B0328C30D}"/>-    <EventID>4634</EventID>-    <Version>0</Version>-    <Level>0</Level>-    <Task>12545</Task>-    <Opcode>0</Opcode>-    <Keywords>0x8020000000000000</Keywords>-    <TimeCreated SystemTime="2019-10-23T16:33:39.596877900Z"/>-    <EventRecordID>517</EventRecordID>-    <Correlation/>-    <Execution ProcessID="496" ThreadID="1872"/>-    <Channel>Security</Channel>-    <Computer>Snape-PC</Computer>-    <Security/>-  </System>-  <EventData>-    <Data Name="TargetUserSid">S-1-5-7</Data>-    <Data Name="TargetUserName">ANONYMOUS LOGON</Data>-    <Data Name="TargetDomainName">NT AUTHORITY</Data>-    <Data Name="TargetLogonId">0x0000000001641787</Data>-    <Data Name="LogonType">3</Data>-  </EventData>-</Event>-
10/23/2019,18:33:39,Europe/Madrid,M...,EVT,WinEVTX,Content Modification Time,-,SNAPE-PC,[4634 / 0x121a] Strings: ['S-1-5-7'  'ANONYMOUS LOGON'  'NT AUTHORITY'  '0x00...,[4634 / 0x121a] Source Name: Microsoft-Windows-Security-Auditing Strings: ['S-1-5-7'  'ANONYMOUS LOGON'  'NT AUTHORITY'  '0x0000000001641793'  '3'] Computer Name: Snape-PC Record Number: 519 Event Level: 0,2,OS:/home/sansforensics/Documents/LaboratorioForense/InstanciaSnape/Windows/System32/winevt/Logs/Security.evtx,58692,-,winevtx,recovered: False; sha256_hash: e11618c831b656543c1362597a405d06db3d4b66e918e7d61fd91865b89dab85; strings_parsed: {}; xml_string: <Event xmlns="http://schemas.microsoft.com/win/2004/08/events/event">-  <System>-    <Provider Name="Microsoft-Windows-Security-Auditing" Guid="{54849625-5478-4994-A5BA-3E3B0328C30D}"/>-    <EventID>4634</EventID>-    <Version>0</Version>-    <Level>0</Level>-    <Task>12545</Task>-    <Opcode>0</Opcode>-    <Keywords>0x8020000000000000</Keywords>-    <TimeCreated SystemTime="2019-10-23T16:33:39.596877900Z"/>-    <EventRecordID>519</EventRecordID>-    <Correlation/>-    <Execution ProcessID="496" ThreadID="1872"/>-    <Channel>Security</Channel>-    <Computer>Snape-PC</Computer>-    <Security/>-  </System>-  <EventData>-    <Data Name="TargetUserSid">S-1-5-7</Data>-    <Data Name="TargetUserName">ANONYMOUS LOGON</Data>-    <Data Name="TargetDomainName">NT AUTHORITY</Data>-    <Data Name="TargetLogonId">0x0000000001641793</Data>-    <Data Name="LogonType">3</Data>-  </EventData>-</Event>-
10/23/2019,18:33:39,Europe/Madrid,M...,EVT,WinEVTX,Content Modification Time,-,SNAPE-PC,[4624 / 0x1210] Strings: ['S-1-0-0'  '-'  '-'  '0x0000000000000000'  'S-1-5-7...,[4624 / 0x1210] Source Name: Microsoft-Windows-Security-Auditing Strings: ['S-1-0-0'  '-'  '-'  '0x0000000000000000'  'S-1-5-7'  'ANONYMOUS LOGON'  'NT AUTHORITY'  '0x000000000164179f'  '3'  'NtLmSsp '  'NTLM'  'nmap'  '{00000000-0000-0000-0000-000000000000}'  '-'  'NTLM V1'  '128'  '0x0000000000000000'  '-'  '10.0.9.6'  '35482'] Computer Name: Snape-PC Record Number: 520 Event Level: 0,2,OS:/home/sansforensics/Documents/LaboratorioForense/InstanciaSnape/Windows/System32/winevt/Logs/Security.evtx,58692,-,winevtx,recovered: False; sha256_hash: e11618c831b656543c1362597a405d06db3d4b66e918e7d61fd91865b89dab85; strings_parsed: {u'source_user_id': u'S-1-0-0'  u'source_user_name': u'-'  u'target_machine_name': u'nmap'  u'target_user_id': u'S-1-5-7'  u'target_user_name': u'ANONYMOUS LOGON'  u'target_machine_ip': u'10.0.9.6'}; xml_string: <Event xmlns="http://schemas.microsoft.com/win/2004/08/events/event">-  <System>-    <Provider Name="Microsoft-Windows-Security-Auditing" Guid="{54849625-5478-4994-A5BA-3E3B0328C30D}"/>-    <EventID>4624</EventID>-    <Version>0</Version>-    <Level>0</Level>-    <Task>12544</Task>-    <Opcode>0</Opcode>-    <Keywords>0x8020000000000000</Keywords>-    <TimeCreated SystemTime="2019-10-23T16:33:39.612502900Z"/>-    <EventRecordID>520</EventRecordID>-    <Correlation/>-    <Execution ProcessID="496" ThreadID="1872"/>-    <Channel>Security</Channel>-    <Computer>Snape-PC</Computer>-    <Security/>-  </System>-  <EventData>-    <Data Name="SubjectUserSid">S-1-0-0</Data>-    <Data Name="SubjectUserName">-</Data>-    <Data Name="SubjectDomainName">-</Data>-    <Data Name="SubjectLogonId">0x0000000000000000</Data>-    <Data Name="TargetUserSid">S-1-5-7</Data>-    <Data Name="TargetUserName">ANONYMOUS LOGON</Data>-    <Data Name="TargetDomainName">NT AUTHORITY</Data>-    <Data Name="TargetLogonId">0x000000000164179f</Data>-    <Data Name="LogonType">3</Data>-    <Data Name="LogonProcessName">NtLmSsp </Data>-    <Data Name="AuthenticationPackageName">NTLM</Data>-    <Data Name="WorkstationName">nmap</Data>-    <Data Name="LogonGuid">{00000000-0000-0000-0000-000000000000}</Data>-    <Data Name="TransmittedServices">-</Data>-    <Data Name="LmPackageName">NTLM V1</Data>-    <Data Name="KeyLength">128</Data>-    <Data Name="ProcessId">0x0000000000000000</Data>-    <Data Name="ProcessName">-</Data>-    <Data Name="IpAddress">10.0.9.6</Data>-    <Data Name="IpPort">35482</Data>-  </EventData>-</Event>-
10/23/2019,18:33:39,Europe/Madrid,M...,EVT,WinEVTX,Content Modification Time,-,SNAPE-PC,[4634 / 0x121a] Strings: ['S-1-5-7'  'ANONYMOUS LOGON'  'NT AUTHORITY'  '0x00...,[4634 / 0x121a] Source Name: Microsoft-Windows-Security-Auditing Strings: ['S-1-5-7'  'ANONYMOUS LOGON'  'NT AUTHORITY'  '0x000000000164179f'  '3'] Computer Name: Snape-PC Record Number: 521 Event Level: 0,2,OS:/home/sansforensics/Documents/LaboratorioForense/InstanciaSnape/Windows/System32/winevt/Logs/Security.evtx,58692,-,winevtx,recovered: False; sha256_hash: e11618c831b656543c1362597a405d06db3d4b66e918e7d61fd91865b89dab85; strings_parsed: {}; xml_string: <Event xmlns="http://schemas.microsoft.com/win/2004/08/events/event">-  <System>-    <Provider Name="Microsoft-Windows-Security-Auditing" Guid="{54849625-5478-4994-A5BA-3E3B0328C30D}"/>-    <EventID>4634</EventID>-    <Version>0</Version>-    <Level>0</Level>-    <Task>12545</Task>-    <Opcode>0</Opcode>-    <Keywords>0x8020000000000000</Keywords>-    <TimeCreated SystemTime="2019-10-23T16:33:39.612502900Z"/>-    <EventRecordID>521</EventRecordID>-    <Correlation/>-    <Execution ProcessID="496" ThreadID="1872"/>-    <Channel>Security</Channel>-    <Computer>Snape-PC</Computer>-    <Security/>-  </System>-  <EventData>-    <Data Name="TargetUserSid">S-1-5-7</Data>-    <Data Name="TargetUserName">ANONYMOUS LOGON</Data>-    <Data Name="TargetDomainName">NT AUTHORITY</Data>-    <Data Name="TargetLogonId">0x000000000164179f</Data>-    <Data Name="LogonType">3</Data>-  </EventData>-</Event>-
